{"/home/maol/raindrop/server/middleware/rateLimits.js": {"path":"/home/maol/raindrop/server/middleware/rateLimits.js","statementMap":{"0":{"start":{"line":8,"column":27},"end":{"line":15,"column":null}},"1":{"start":{"line":8,"column":55},"end":{"line":15,"column":null}},"2":{"start":{"line":14,"column":27},"end":{"line":14,"column":null}},"3":{"start":{"line":17,"column":37},"end":{"line":22,"column":null}},"4":{"start":{"line":21,"column":16},"end":{"line":21,"column":null}}},"fnMap":{"0":{"name":"(anonymous_0)","decl":{"start":{"line":8,"column":27},"end":{"line":8,"column":28}},"loc":{"start":{"line":8,"column":55},"end":{"line":15,"column":null}},"line":8},"1":{"name":"(anonymous_1)","decl":{"start":{"line":14,"column":13},"end":{"line":14,"column":14}},"loc":{"start":{"line":14,"column":27},"end":{"line":14,"column":null}},"line":14},"2":{"name":"(anonymous_2)","decl":{"start":{"line":21,"column":10},"end":{"line":21,"column":16}},"loc":{"start":{"line":21,"column":16},"end":{"line":21,"column":null}},"line":21}},"branchMap":{"0":{"loc":{"start":{"line":8,"column":28},"end":{"line":8,"column":61}},"type":"default-arg","locations":[{"start":{"line":8,"column":54},"end":{"line":8,"column":61}}],"line":8}},"s":{"0":1,"1":2,"2":1,"3":1,"4":40},"f":{"0":2,"1":1,"2":40},"b":{"0":[2]},"meta":{"lastBranch":1,"lastFunction":3,"lastStatement":5,"seen":{"s:8:27:15:Infinity":0,"f:8:27:8:28":0,"s:8:55:15:Infinity":1,"b:8:54:8:61":0,"f:14:13:14:14":1,"s:14:27:14:Infinity":2,"s:17:37:22:Infinity":3,"f:21:10:21:16":2,"s:21:16:21:Infinity":4}}}
,"/home/maol/raindrop/server/routes/auth.js": {"path":"/home/maol/raindrop/server/routes/auth.js","statementMap":{"0":{"start":{"line":7,"column":15},"end":{"line":7,"column":null}},"1":{"start":{"line":11,"column":4},"end":{"line":11,"column":null}},"2":{"start":{"line":17,"column":21},"end":{"line":17,"column":null}},"3":{"start":{"line":18,"column":17},"end":{"line":18,"column":null}},"4":{"start":{"line":19,"column":4},"end":{"line":19,"column":null}},"5":{"start":{"line":25,"column":4},"end":{"line":27,"column":null}},"6":{"start":{"line":26,"column":8},"end":{"line":26,"column":null}},"7":{"start":{"line":29,"column":4},"end":{"line":29,"column":null}},"8":{"start":{"line":33,"column":0},"end":{"line":40,"column":null}},"9":{"start":{"line":34,"column":4},"end":{"line":39,"column":null}},"10":{"start":{"line":43,"column":0},"end":{"line":98,"column":null}},"11":{"start":{"line":44,"column":4},"end":{"line":97,"column":null}},"12":{"start":{"line":45,"column":22},"end":{"line":45,"column":null}},"13":{"start":{"line":46,"column":26},"end":{"line":46,"column":null}},"14":{"start":{"line":48,"column":8},"end":{"line":50,"column":null}},"15":{"start":{"line":49,"column":12},"end":{"line":49,"column":null}},"16":{"start":{"line":52,"column":22},"end":{"line":52,"column":null}},"17":{"start":{"line":62,"column":8},"end":{"line":62,"column":null}},"18":{"start":{"line":63,"column":25},"end":{"line":75,"column":null}},"19":{"start":{"line":77,"column":8},"end":{"line":80,"column":null}},"20":{"start":{"line":78,"column":12},"end":{"line":78,"column":null}},"21":{"start":{"line":79,"column":12},"end":{"line":79,"column":null}},"22":{"start":{"line":82,"column":25},"end":{"line":82,"column":null}},"23":{"start":{"line":83,"column":25},"end":{"line":83,"column":null}},"24":{"start":{"line":83,"column":56},"end":{"line":83,"column":66}},"25":{"start":{"line":84,"column":8},"end":{"line":84,"column":null}},"26":{"start":{"line":85,"column":8},"end":{"line":90,"column":null}},"27":{"start":{"line":92,"column":23},"end":{"line":94,"column":null}},"28":{"start":{"line":96,"column":8},"end":{"line":96,"column":null}},"29":{"start":{"line":101,"column":0},"end":{"line":112,"column":null}},"30":{"start":{"line":102,"column":4},"end":{"line":111,"column":null}},"31":{"start":{"line":103,"column":8},"end":{"line":103,"column":null}},"32":{"start":{"line":104,"column":23},"end":{"line":104,"column":null}},"33":{"start":{"line":105,"column":8},"end":{"line":105,"column":null}},"34":{"start":{"line":106,"column":8},"end":{"line":106,"column":null}},"35":{"start":{"line":108,"column":23},"end":{"line":108,"column":null}},"36":{"start":{"line":109,"column":8},"end":{"line":109,"column":null}},"37":{"start":{"line":110,"column":8},"end":{"line":110,"column":null}},"38":{"start":{"line":117,"column":0},"end":{"line":137,"column":null}},"39":{"start":{"line":118,"column":25},"end":{"line":118,"column":null}},"40":{"start":{"line":119,"column":18},"end":{"line":119,"column":null}},"41":{"start":{"line":120,"column":4},"end":{"line":120,"column":null}},"42":{"start":{"line":122,"column":4},"end":{"line":136,"column":null}},"43":{"start":{"line":125,"column":29},"end":{"line":125,"column":null}},"44":{"start":{"line":126,"column":32},"end":{"line":126,"column":null}},"45":{"start":{"line":127,"column":24},"end":{"line":127,"column":null}},"46":{"start":{"line":129,"column":12},"end":{"line":131,"column":null}},"47":{"start":{"line":130,"column":16},"end":{"line":130,"column":null}},"48":{"start":{"line":135,"column":12},"end":{"line":135,"column":null}},"49":{"start":{"line":142,"column":0},"end":{"line":222,"column":null}},"50":{"start":{"line":143,"column":25},"end":{"line":143,"column":null}},"51":{"start":{"line":144,"column":35},"end":{"line":144,"column":null}},"52":{"start":{"line":146,"column":4},"end":{"line":148,"column":null}},"53":{"start":{"line":147,"column":8},"end":{"line":147,"column":null}},"54":{"start":{"line":150,"column":4},"end":{"line":152,"column":null}},"55":{"start":{"line":151,"column":8},"end":{"line":151,"column":null}},"56":{"start":{"line":154,"column":4},"end":{"line":221,"column":null}},"57":{"start":{"line":155,"column":8},"end":{"line":217,"column":null}},"58":{"start":{"line":157,"column":36},"end":{"line":157,"column":null}},"59":{"start":{"line":158,"column":16},"end":{"line":160,"column":null}},"60":{"start":{"line":159,"column":20},"end":{"line":159,"column":null}},"61":{"start":{"line":163,"column":16},"end":{"line":180,"column":null}},"62":{"start":{"line":164,"column":37},"end":{"line":164,"column":null}},"63":{"start":{"line":165,"column":41},"end":{"line":165,"column":null}},"64":{"start":{"line":166,"column":40},"end":{"line":166,"column":null}},"65":{"start":{"line":168,"column":20},"end":{"line":174,"column":null}},"66":{"start":{"line":178,"column":20},"end":{"line":178,"column":null}},"67":{"start":{"line":179,"column":20},"end":{"line":179,"column":null}},"68":{"start":{"line":183,"column":16},"end":{"line":186,"column":null}},"69":{"start":{"line":184,"column":20},"end":{"line":184,"column":null}},"70":{"start":{"line":185,"column":20},"end":{"line":185,"column":null}},"71":{"start":{"line":188,"column":16},"end":{"line":191,"column":null}},"72":{"start":{"line":189,"column":20},"end":{"line":189,"column":null}},"73":{"start":{"line":190,"column":20},"end":{"line":190,"column":null}},"74":{"start":{"line":193,"column":16},"end":{"line":197,"column":null}},"75":{"start":{"line":200,"column":16},"end":{"line":208,"column":null}},"76":{"start":{"line":201,"column":20},"end":{"line":201,"column":null}},"77":{"start":{"line":202,"column":20},"end":{"line":202,"column":null}},"78":{"start":{"line":203,"column":20},"end":{"line":203,"column":null}},"79":{"start":{"line":203,"column":53},"end":{"line":203,"column":null}},"80":{"start":{"line":204,"column":20},"end":{"line":204,"column":null}},"81":{"start":{"line":204,"column":50},"end":{"line":204,"column":null}},"82":{"start":{"line":205,"column":20},"end":{"line":205,"column":null}},"83":{"start":{"line":207,"column":20},"end":{"line":207,"column":null}},"84":{"start":{"line":210,"column":16},"end":{"line":212,"column":null}},"85":{"start":{"line":211,"column":20},"end":{"line":211,"column":null}},"86":{"start":{"line":216,"column":16},"end":{"line":216,"column":null}},"87":{"start":{"line":219,"column":8},"end":{"line":219,"column":null}},"88":{"start":{"line":220,"column":8},"end":{"line":220,"column":null}}},"fnMap":{"0":{"name":"generateState","decl":{"start":{"line":10,"column":9},"end":{"line":10,"column":25}},"loc":{"start":{"line":10,"column":25},"end":{"line":12,"column":null}},"line":10},"1":{"name":"getServerBaseUrl","decl":{"start":{"line":16,"column":9},"end":{"line":16,"column":26}},"loc":{"start":{"line":16,"column":31},"end":{"line":20,"column":null}},"line":16},"2":{"name":"getFrontendRedirectUrl","decl":{"start":{"line":23,"column":9},"end":{"line":23,"column":32}},"loc":{"start":{"line":23,"column":37},"end":{"line":30,"column":null}},"line":23},"3":{"name":"(anonymous_3)","decl":{"start":{"line":33,"column":22},"end":{"line":33,"column":29}},"loc":{"start":{"line":33,"column":42},"end":{"line":40,"column":1}},"line":33},"4":{"name":"(anonymous_4)","decl":{"start":{"line":43,"column":27},"end":{"line":43,"column":34}},"loc":{"start":{"line":43,"column":47},"end":{"line":98,"column":1}},"line":43},"5":{"name":"(anonymous_5)","decl":{"start":{"line":83,"column":50},"end":{"line":83,"column":56}},"loc":{"start":{"line":83,"column":56},"end":{"line":83,"column":66}},"line":83},"6":{"name":"(anonymous_6)","decl":{"start":{"line":101,"column":23},"end":{"line":101,"column":30}},"loc":{"start":{"line":101,"column":43},"end":{"line":112,"column":1}},"line":101},"7":{"name":"(anonymous_7)","decl":{"start":{"line":117,"column":25},"end":{"line":117,"column":32}},"loc":{"start":{"line":117,"column":45},"end":{"line":137,"column":1}},"line":117},"8":{"name":"(anonymous_8)","decl":{"start":{"line":129,"column":36},"end":{"line":129,"column":42}},"loc":{"start":{"line":129,"column":42},"end":{"line":131,"column":13}},"line":129},"9":{"name":"(anonymous_9)","decl":{"start":{"line":142,"column":34},"end":{"line":142,"column":41}},"loc":{"start":{"line":142,"column":54},"end":{"line":222,"column":1}},"line":142},"10":{"name":"(anonymous_10)","decl":{"start":{"line":210,"column":40},"end":{"line":210,"column":46}},"loc":{"start":{"line":210,"column":46},"end":{"line":212,"column":17}},"line":210}},"branchMap":{"0":{"loc":{"start":{"line":17,"column":21},"end":{"line":17,"column":null}},"type":"binary-expr","locations":[{"start":{"line":17,"column":21},"end":{"line":17,"column":57}},{"start":{"line":17,"column":57},"end":{"line":17,"column":null}}],"line":17},"1":{"loc":{"start":{"line":25,"column":4},"end":{"line":27,"column":null}},"type":"if","locations":[{"start":{"line":25,"column":4},"end":{"line":27,"column":null}},{"start":{},"end":{}}],"line":25},"2":{"loc":{"start":{"line":35,"column":23},"end":{"line":35,"column":null}},"type":"binary-expr","locations":[{"start":{"line":35,"column":23},"end":{"line":35,"column":49}},{"start":{"line":35,"column":49},"end":{"line":35,"column":null}}],"line":35},"3":{"loc":{"start":{"line":48,"column":8},"end":{"line":50,"column":null}},"type":"if","locations":[{"start":{"line":48,"column":8},"end":{"line":50,"column":null}},{"start":{},"end":{}}],"line":48},"4":{"loc":{"start":{"line":48,"column":12},"end":{"line":48,"column":34}},"type":"binary-expr","locations":[{"start":{"line":48,"column":12},"end":{"line":48,"column":22}},{"start":{"line":48,"column":22},"end":{"line":48,"column":34}}],"line":48},"5":{"loc":{"start":{"line":77,"column":8},"end":{"line":80,"column":null}},"type":"if","locations":[{"start":{"line":77,"column":8},"end":{"line":80,"column":null}},{"start":{},"end":{}}],"line":77},"6":{"loc":{"start":{"line":92,"column":23},"end":{"line":94,"column":null}},"type":"cond-expr","locations":[{"start":{"line":93,"column":14},"end":{"line":93,"column":null}},{"start":{"line":94,"column":15},"end":{"line":94,"column":null}}],"line":92},"7":{"loc":{"start":{"line":94,"column":15},"end":{"line":94,"column":null}},"type":"binary-expr","locations":[{"start":{"line":94,"column":15},"end":{"line":94,"column":46}},{"start":{"line":94,"column":46},"end":{"line":94,"column":79}},{"start":{"line":94,"column":79},"end":{"line":94,"column":null}}],"line":94},"8":{"loc":{"start":{"line":108,"column":23},"end":{"line":108,"column":null}},"type":"binary-expr","locations":[{"start":{"line":108,"column":23},"end":{"line":108,"column":40}},{"start":{"line":108,"column":40},"end":{"line":108,"column":null}}],"line":108},"9":{"loc":{"start":{"line":122,"column":4},"end":{"line":136,"column":null}},"type":"switch","locations":[{"start":{"line":123,"column":8},"end":{"line":132,"column":null}},{"start":{"line":134,"column":8},"end":{"line":135,"column":null}}],"line":122},"10":{"loc":{"start":{"line":126,"column":51},"end":{"line":126,"column":145}},"type":"binary-expr","locations":[{"start":{"line":126,"column":51},"end":{"line":126,"column":90}},{"start":{"line":126,"column":90},"end":{"line":126,"column":145}}],"line":126},"11":{"loc":{"start":{"line":146,"column":4},"end":{"line":148,"column":null}},"type":"if","locations":[{"start":{"line":146,"column":4},"end":{"line":148,"column":null}},{"start":{},"end":{}}],"line":146},"12":{"loc":{"start":{"line":150,"column":4},"end":{"line":152,"column":null}},"type":"if","locations":[{"start":{"line":150,"column":4},"end":{"line":152,"column":null}},{"start":{},"end":{}}],"line":150},"13":{"loc":{"start":{"line":155,"column":8},"end":{"line":217,"column":null}},"type":"switch","locations":[{"start":{"line":156,"column":12},"end":{"line":213,"column":null}},{"start":{"line":215,"column":12},"end":{"line":216,"column":null}}],"line":155},"14":{"loc":{"start":{"line":158,"column":16},"end":{"line":160,"column":null}},"type":"if","locations":[{"start":{"line":158,"column":16},"end":{"line":160,"column":null}},{"start":{},"end":{}}],"line":158},"15":{"loc":{"start":{"line":166,"column":40},"end":{"line":166,"column":null}},"type":"binary-expr","locations":[{"start":{"line":166,"column":40},"end":{"line":166,"column":79}},{"start":{"line":166,"column":79},"end":{"line":166,"column":null}}],"line":166},"16":{"loc":{"start":{"line":178,"column":69},"end":{"line":178,"column":110}},"type":"binary-expr","locations":[{"start":{"line":178,"column":69},"end":{"line":178,"column":95}},{"start":{"line":178,"column":95},"end":{"line":178,"column":110}}],"line":178},"17":{"loc":{"start":{"line":183,"column":16},"end":{"line":186,"column":null}},"type":"if","locations":[{"start":{"line":183,"column":16},"end":{"line":186,"column":null}},{"start":{},"end":{}}],"line":183},"18":{"loc":{"start":{"line":183,"column":20},"end":{"line":183,"column":75}},"type":"binary-expr","locations":[{"start":{"line":183,"column":20},"end":{"line":183,"column":43}},{"start":{"line":183,"column":43},"end":{"line":183,"column":75}}],"line":183},"19":{"loc":{"start":{"line":188,"column":16},"end":{"line":191,"column":null}},"type":"if","locations":[{"start":{"line":188,"column":16},"end":{"line":191,"column":null}},{"start":{},"end":{}}],"line":188},"20":{"loc":{"start":{"line":203,"column":20},"end":{"line":203,"column":null}},"type":"if","locations":[{"start":{"line":203,"column":20},"end":{"line":203,"column":null}},{"start":{},"end":{}}],"line":203},"21":{"loc":{"start":{"line":204,"column":20},"end":{"line":204,"column":null}},"type":"if","locations":[{"start":{"line":204,"column":20},"end":{"line":204,"column":null}},{"start":{},"end":{}}],"line":204},"22":{"loc":{"start":{"line":219,"column":57},"end":{"line":219,"column":90}},"type":"binary-expr","locations":[{"start":{"line":219,"column":57},"end":{"line":219,"column":79}},{"start":{"line":219,"column":79},"end":{"line":219,"column":90}}],"line":219}},"s":{"0":1,"1":2,"2":0,"3":0,"4":0,"5":2,"6":0,"7":2,"8":1,"9":1,"10":1,"11":3,"12":3,"13":3,"14":3,"15":1,"16":2,"17":2,"18":2,"19":2,"20":0,"21":0,"22":2,"23":2,"24":4,"25":2,"26":2,"27":0,"28":0,"29":1,"30":2,"31":2,"32":2,"33":1,"34":1,"35":1,"36":1,"37":1,"38":1,"39":2,"40":2,"41":2,"42":2,"43":1,"44":1,"45":1,"46":1,"47":1,"48":1,"49":1,"50":7,"51":7,"52":7,"53":1,"54":6,"55":1,"56":5,"57":5,"58":4,"59":4,"60":0,"61":4,"62":4,"63":4,"64":4,"65":4,"66":1,"67":1,"68":3,"69":1,"70":1,"71":2,"72":0,"73":0,"74":2,"75":2,"76":2,"77":2,"78":2,"79":2,"80":2,"81":2,"82":2,"83":0,"84":2,"85":2,"86":1,"87":0,"88":0},"f":{"0":2,"1":0,"2":2,"3":1,"4":3,"5":4,"6":2,"7":2,"8":1,"9":7,"10":2},"b":{"0":[0,0],"1":[0,2],"2":[1,1],"3":[1,2],"4":[3,2],"5":[0,2],"6":[0,0],"7":[0,0,0],"8":[1,0],"9":[1,1],"10":[1,0],"11":[1,6],"12":[1,5],"13":[5,1],"14":[0,4],"15":[4,0],"16":[1,0],"17":[1,2],"18":[3,3],"19":[0,2],"20":[2,0],"21":[2,0],"22":[0,0]},"meta":{"lastBranch":23,"lastFunction":11,"lastStatement":89,"seen":{"s:7:15:7:Infinity":0,"f:10:9:10:25":0,"s:11:4:11:Infinity":1,"f:16:9:16:26":1,"s:17:21:17:Infinity":2,"b:17:21:17:57:17:57:17:Infinity":0,"s:18:17:18:Infinity":3,"s:19:4:19:Infinity":4,"f:23:9:23:32":2,"b:25:4:27:Infinity:undefined:undefined:undefined:undefined":1,"s:25:4:27:Infinity":5,"s:26:8:26:Infinity":6,"s:29:4:29:Infinity":7,"s:33:0:40:Infinity":8,"f:33:22:33:29":3,"s:34:4:39:Infinity":9,"b:35:23:35:49:35:49:35:Infinity":2,"s:43:0:98:Infinity":10,"f:43:27:43:34":4,"s:44:4:97:Infinity":11,"s:45:22:45:Infinity":12,"s:46:26:46:Infinity":13,"b:48:8:50:Infinity:undefined:undefined:undefined:undefined":3,"s:48:8:50:Infinity":14,"b:48:12:48:22:48:22:48:34":4,"s:49:12:49:Infinity":15,"s:52:22:52:Infinity":16,"s:62:8:62:Infinity":17,"s:63:25:75:Infinity":18,"b:77:8:80:Infinity:undefined:undefined:undefined:undefined":5,"s:77:8:80:Infinity":19,"s:78:12:78:Infinity":20,"s:79:12:79:Infinity":21,"s:82:25:82:Infinity":22,"s:83:25:83:Infinity":23,"f:83:50:83:56":5,"s:83:56:83:66":24,"s:84:8:84:Infinity":25,"s:85:8:90:Infinity":26,"s:92:23:94:Infinity":27,"b:93:14:93:Infinity:94:15:94:Infinity":6,"b:94:15:94:46:94:46:94:79:94:79:94:Infinity":7,"s:96:8:96:Infinity":28,"s:101:0:112:Infinity":29,"f:101:23:101:30":6,"s:102:4:111:Infinity":30,"s:103:8:103:Infinity":31,"s:104:23:104:Infinity":32,"s:105:8:105:Infinity":33,"s:106:8:106:Infinity":34,"s:108:23:108:Infinity":35,"b:108:23:108:40:108:40:108:Infinity":8,"s:109:8:109:Infinity":36,"s:110:8:110:Infinity":37,"s:117:0:137:Infinity":38,"f:117:25:117:32":7,"s:118:25:118:Infinity":39,"s:119:18:119:Infinity":40,"s:120:4:120:Infinity":41,"b:123:8:132:Infinity:134:8:135:Infinity":9,"s:122:4:136:Infinity":42,"s:125:29:125:Infinity":43,"s:126:32:126:Infinity":44,"b:126:51:126:90:126:90:126:145":10,"s:127:24:127:Infinity":45,"s:129:12:131:Infinity":46,"f:129:36:129:42":8,"s:130:16:130:Infinity":47,"s:135:12:135:Infinity":48,"s:142:0:222:Infinity":49,"f:142:34:142:41":9,"s:143:25:143:Infinity":50,"s:144:35:144:Infinity":51,"b:146:4:148:Infinity:undefined:undefined:undefined:undefined":11,"s:146:4:148:Infinity":52,"s:147:8:147:Infinity":53,"b:150:4:152:Infinity:undefined:undefined:undefined:undefined":12,"s:150:4:152:Infinity":54,"s:151:8:151:Infinity":55,"s:154:4:221:Infinity":56,"b:156:12:213:Infinity:215:12:216:Infinity":13,"s:155:8:217:Infinity":57,"s:157:36:157:Infinity":58,"b:158:16:160:Infinity:undefined:undefined:undefined:undefined":14,"s:158:16:160:Infinity":59,"s:159:20:159:Infinity":60,"s:163:16:180:Infinity":61,"s:164:37:164:Infinity":62,"s:165:41:165:Infinity":63,"s:166:40:166:Infinity":64,"b:166:40:166:79:166:79:166:Infinity":15,"s:168:20:174:Infinity":65,"s:178:20:178:Infinity":66,"b:178:69:178:95:178:95:178:110":16,"s:179:20:179:Infinity":67,"b:183:16:186:Infinity:undefined:undefined:undefined:undefined":17,"s:183:16:186:Infinity":68,"b:183:20:183:43:183:43:183:75":18,"s:184:20:184:Infinity":69,"s:185:20:185:Infinity":70,"b:188:16:191:Infinity:undefined:undefined:undefined:undefined":19,"s:188:16:191:Infinity":71,"s:189:20:189:Infinity":72,"s:190:20:190:Infinity":73,"s:193:16:197:Infinity":74,"s:200:16:208:Infinity":75,"s:201:20:201:Infinity":76,"s:202:20:202:Infinity":77,"b:203:20:203:Infinity:undefined:undefined:undefined:undefined":20,"s:203:20:203:Infinity":78,"s:203:53:203:Infinity":79,"b:204:20:204:Infinity:undefined:undefined:undefined:undefined":21,"s:204:20:204:Infinity":80,"s:204:50:204:Infinity":81,"s:205:20:205:Infinity":82,"s:207:20:207:Infinity":83,"s:210:16:212:Infinity":84,"f:210:40:210:46":10,"s:211:20:211:Infinity":85,"s:216:16:216:Infinity":86,"s:219:8:219:Infinity":87,"b:219:57:219:79:219:79:219:90":22,"s:220:8:220:Infinity":88}}}
,"/home/maol/raindrop/server/routes/cleanup.js": {"path":"/home/maol/raindrop/server/routes/cleanup.js","statementMap":{"0":{"start":{"line":5,"column":15},"end":{"line":5,"column":31}},"1":{"start":{"line":7,"column":0},"end":{"line":26,"column":null}},"2":{"start":{"line":8,"column":4},"end":{"line":25,"column":null}},"3":{"start":{"line":9,"column":20},"end":{"line":9,"column":44}},"4":{"start":{"line":10,"column":8},"end":{"line":12,"column":null}},"5":{"start":{"line":11,"column":12},"end":{"line":11,"column":null}},"6":{"start":{"line":14,"column":34},"end":{"line":14,"column":72}},"7":{"start":{"line":15,"column":8},"end":{"line":17,"column":null}},"8":{"start":{"line":16,"column":12},"end":{"line":16,"column":null}},"9":{"start":{"line":19,"column":23},"end":{"line":19,"column":58}},"10":{"start":{"line":20,"column":8},"end":{"line":20,"column":null}},"11":{"start":{"line":21,"column":8},"end":{"line":21,"column":null}},"12":{"start":{"line":23,"column":8},"end":{"line":23,"column":null}},"13":{"start":{"line":24,"column":8},"end":{"line":24,"column":null}}},"fnMap":{"0":{"name":"(anonymous_0)","decl":{"start":{"line":7,"column":23},"end":{"line":7,"column":28}},"loc":{"start":{"line":7,"column":43},"end":{"line":26,"column":1}},"line":7}},"branchMap":{"0":{"loc":{"start":{"line":10,"column":8},"end":{"line":12,"column":null}},"type":"if","locations":[{"start":{"line":10,"column":8},"end":{"line":12,"column":null}},{"start":{},"end":{}}],"line":10},"1":{"loc":{"start":{"line":15,"column":8},"end":{"line":17,"column":null}},"type":"if","locations":[{"start":{"line":15,"column":8},"end":{"line":17,"column":null}},{"start":{},"end":{}}],"line":15}},"s":{"0":1,"1":1,"2":5,"3":5,"4":5,"5":1,"6":4,"7":4,"8":1,"9":3,"10":2,"11":2,"12":1,"13":1},"f":{"0":5},"b":{"0":[1,4],"1":[1,3]},"meta":{"lastBranch":2,"lastFunction":1,"lastStatement":14,"seen":{"s:5:15:5:31":0,"s:7:0:26:Infinity":1,"f:7:23:7:28":0,"s:8:4:25:Infinity":2,"s:9:20:9:44":3,"b:10:8:12:Infinity:undefined:undefined:undefined:undefined":0,"s:10:8:12:Infinity":4,"s:11:12:11:Infinity":5,"s:14:34:14:72":6,"b:15:8:17:Infinity:undefined:undefined:undefined:undefined":1,"s:15:8:17:Infinity":7,"s:16:12:16:Infinity":8,"s:19:23:19:58":9,"s:20:8:20:Infinity":10,"s:21:8:21:Infinity":11,"s:23:8:23:Infinity":12,"s:24:8:24:Infinity":13}}}
,"/home/maol/raindrop/server/routes/publish.js": {"path":"/home/maol/raindrop/server/routes/publish.js","statementMap":{"0":{"start":{"line":6,"column":15},"end":{"line":6,"column":31}},"1":{"start":{"line":8,"column":0},"end":{"line":207,"column":null}},"2":{"start":{"line":9,"column":4},"end":{"line":206,"column":null}},"3":{"start":{"line":10,"column":58},"end":{"line":10,"column":66}},"4":{"start":{"line":12,"column":8},"end":{"line":14,"column":null}},"5":{"start":{"line":13,"column":12},"end":{"line":13,"column":null}},"6":{"start":{"line":16,"column":57},"end":{"line":16,"column":65}},"7":{"start":{"line":18,"column":34},"end":{"line":18,"column":72}},"8":{"start":{"line":19,"column":32},"end":{"line":19,"column":68}},"9":{"start":{"line":21,"column":8},"end":{"line":23,"column":null}},"10":{"start":{"line":22,"column":12},"end":{"line":22,"column":null}},"11":{"start":{"line":25,"column":8},"end":{"line":27,"column":null}},"12":{"start":{"line":26,"column":12},"end":{"line":26,"column":null}},"13":{"start":{"line":33,"column":28},"end":{"line":33,"column":87}},"14":{"start":{"line":34,"column":34},"end":{"line":34,"column":36}},"15":{"start":{"line":35,"column":39},"end":{"line":35,"column":82}},"16":{"start":{"line":36,"column":30},"end":{"line":40,"column":9}},"17":{"start":{"line":41,"column":28},"end":{"line":46,"column":10}},"18":{"start":{"line":47,"column":28},"end":{"line":47,"column":66}},"19":{"start":{"line":48,"column":34},"end":{"line":48,"column":96}},"20":{"start":{"line":48,"column":75},"end":{"line":48,"column":94}},"21":{"start":{"line":51,"column":27},"end":{"line":51,"column":29}},"22":{"start":{"line":52,"column":8},"end":{"line":63,"column":null}},"23":{"start":{"line":53,"column":28},"end":{"line":53,"column":56}},"24":{"start":{"line":54,"column":12},"end":{"line":54,"column":null}},"25":{"start":{"line":54,"column":51},"end":{"line":54,"column":null}},"26":{"start":{"line":55,"column":30},"end":{"line":55,"column":34}},"27":{"start":{"line":56,"column":12},"end":{"line":58,"column":null}},"28":{"start":{"line":57,"column":16},"end":{"line":57,"column":null}},"29":{"start":{"line":59,"column":12},"end":{"line":62,"column":null}},"30":{"start":{"line":60,"column":30},"end":{"line":60,"column":80}},"31":{"start":{"line":61,"column":16},"end":{"line":61,"column":null}},"32":{"start":{"line":64,"column":8},"end":{"line":66,"column":null}},"33":{"start":{"line":65,"column":12},"end":{"line":65,"column":null}},"34":{"start":{"line":68,"column":22},"end":{"line":83,"column":13}},"35":{"start":{"line":85,"column":27},"end":{"line":85,"column":28}},"36":{"start":{"line":86,"column":23},"end":{"line":86,"column":25}},"37":{"start":{"line":87,"column":26},"end":{"line":87,"column":28}},"38":{"start":{"line":89,"column":8},"end":{"line":172,"column":null}},"39":{"start":{"line":90,"column":12},"end":{"line":171,"column":null}},"40":{"start":{"line":91,"column":30},"end":{"line":94,"column":17}},"41":{"start":{"line":100,"column":16},"end":{"line":100,"column":null}},"42":{"start":{"line":101,"column":16},"end":{"line":116,"column":null}},"43":{"start":{"line":103,"column":24},"end":{"line":103,"column":null}},"44":{"start":{"line":104,"column":24},"end":{"line":104,"column":null}},"45":{"start":{"line":106,"column":24},"end":{"line":106,"column":null}},"46":{"start":{"line":107,"column":24},"end":{"line":107,"column":null}},"47":{"start":{"line":109,"column":24},"end":{"line":109,"column":null}},"48":{"start":{"line":110,"column":24},"end":{"line":110,"column":null}},"49":{"start":{"line":113,"column":24},"end":{"line":113,"column":null}},"50":{"start":{"line":114,"column":24},"end":{"line":114,"column":null}},"51":{"start":{"line":115,"column":24},"end":{"line":115,"column":null}},"52":{"start":{"line":119,"column":31},"end":{"line":119,"column":35}},"53":{"start":{"line":120,"column":28},"end":{"line":120,"column":32}},"54":{"start":{"line":121,"column":16},"end":{"line":129,"column":null}},"55":{"start":{"line":122,"column":39},"end":{"line":122,"column":88}},"56":{"start":{"line":123,"column":35},"end":{"line":123,"column":68}},"57":{"start":{"line":124,"column":37},"end":{"line":124,"column":62}},"58":{"start":{"line":125,"column":20},"end":{"line":125,"column":null}},"59":{"start":{"line":126,"column":20},"end":{"line":126,"column":null}},"60":{"start":{"line":127,"column":23},"end":{"line":129,"column":null}},"61":{"start":{"line":128,"column":20},"end":{"line":128,"column":null}},"62":{"start":{"line":131,"column":16},"end":{"line":133,"column":null}},"63":{"start":{"line":132,"column":20},"end":{"line":132,"column":null}},"64":{"start":{"line":135,"column":16},"end":{"line":135,"column":null}},"65":{"start":{"line":137,"column":33},"end":{"line":145,"column":18}},"66":{"start":{"line":147,"column":16},"end":{"line":151,"column":null}},"67":{"start":{"line":148,"column":20},"end":{"line":148,"column":null}},"68":{"start":{"line":149,"column":20},"end":{"line":149,"column":null}},"69":{"start":{"line":150,"column":20},"end":{"line":150,"column":null}},"70":{"start":{"line":153,"column":31},"end":{"line":153,"column":61}},"71":{"start":{"line":154,"column":16},"end":{"line":167,"column":null}},"72":{"start":{"line":155,"column":20},"end":{"line":155,"column":null}},"73":{"start":{"line":156,"column":20},"end":{"line":156,"column":null}},"74":{"start":{"line":157,"column":20},"end":{"line":157,"column":null}},"75":{"start":{"line":158,"column":20},"end":{"line":160,"column":null}},"76":{"start":{"line":159,"column":24},"end":{"line":159,"column":null}},"77":{"start":{"line":161,"column":23},"end":{"line":167,"column":null}},"78":{"start":{"line":162,"column":20},"end":{"line":162,"column":null}},"79":{"start":{"line":163,"column":20},"end":{"line":163,"column":null}},"80":{"start":{"line":165,"column":20},"end":{"line":165,"column":null}},"81":{"start":{"line":166,"column":20},"end":{"line":166,"column":null}},"82":{"start":{"line":169,"column":16},"end":{"line":169,"column":null}},"83":{"start":{"line":170,"column":16},"end":{"line":170,"column":null}},"84":{"start":{"line":174,"column":8},"end":{"line":178,"column":null}},"85":{"start":{"line":175,"column":12},"end":{"line":177,"column":null}},"86":{"start":{"line":180,"column":8},"end":{"line":182,"column":null}},"87":{"start":{"line":181,"column":12},"end":{"line":181,"column":null}},"88":{"start":{"line":184,"column":23},"end":{"line":189,"column":9}},"89":{"start":{"line":190,"column":8},"end":{"line":192,"column":null}},"90":{"start":{"line":191,"column":12},"end":{"line":191,"column":null}},"91":{"start":{"line":193,"column":8},"end":{"line":193,"column":null}},"92":{"start":{"line":195,"column":8},"end":{"line":195,"column":null}},"93":{"start":{"line":197,"column":23},"end":{"line":197,"column":47}},"94":{"start":{"line":198,"column":8},"end":{"line":204,"column":null}},"95":{"start":{"line":199,"column":12},"end":{"line":199,"column":null}},"96":{"start":{"line":200,"column":15},"end":{"line":204,"column":null}},"97":{"start":{"line":201,"column":12},"end":{"line":201,"column":null}},"98":{"start":{"line":202,"column":15},"end":{"line":204,"column":null}},"99":{"start":{"line":203,"column":12},"end":{"line":203,"column":null}},"100":{"start":{"line":205,"column":8},"end":{"line":205,"column":null}}},"fnMap":{"0":{"name":"(anonymous_0)","decl":{"start":{"line":8,"column":17},"end":{"line":8,"column":22}},"loc":{"start":{"line":8,"column":37},"end":{"line":207,"column":1}},"line":8},"1":{"name":"(anonymous_1)","decl":{"start":{"line":48,"column":69},"end":{"line":48,"column":71}},"loc":{"start":{"line":48,"column":75},"end":{"line":48,"column":94}},"line":48}},"branchMap":{"0":{"loc":{"start":{"line":12,"column":8},"end":{"line":14,"column":null}},"type":"if","locations":[{"start":{"line":12,"column":8},"end":{"line":14,"column":null}},{"start":{},"end":{}}],"line":12},"1":{"loc":{"start":{"line":16,"column":32},"end":{"line":16,"column":52}},"type":"default-arg","locations":[{"start":{"line":16,"column":45},"end":{"line":16,"column":52}}],"line":16},"2":{"loc":{"start":{"line":21,"column":8},"end":{"line":23,"column":null}},"type":"if","locations":[{"start":{"line":21,"column":8},"end":{"line":23,"column":null}},{"start":{},"end":{}}],"line":21},"3":{"loc":{"start":{"line":21,"column":12},"end":{"line":21,"column":50}},"type":"binary-expr","locations":[{"start":{"line":21,"column":12},"end":{"line":21,"column":30}},{"start":{"line":21,"column":34},"end":{"line":21,"column":50}}],"line":21},"4":{"loc":{"start":{"line":25,"column":8},"end":{"line":27,"column":null}},"type":"if","locations":[{"start":{"line":25,"column":8},"end":{"line":27,"column":null}},{"start":{},"end":{}}],"line":25},"5":{"loc":{"start":{"line":25,"column":12},"end":{"line":25,"column":92}},"type":"binary-expr","locations":[{"start":{"line":25,"column":12},"end":{"line":25,"column":27}},{"start":{"line":25,"column":31},"end":{"line":25,"column":61}},{"start":{"line":25,"column":65},"end":{"line":25,"column":92}}],"line":25},"6":{"loc":{"start":{"line":47,"column":28},"end":{"line":47,"column":66}},"type":"binary-expr","locations":[{"start":{"line":47,"column":28},"end":{"line":47,"column":60}},{"start":{"line":47,"column":64},"end":{"line":47,"column":66}}],"line":47},"7":{"loc":{"start":{"line":54,"column":12},"end":{"line":54,"column":null}},"type":"if","locations":[{"start":{"line":54,"column":12},"end":{"line":54,"column":null}},{"start":{},"end":{}}],"line":54},"8":{"loc":{"start":{"line":54,"column":16},"end":{"line":54,"column":49}},"type":"binary-expr","locations":[{"start":{"line":54,"column":16},"end":{"line":54,"column":24}},{"start":{"line":54,"column":28},"end":{"line":54,"column":49}}],"line":54},"9":{"loc":{"start":{"line":56,"column":12},"end":{"line":58,"column":null}},"type":"if","locations":[{"start":{"line":56,"column":12},"end":{"line":58,"column":null}},{"start":{},"end":{}}],"line":56},"10":{"loc":{"start":{"line":56,"column":16},"end":{"line":56,"column":65}},"type":"binary-expr","locations":[{"start":{"line":56,"column":16},"end":{"line":56,"column":51}},{"start":{"line":56,"column":55},"end":{"line":56,"column":65}}],"line":56},"11":{"loc":{"start":{"line":59,"column":12},"end":{"line":62,"column":null}},"type":"if","locations":[{"start":{"line":59,"column":12},"end":{"line":62,"column":null}},{"start":{},"end":{}}],"line":59},"12":{"loc":{"start":{"line":64,"column":8},"end":{"line":66,"column":null}},"type":"if","locations":[{"start":{"line":64,"column":8},"end":{"line":66,"column":null}},{"start":{},"end":{}}],"line":64},"13":{"loc":{"start":{"line":101,"column":16},"end":{"line":116,"column":null}},"type":"switch","locations":[{"start":{"line":102,"column":20},"end":{"line":104,"column":null}},{"start":{"line":105,"column":20},"end":{"line":107,"column":null}},{"start":{"line":108,"column":20},"end":{"line":110,"column":null}},{"start":{"line":111,"column":20},"end":{"line":111,"column":null}},{"start":{"line":112,"column":20},"end":{"line":115,"column":null}}],"line":101},"14":{"loc":{"start":{"line":121,"column":16},"end":{"line":129,"column":null}},"type":"if","locations":[{"start":{"line":121,"column":16},"end":{"line":129,"column":null}},{"start":{"line":127,"column":23},"end":{"line":129,"column":null}}],"line":121},"15":{"loc":{"start":{"line":127,"column":23},"end":{"line":129,"column":null}},"type":"if","locations":[{"start":{"line":127,"column":23},"end":{"line":129,"column":null}},{"start":{},"end":{}}],"line":127},"16":{"loc":{"start":{"line":131,"column":16},"end":{"line":133,"column":null}},"type":"if","locations":[{"start":{"line":131,"column":16},"end":{"line":133,"column":null}},{"start":{},"end":{}}],"line":131},"17":{"loc":{"start":{"line":135,"column":129},"end":{"line":135,"column":167}},"type":"cond-expr","locations":[{"start":{"line":135,"column":149},"end":{"line":135,"column":162}},{"start":{"line":135,"column":165},"end":{"line":135,"column":167}}],"line":135},"18":{"loc":{"start":{"line":135,"column":170},"end":{"line":135,"column":195}},"type":"cond-expr","locations":[{"start":{"line":135,"column":181},"end":{"line":135,"column":190}},{"start":{"line":135,"column":193},"end":{"line":135,"column":195}}],"line":135},"19":{"loc":{"start":{"line":147,"column":16},"end":{"line":151,"column":null}},"type":"if","locations":[{"start":{"line":147,"column":16},"end":{"line":151,"column":null}},{"start":{},"end":{}}],"line":147},"20":{"loc":{"start":{"line":154,"column":16},"end":{"line":167,"column":null}},"type":"if","locations":[{"start":{"line":154,"column":16},"end":{"line":167,"column":null}},{"start":{"line":161,"column":23},"end":{"line":167,"column":null}}],"line":154},"21":{"loc":{"start":{"line":158,"column":20},"end":{"line":160,"column":null}},"type":"if","locations":[{"start":{"line":158,"column":20},"end":{"line":160,"column":null}},{"start":{},"end":{}}],"line":158},"22":{"loc":{"start":{"line":161,"column":23},"end":{"line":167,"column":null}},"type":"if","locations":[{"start":{"line":161,"column":23},"end":{"line":167,"column":null}},{"start":{"line":164,"column":23},"end":{"line":167,"column":null}}],"line":161},"23":{"loc":{"start":{"line":161,"column":27},"end":{"line":161,"column":113}},"type":"binary-expr","locations":[{"start":{"line":161,"column":27},"end":{"line":161,"column":69}},{"start":{"line":161,"column":73},"end":{"line":161,"column":113}}],"line":161},"24":{"loc":{"start":{"line":174,"column":8},"end":{"line":178,"column":null}},"type":"if","locations":[{"start":{"line":174,"column":8},"end":{"line":178,"column":null}},{"start":{},"end":{}}],"line":174},"25":{"loc":{"start":{"line":180,"column":8},"end":{"line":182,"column":null}},"type":"if","locations":[{"start":{"line":180,"column":8},"end":{"line":182,"column":null}},{"start":{},"end":{}}],"line":180},"26":{"loc":{"start":{"line":190,"column":8},"end":{"line":192,"column":null}},"type":"if","locations":[{"start":{"line":190,"column":8},"end":{"line":192,"column":null}},{"start":{},"end":{}}],"line":190},"27":{"loc":{"start":{"line":195,"column":40},"end":{"line":195,"column":86}},"type":"binary-expr","locations":[{"start":{"line":195,"column":40},"end":{"line":195,"column":60}},{"start":{"line":195,"column":64},"end":{"line":195,"column":77}},{"start":{"line":195,"column":81},"end":{"line":195,"column":86}}],"line":195},"28":{"loc":{"start":{"line":198,"column":8},"end":{"line":204,"column":null}},"type":"if","locations":[{"start":{"line":198,"column":8},"end":{"line":204,"column":null}},{"start":{"line":200,"column":15},"end":{"line":204,"column":null}}],"line":198},"29":{"loc":{"start":{"line":200,"column":15},"end":{"line":204,"column":null}},"type":"if","locations":[{"start":{"line":200,"column":15},"end":{"line":204,"column":null}},{"start":{"line":202,"column":15},"end":{"line":204,"column":null}}],"line":200},"30":{"loc":{"start":{"line":202,"column":15},"end":{"line":204,"column":null}},"type":"if","locations":[{"start":{"line":202,"column":15},"end":{"line":204,"column":null}},{"start":{},"end":{}}],"line":202}},"s":{"0":2,"1":2,"2":30,"3":30,"4":30,"5":1,"6":29,"7":29,"8":29,"9":29,"10":1,"11":28,"12":2,"13":26,"14":26,"15":26,"16":26,"17":26,"18":26,"19":30,"20":15,"21":30,"22":30,"23":31,"24":31,"25":19,"26":12,"27":12,"28":7,"29":12,"30":7,"31":7,"32":26,"33":7,"34":19,"35":19,"36":19,"37":19,"38":19,"39":23,"40":23,"41":23,"42":23,"43":1,"44":1,"45":1,"46":1,"47":1,"48":1,"49":20,"50":20,"51":20,"52":23,"53":23,"54":23,"55":2,"56":2,"57":2,"58":2,"59":2,"60":21,"61":1,"62":23,"63":3,"64":23,"65":23,"66":22,"67":2,"68":2,"69":2,"70":20,"71":23,"72":16,"73":16,"74":16,"75":16,"76":2,"77":4,"78":3,"79":3,"80":1,"81":1,"82":1,"83":1,"84":19,"85":3,"86":16,"87":2,"88":16,"89":16,"90":2,"91":16,"92":0,"93":0,"94":0,"95":0,"96":0,"97":0,"98":0,"99":0,"100":0},"f":{"0":30,"1":15},"b":{"0":[1,29],"1":[29],"2":[1,28],"3":[29,28],"4":[2,26],"5":[28,27,27],"6":[26,13],"7":[19,12],"8":[31,15],"9":[7,5],"10":[12,11],"11":[7,5],"12":[7,19],"13":[1,1,1,20,20],"14":[2,21],"15":[1,20],"16":[3,20],"17":[20,3],"18":[3,20],"19":[2,20],"20":[16,4],"21":[2,14],"22":[3,1],"23":[4,2],"24":[3,16],"25":[2,14],"26":[2,14],"27":[0,0,0],"28":[0,0],"29":[0,0],"30":[0,0]},"meta":{"lastBranch":31,"lastFunction":2,"lastStatement":101,"seen":{"s:6:15:6:31":0,"s:8:0:207:Infinity":1,"f:8:17:8:22":0,"s:9:4:206:Infinity":2,"s:10:58:10:66":3,"b:12:8:14:Infinity:undefined:undefined:undefined:undefined":0,"s:12:8:14:Infinity":4,"s:13:12:13:Infinity":5,"s:16:57:16:65":6,"b:16:45:16:52":1,"s:18:34:18:72":7,"s:19:32:19:68":8,"b:21:8:23:Infinity:undefined:undefined:undefined:undefined":2,"s:21:8:23:Infinity":9,"b:21:12:21:30:21:34:21:50":3,"s:22:12:22:Infinity":10,"b:25:8:27:Infinity:undefined:undefined:undefined:undefined":4,"s:25:8:27:Infinity":11,"b:25:12:25:27:25:31:25:61:25:65:25:92":5,"s:26:12:26:Infinity":12,"s:33:28:33:87":13,"s:34:34:34:36":14,"s:35:39:35:82":15,"s:36:30:40:9":16,"s:41:28:46:10":17,"s:47:28:47:66":18,"b:47:28:47:60:47:64:47:66":6,"s:48:34:48:96":19,"f:48:69:48:71":1,"s:48:75:48:94":20,"s:51:27:51:29":21,"s:52:8:63:Infinity":22,"s:53:28:53:56":23,"b:54:12:54:Infinity:undefined:undefined:undefined:undefined":7,"s:54:12:54:Infinity":24,"b:54:16:54:24:54:28:54:49":8,"s:54:51:54:Infinity":25,"s:55:30:55:34":26,"b:56:12:58:Infinity:undefined:undefined:undefined:undefined":9,"s:56:12:58:Infinity":27,"b:56:16:56:51:56:55:56:65":10,"s:57:16:57:Infinity":28,"b:59:12:62:Infinity:undefined:undefined:undefined:undefined":11,"s:59:12:62:Infinity":29,"s:60:30:60:80":30,"s:61:16:61:Infinity":31,"b:64:8:66:Infinity:undefined:undefined:undefined:undefined":12,"s:64:8:66:Infinity":32,"s:65:12:65:Infinity":33,"s:68:22:83:13":34,"s:85:27:85:28":35,"s:86:23:86:25":36,"s:87:26:87:28":37,"s:89:8:172:Infinity":38,"s:90:12:171:Infinity":39,"s:91:30:94:17":40,"s:100:16:100:Infinity":41,"b:102:20:104:Infinity:105:20:107:Infinity:108:20:110:Infinity:111:20:111:Infinity:112:20:115:Infinity":13,"s:101:16:116:Infinity":42,"s:103:24:103:Infinity":43,"s:104:24:104:Infinity":44,"s:106:24:106:Infinity":45,"s:107:24:107:Infinity":46,"s:109:24:109:Infinity":47,"s:110:24:110:Infinity":48,"s:113:24:113:Infinity":49,"s:114:24:114:Infinity":50,"s:115:24:115:Infinity":51,"s:119:31:119:35":52,"s:120:28:120:32":53,"b:121:16:129:Infinity:127:23:129:Infinity":14,"s:121:16:129:Infinity":54,"s:122:39:122:88":55,"s:123:35:123:68":56,"s:124:37:124:62":57,"s:125:20:125:Infinity":58,"s:126:20:126:Infinity":59,"b:127:23:129:Infinity:undefined:undefined:undefined:undefined":15,"s:127:23:129:Infinity":60,"s:128:20:128:Infinity":61,"b:131:16:133:Infinity:undefined:undefined:undefined:undefined":16,"s:131:16:133:Infinity":62,"s:132:20:132:Infinity":63,"s:135:16:135:Infinity":64,"b:135:149:135:162:135:165:135:167":17,"b:135:181:135:190:135:193:135:195":18,"s:137:33:145:18":65,"b:147:16:151:Infinity:undefined:undefined:undefined:undefined":19,"s:147:16:151:Infinity":66,"s:148:20:148:Infinity":67,"s:149:20:149:Infinity":68,"s:150:20:150:Infinity":69,"s:153:31:153:61":70,"b:154:16:167:Infinity:161:23:167:Infinity":20,"s:154:16:167:Infinity":71,"s:155:20:155:Infinity":72,"s:156:20:156:Infinity":73,"s:157:20:157:Infinity":74,"b:158:20:160:Infinity:undefined:undefined:undefined:undefined":21,"s:158:20:160:Infinity":75,"s:159:24:159:Infinity":76,"b:161:23:167:Infinity:164:23:167:Infinity":22,"s:161:23:167:Infinity":77,"b:161:27:161:69:161:73:161:113":23,"s:162:20:162:Infinity":78,"s:163:20:163:Infinity":79,"s:165:20:165:Infinity":80,"s:166:20:166:Infinity":81,"s:169:16:169:Infinity":82,"s:170:16:170:Infinity":83,"b:174:8:178:Infinity:undefined:undefined:undefined:undefined":24,"s:174:8:178:Infinity":84,"s:175:12:177:Infinity":85,"b:180:8:182:Infinity:undefined:undefined:undefined:undefined":25,"s:180:8:182:Infinity":86,"s:181:12:181:Infinity":87,"s:184:23:189:9":88,"b:190:8:192:Infinity:undefined:undefined:undefined:undefined":26,"s:190:8:192:Infinity":89,"s:191:12:191:Infinity":90,"s:193:8:193:Infinity":91,"s:195:8:195:Infinity":92,"b:195:40:195:60:195:64:195:77:195:81:195:86":27,"s:197:23:197:47":93,"b:198:8:204:Infinity:200:15:204:Infinity":28,"s:198:8:204:Infinity":94,"s:199:12:199:Infinity":95,"b:200:15:204:Infinity:202:15:204:Infinity":29,"s:200:15:204:Infinity":96,"s:201:12:201:Infinity":97,"b:202:15:204:Infinity:undefined:undefined:undefined:undefined":30,"s:202:15:204:Infinity":98,"s:203:12:203:Infinity":99,"s:205:8:205:Infinity":100}}}
,"/home/maol/raindrop/server/routes/raindropio.js": {"path":"/home/maol/raindrop/server/routes/raindropio.js","statementMap":{"0":{"start":{"line":5,"column":15},"end":{"line":5,"column":31}},"1":{"start":{"line":7,"column":0},"end":{"line":45,"column":null}},"2":{"start":{"line":8,"column":4},"end":{"line":44,"column":null}},"3":{"start":{"line":9,"column":8},"end":{"line":9,"column":null}},"4":{"start":{"line":10,"column":21},"end":{"line":15,"column":15}},"5":{"start":{"line":11,"column":29},"end":{"line":13,"column":14}},"6":{"start":{"line":14,"column":12},"end":{"line":14,"column":null}},"7":{"start":{"line":17,"column":25},"end":{"line":17,"column":61}},"8":{"start":{"line":18,"column":8},"end":{"line":18,"column":null}},"9":{"start":{"line":20,"column":23},"end":{"line":20,"column":56}},"10":{"start":{"line":23,"column":8},"end":{"line":35,"column":null}},"11":{"start":{"line":24,"column":26},"end":{"line":29,"column":19}},"12":{"start":{"line":25,"column":33},"end":{"line":27,"column":18}},"13":{"start":{"line":28,"column":16},"end":{"line":28,"column":null}},"14":{"start":{"line":30,"column":35},"end":{"line":30,"column":102}},"15":{"start":{"line":30,"column":76},"end":{"line":30,"column":98}},"16":{"start":{"line":31,"column":12},"end":{"line":31,"column":null}},"17":{"start":{"line":32,"column":12},"end":{"line":32,"column":null}},"18":{"start":{"line":34,"column":12},"end":{"line":34,"column":null}},"19":{"start":{"line":37,"column":8},"end":{"line":37,"column":null}},"20":{"start":{"line":39,"column":8},"end":{"line":41,"column":null}},"21":{"start":{"line":40,"column":12},"end":{"line":40,"column":null}},"22":{"start":{"line":42,"column":8},"end":{"line":42,"column":null}},"23":{"start":{"line":43,"column":8},"end":{"line":43,"column":null}},"24":{"start":{"line":48,"column":0},"end":{"line":67,"column":null}},"25":{"start":{"line":49,"column":4},"end":{"line":66,"column":null}},"26":{"start":{"line":50,"column":8},"end":{"line":50,"column":null}},"27":{"start":{"line":51,"column":21},"end":{"line":56,"column":15}},"28":{"start":{"line":52,"column":29},"end":{"line":54,"column":14}},"29":{"start":{"line":55,"column":12},"end":{"line":55,"column":null}},"30":{"start":{"line":58,"column":8},"end":{"line":58,"column":null}},"31":{"start":{"line":59,"column":8},"end":{"line":59,"column":null}},"32":{"start":{"line":61,"column":8},"end":{"line":63,"column":null}},"33":{"start":{"line":62,"column":12},"end":{"line":62,"column":null}},"34":{"start":{"line":64,"column":8},"end":{"line":64,"column":null}},"35":{"start":{"line":65,"column":8},"end":{"line":65,"column":null}},"36":{"start":{"line":70,"column":0},"end":{"line":92,"column":null}},"37":{"start":{"line":71,"column":4},"end":{"line":91,"column":null}},"38":{"start":{"line":72,"column":28},"end":{"line":72,"column":81}},"39":{"start":{"line":73,"column":20},"end":{"line":73,"column":79}},"40":{"start":{"line":75,"column":8},"end":{"line":75,"column":null}},"41":{"start":{"line":76,"column":21},"end":{"line":81,"column":15}},"42":{"start":{"line":77,"column":29},"end":{"line":79,"column":14}},"43":{"start":{"line":80,"column":12},"end":{"line":80,"column":null}},"44":{"start":{"line":83,"column":8},"end":{"line":83,"column":null}},"45":{"start":{"line":84,"column":8},"end":{"line":84,"column":null}},"46":{"start":{"line":86,"column":8},"end":{"line":88,"column":null}},"47":{"start":{"line":87,"column":12},"end":{"line":87,"column":null}},"48":{"start":{"line":89,"column":8},"end":{"line":89,"column":null}},"49":{"start":{"line":90,"column":8},"end":{"line":90,"column":null}},"50":{"start":{"line":95,"column":0},"end":{"line":117,"column":null}},"51":{"start":{"line":96,"column":4},"end":{"line":116,"column":null}},"52":{"start":{"line":97,"column":23},"end":{"line":97,"column":33}},"53":{"start":{"line":98,"column":25},"end":{"line":98,"column":33}},"54":{"start":{"line":100,"column":8},"end":{"line":100,"column":null}},"55":{"start":{"line":101,"column":21},"end":{"line":106,"column":15}},"56":{"start":{"line":102,"column":29},"end":{"line":104,"column":14}},"57":{"start":{"line":105,"column":12},"end":{"line":105,"column":null}},"58":{"start":{"line":108,"column":8},"end":{"line":108,"column":null}},"59":{"start":{"line":109,"column":8},"end":{"line":109,"column":null}},"60":{"start":{"line":111,"column":8},"end":{"line":113,"column":null}},"61":{"start":{"line":112,"column":12},"end":{"line":112,"column":null}},"62":{"start":{"line":114,"column":8},"end":{"line":114,"column":null}},"63":{"start":{"line":115,"column":8},"end":{"line":115,"column":null}}},"fnMap":{"0":{"name":"(anonymous_0)","decl":{"start":{"line":7,"column":20},"end":{"line":7,"column":25}},"loc":{"start":{"line":7,"column":40},"end":{"line":45,"column":1}},"line":7},"1":{"name":"(anonymous_1)","decl":{"start":{"line":10,"column":44},"end":{"line":10,"column":49}},"loc":{"start":{"line":10,"column":61},"end":{"line":15,"column":9}},"line":10},"2":{"name":"(anonymous_2)","decl":{"start":{"line":24,"column":49},"end":{"line":24,"column":54}},"loc":{"start":{"line":24,"column":66},"end":{"line":29,"column":13}},"line":24},"3":{"name":"(anonymous_3)","decl":{"start":{"line":30,"column":62},"end":{"line":30,"column":63}},"loc":{"start":{"line":30,"column":76},"end":{"line":30,"column":98}},"line":30},"4":{"name":"(anonymous_4)","decl":{"start":{"line":48,"column":20},"end":{"line":48,"column":25}},"loc":{"start":{"line":48,"column":40},"end":{"line":67,"column":1}},"line":48},"5":{"name":"(anonymous_5)","decl":{"start":{"line":51,"column":44},"end":{"line":51,"column":49}},"loc":{"start":{"line":51,"column":61},"end":{"line":56,"column":9}},"line":51},"6":{"name":"(anonymous_6)","decl":{"start":{"line":70,"column":27},"end":{"line":70,"column":32}},"loc":{"start":{"line":70,"column":47},"end":{"line":92,"column":1}},"line":70},"7":{"name":"(anonymous_7)","decl":{"start":{"line":76,"column":44},"end":{"line":76,"column":49}},"loc":{"start":{"line":76,"column":61},"end":{"line":81,"column":9}},"line":76},"8":{"name":"(anonymous_8)","decl":{"start":{"line":95,"column":28},"end":{"line":95,"column":33}},"loc":{"start":{"line":95,"column":48},"end":{"line":117,"column":1}},"line":95},"9":{"name":"(anonymous_9)","decl":{"start":{"line":101,"column":44},"end":{"line":101,"column":49}},"loc":{"start":{"line":101,"column":61},"end":{"line":106,"column":9}},"line":101}},"branchMap":{"0":{"loc":{"start":{"line":17,"column":25},"end":{"line":17,"column":61}},"type":"binary-expr","locations":[{"start":{"line":17,"column":25},"end":{"line":17,"column":43}},{"start":{"line":17,"column":47},"end":{"line":17,"column":61}}],"line":17},"1":{"loc":{"start":{"line":30,"column":36},"end":{"line":30,"column":53}},"type":"binary-expr","locations":[{"start":{"line":30,"column":36},"end":{"line":30,"column":47}},{"start":{"line":30,"column":51},"end":{"line":30,"column":53}}],"line":30},"2":{"loc":{"start":{"line":30,"column":83},"end":{"line":30,"column":97}},"type":"binary-expr","locations":[{"start":{"line":30,"column":83},"end":{"line":30,"column":92}},{"start":{"line":30,"column":96},"end":{"line":30,"column":97}}],"line":30},"3":{"loc":{"start":{"line":39,"column":8},"end":{"line":41,"column":null}},"type":"if","locations":[{"start":{"line":39,"column":8},"end":{"line":41,"column":null}},{"start":{},"end":{}}],"line":39},"4":{"loc":{"start":{"line":42,"column":59},"end":{"line":42,"column":96}},"type":"binary-expr","locations":[{"start":{"line":42,"column":59},"end":{"line":42,"column":79}},{"start":{"line":42,"column":83},"end":{"line":42,"column":96}}],"line":42},"5":{"loc":{"start":{"line":58,"column":38},"end":{"line":58,"column":61}},"type":"binary-expr","locations":[{"start":{"line":58,"column":38},"end":{"line":58,"column":56}},{"start":{"line":58,"column":60},"end":{"line":58,"column":61}}],"line":58},"6":{"loc":{"start":{"line":61,"column":8},"end":{"line":63,"column":null}},"type":"if","locations":[{"start":{"line":61,"column":8},"end":{"line":63,"column":null}},{"start":{},"end":{}}],"line":61},"7":{"loc":{"start":{"line":64,"column":59},"end":{"line":64,"column":96}},"type":"binary-expr","locations":[{"start":{"line":64,"column":59},"end":{"line":64,"column":79}},{"start":{"line":64,"column":83},"end":{"line":64,"column":96}}],"line":64},"8":{"loc":{"start":{"line":72,"column":28},"end":{"line":72,"column":81}},"type":"cond-expr","locations":[{"start":{"line":72,"column":47},"end":{"line":72,"column":76}},{"start":{"line":72,"column":79},"end":{"line":72,"column":81}}],"line":72},"9":{"loc":{"start":{"line":83,"column":38},"end":{"line":83,"column":61}},"type":"binary-expr","locations":[{"start":{"line":83,"column":38},"end":{"line":83,"column":56}},{"start":{"line":83,"column":60},"end":{"line":83,"column":61}}],"line":83},"10":{"loc":{"start":{"line":86,"column":8},"end":{"line":88,"column":null}},"type":"if","locations":[{"start":{"line":86,"column":8},"end":{"line":88,"column":null}},{"start":{},"end":{}}],"line":86},"11":{"loc":{"start":{"line":89,"column":66},"end":{"line":89,"column":103}},"type":"binary-expr","locations":[{"start":{"line":89,"column":66},"end":{"line":89,"column":86}},{"start":{"line":89,"column":90},"end":{"line":89,"column":103}}],"line":89},"12":{"loc":{"start":{"line":111,"column":8},"end":{"line":113,"column":null}},"type":"if","locations":[{"start":{"line":111,"column":8},"end":{"line":113,"column":null}},{"start":{},"end":{}}],"line":111},"13":{"loc":{"start":{"line":114,"column":80},"end":{"line":114,"column":117}},"type":"binary-expr","locations":[{"start":{"line":114,"column":80},"end":{"line":114,"column":100}},{"start":{"line":114,"column":104},"end":{"line":114,"column":117}}],"line":114}},"s":{"0":1,"1":1,"2":3,"3":3,"4":3,"5":2,"6":2,"7":2,"8":3,"9":3,"10":3,"11":3,"12":2,"13":1,"14":1,"15":2,"16":3,"17":3,"18":1,"19":2,"20":1,"21":1,"22":0,"23":1,"24":1,"25":2,"26":2,"27":2,"28":1,"29":1,"30":1,"31":2,"32":1,"33":1,"34":0,"35":1,"36":1,"37":2,"38":2,"39":2,"40":2,"41":2,"42":1,"43":1,"44":1,"45":2,"46":1,"47":1,"48":0,"49":1,"50":1,"51":3,"52":3,"53":3,"54":3,"55":3,"56":2,"57":1,"58":1,"59":1,"60":2,"61":1,"62":1,"63":2},"f":{"0":3,"1":2,"2":2,"3":2,"4":2,"5":1,"6":2,"7":1,"8":3,"9":2},"b":{"0":[2,0],"1":[1,0],"2":[2,0],"3":[1,0],"4":[0,0],"5":[1,0],"6":[1,0],"7":[0,0],"8":[1,1],"9":[1,0],"10":[1,0],"11":[0,0],"12":[1,1],"13":[1,0]},"meta":{"lastBranch":14,"lastFunction":10,"lastStatement":64,"seen":{"s:5:15:5:31":0,"s:7:0:45:Infinity":1,"f:7:20:7:25":0,"s:8:4:44:Infinity":2,"s:9:8:9:Infinity":3,"s:10:21:15:15":4,"f:10:44:10:49":1,"s:11:29:13:14":5,"s:14:12:14:Infinity":6,"s:17:25:17:61":7,"b:17:25:17:43:17:47:17:61":0,"s:18:8:18:Infinity":8,"s:20:23:20:56":9,"s:23:8:35:Infinity":10,"s:24:26:29:19":11,"f:24:49:24:54":2,"s:25:33:27:18":12,"s:28:16:28:Infinity":13,"s:30:35:30:102":14,"b:30:36:30:47:30:51:30:53":1,"f:30:62:30:63":3,"s:30:76:30:98":15,"b:30:83:30:92:30:96:30:97":2,"s:31:12:31:Infinity":16,"s:32:12:32:Infinity":17,"s:34:12:34:Infinity":18,"s:37:8:37:Infinity":19,"b:39:8:41:Infinity:undefined:undefined:undefined:undefined":3,"s:39:8:41:Infinity":20,"s:40:12:40:Infinity":21,"s:42:8:42:Infinity":22,"b:42:59:42:79:42:83:42:96":4,"s:43:8:43:Infinity":23,"s:48:0:67:Infinity":24,"f:48:20:48:25":4,"s:49:4:66:Infinity":25,"s:50:8:50:Infinity":26,"s:51:21:56:15":27,"f:51:44:51:49":5,"s:52:29:54:14":28,"s:55:12:55:Infinity":29,"s:58:8:58:Infinity":30,"b:58:38:58:56:58:60:58:61":5,"s:59:8:59:Infinity":31,"b:61:8:63:Infinity:undefined:undefined:undefined:undefined":6,"s:61:8:63:Infinity":32,"s:62:12:62:Infinity":33,"s:64:8:64:Infinity":34,"b:64:59:64:79:64:83:64:96":7,"s:65:8:65:Infinity":35,"s:70:0:92:Infinity":36,"f:70:27:70:32":6,"s:71:4:91:Infinity":37,"s:72:28:72:81":38,"b:72:47:72:76:72:79:72:81":8,"s:73:20:73:79":39,"s:75:8:75:Infinity":40,"s:76:21:81:15":41,"f:76:44:76:49":7,"s:77:29:79:14":42,"s:80:12:80:Infinity":43,"s:83:8:83:Infinity":44,"b:83:38:83:56:83:60:83:61":9,"s:84:8:84:Infinity":45,"b:86:8:88:Infinity:undefined:undefined:undefined:undefined":10,"s:86:8:88:Infinity":46,"s:87:12:87:Infinity":47,"s:89:8:89:Infinity":48,"b:89:66:89:86:89:90:89:103":11,"s:90:8:90:Infinity":49,"s:95:0:117:Infinity":50,"f:95:28:95:33":8,"s:96:4:116:Infinity":51,"s:97:23:97:33":52,"s:98:25:98:33":53,"s:100:8:100:Infinity":54,"s:101:21:106:15":55,"f:101:44:101:49":9,"s:102:29:104:14":56,"s:105:12:105:Infinity":57,"s:108:8:108:Infinity":58,"s:109:8:109:Infinity":59,"b:111:8:113:Infinity:undefined:undefined:undefined:undefined":12,"s:111:8:113:Infinity":60,"s:112:12:112:Infinity":61,"s:114:8:114:Infinity":62,"b:114:80:114:100:114:104:114:117":13,"s:115:8:115:Infinity":63}}}
,"/home/maol/raindrop/server/routes/scrape.js": {"path":"/home/maol/raindrop/server/routes/scrape.js","statementMap":{"0":{"start":{"line":5,"column":15},"end":{"line":5,"column":31}},"1":{"start":{"line":7,"column":0},"end":{"line":28,"column":null}},"2":{"start":{"line":8,"column":4},"end":{"line":27,"column":null}},"3":{"start":{"line":9,"column":24},"end":{"line":9,"column":32}},"4":{"start":{"line":11,"column":8},"end":{"line":13,"column":null}},"5":{"start":{"line":12,"column":12},"end":{"line":12,"column":null}},"6":{"start":{"line":15,"column":8},"end":{"line":19,"column":null}},"7":{"start":{"line":16,"column":12},"end":{"line":16,"column":null}},"8":{"start":{"line":18,"column":12},"end":{"line":18,"column":null}},"9":{"start":{"line":21,"column":35},"end":{"line":21,"column":59}},"10":{"start":{"line":22,"column":8},"end":{"line":22,"column":null}},"11":{"start":{"line":25,"column":8},"end":{"line":25,"column":null}},"12":{"start":{"line":26,"column":8},"end":{"line":26,"column":null}}},"fnMap":{"0":{"name":"(anonymous_0)","decl":{"start":{"line":7,"column":17},"end":{"line":7,"column":22}},"loc":{"start":{"line":7,"column":37},"end":{"line":28,"column":1}},"line":7}},"branchMap":{"0":{"loc":{"start":{"line":11,"column":8},"end":{"line":13,"column":null}},"type":"if","locations":[{"start":{"line":11,"column":8},"end":{"line":13,"column":null}},{"start":{},"end":{}}],"line":11}},"s":{"0":1,"1":1,"2":5,"3":5,"4":5,"5":1,"6":4,"7":4,"8":2,"9":2,"10":1,"11":1,"12":1},"f":{"0":5},"b":{"0":[1,4]},"meta":{"lastBranch":1,"lastFunction":1,"lastStatement":13,"seen":{"s:5:15:5:31":0,"s:7:0:28:Infinity":1,"f:7:17:7:22":0,"s:8:4:27:Infinity":2,"s:9:24:9:32":3,"b:11:8:13:Infinity:undefined:undefined:undefined:undefined":0,"s:11:8:13:Infinity":4,"s:12:12:12:Infinity":5,"s:15:8:19:Infinity":6,"s:16:12:16:Infinity":7,"s:18:12:18:Infinity":8,"s:21:35:21:59":9,"s:22:8:22:Infinity":10,"s:25:8:25:Infinity":11,"s:26:8:26:Infinity":12}}}
,"/home/maol/raindrop/server/routes/screenshot.js": {"path":"/home/maol/raindrop/server/routes/screenshot.js","statementMap":{"0":{"start":{"line":5,"column":15},"end":{"line":5,"column":31}},"1":{"start":{"line":7,"column":0},"end":{"line":57,"column":null}},"2":{"start":{"line":8,"column":4},"end":{"line":56,"column":null}},"3":{"start":{"line":9,"column":96},"end":{"line":9,"column":104}},"4":{"start":{"line":11,"column":8},"end":{"line":13,"column":null}},"5":{"start":{"line":12,"column":12},"end":{"line":12,"column":null}},"6":{"start":{"line":15,"column":8},"end":{"line":19,"column":null}},"7":{"start":{"line":16,"column":12},"end":{"line":16,"column":null}},"8":{"start":{"line":18,"column":12},"end":{"line":18,"column":null}},"9":{"start":{"line":22,"column":21},"end":{"line":22,"column":30}},"10":{"start":{"line":23,"column":8},"end":{"line":29,"column":null}},"11":{"start":{"line":24,"column":12},"end":{"line":28,"column":null}},"12":{"start":{"line":25,"column":16},"end":{"line":25,"column":null}},"13":{"start":{"line":27,"column":16},"end":{"line":27,"column":null}},"14":{"start":{"line":31,"column":28},"end":{"line":31,"column":82}},"15":{"start":{"line":33,"column":8},"end":{"line":33,"column":null}},"16":{"start":{"line":34,"column":23},"end":{"line":40,"column":9}},"17":{"start":{"line":43,"column":8},"end":{"line":46,"column":null}},"18":{"start":{"line":44,"column":12},"end":{"line":44,"column":null}},"19":{"start":{"line":45,"column":12},"end":{"line":45,"column":null}},"20":{"start":{"line":49,"column":23},"end":{"line":49,"column":48}},"21":{"start":{"line":50,"column":8},"end":{"line":50,"column":null}},"22":{"start":{"line":51,"column":8},"end":{"line":51,"column":null}},"23":{"start":{"line":54,"column":8},"end":{"line":54,"column":null}},"24":{"start":{"line":55,"column":8},"end":{"line":55,"column":null}}},"fnMap":{"0":{"name":"(anonymous_0)","decl":{"start":{"line":7,"column":17},"end":{"line":7,"column":22}},"loc":{"start":{"line":7,"column":37},"end":{"line":57,"column":1}},"line":7}},"branchMap":{"0":{"loc":{"start":{"line":11,"column":8},"end":{"line":13,"column":null}},"type":"if","locations":[{"start":{"line":11,"column":8},"end":{"line":13,"column":null}},{"start":{},"end":{}}],"line":11},"1":{"loc":{"start":{"line":23,"column":8},"end":{"line":29,"column":null}},"type":"if","locations":[{"start":{"line":23,"column":8},"end":{"line":29,"column":null}},{"start":{},"end":{}}],"line":23},"2":{"loc":{"start":{"line":23,"column":12},"end":{"line":23,"column":60}},"type":"binary-expr","locations":[{"start":{"line":23,"column":12},"end":{"line":23,"column":27}},{"start":{"line":23,"column":31},"end":{"line":23,"column":60}}],"line":23},"3":{"loc":{"start":{"line":31,"column":38},"end":{"line":31,"column":52}},"type":"binary-expr","locations":[{"start":{"line":31,"column":38},"end":{"line":31,"column":44}},{"start":{"line":31,"column":48},"end":{"line":31,"column":52}}],"line":31},"4":{"loc":{"start":{"line":31,"column":60},"end":{"line":31,"column":72}},"type":"binary-expr","locations":[{"start":{"line":31,"column":60},"end":{"line":31,"column":64}},{"start":{"line":31,"column":68},"end":{"line":31,"column":72}}],"line":31},"5":{"loc":{"start":{"line":33,"column":42},"end":{"line":33,"column":98}},"type":"cond-expr","locations":[{"start":{"line":33,"column":54},"end":{"line":33,"column":93}},{"start":{"line":33,"column":96},"end":{"line":33,"column":98}}],"line":33},"6":{"loc":{"start":{"line":35,"column":12},"end":{"line":35,"column":31}},"type":"binary-expr","locations":[{"start":{"line":35,"column":12},"end":{"line":35,"column":23}},{"start":{"line":35,"column":27},"end":{"line":35,"column":31}}],"line":35},"7":{"loc":{"start":{"line":37,"column":12},"end":{"line":37,"column":29}},"type":"binary-expr","locations":[{"start":{"line":37,"column":12},"end":{"line":37,"column":21}},{"start":{"line":37,"column":25},"end":{"line":37,"column":29}}],"line":37},"8":{"loc":{"start":{"line":39,"column":12},"end":{"line":39,"column":null}},"type":"binary-expr","locations":[{"start":{"line":39,"column":12},"end":{"line":39,"column":25}},{"start":{"line":39,"column":29},"end":{"line":39,"column":null}}],"line":39},"9":{"loc":{"start":{"line":43,"column":8},"end":{"line":46,"column":null}},"type":"if","locations":[{"start":{"line":43,"column":8},"end":{"line":46,"column":null}},{"start":{},"end":{}}],"line":43}},"s":{"0":1,"1":1,"2":11,"3":11,"4":11,"5":1,"6":10,"7":10,"8":2,"9":8,"10":8,"11":7,"12":7,"13":0,"14":8,"15":11,"16":11,"17":7,"18":2,"19":2,"20":5,"21":5,"22":5,"23":1,"24":1},"f":{"0":11},"b":{"0":[1,10],"1":[7,1],"2":[8,8],"3":[8,7],"4":[11,7],"5":[3,5],"6":[11,7],"7":[11,5],"8":[11,6],"9":[2,5]},"meta":{"lastBranch":10,"lastFunction":1,"lastStatement":25,"seen":{"s:5:15:5:31":0,"s:7:0:57:Infinity":1,"f:7:17:7:22":0,"s:8:4:56:Infinity":2,"s:9:96:9:104":3,"b:11:8:13:Infinity:undefined:undefined:undefined:undefined":0,"s:11:8:13:Infinity":4,"s:12:12:12:Infinity":5,"s:15:8:19:Infinity":6,"s:16:12:16:Infinity":7,"s:18:12:18:Infinity":8,"s:22:21:22:30":9,"b:23:8:29:Infinity:undefined:undefined:undefined:undefined":1,"s:23:8:29:Infinity":10,"b:23:12:23:27:23:31:23:60":2,"s:24:12:28:Infinity":11,"s:25:16:25:Infinity":12,"s:27:16:27:Infinity":13,"s:31:28:31:82":14,"b:31:38:31:44:31:48:31:52":3,"b:31:60:31:64:31:68:31:72":4,"s:33:8:33:Infinity":15,"b:33:54:33:93:33:96:33:98":5,"s:34:23:40:9":16,"b:35:12:35:23:35:27:35:31":6,"b:37:12:37:21:37:25:37:29":7,"b:39:12:39:25:39:29:39:Infinity":8,"b:43:8:46:Infinity:undefined:undefined:undefined:undefined":9,"s:43:8:46:Infinity":17,"s:44:12:44:Infinity":18,"s:45:12:45:Infinity":19,"s:49:23:49:48":20,"s:50:8:50:Infinity":21,"s:51:8:51:Infinity":22,"s:54:8:54:Infinity":23,"s:55:8:55:Infinity":24}}}
,"/home/maol/raindrop/server/routes/system.js": {"path":"/home/maol/raindrop/server/routes/system.js","statementMap":{"0":{"start":{"line":4,"column":15},"end":{"line":4,"column":31}},"1":{"start":{"line":11,"column":27},"end":{"line":31,"column":1}},"2":{"start":{"line":12,"column":23},"end":{"line":12,"column":62}},"3":{"start":{"line":13,"column":30},"end":{"line":13,"column":42}},"4":{"start":{"line":15,"column":30},"end":{"line":15,"column":65}},"5":{"start":{"line":16,"column":25},"end":{"line":16,"column":27}},"6":{"start":{"line":17,"column":4},"end":{"line":17,"column":null}},"7":{"start":{"line":17,"column":10},"end":{"line":17,"column":82}},"8":{"start":{"line":19,"column":4},"end":{"line":30,"column":null}},"9":{"start":{"line":33,"column":0},"end":{"line":41,"column":null}},"10":{"start":{"line":34,"column":4},"end":{"line":40,"column":null}},"11":{"start":{"line":35,"column":23},"end":{"line":35,"column":49}},"12":{"start":{"line":36,"column":8},"end":{"line":36,"column":null}},"13":{"start":{"line":38,"column":8},"end":{"line":38,"column":null}},"14":{"start":{"line":39,"column":8},"end":{"line":39,"column":null}},"15":{"start":{"line":43,"column":0},"end":{"line":94,"column":null}},"16":{"start":{"line":44,"column":4},"end":{"line":93,"column":null}},"17":{"start":{"line":59,"column":12},"end":{"line":59,"column":20}},"18":{"start":{"line":62,"column":27},"end":{"line":67,"column":9}},"19":{"start":{"line":63,"column":12},"end":{"line":66,"column":null}},"20":{"start":{"line":64,"column":16},"end":{"line":64,"column":null}},"21":{"start":{"line":65,"column":16},"end":{"line":65,"column":null}},"22":{"start":{"line":69,"column":25},"end":{"line":80,"column":9}},"23":{"start":{"line":83,"column":8},"end":{"line":83,"column":null}},"24":{"start":{"line":83,"column":45},"end":{"line":83,"column":null}},"25":{"start":{"line":84,"column":8},"end":{"line":84,"column":null}},"26":{"start":{"line":84,"column":51},"end":{"line":84,"column":null}},"27":{"start":{"line":85,"column":8},"end":{"line":85,"column":null}},"28":{"start":{"line":85,"column":43},"end":{"line":85,"column":null}},"29":{"start":{"line":87,"column":8},"end":{"line":87,"column":null}},"30":{"start":{"line":89,"column":8},"end":{"line":89,"column":null}},"31":{"start":{"line":91,"column":8},"end":{"line":91,"column":null}},"32":{"start":{"line":92,"column":8},"end":{"line":92,"column":null}}},"fnMap":{"0":{"name":"(anonymous_0)","decl":{"start":{"line":11,"column":27},"end":{"line":11,"column":32}},"loc":{"start":{"line":11,"column":39},"end":{"line":31,"column":1}},"line":11},"1":{"name":"(anonymous_1)","decl":{"start":{"line":33,"column":22},"end":{"line":33,"column":27}},"loc":{"start":{"line":33,"column":42},"end":{"line":41,"column":1}},"line":33},"2":{"name":"(anonymous_2)","decl":{"start":{"line":43,"column":26},"end":{"line":43,"column":31}},"loc":{"start":{"line":43,"column":46},"end":{"line":94,"column":1}},"line":43},"3":{"name":"(anonymous_3)","decl":{"start":{"line":62,"column":27},"end":{"line":62,"column":32}},"loc":{"start":{"line":62,"column":49},"end":{"line":67,"column":9}},"line":62}},"branchMap":{"0":{"loc":{"start":{"line":17,"column":27},"end":{"line":17,"column":81}},"type":"cond-expr","locations":[{"start":{"line":17,"column":47},"end":{"line":17,"column":76}},{"start":{"line":17,"column":79},"end":{"line":17,"column":81}}],"line":17},"1":{"loc":{"start":{"line":25,"column":26},"end":{"line":25,"column":42}},"type":"binary-expr","locations":[{"start":{"line":25,"column":26},"end":{"line":25,"column":36}},{"start":{"line":25,"column":40},"end":{"line":25,"column":42}}],"line":25},"2":{"loc":{"start":{"line":26,"column":25},"end":{"line":26,"column":67}},"type":"binary-expr","locations":[{"start":{"line":26,"column":25},"end":{"line":26,"column":61}},{"start":{"line":26,"column":65},"end":{"line":26,"column":67}}],"line":26},"3":{"loc":{"start":{"line":27,"column":21},"end":{"line":27,"column":59}},"type":"binary-expr","locations":[{"start":{"line":27,"column":21},"end":{"line":27,"column":53}},{"start":{"line":27,"column":57},"end":{"line":27,"column":59}}],"line":27},"4":{"loc":{"start":{"line":28,"column":27},"end":{"line":28,"column":71}},"type":"binary-expr","locations":[{"start":{"line":28,"column":27},"end":{"line":28,"column":65}},{"start":{"line":28,"column":69},"end":{"line":28,"column":71}}],"line":28},"5":{"loc":{"start":{"line":63,"column":12},"end":{"line":66,"column":null}},"type":"if","locations":[{"start":{"line":63,"column":12},"end":{"line":66,"column":null}},{"start":{},"end":{}}],"line":63},"6":{"loc":{"start":{"line":63,"column":16},"end":{"line":63,"column":44}},"type":"binary-expr","locations":[{"start":{"line":63,"column":16},"end":{"line":63,"column":21}},{"start":{"line":63,"column":25},"end":{"line":63,"column":44}}],"line":63},"7":{"loc":{"start":{"line":83,"column":8},"end":{"line":83,"column":null}},"type":"if","locations":[{"start":{"line":83,"column":8},"end":{"line":83,"column":null}},{"start":{},"end":{}}],"line":83},"8":{"loc":{"start":{"line":84,"column":8},"end":{"line":84,"column":null}},"type":"if","locations":[{"start":{"line":84,"column":8},"end":{"line":84,"column":null}},{"start":{},"end":{}}],"line":84},"9":{"loc":{"start":{"line":85,"column":8},"end":{"line":85,"column":null}},"type":"if","locations":[{"start":{"line":85,"column":8},"end":{"line":85,"column":null}},{"start":{},"end":{}}],"line":85}},"s":{"0":1,"1":1,"2":15,"3":15,"4":15,"5":15,"6":15,"7":15,"8":15,"9":1,"10":15,"11":15,"12":15,"13":0,"14":0,"15":1,"16":6,"17":6,"18":6,"19":60,"20":8,"21":8,"22":6,"23":6,"24":2,"25":6,"26":1,"27":6,"28":1,"29":6,"30":6,"31":0,"32":0},"f":{"0":15,"1":15,"2":6,"3":60},"b":{"0":[2,13],"1":[15,13],"2":[15,15],"3":[15,13],"4":[15,13],"5":[8,52],"6":[60,9],"7":[2,4],"8":[1,5],"9":[1,5]},"meta":{"lastBranch":10,"lastFunction":4,"lastStatement":33,"seen":{"s:4:15:4:31":0,"s:11:27:31:1":1,"f:11:27:11:32":0,"s:12:23:12:62":2,"s:13:30:13:42":3,"s:15:30:15:65":4,"s:16:25:16:27":5,"s:17:4:17:Infinity":6,"s:17:10:17:82":7,"b:17:47:17:76:17:79:17:81":0,"s:19:4:30:Infinity":8,"b:25:26:25:36:25:40:25:42":1,"b:26:25:26:61:26:65:26:67":2,"b:27:21:27:53:27:57:27:59":3,"b:28:27:28:65:28:69:28:71":4,"s:33:0:41:Infinity":9,"f:33:22:33:27":1,"s:34:4:40:Infinity":10,"s:35:23:35:49":11,"s:36:8:36:Infinity":12,"s:38:8:38:Infinity":13,"s:39:8:39:Infinity":14,"s:43:0:94:Infinity":15,"f:43:26:43:31":2,"s:44:4:93:Infinity":16,"s:59:12:59:20":17,"s:62:27:67:9":18,"f:62:27:62:32":3,"b:63:12:66:Infinity:undefined:undefined:undefined:undefined":5,"s:63:12:66:Infinity":19,"b:63:16:63:21:63:25:63:44":6,"s:64:16:64:Infinity":20,"s:65:16:65:Infinity":21,"s:69:25:80:9":22,"b:83:8:83:Infinity:undefined:undefined:undefined:undefined":7,"s:83:8:83:Infinity":23,"s:83:45:83:Infinity":24,"b:84:8:84:Infinity:undefined:undefined:undefined:undefined":8,"s:84:8:84:Infinity":25,"s:84:51:84:Infinity":26,"b:85:8:85:Infinity:undefined:undefined:undefined:undefined":9,"s:85:8:85:Infinity":27,"s:85:43:85:Infinity":28,"s:87:8:87:Infinity":29,"s:89:8:89:Infinity":30,"s:91:8:91:Infinity":31,"s:92:8:92:Infinity":32}}}
,"/home/maol/raindrop/server/routes/venice.js": {"path":"/home/maol/raindrop/server/routes/venice.js","statementMap":{"0":{"start":{"line":6,"column":15},"end":{"line":6,"column":31}},"1":{"start":{"line":8,"column":0},"end":{"line":29,"column":null}},"2":{"start":{"line":9,"column":4},"end":{"line":28,"column":null}},"3":{"start":{"line":10,"column":23},"end":{"line":10,"column":56}},"4":{"start":{"line":11,"column":8},"end":{"line":13,"column":null}},"5":{"start":{"line":12,"column":12},"end":{"line":12,"column":null}},"6":{"start":{"line":15,"column":25},"end":{"line":19,"column":10}},"7":{"start":{"line":23,"column":23},"end":{"line":23,"column":58}},"8":{"start":{"line":24,"column":8},"end":{"line":24,"column":null}},"9":{"start":{"line":26,"column":8},"end":{"line":26,"column":null}},"10":{"start":{"line":27,"column":8},"end":{"line":27,"column":null}},"11":{"start":{"line":31,"column":0},"end":{"line":214,"column":null}},"12":{"start":{"line":32,"column":4},"end":{"line":213,"column":null}},"13":{"start":{"line":33,"column":23},"end":{"line":33,"column":56}},"14":{"start":{"line":34,"column":8},"end":{"line":36,"column":null}},"15":{"start":{"line":35,"column":12},"end":{"line":35,"column":null}},"16":{"start":{"line":38,"column":62},"end":{"line":38,"column":70}},"17":{"start":{"line":40,"column":8},"end":{"line":42,"column":null}},"18":{"start":{"line":41,"column":12},"end":{"line":41,"column":null}},"19":{"start":{"line":46,"column":23},"end":{"line":48,"column":17}},"20":{"start":{"line":50,"column":27},"end":{"line":50,"column":49}},"21":{"start":{"line":52,"column":27},"end":{"line":52,"column":29}},"22":{"start":{"line":54,"column":8},"end":{"line":97,"column":null}},"23":{"start":{"line":55,"column":12},"end":{"line":60,"column":null}},"24":{"start":{"line":62,"column":12},"end":{"line":96,"column":null}},"25":{"start":{"line":99,"column":27},"end":{"line":112,"column":1}},"26":{"start":{"line":114,"column":25},"end":{"line":117,"column":9}},"27":{"start":{"line":120,"column":30},"end":{"line":126,"column":9}},"28":{"start":{"line":130,"column":27},"end":{"line":142,"column":9}},"29":{"start":{"line":131,"column":32},"end":{"line":131,"column":92}},"30":{"start":{"line":133,"column":12},"end":{"line":140,"column":null}},"31":{"start":{"line":134,"column":16},"end":{"line":135,"column":null}},"32":{"start":{"line":137,"column":16},"end":{"line":137,"column":null}},"33":{"start":{"line":137,"column":50},"end":{"line":137,"column":null}},"34":{"start":{"line":138,"column":16},"end":{"line":138,"column":null}},"35":{"start":{"line":139,"column":16},"end":{"line":139,"column":null}},"36":{"start":{"line":141,"column":12},"end":{"line":141,"column":null}},"37":{"start":{"line":144,"column":29},"end":{"line":152,"column":9}},"38":{"start":{"line":145,"column":12},"end":{"line":151,"column":null}},"39":{"start":{"line":146,"column":16},"end":{"line":146,"column":null}},"40":{"start":{"line":148,"column":34},"end":{"line":148,"column":89}},"41":{"start":{"line":149,"column":16},"end":{"line":149,"column":null}},"42":{"start":{"line":149,"column":31},"end":{"line":149,"column":null}},"43":{"start":{"line":150,"column":16},"end":{"line":150,"column":null}},"44":{"start":{"line":154,"column":8},"end":{"line":154,"column":null}},"45":{"start":{"line":155,"column":8},"end":{"line":155,"column":null}},"46":{"start":{"line":156,"column":8},"end":{"line":156,"column":null}},"47":{"start":{"line":157,"column":8},"end":{"line":157,"column":null}},"48":{"start":{"line":158,"column":8},"end":{"line":158,"column":null}},"49":{"start":{"line":159,"column":8},"end":{"line":159,"column":null}},"50":{"start":{"line":161,"column":25},"end":{"line":161,"column":51}},"51":{"start":{"line":162,"column":8},"end":{"line":162,"column":null}},"52":{"start":{"line":163,"column":21},"end":{"line":163,"column":45}},"53":{"start":{"line":166,"column":8},"end":{"line":190,"column":null}},"54":{"start":{"line":167,"column":29},"end":{"line":169,"column":44}},"55":{"start":{"line":168,"column":32},"end":{"line":168,"column":71}},"56":{"start":{"line":169,"column":29},"end":{"line":169,"column":43}},"57":{"start":{"line":170,"column":12},"end":{"line":189,"column":null}},"58":{"start":{"line":171,"column":16},"end":{"line":171,"column":null}},"59":{"start":{"line":171,"column":100},"end":{"line":171,"column":124}},"60":{"start":{"line":172,"column":35},"end":{"line":172,"column":364}},"61":{"start":{"line":172,"column":68},"end":{"line":172,"column":75}},"62":{"start":{"line":172,"column":164},"end":{"line":172,"column":169}},"63":{"start":{"line":173,"column":16},"end":{"line":188,"column":null}},"64":{"start":{"line":174,"column":37},"end":{"line":178,"column":22}},"65":{"start":{"line":179,"column":20},"end":{"line":179,"column":null}},"66":{"start":{"line":180,"column":40},"end":{"line":180,"column":62}},"67":{"start":{"line":181,"column":20},"end":{"line":185,"column":null}},"68":{"start":{"line":182,"column":24},"end":{"line":182,"column":null}},"69":{"start":{"line":183,"column":42},"end":{"line":183,"column":104}},"70":{"start":{"line":183,"column":71},"end":{"line":183,"column":96}},"71":{"start":{"line":184,"column":24},"end":{"line":184,"column":null}},"72":{"start":{"line":184,"column":43},"end":{"line":184,"column":null}},"73":{"start":{"line":187,"column":20},"end":{"line":187,"column":null}},"74":{"start":{"line":192,"column":8},"end":{"line":209,"column":null}},"75":{"start":{"line":193,"column":12},"end":{"line":193,"column":null}},"76":{"start":{"line":196,"column":12},"end":{"line":200,"column":null}},"77":{"start":{"line":198,"column":48},"end":{"line":198,"column":69}},"78":{"start":{"line":199,"column":16},"end":{"line":199,"column":null}},"79":{"start":{"line":201,"column":31},"end":{"line":203,"column":22}},"80":{"start":{"line":201,"column":38},"end":{"line":203,"column":22}},"81":{"start":{"line":204,"column":12},"end":{"line":208,"column":null}},"82":{"start":{"line":211,"column":8},"end":{"line":211,"column":null}},"83":{"start":{"line":212,"column":8},"end":{"line":212,"column":null}},"84":{"start":{"line":216,"column":0},"end":{"line":259,"column":null}},"85":{"start":{"line":217,"column":4},"end":{"line":258,"column":null}},"86":{"start":{"line":218,"column":23},"end":{"line":218,"column":56}},"87":{"start":{"line":219,"column":8},"end":{"line":221,"column":null}},"88":{"start":{"line":220,"column":12},"end":{"line":220,"column":null}},"89":{"start":{"line":223,"column":27},"end":{"line":223,"column":35}},"90":{"start":{"line":225,"column":8},"end":{"line":227,"column":null}},"91":{"start":{"line":226,"column":12},"end":{"line":226,"column":null}},"92":{"start":{"line":229,"column":8},"end":{"line":229,"column":null}},"93":{"start":{"line":231,"column":25},"end":{"line":245,"column":10}},"94":{"start":{"line":247,"column":23},"end":{"line":247,"column":44}},"95":{"start":{"line":248,"column":20},"end":{"line":248,"column":60}},"96":{"start":{"line":249,"column":8},"end":{"line":251,"column":null}},"97":{"start":{"line":250,"column":12},"end":{"line":250,"column":null}},"98":{"start":{"line":253,"column":8},"end":{"line":253,"column":null}},"99":{"start":{"line":254,"column":8},"end":{"line":254,"column":null}},"100":{"start":{"line":256,"column":8},"end":{"line":256,"column":null}},"101":{"start":{"line":257,"column":8},"end":{"line":257,"column":null}}},"fnMap":{"0":{"name":"(anonymous_0)","decl":{"start":{"line":8,"column":20},"end":{"line":8,"column":25}},"loc":{"start":{"line":8,"column":40},"end":{"line":29,"column":1}},"line":8},"1":{"name":"(anonymous_1)","decl":{"start":{"line":31,"column":25},"end":{"line":31,"column":30}},"loc":{"start":{"line":31,"column":45},"end":{"line":214,"column":1}},"line":31},"2":{"name":"(anonymous_2)","decl":{"start":{"line":130,"column":27},"end":{"line":130,"column":32}},"loc":{"start":{"line":130,"column":43},"end":{"line":142,"column":9}},"line":130},"3":{"name":"(anonymous_3)","decl":{"start":{"line":144,"column":29},"end":{"line":144,"column":30}},"loc":{"start":{"line":144,"column":45},"end":{"line":152,"column":9}},"line":144},"4":{"name":"(anonymous_4)","decl":{"start":{"line":168,"column":21},"end":{"line":168,"column":22}},"loc":{"start":{"line":168,"column":32},"end":{"line":168,"column":71}},"line":168},"5":{"name":"(anonymous_5)","decl":{"start":{"line":169,"column":24},"end":{"line":169,"column":25}},"loc":{"start":{"line":169,"column":29},"end":{"line":169,"column":43}},"line":169},"6":{"name":"(anonymous_6)","decl":{"start":{"line":171,"column":95},"end":{"line":171,"column":96}},"loc":{"start":{"line":171,"column":100},"end":{"line":171,"column":124}},"line":171},"7":{"name":"(anonymous_7)","decl":{"start":{"line":172,"column":63},"end":{"line":172,"column":64}},"loc":{"start":{"line":172,"column":68},"end":{"line":172,"column":75}},"line":172},"8":{"name":"(anonymous_8)","decl":{"start":{"line":172,"column":159},"end":{"line":172,"column":160}},"loc":{"start":{"line":172,"column":164},"end":{"line":172,"column":169}},"line":172},"9":{"name":"(anonymous_9)","decl":{"start":{"line":183,"column":66},"end":{"line":183,"column":67}},"loc":{"start":{"line":183,"column":71},"end":{"line":183,"column":96}},"line":183},"10":{"name":"(anonymous_10)","decl":{"start":{"line":198,"column":43},"end":{"line":198,"column":44}},"loc":{"start":{"line":198,"column":48},"end":{"line":198,"column":69}},"line":198},"11":{"name":"(anonymous_
[...]
1:12:254:Infinity:undefined:undefined:undefined:undefined":22,"s:221:12:254:Infinity":94,"b:221:16:221:37:221:37:221:56":23,"s:222:41:228:Infinity":95,"b:224:26:224:Infinity:225:26:225:Infinity":24,"s:230:16:253:Infinity":96,"b:231:20:231:Infinity:undefined:undefined:undefined:undefined":25,"s:231:20:231:Infinity":97,"s:231:42:231:Infinity":98,"b:234:20:237:Infinity:undefined:undefined:undefined:undefined":26,"s:234:20:237:Infinity":99,"s:235:24:235:Infinity":100,"s:236:24:236:Infinity":101,"s:238:20:252:Infinity":102,"s:239:24:239:Infinity":103,"s:240:24:240:Infinity":104,"b:241:24:245:Infinity:undefined:undefined:undefined:undefined":27,"s:241:24:245:Infinity":105,"s:242:28:242:Infinity":106,"f:242:46:242:57":18,"s:242:57:242:82":107,"s:243:28:243:Infinity":108,"s:244:28:244:Infinity":109,"s:246:24:246:Infinity":110,"b:247:24:249:Infinity:undefined:undefined:undefined:undefined":28,"s:247:24:249:Infinity":111,"s:248:28:248:Infinity":112,"s:251:24:251:Infinity":113,"s:258:30:258:Infinity":114,"s:259:27:259:Infinity":115,"f:259:47:259:53":19,"s:259:53:259:90":116,"s:260:21:260:Infinity":117,"s:263:25:263:Infinity":118,"s:264:8:286:Infinity":119,"f:264:28:264:29":20,"s:265:24:265:Infinity":120,"s:266:12:266:Infinity":121,"s:267:12:267:Infinity":122,"s:269:12:284:Infinity":123,"b:271:37:271:55:271:55:271:68":29,"s:285:12:285:Infinity":124,"s:293:31:293:Infinity":125,"b:294:8:302:Infinity:undefined:undefined:undefined:undefined":30,"s:294:8:302:Infinity":126,"s:295:12:301:Infinity":127,"s:304:33:312:Infinity":128,"s:313:8:313:Infinity":129,"s:315:8:315:Infinity":130,"s:316:8:316:Infinity":131,"b:318:8:318:Infinity:undefined:undefined:undefined:undefined":31,"s:318:8:318:Infinity":132,"s:318:18:318:Infinity":133,"f:318:43:318:49":21,"s:319:8:319:Infinity":134,"f:327:15:327:29":22,"s:328:4:503:Infinity":135,"s:330:8:385:Infinity":136,"f:330:28:330:34":23,"s:331:35:355:Infinity":137,"s:357:12:360:Infinity":138,"s:358:27:358:Infinity":139,"b:359:16:359:Infinity:undefined:undefined:undefined:undefined":32,"s:359:16:359:Infinity":140,"b:359:20:359:26:359:26:359:52":33,"s:359:54:359:66":141,"s:359:66:359:74":142,"s:363:35:375:Infinity":143,"s:377:31:377:Infinity":144,"s:378:12:384:Infinity":145,"s:379:22:379:Infinity":146,"b:379:31:379:50:379:50:379:84:379:84:379:88":34,"b:380:16:383:Infinity:undefined:undefined:undefined:undefined":35,"s:380:16:383:Infinity":147,"b:380:20:380:63:380:63:380:90":36,"f:380:40:380:45":24,"s:380:45:380:58":148,"s:381:20:381:Infinity":149,"s:382:20:382:Infinity":150,"s:388:8:388:Infinity":151,"f:388:26:388:31":25,"s:388:31:388:49":152,"s:395:8:451:Infinity":153,"s:397:12:400:Infinity":154,"f:397:32:397:38":26,"s:398:16:398:Infinity":155,"b:398:22:398:74:undefined:undefined:undefined:undefined":37,"s:398:22:398:74":156,"s:398:40:398:74":157,"s:399:16:399:Infinity":158,"b:399:22:399:78:undefined:undefined:undefined:undefined":38,"s:399:22:399:78":159,"s:399:42:399:78":160,"f:400:21:400:27":27,"s:405:36:434:Infinity":161,"f:405:56:405:62":28,"s:406:34:410:Infinity":162,"s:411:30:413:Infinity":163,"s:414:30:414:Infinity":164,"s:415:16:420:Infinity":165,"b:416:20:419:Infinity:undefined:undefined:undefined:undefined":39,"s:416:20:419:Infinity":166,"b:416:24:416:41:416:41:416:62":40,"s:417:24:417:Infinity":167,"b:418:24:418:Infinity:undefined:undefined:undefined:undefined":41,"s:418:24:418:Infinity":168,"s:418:45:418:Infinity":169,"s:421:16:432:Infinity":170,"b:422:20:422:Infinity:undefined:undefined:undefined:undefined":42,"s:422:20:422:Infinity":171,"s:422:42:422:Infinity":172,"s:423:20:431:Infinity":173,"s:424:36:424:Infinity":174,"b:425:24:430:Infinity:undefined:undefined:undefined:undefined":43,"s:425:24:430:Infinity":175,"s:427:28:427:Infinity":176,"s:428:38:428:Infinity":177,"s:429:28:429:Infinity":178,"s:433:16:433:Infinity":179,"b:436:12:448:Infinity:undefined:undefined:undefined:undefined":44,"s:436:12:448:Infinity":180,"s:437:16:437:Infinity":181,"s:439:35:439:Infinity":182,"f:439:115:439:121":29,"s:440:16:440:Infinity":183,"s:441:16:441:Infinity":184,"s:443:16:446:Infinity":185,"f:444:20:444:27":30,"s:444:20:444:Infinity":186,"b:444:27:444:54:444:54:444:58":45,"f:446:24:446:30":31,"s:447:16:447:Infinity":187,"f:447:34:447:39":32,"s:447:39:447:58":188,"s:453:8:453:Infinity":189,"f:453:26:453:31":33,"s:453:31:453:49":190,"s:456:8:500:Infinity":191,"f:456:28:456:34":34,"s:458:36:468:Infinity":192,"s:469:12:473:Infinity":193,"s:470:16:472:Infinity":194,"f:470:55:470:61":35,"s:471:20:471:Infinity":195,"s:480:29:480:Infinity":196,"s:481:38:486:Infinity":197,"s:487:35:487:Infinity":198,"s:488:20:488:Infinity":199,"s:489:12:499:Infinity":200,"b:490:16:490:Infinity:undefined:undefined:undefined:undefined":46,"s:490:16:490:Infinity":201,"s:490:42:490:Infinity":202,"s:491:30:491:Infinity":203,"s:492:31:492:Infinity":204,"b:492:31:492:57:492:57:492:Infinity":47,"b:493:16:498:Infinity:undefined:undefined:undefined:undefined":48,"s:493:16:498:Infinity":205,"b:493:20:493:37:493:37:493:67:493:67:493:97":49,"s:494:33:494:Infinity":206,"b:495:20:497:Infinity:undefined:undefined:undefined:undefined":50,"s:495:20:497:Infinity":207,"s:496:24:496:Infinity":208,"s:502:8:502:Infinity":209,"f:510:15:510:35":36,"s:511:4:524:Infinity":210,"f:511:24:511:30":37,"s:512:26:518:Infinity":211,"s:519:8:523:Infinity":212,"s:520:12:522:Infinity":213,"f:520:51:520:57":38,"s:521:16:521:Infinity":214,"f:524:13:524:19":39,"s:531:23:535:Infinity":215,"f:531:23:531:24":40,"b:532:4:532:Infinity:undefined:undefined:undefined:undefined":51,"s:532:4:532:Infinity":216,"s:532:31:532:Infinity":217,"s:533:14:533:Infinity":218,"s:534:4:534:Infinity":219,"b:534:43:534:48:534:48:534:Infinity":52,"f:546:9:546:30":41,"s:547:20:547:Infinity":220,"s:548:16:548:Infinity":221,"b:549:4:552:Infinity:undefined:undefined:undefined:undefined":53,"s:549:4:552:Infinity":222,"s:550:18:550:Infinity":223,"s:551:8:551:Infinity":224,"b:551:36:551:43:551:43:551:Infinity":54,"s:553:19:553:Infinity":225,"s:554:14:556:Infinity":226,"b:555:10:555:Infinity:556:10:556:Infinity":55,"s:557:4:557:Infinity":227,"b:557:32:557:39:557:39:557:Infinity":56,"f:564:9:564:27":42,"s:565:4:565:Infinity":228,"s:566:4:566:Infinity":229,"s:567:4:567:Infinity":230,"s:568:18:568:Infinity":231,"b:570:4:570:Infinity:undefined:undefined:undefined:undefined":57,"s:570:4:570:Infinity":232,"s:570:16:570:Infinity":233,"b:572:4:579:Infinity:undefined:undefined:undefined:undefined":58,"s:572:4:579:Infinity":234,"s:573:18:573:Infinity":235,"b:574:8:577:Infinity:undefined:undefined:undefined:undefined":59,"s:574:8:577:Infinity":236,"s:575:26:575:Infinity":237,"s:576:12:576:Infinity":238,"b:581:4:581:Infinity:undefined:undefined:undefined:undefined":60,"s:581:4:581:Infinity":239,"s:581:16:581:Infinity":240,"s:583:4:583:Infinity":241,"f:596:16:596:28":43,"s:597:22:597:Infinity":242,"b:599:4:616:Infinity:undefined:undefined:undefined:undefined":61,"s:599:4:616:Infinity":243,"b:599:8:599:29:599:29:599:47":62,"s:600:24:600:Infinity":244,"s:603:18:603:Infinity":245,"s:604:21:604:Infinity":246,"s:606:26:606:Infinity":247,"s:607:23:607:Infinity":248,"s:609:16:609:Infinity":249,"b:610:8:610:Infinity:undefined:undefined:undefined:undefined":63,"s:610:8:610:Infinity":250,"s:610:19:610:Infinity":251,"s:612:28:612:Infinity":252,"b:613:8:613:Infinity:undefined:undefined:undefined:undefined":64,"s:613:8:613:Infinity":253,"s:613:42:613:Infinity":254,"s:615:8:615:Infinity":255,"s:619:17:619:Infinity":256,"s:620:4:620:Infinity":257}}}
,"/home/maol/raindrop/server/services/shutdown.js": {"path":"/home/maol/raindrop/server/services/shutdown.js","statementMap":{"0":{"start":{"line":6,"column":23},"end":{"line":6,"column":28}},"1":{"start":{"line":8,"column":20},"end":{"line":27,"column":5}},"2":{"start":{"line":9,"column":8},"end":{"line":9,"column":null}},"3":{"start":{"line":9,"column":26},"end":{"line":9,"column":null}},"4":{"start":{"line":10,"column":8},"end":{"line":10,"column":null}},"5":{"start":{"line":11,"column":8},"end":{"line":11,"column":null}},"6":{"start":{"line":13,"column":8},"end":{"line":17,"column":null}},"7":{"start":{"line":14,"column":12},"end":{"line":14,"column":null}},"8":{"start":{"line":16,"column":12},"end":{"line":16,"column":null}},"9":{"start":{"line":20,"column":27},"end":{"line":20,"column":59}},"10":{"start":{"line":20,"column":44},"end":{"line":20,"column":51}},"11":{"start":{"line":21,"column":8},"end":{"line":21,"column":null}},"12":{"start":{"line":23,"column":8},"end":{"line":26,"column":null}},"13":{"start":{"line":24,"column":12},"end":{"line":24,"column":null}},"14":{"start":{"line":25,"column":12},"end":{"line":25,"column":null}},"15":{"start":{"line":29,"column":4},"end":{"line":29,"column":null}},"16":{"start":{"line":30,"column":4},"end":{"line":30,"column":null}},"17":{"start":{"line":31,"column":4},"end":{"line":31,"column":null}}},"fnMap":{"0":{"name":"registerGracefulShutdown","decl":{"start":{"line":5,"column":16},"end":{"line":5,"column":40}},"loc":{"start":{"line":5,"column":88},"end":{"line":32,"column":null}},"line":5},"1":{"name":"(anonymous_1)","decl":{"start":{"line":8,"column":20},"end":{"line":8,"column":25}},"loc":{"start":{"line":8,"column":38},"end":{"line":27,"column":5}},"line":8},"2":{"name":"(anonymous_2)","decl":{"start":{"line":20,"column":38},"end":{"line":20,"column":39}},"loc":{"start":{"line":20,"column":44},"end":{"line":20,"column":51}},"line":20},"3":{"name":"(anonymous_3)","decl":{"start":{"line":23,"column":21},"end":{"line":23,"column":22}},"loc":{"start":{"line":23,"column":27},"end":{"line":26,"column":9}},"line":23}},"branchMap":{"0":{"loc":{"start":{"line":5,"column":65},"end":{"line":5,"column":84}},"type":"default-arg","locations":[{"start":{"line":5,"column":72},"end":{"line":5,"column":84}}],"line":5},"1":{"loc":{"start":{"line":9,"column":8},"end":{"line":9,"column":null}},"type":"if","locations":[{"start":{"line":9,"column":8},"end":{"line":9,"column":null}},{"start":{},"end":{}}],"line":9}},"s":{"0":4,"1":4,"2":4,"3":1,"4":3,"5":3,"6":3,"7":3,"8":1,"9":3,"10":0,"11":3,"12":4,"13":3,"14":3,"15":4,"16":4,"17":4},"f":{"0":4,"1":4,"2":0,"3":3},"b":{"0":[4],"1":[1,3]},"meta":{"lastBranch":2,"lastFunction":4,"lastStatement":18,"seen":{"f:5:16:5:40":0,"b:5:72:5:84":0,"s:6:23:6:28":0,"s:8:20:27:5":1,"f:8:20:8:25":1,"b:9:8:9:Infinity:undefined:undefined:undefined:undefined":1,"s:9:8:9:Infinity":2,"s:9:26:9:Infinity":3,"s:10:8:10:Infinity":4,"s:11:8:11:Infinity":5,"s:13:8:17:Infinity":6,"s:14:12:14:Infinity":7,"s:16:12:16:Infinity":8,"s:20:27:20:59":9,"f:20:38:20:39":2,"s:20:44:20:51":10,"s:21:8:21:Infinity":11,"s:23:8:26:Infinity":12,"f:23:21:23:22":3,"s:24:12:24:Infinity":13,"s:25:12:25:Infinity":14,"s:29:4:29:Infinity":15,"s:30:4:30:Infinity":16,"s:31:4:31:Infinity":17}}}
,"/home/maol/raindrop/server/services/urlGuard.js": {"path":"/home/maol/raindrop/server/services/urlGuard.js","statementMap":{"0":{"start":{"line":14,"column":26},"end":{"line":24,"column":1}},"1":{"start":{"line":26,"column":20},"end":{"line":26,"column":67}},"2":{"start":{"line":26,"column":28},"end":{"line":26,"column":67}},"3":{"start":{"line":26,"column":56},"end":{"line":26,"column":66}},"4":{"start":{"line":29,"column":4},"end":{"line":29,"column":null}},"5":{"start":{"line":29,"column":24},"end":{"line":29,"column":null}},"6":{"start":{"line":30,"column":4},"end":{"line":38,"column":null}},"7":{"start":{"line":31,"column":22},"end":{"line":31,"column":38}},"8":{"start":{"line":32,"column":8},"end":{"line":32,"column":59}},"9":{"start":{"line":32,"column":47},"end":{"line":32,"column":59}},"10":{"start":{"line":33,"column":8},"end":{"line":33,"column":46}},"11":{"start":{"line":33,"column":34},"end":{"line":33,"column":46}},"12":{"start":{"line":34,"column":8},"end":{"line":34,"column":49}},"13":{"start":{"line":34,"column":37},"end":{"line":34,"column":49}},"14":{"start":{"line":35,"column":25},"end":{"line":35,"column":69}},"15":{"start":{"line":36,"column":8},"end":{"line":36,"column":null}},"16":{"start":{"line":36,"column":22},"end":{"line":36,"column":null}},"17":{"start":{"line":37,"column":8},"end":{"line":37,"column":null}},"18":{"start":{"line":40,"column":4},"end":{"line":40,"column":null}},"19":{"start":{"line":43,"column":26},"end":{"line":43,"column":73}},"20":{"start":{"line":51,"column":4},"end":{"line":55,"column":null}},"21":{"start":{"line":52,"column":8},"end":{"line":52,"column":null}},"22":{"start":{"line":54,"column":8},"end":{"line":54,"column":null}},"23":{"start":{"line":57,"column":4},"end":{"line":59,"column":null}},"24":{"start":{"line":58,"column":8},"end":{"line":58,"column":null}},"25":{"start":{"line":61,"column":21},"end":{"line":61,"column":57}},"26":{"start":{"line":63,"column":4},"end":{"line":65,"column":null}},"27":{"start":{"line":64,"column":8},"end":{"line":64,"column":null}},"28":{"start":{"line":68,"column":4},"end":{"line":71,"column":null}},"29":{"start":{"line":69,"column":8},"end":{"line":69,"column":null}},"30":{"start":{"line":69,"column":40},"end":{"line":69,"column":null}},"31":{"start":{"line":70,"column":8},"end":{"line":70,"column":null}},"32":{"start":{"line":74,"column":4},"end":{"line":78,"column":null}},"33":{"start":{"line":75,"column":8},"end":{"line":75,"column":null}},"34":{"start":{"line":77,"column":8},"end":{"line":77,"column":null}},"35":{"start":{"line":80,"column":4},"end":{"line":82,"column":null}},"36":{"start":{"line":80,"column":49},"end":{"line":80,"column":76}},"37":{"start":{"line":81,"column":8},"end":{"line":81,"column":null}},"38":{"start":{"line":84,"column":4},"end":{"line":84,"column":null}}},"fnMap":{"0":{"name":"(anonymous_0)","decl":{"start":{"line":26,"column":20},"end":{"line":26,"column":21}},"loc":{"start":{"line":26,"column":28},"end":{"line":26,"column":67}},"line":26},"1":{"name":"(anonymous_1)","decl":{"start":{"line":26,"column":51},"end":{"line":26,"column":52}},"loc":{"start":{"line":26,"column":56},"end":{"line":26,"column":66}},"line":26},"2":{"name":"isPrivateAddress","decl":{"start":{"line":28,"column":16},"end":{"line":28,"column":32}},"loc":{"start":{"line":28,"column":37},"end":{"line":41,"column":null}},"line":28},"3":{"name":"assertPublicHttpUrl","decl":{"start":{"line":49,"column":22},"end":{"line":49,"column":41}},"loc":{"start":{"line":49,"column":53},"end":{"line":85,"column":null}},"line":49},"4":{"name":"(anonymous_4)","decl":{"start":{"line":80,"column":44},"end":{"line":80,"column":45}},"loc":{"start":{"line":80,"column":49},"end":{"line":80,"column":76}},"line":80}},"branchMap":{"0":{"loc":{"start":{"line":29,"column":4},"end":{"line":29,"column":null}},"type":"if","locations":[{"start":{"line":29,"column":4},"end":{"line":29,"column":null}},{"start":{},"end":{}}],"line":29},"1":{"loc":{"start":{"line":30,"column":4},"end":{"line":38,"column":null}},"type":"if","locations":[{"start":{"line":30,"column":4},"end":{"line":38,"column":null}},{"start":{},"end":{}}],"line":30},"2":{"loc":{"start":{"line":32,"column":8},"end":{"line":32,"column":59}},"type":"if","locations":[{"start":{"line":32,"column":8},"end":{"line":32,"column":59}},{"start":{},"end":{}}],"line":32},"3":{"loc":{"start":{"line":32,"column":12},"end":{"line":32,"column":45}},"type":"binary-expr","locations":[{"start":{"line":32,"column":12},"end":{"line":32,"column":26}},{"start":{"line":32,"column":30},"end":{"line":32,"column":45}}],"line":32},"4":{"loc":{"start":{"line":33,"column":8},"end":{"line":33,"column":46}},"type":"if","locations":[{"start":{"line":33,"column":8},"end":{"line":33,"column":46}},{"start":{},"end":{}}],"line":33},"5":{"loc":{"start":{"line":34,"column":8},"end":{"line":34,"column":49}},"type":"if","locations":[{"start":{"line":34,"column":8},"end":{"line":34,"column":49}},{"start":{},"end":{}}],"line":34},"6":{"loc":{"start":{"line":36,"column":8},"end":{"line":36,"column":null}},"type":"if","locations":[{"start":{"line":36,"column":8},"end":{"line":36,"column":null}},{"start":{},"end":{}}],"line":36},"7":{"loc":{"start":{"line":57,"column":4},"end":{"line":59,"column":null}},"type":"if","locations":[{"start":{"line":57,"column":4},"end":{"line":59,"column":null}},{"start":{},"end":{}}],"line":57},"8":{"loc":{"start":{"line":57,"column":8},"end":{"line":57,"column":61}},"type":"binary-expr","locations":[{"start":{"line":57,"column":8},"end":{"line":57,"column":32}},{"start":{"line":57,"column":36},"end":{"line":57,"column":61}}],"line":57},"9":{"loc":{"start":{"line":63,"column":4},"end":{"line":65,"column":null}},"type":"if","locations":[{"start":{"line":63,"column":4},"end":{"line":65,"column":null}},{"start":{},"end":{}}],"line":63},"10":{"loc":{"start":{"line":63,"column":8},"end":{"line":63,"column":102}},"type":"binary-expr","locations":[{"start":{"line":63,"column":8},"end":{"line":63,"column":53}},{"start":{"line":63,"column":57},"end":{"line":63,"column":102}}],"line":63},"11":{"loc":{"start":{"line":68,"column":4},"end":{"line":71,"column":null}},"type":"if","locations":[{"start":{"line":68,"column":4},"end":{"line":71,"column":null}},{"start":{},"end":{}}],"line":68},"12":{"loc":{"start":{"line":69,"column":8},"end":{"line":69,"column":null}},"type":"if","locations":[{"start":{"line":69,"column":8},"end":{"line":69,"column":null}},{"start":{},"end":{}}],"line":69},"13":{"loc":{"start":{"line":80,"column":4},"end":{"line":82,"column":null}},"type":"if","locations":[{"start":{"line":80,"column":4},"end":{"line":82,"column":null}},{"start":{},"end":{}}],"line":80},"14":{"loc":{"start":{"line":80,"column":8},"end":{"line":80,"column":77}},"type":"binary-expr","locations":[{"start":{"line":80,"column":8},"end":{"line":80,"column":25}},{"start":{"line":80,"column":29},"end":{"line":80,"column":77}}],"line":80}},"s":{"0":1,"1":1,"2":16,"3":79,"4":22,"5":14,"6":8,"7":8,"8":8,"9":2,"10":6,"11":2,"12":4,"13":1,"14":3,"15":3,"16":2,"17":1,"18":0,"19":1,"20":10,"21":10,"22":1,"23":9,"24":2,"25":7,"26":7,"27":1,"28":6,"29":3,"30":3,"31":0,"32":3,"33":3,"34":1,"35":2,"36":3,"37":1,"38":1},"f":{"0":16,"1":79,"2":22,"3":10,"4":3},"b":{"0":[14,8],"1":[8,0],"2":[2,6],"3":[8,8],"4":[2,4],"5":[1,3],"6":[2,1],"7":[2,7],"8":[9,5],"9":[1,6],"10":[7,6],"11":[3,3],"12":[3,0],"13":[1,1],"14":[2,2]},"meta":{"lastBranch":15,"lastFunction":5,"lastStatement":39,"seen":{"s:14:26:24:1":0,"s:26:20:26:67":1,"f:26:20:26:21":0,"s:26:28:26:67":2,"f:26:51:26:52":1,"s:26:56:26:66":3,"f:28:16:28:32":2,"b:29:4:29:Infinity:undefined:undefined:undefined:undefined":0,"s:29:4:29:Infinity":4,"s:29:24:29:Infinity":5,"b:30:4:38:Infinity:undefined:undefined:undefined:undefined":1,"s:30:4:38:Infinity":6,"s:31:22:31:38":7,"b:32:8:32:59:undefined:undefined:undefined:undefined":2,"s:32:8:32:59":8,"b:32:12:32:26:32:30:32:45":3,"s:32:47:32:59":9,"b:33:8:33:46:undefined:undefined:undefined:undefined":4,"s:33:8:33:46":10,"s:33:34:33:46":11,"b:34:8:34:49:undefined:undefined:undefined:undefined":5,"s:34:8:34:49":12,"s:34:37:34:49":13,"s:35:25:35:69":14,"b:36:8:36:Infinity:undefined:undefined:undefined:undefined":6,"s:36:8:36:Infinity":15,"s:36:22:36:Infinity":16,"s:37:8:37:Infinity":17,"s:40:4:40:Infinity":18,"s:43:26:43:73":19,"f:49:22:49:41":3,"s:51:4:55:Infinity":20,"s:52:8:52:Infinity":21,"s:54:8:54:Infinity":22,"b:57:4:59:Infinity:undefined:undefined:undefined:undefined":7,"s:57:4:59:Infinity":23,"b:57:8:57:32:57:36:57:61":8,"s:58:8:58:Infinity":24,"s:61:21:61:57":25,"b:63:4:65:Infinity:undefined:undefined:undefined:undefined":9,"s:63:4:65:Infinity":26,"b:63:8:63:53:63:57:63:102":10,"s:64:8:64:Infinity":27,"b:68:4:71:Infinity:undefined:undefined:undefined:undefined":11,"s:68:4:71:Infinity":28,"b:69:8:69:Infinity:undefined:undefined:undefined:undefined":12,"s:69:8:69:Infinity":29,"s:69:40:69:Infinity":30,"s:70:8:70:Infinity":31,"s:74:4:78:Infinity":32,"s:75:8:75:Infinity":33,"s:77:8:77:Infinity":34,"b:80:4:82:Infinity:undefined:undefined:undefined:undefined":13,"s:80:4:82:Infinity":35,"b:80:8:80:25:80:29:80:77":14,"f:80:44:80:45":4,"s:80:49:80:76":36,"s:81:8:81:Infinity":37,"s:84:4:84:Infinity":38}}}
}
