<?xml version="1.0" encoding="UTF-8"?>
<coverage generated="1783101551517" clover="3.2.0">
  <project timestamp="1783101551517" name="All files">
    <metrics statements="799" coveredstatements="716" conditionals="658" coveredconditionals="517" methods="186" coveredmethods="147" elements="1643" coveredelements="1380" complexity="0" loc="799" ncloc="799" packages="5" files="15" classes="15"/>
    <package name="src">
      <metrics statements="38" coveredstatements="33" conditionals="52" coveredconditionals="41" methods="10" coveredmethods="8"/>
      <file name="App.jsx" path="/home/maol/raindrop/client/src/App.jsx">
        <metrics statements="38" coveredstatements="33" conditionals="52" coveredconditionals="41" methods="10" coveredmethods="8"/>
        <line num="10" count="15" type="stmt"/>
        <line num="15" count="15" type="stmt"/>
        <line num="16" count="7" type="stmt"/>
        <line num="17" count="7" type="cond" truecount="3" falsecount="0"/>
        <line num="19" count="15" type="stmt"/>
        <line num="20" count="7" type="stmt"/>
        <line num="21" count="7" type="cond" truecount="1" falsecount="1"/>
        <line num="22" count="7" type="cond" truecount="2" falsecount="0"/>
        <line num="23" count="6" type="cond" truecount="2" falsecount="0"/>
        <line num="25" count="15" type="stmt"/>
        <line num="26" count="15" type="stmt"/>
        <line num="30" count="15" type="stmt"/>
        <line num="32" count="15" type="stmt"/>
        <line num="33" count="7" type="stmt"/>
        <line num="34" count="7" type="stmt"/>
        <line num="35" count="7" type="stmt"/>
        <line num="36" count="7" type="stmt"/>
        <line num="37" count="7" type="stmt"/>
        <line num="41" count="7" type="cond" truecount="1" falsecount="1"/>
        <line num="42" count="0" type="stmt"/>
        <line num="43" count="7" type="cond" truecount="4" falsecount="0"/>
        <line num="46" count="1" type="stmt"/>
        <line num="49" count="0" type="stmt"/>
        <line num="51" count="7" type="stmt"/>
        <line num="54" count="7" type="stmt"/>
        <line num="57" count="7" type="stmt"/>
        <line num="61" count="15" type="stmt"/>
        <line num="62" count="9" type="cond" truecount="1" falsecount="1"/>
        <line num="64" count="0" type="cond" truecount="0" falsecount="2"/>
        <line num="66" count="9" type="cond" truecount="2" falsecount="0"/>
        <line num="67" count="9" type="cond" truecount="2" falsecount="0"/>
        <line num="68" count="8" type="stmt"/>
        <line num="72" count="15" type="cond" truecount="2" falsecount="0"/>
        <line num="73" count="7" type="stmt"/>
        <line num="80" count="8" type="stmt"/>
        <line num="86" count="1" type="stmt"/>
        <line num="110" count="0" type="stmt"/>
        <line num="119" count="0" type="stmt"/>
      </file>
    </package>
    <package name="src.components">
      <metrics statements="59" coveredstatements="59" conditionals="70" coveredconditionals="63" methods="17" coveredmethods="16"/>
      <file name="BookmarkNav.jsx" path="/home/maol/raindrop/client/src/components/BookmarkNav.jsx">
        <metrics statements="5" coveredstatements="5" conditionals="11" coveredconditionals="11" methods="1" coveredmethods="1"/>
        <line num="3" count="2" type="stmt"/>
        <line num="13" count="1147" type="cond" truecount="4" falsecount="0"/>
        <line num="15" count="1146" type="stmt"/>
        <line num="16" count="1146" type="stmt"/>
        <line num="18" count="1146" type="stmt"/>
      </file>
      <file name="BufferQuotaBanner.jsx" path="/home/maol/raindrop/client/src/components/BufferQuotaBanner.jsx">
        <metrics statements="31" coveredstatements="31" conditionals="26" coveredconditionals="19" methods="7" coveredmethods="6"/>
        <line num="4" count="2" type="stmt"/>
        <line num="5" count="2" type="stmt"/>
        <line num="6" count="2" type="stmt"/>
        <line num="8" count="2" type="stmt"/>
        <line num="9" count="2" type="cond" truecount="1" falsecount="1"/>
        <line num="10" count="2" type="stmt"/>
        <line num="11" count="2" type="cond" truecount="1" falsecount="1"/>
        <line num="12" count="2" type="stmt"/>
        <line num="13" count="2" type="stmt"/>
        <line num="14" count="2" type="cond" truecount="1" falsecount="1"/>
        <line num="19" count="2" type="stmt"/>
        <line num="20" count="17" type="stmt"/>
        <line num="21" count="17" type="stmt"/>
        <line num="23" count="17" type="stmt"/>
        <line num="24" count="12" type="stmt"/>
        <line num="25" count="12" type="stmt"/>
        <line num="26" count="12" type="stmt"/>
        <line num="27" count="12" type="stmt"/>
        <line num="28" count="5" type="cond" truecount="1" falsecount="1"/>
        <line num="33" count="12" type="stmt"/>
        <line num="34" count="12" type="stmt"/>
        <line num="35" count="12" type="stmt"/>
        <line num="36" count="12" type="stmt"/>
        <line num="39" count="17" type="cond" truecount="4" falsecount="0"/>
        <line num="42" count="4" type="cond" truecount="2" falsecount="0"/>
        <line num="43" count="17" type="stmt"/>
        <line num="44" count="17" type="cond" truecount="4" falsecount="0"/>
        <line num="46" count="2" type="cond" truecount="1" falsecount="1"/>
        <line num="47" count="17" type="stmt"/>
        <line num="49" count="17" type="cond" truecount="2" falsecount="0"/>
        <line num="53" count="17" type="stmt"/>
      </file>
      <file name="ProviderButton.jsx" path="/home/maol/raindrop/client/src/components/ProviderButton.jsx">
        <metrics statements="4" coveredstatements="4" conditionals="13" coveredconditionals="13" methods="3" coveredmethods="3"/>
        <line num="3" count="2" type="stmt"/>
        <line num="4" count="201" type="stmt"/>
        <line num="17" count="2" type="cond" truecount="2" falsecount="0"/>
        <line num="36" count="3" type="stmt"/>
      </file>
      <file name="PublishOverlay.jsx" path="/home/maol/raindrop/client/src/components/PublishOverlay.jsx">
        <metrics statements="5" coveredstatements="5" conditionals="11" coveredconditionals="11" methods="2" coveredmethods="2"/>
        <line num="3" count="2" type="stmt"/>
        <line num="4" count="20" type="stmt"/>
        <line num="5" count="20" type="cond" truecount="2" falsecount="0"/>
        <line num="9" count="20" type="stmt"/>
        <line num="35" count="4" type="stmt"/>
      </file>
      <file name="ThemeToggle.jsx" path="/home/maol/raindrop/client/src/components/ThemeToggle.jsx">
        <metrics statements="14" coveredstatements="14" conditionals="9" coveredconditionals="9" methods="4" coveredmethods="4"/>
        <line num="3" count="2" type="stmt"/>
        <line num="4" count="15" type="stmt"/>
        <line num="5" count="12" type="stmt"/>
        <line num="6" count="12" type="stmt"/>
        <line num="7" count="12" type="cond" truecount="3" falsecount="0"/>
        <line num="10" count="15" type="stmt"/>
        <line num="11" count="14" type="cond" truecount="2" falsecount="0"/>
        <line num="12" count="3" type="stmt"/>
        <line num="14" count="11" type="stmt"/>
        <line num="18" count="15" type="stmt"/>
        <line num="19" count="2" type="stmt"/>
        <line num="20" count="2" type="stmt"/>
        <line num="22" count="2" type="cond" truecount="2" falsecount="0"/>
        <line num="25" count="15" type="stmt"/>
      </file>
    </package>
    <package name="src.pages">
      <metrics statements="531" coveredstatements="462" conditionals="430" coveredconditionals="317" methods="138" coveredmethods="104"/>
      <file name="PostPage.jsx" path="/home/maol/raindrop/client/src/pages/PostPage.jsx">
        <metrics statements="373" coveredstatements="326" conditionals="295" coveredconditionals="220" methods="93" coveredmethods="77"/>
        <line num="12" count="1" type="stmt"/>
        <line num="13" count="94" type="cond" truecount="1" falsecount="1"/>
        <line num="14" count="94" type="stmt"/>
        <line num="15" count="94" type="cond" truecount="4" falsecount="0"/>
        <line num="24" count="1" type="stmt"/>
        <line num="25" count="757" type="cond" truecount="2" falsecount="0"/>
        <line num="26" count="757" type="cond" truecount="1" falsecount="1"/>
        <line num="27" count="292" type="cond" truecount="1" falsecount="1"/>
        <line num="29" count="757" type="cond" truecount="2" falsecount="0"/>
        <line num="30" count="757" type="stmt"/>
        <line num="33" count="577" type="stmt"/>
        <line num="38" count="1" type="stmt"/>
        <line num="39" count="24" type="cond" truecount="1" falsecount="1"/>
        <line num="40" count="24" type="cond" truecount="3" falsecount="1"/>
        <line num="41" count="24" type="stmt"/>
        <line num="42" count="24" type="cond" truecount="1" falsecount="1"/>
        <line num="43" count="24" type="stmt"/>
        <line num="44" count="24" type="stmt"/>
        <line num="45" count="24" type="stmt"/>
        <line num="46" count="24" type="stmt"/>
        <line num="49" count="1" type="stmt"/>
        <line num="50" count="12" type="cond" truecount="1" falsecount="1"/>
        <line num="51" count="12" type="cond" truecount="1" falsecount="1"/>
        <line num="52" count="12" type="stmt"/>
        <line num="53" count="12" type="stmt"/>
        <line num="54" count="12" type="stmt"/>
        <line num="56" count="12" type="stmt"/>
        <line num="57" count="12" type="stmt"/>
        <line num="58" count="12" type="stmt"/>
        <line num="59" count="12" type="cond" truecount="1" falsecount="1"/>
        <line num="60" count="12" type="stmt"/>
        <line num="61" count="12" type="stmt"/>
        <line num="62" count="12" type="stmt"/>
        <line num="63" count="12" type="stmt"/>
        <line num="65" count="0" type="stmt"/>
        <line num="67" count="12" type="cond" truecount="1" falsecount="1"/>
        <line num="68" count="0" type="stmt"/>
        <line num="69" count="0" type="stmt"/>
        <line num="71" count="12" type="stmt"/>
        <line num="72" count="12" type="stmt"/>
        <line num="77" count="1" type="stmt"/>
        <line num="78" count="569" type="stmt"/>
        <line num="80" count="569" type="cond" truecount="2" falsecount="0"/>
        <line num="81" count="569" type="cond" truecount="2" falsecount="0"/>
        <line num="85" count="569" type="stmt"/>
        <line num="86" count="291" type="stmt"/>
        <line num="87" count="291" type="cond" truecount="1" falsecount="1"/>
        <line num="88" count="291" type="cond" truecount="2" falsecount="0"/>
        <line num="89" count="21" type="stmt"/>
        <line num="90" count="21" type="cond" truecount="2" falsecount="0"/>
        <line num="91" count="291" type="stmt"/>
        <line num="92" count="291" type="cond" truecount="2" falsecount="0"/>
        <line num="95" count="569" type="stmt"/>
        <line num="96" count="1" type="stmt"/>
        <line num="97" count="2" type="stmt"/>
        <line num="99" count="1" type="stmt"/>
        <line num="100" count="1" type="cond" truecount="1" falsecount="1"/>
        <line num="103" count="1" type="stmt"/>
        <line num="104" count="1" type="cond" truecount="1" falsecount="1"/>
        <line num="108" count="569" type="stmt"/>
        <line num="109" count="186" type="cond" truecount="1" falsecount="1"/>
        <line num="112" count="569" type="stmt"/>
        <line num="113" count="186" type="cond" truecount="1" falsecount="1"/>
        <line num="114" count="0" type="stmt"/>
        <line num="115" count="0" type="stmt"/>
        <line num="116" count="0" type="cond" truecount="0" falsecount="2"/>
        <line num="117" count="0" type="stmt"/>
        <line num="118" count="0" type="stmt"/>
        <line num="119" count="0" type="stmt"/>
        <line num="120" count="0" type="stmt"/>
        <line num="121" count="0" type="cond" truecount="0" falsecount="2"/>
        <line num="126" count="569" type="stmt"/>
        <line num="127" count="11" type="stmt"/>
        <line num="128" count="11" type="cond" truecount="2" falsecount="2"/>
        <line num="129" count="11" type="stmt"/>
        <line num="130" count="11" type="stmt"/>
        <line num="131" count="11" type="stmt"/>
        <line num="132" count="11" type="stmt"/>
        <line num="133" count="11" type="stmt"/>
        <line num="134" count="11" type="cond" truecount="1" falsecount="1"/>
        <line num="138" count="569" type="stmt"/>
        <line num="167" count="1" type="stmt"/>
        <line num="168" count="1268" type="stmt"/>
        <line num="169" count="1268" type="cond" truecount="2" falsecount="0"/>
        <line num="170" count="1268" type="stmt"/>
        <line num="171" count="9" type="cond" truecount="1" falsecount="1"/>
        <line num="172" count="9" type="cond" truecount="2" falsecount="0"/>
        <line num="173" count="2" type="stmt"/>
        <line num="174" count="7" type="cond" truecount="3" falsecount="1"/>
        <line num="175" count="7" type="stmt"/>
        <line num="178" count="1268" type="stmt"/>
        <line num="179" count="6" type="cond" truecount="3" falsecount="1"/>
        <line num="181" count="1268" type="stmt"/>
        <line num="182" count="1" type="cond" truecount="1" falsecount="1"/>
        <line num="184" count="1268" type="stmt"/>
        <line num="196" count="0" type="stmt"/>
        <line num="201" count="2" type="stmt"/>
        <line num="234" count="1" type="stmt"/>
        <line num="235" count="665" type="stmt"/>
        <line num="236" count="665" type="stmt"/>
        <line num="237" count="665" type="stmt"/>
        <line num="240" count="665" type="stmt"/>
        <line num="241" count="665" type="stmt"/>
        <line num="242" count="665" type="stmt"/>
        <line num="245" count="665" type="stmt"/>
        <line num="246" count="665" type="stmt"/>
        <line num="247" count="665" type="stmt"/>
        <line num="248" count="665" type="stmt"/>
        <line num="251" count="665" type="stmt"/>
        <line num="252" count="665" type="stmt"/>
        <line num="255" count="665" type="stmt"/>
        <line num="258" count="665" type="stmt"/>
        <line num="259" count="665" type="stmt"/>
        <line num="260" count="665" type="stmt"/>
        <line num="263" count="665" type="stmt"/>
        <line num="266" count="665" type="stmt"/>
        <line num="267" count="665" type="stmt"/>
        <line num="268" count="665" type="stmt"/>
        <line num="271" count="665" type="stmt"/>
        <line num="274" count="665" type="stmt"/>
        <line num="275" count="665" type="stmt"/>
        <line num="276" count="665" type="stmt"/>
        <line num="279" count="665" type="stmt"/>
        <line num="282" count="665" type="stmt"/>
        <line num="285" count="665" type="cond" truecount="1" falsecount="1"/>
        <line num="288" count="665" type="stmt"/>
        <line num="289" count="665" type="stmt"/>
        <line num="291" count="665" type="stmt"/>
        <line num="292" count="665" type="stmt"/>
        <line num="294" count="665" type="stmt"/>
        <line num="295" count="185" type="stmt"/>
        <line num="296" count="0" type="stmt"/>
        <line num="301" count="665" type="stmt"/>
        <line num="302" count="185" type="cond" truecount="1" falsecount="1"/>
        <line num="303" count="185" type="stmt"/>
        <line num="304" count="185" type="cond" truecount="1" falsecount="1"/>
        <line num="307" count="665" type="cond" truecount="5" falsecount="0"/>
        <line num="311" count="665" type="stmt"/>
        <line num="312" count="90" type="stmt"/>
        <line num="313" count="90" type="stmt"/>
        <line num="314" count="90" type="cond" truecount="2" falsecount="0"/>
        <line num="315" count="90" type="stmt"/>
        <line num="316" count="90" type="stmt"/>
        <line num="317" count="89" type="cond" truecount="2" falsecount="0"/>
        <line num="318" count="86" type="cond" truecount="1" falsecount="1"/>
        <line num="321" count="1" type="stmt"/>
        <line num="322" count="1" type="cond" truecount="1" falsecount="1"/>
        <line num="323" count="1" type="stmt"/>
        <line num="326" count="90" type="stmt"/>
        <line num="330" count="665" type="stmt"/>
        <line num="331" count="88" type="cond" truecount="2" falsecount="0"/>
        <line num="334" count="665" type="stmt"/>
        <line num="335" count="88" type="stmt"/>
        <line num="337" count="88" type="cond" truecount="2" falsecount="0"/>
        <line num="342" count="665" type="stmt"/>
        <line num="343" count="94" type="stmt"/>
        <line num="344" count="94" type="cond" truecount="2" falsecount="0"/>
        <line num="345" count="90" type="stmt"/>
        <line num="349" count="665" type="stmt"/>
        <line num="350" count="88" type="stmt"/>
        <line num="351" count="88" type="stmt"/>
        <line num="352" count="88" type="stmt"/>
        <line num="359" count="665" type="stmt"/>
        <line num="360" count="665" type="stmt"/>
        <line num="362" count="665" type="cond" truecount="1" falsecount="0"/>
        <line num="363" count="96" type="stmt"/>
        <line num="364" count="96" type="stmt"/>
        <line num="365" count="96" type="stmt"/>
        <line num="366" count="96" type="cond" truecount="2" falsecount="0"/>
        <line num="375" count="96" type="stmt"/>
        <line num="381" count="96" type="cond" truecount="2" falsecount="0"/>
        <line num="382" count="95" type="stmt"/>
        <line num="383" count="95" type="cond" truecount="1" falsecount="1"/>
        <line num="384" count="95" type="stmt"/>
        <line num="385" count="95" type="cond" truecount="2" falsecount="0"/>
        <line num="387" count="1" type="cond" truecount="1" falsecount="1"/>
        <line num="388" count="1" type="stmt"/>
        <line num="389" count="1" type="stmt"/>
        <line num="391" count="96" type="cond" truecount="1" falsecount="1"/>
        <line num="395" count="665" type="stmt"/>
        <line num="396" count="2" type="cond" truecount="1" falsecount="1"/>
        <line num="397" count="2" type="stmt"/>
        <line num="408" count="665" type="stmt"/>
        <line num="409" count="92" type="cond" truecount="1" falsecount="1"/>
        <line num="410" count="92" type="stmt"/>
        <line num="411" count="92" type="stmt"/>
        <line num="412" count="92" type="stmt"/>
        <line num="413" count="92" type="stmt"/>
        <line num="414" count="92" type="cond" truecount="2" falsecount="0"/>
        <line num="415" count="92" type="stmt"/>
        <line num="416" count="92" type="stmt"/>
        <line num="417" count="89" type="cond" truecount="1" falsecount="1"/>
        <line num="418" count="89" type="cond" truecount="1" falsecount="1"/>
        <line num="419" count="92" type="cond" truecount="2" falsecount="0"/>
        <line num="420" count="92" type="cond" truecount="2" falsecount="0"/>
        <line num="421" count="2" type="cond" truecount="1" falsecount="1"/>
        <line num="423" count="89" type="cond" truecount="2" falsecount="0"/>
        <line num="424" count="2" type="cond" truecount="1" falsecount="1"/>
        <line num="426" count="2" type="stmt"/>
        <line num="435" count="87" type="cond" truecount="4" falsecount="0"/>
        <line num="437" count="1" type="stmt"/>
        <line num="440" count="1" type="cond" truecount="1" falsecount="1"/>
        <line num="441" count="1" type="cond" truecount="1" falsecount="1"/>
        <line num="443" count="90" type="cond" truecount="1" falsecount="1"/>
        <line num="448" count="665" type="stmt"/>
        <line num="449" count="180" type="cond" truecount="2" falsecount="0"/>
        <line num="450" count="91" type="cond" truecount="1" falsecount="1"/>
        <line num="451" count="91" type="stmt"/>
        <line num="453" count="91" type="stmt"/>
        <line num="454" count="180" type="stmt"/>
        <line num="455" count="180" type="stmt"/>
        <line num="458" count="180" type="stmt"/>
        <line num="459" count="180" type="stmt"/>
        <line num="460" count="180" type="stmt"/>
        <line num="461" count="180" type="stmt"/>
        <line num="462" count="180" type="cond" truecount="2" falsecount="0"/>
        <line num="463" count="180" type="cond" truecount="2" falsecount="0"/>
        <line num="464" count="180" type="stmt"/>
        <line num="465" count="180" type="stmt"/>
        <line num="466" count="180" type="stmt"/>
        <line num="467" count="180" type="stmt"/>
        <line num="468" count="180" type="stmt"/>
        <line num="469" count="180" type="stmt"/>
        <line num="470" count="180" type="stmt"/>
        <line num="471" count="180" type="stmt"/>
        <line num="472" count="180" type="stmt"/>
        <line num="473" count="180" type="stmt"/>
        <line num="474" count="180" type="stmt"/>
        <line num="477" count="180" type="stmt"/>
        <line num="478" count="180" type="stmt"/>
        <line num="482" count="665" type="cond" truecount="1" falsecount="0"/>
        <line num="483" count="41" type="stmt"/>
        <line num="484" count="41" type="cond" truecount="2" falsecount="0"/>
        <line num="488" count="31" type="stmt"/>
        <line num="489" count="31" type="cond" truecount="3" falsecount="1"/>
        <line num="492" count="41" type="stmt"/>
        <line num="495" count="665" type="cond" truecount="1" falsecount="1"/>
        <line num="496" count="665" type="stmt"/>
        <line num="497" count="665" type="stmt"/>
        <line num="499" count="265" type="stmt"/>
        <line num="500" count="265" type="cond" truecount="2" falsecount="0"/>
        <line num="501" count="41" type="stmt"/>
        <line num="503" count="6" type="stmt"/>
        <line num="504" count="6" type="stmt"/>
        <line num="510" count="665" type="cond" truecount="5" falsecount="1"/>
        <line num="517" count="665" type="stmt"/>
        <line num="518" count="665" type="cond" truecount="2" falsecount="0"/>
        <line num="519" count="665" type="cond" truecount="2" falsecount="0"/>
        <line num="520" count="665" type="cond" truecount="4" falsecount="0"/>
        <line num="522" count="665" type="stmt"/>
        <line num="523" count="2" type="stmt"/>
        <line num="524" count="2" type="stmt"/>
        <line num="525" count="2" type="cond" truecount="5" falsecount="0"/>
        <line num="526" count="1" type="stmt"/>
        <line num="527" count="1" type="stmt"/>
        <line num="528" count="1" type="stmt"/>
        <line num="529" count="1" type="stmt"/>
        <line num="530" count="1" type="stmt"/>
        <line num="531" count="1" type="stmt"/>
        <line num="534" count="1" type="stmt"/>
        <line num="538" count="665" type="stmt"/>
        <line num="539" count="665" type="stmt"/>
        <line num="540" count="665" type="stmt"/>
        <line num="541" count="1" type="cond" truecount="1" falsecount="1"/>
        <line num="542" count="1" type="stmt"/>
        <line num="543" count="1" type="stmt"/>
        <line num="544" count="1" type="stmt"/>
        <line num="545" count="1" type="stmt"/>
        <line num="548" count="665" type="stmt"/>
        <line num="549" count="9" type="stmt"/>
        <line num="550" count="9" type="stmt"/>
        <line num="551" count="9" type="stmt"/>
        <line num="552" count="9" type="stmt"/>
        <line num="553" count="9" type="stmt"/>
        <line num="561" count="9" type="cond" truecount="1" falsecount="1"/>
        <line num="562" count="9" type="stmt"/>
        <line num="563" count="9" type="stmt"/>
        <line num="564" count="9" type="stmt"/>
        <line num="565" count="9" type="cond" truecount="2" falsecount="0"/>
        <line num="566" count="1" type="cond" truecount="1" falsecount="1"/>
        <line num="569" count="0" type="cond" truecount="0" falsecount="2"/>
        <line num="570" count="0" type="stmt"/>
        <line num="572" count="9" type="stmt"/>
        <line num="576" count="665" type="stmt"/>
        <line num="577" count="0" type="cond" truecount="0" falsecount="4"/>
        <line num="578" count="0" type="stmt"/>
        <line num="579" count="0" type="stmt"/>
        <line num="580" count="0" type="stmt"/>
        <line num="581" count="0" type="stmt"/>
        <line num="582" count="0" type="stmt"/>
        <line num="583" count="0" type="stmt"/>
        <line num="584" count="0" type="stmt"/>
        <line num="585" count="0" type="stmt"/>
        <line num="587" count="0" type="stmt"/>
        <line num="588" count="0" type="stmt"/>
        <line num="589" count="0" type="stmt"/>
        <line num="591" count="0" type="stmt"/>
        <line num="593" count="0" type="stmt"/>
        <line num="597" count="665" type="stmt"/>
        <line num="598" count="0" type="stmt"/>
        <line num="599" count="0" type="stmt"/>
        <line num="600" count="0" type="stmt"/>
        <line num="603" count="665" type="stmt"/>
        <line num="604" count="11" type="stmt"/>
        <line num="605" count="11" type="cond" truecount="1" falsecount="1"/>
        <line num="606" count="11" type="stmt"/>
        <line num="607" count="11" type="cond" truecount="1" falsecount="1"/>
        <line num="608" count="0" type="stmt"/>
        <line num="609" count="0" type="stmt"/>
        <line num="610" count="0" type="stmt"/>
        <line num="615" count="665" type="stmt"/>
        <line num="616" count="88" type="stmt"/>
        <line num="617" count="88" type="stmt"/>
        <line num="620" count="665" type="stmt"/>
        <line num="621" count="4" type="stmt"/>
        <line num="622" count="4" type="stmt"/>
        <line num="625" count="665" type="stmt"/>
        <line num="626" count="197" type="stmt"/>
        <line num="627" count="197" type="cond" truecount="2" falsecount="0"/>
        <line num="630" count="665" type="stmt"/>
        <line num="631" count="13" type="cond" truecount="1" falsecount="4"/>
        <line num="632" count="0" type="cond" truecount="0" falsecount="2"/>
        <line num="633" count="13" type="stmt"/>
        <line num="634" count="0" type="stmt"/>
        <line num="635" count="0" type="stmt"/>
        <line num="636" count="0" type="stmt"/>
        <line num="640" count="665" type="stmt"/>
        <line num="641" count="13" type="cond" truecount="1" falsecount="1"/>
        <line num="642" count="13" type="stmt"/>
        <line num="643" count="13" type="stmt"/>
        <line num="644" count="13" type="stmt"/>
        <line num="648" count="13" type="cond" truecount="1" falsecount="1"/>
        <line num="650" count="13" type="stmt"/>
        <line num="652" count="11" type="stmt"/>
        <line num="653" count="11" type="stmt"/>
        <line num="654" count="11" type="cond" truecount="5" falsecount="0"/>
        <line num="655" count="3" type="stmt"/>
        <line num="656" count="5" type="stmt"/>
        <line num="658" count="3" type="stmt"/>
        <line num="659" count="3" type="cond" truecount="2" falsecount="0"/>
        <line num="662" count="11" type="stmt"/>
        <line num="670" count="2" type="stmt"/>
        <line num="675" count="13" type="stmt"/>
        <line num="681" count="665" type="cond" truecount="2" falsecount="0"/>
        <line num="682" count="1" type="stmt"/>
        <line num="700" count="664" type="cond" truecount="2" falsecount="0"/>
        <line num="701" count="90" type="stmt"/>
        <line num="712" count="574" type="cond" truecount="2" falsecount="0"/>
        <line num="713" count="4" type="stmt"/>
        <line num="732" count="570" type="stmt"/>
        <line num="742" count="570" type="stmt"/>
        <line num="781" count="1710" type="stmt"/>
        <line num="784" count="2" type="stmt"/>
        <line num="785" count="2" type="stmt"/>
        <line num="800" count="6" type="stmt"/>
        <line num="812" count="0" type="stmt"/>
        <line num="819" count="0" type="stmt"/>
        <line num="826" count="0" type="stmt"/>
        <line num="833" count="13" type="stmt"/>
        <line num="851" count="41" type="stmt"/>
        <line num="858" count="16" type="stmt"/>
        <line num="863" count="2" type="stmt"/>
        <line num="868" count="0" type="stmt"/>
        <line num="912" count="34" type="stmt"/>
        <line num="920" count="4" type="stmt"/>
        <line num="940" count="0" type="stmt"/>
        <line num="950" count="0" type="stmt"/>
        <line num="963" count="58" type="stmt"/>
        <line num="987" count="0" type="stmt"/>
        <line num="1047" count="4" type="stmt"/>
        <line num="1048" count="4" type="stmt"/>
        <line num="1049" count="4" type="cond" truecount="2" falsecount="0"/>
        <line num="1063" count="0" type="stmt"/>
      </file>
      <file name="SetupPage.jsx" path="/home/maol/raindrop/client/src/pages/SetupPage.jsx">
        <metrics statements="158" coveredstatements="136" conditionals="135" coveredconditionals="97" methods="45" coveredmethods="27"/>
        <line num="8" count="1" type="stmt"/>
        <line num="9" count="50" type="stmt"/>
        <line num="15" count="50" type="stmt"/>
        <line num="16" count="50" type="stmt"/>
        <line num="17" count="50" type="stmt"/>
        <line num="18" count="50" type="stmt"/>
        <line num="21" count="50" type="stmt"/>
        <line num="22" count="50" type="stmt"/>
        <line num="23" count="50" type="stmt"/>
        <line num="24" count="50" type="stmt"/>
        <line num="25" count="50" type="stmt"/>
        <line num="26" count="50" type="stmt"/>
        <line num="27" count="50" type="stmt"/>
        <line num="28" count="50" type="stmt"/>
        <line num="29" count="50" type="stmt"/>
        <line num="30" count="50" type="stmt"/>
        <line num="32" count="50" type="stmt"/>
        <line num="33" count="50" type="stmt"/>
        <line num="34" count="50" type="stmt"/>
        <line num="35" count="50" type="stmt"/>
        <line num="36" count="50" type="cond" truecount="1" falsecount="1"/>
        <line num="38" count="50" type="stmt"/>
        <line num="41" count="50" type="stmt"/>
        <line num="42" count="16" type="stmt"/>
        <line num="44" count="16" type="stmt"/>
        <line num="45" count="16" type="stmt"/>
        <line num="46" count="16" type="stmt"/>
        <line num="50" count="16" type="cond" truecount="1" falsecount="1"/>
        <line num="52" count="16" type="stmt"/>
        <line num="59" count="16" type="stmt"/>
        <line num="61" count="16" type="cond" truecount="1" falsecount="1"/>
        <line num="62" count="16" type="cond" truecount="1" falsecount="1"/>
        <line num="65" count="16" type="stmt"/>
        <line num="66" count="16" type="cond" truecount="1" falsecount="1"/>
        <line num="67" count="16" type="cond" truecount="1" falsecount="1"/>
        <line num="69" count="16" type="cond" truecount="1" falsecount="1"/>
        <line num="70" count="16" type="cond" truecount="2" falsecount="0"/>
        <line num="72" count="16" type="cond" truecount="1" falsecount="1"/>
        <line num="73" count="16" type="cond" truecount="2" falsecount="0"/>
        <line num="76" count="0" type="cond" truecount="0" falsecount="2"/>
        <line num="77" count="0" type="stmt"/>
        <line num="79" count="16" type="cond" truecount="1" falsecount="1"/>
        <line num="82" count="16" type="stmt"/>
        <line num="83" count="16" type="cond" truecount="1" falsecount="1"/>
        <line num="84" count="0" type="stmt"/>
        <line num="86" count="16" type="cond" truecount="2" falsecount="0"/>
        <line num="87" count="1" type="stmt"/>
        <line num="88" count="1" type="stmt"/>
        <line num="89" count="1" type="cond" truecount="1" falsecount="1"/>
        <line num="90" count="1" type="stmt"/>
        <line num="91" count="1" type="stmt"/>
        <line num="94" count="16" type="stmt"/>
        <line num="95" count="16" type="stmt"/>
        <line num="99" count="50" type="stmt"/>
        <line num="100" count="18" type="cond" truecount="2" falsecount="0"/>
        <line num="101" count="2" type="stmt"/>
        <line num="102" count="2" type="stmt"/>
        <line num="103" count="2" type="stmt"/>
        <line num="104" count="2" type="cond" truecount="1" falsecount="1"/>
        <line num="105" count="2" type="stmt"/>
        <line num="107" count="2" type="cond" truecount="3" falsecount="1"/>
        <line num="109" count="2" type="stmt"/>
        <line num="110" count="2" type="stmt"/>
        <line num="114" count="50" type="stmt"/>
        <line num="115" count="28" type="cond" truecount="2" falsecount="0"/>
        <line num="116" count="12" type="stmt"/>
        <line num="117" count="12" type="stmt"/>
        <line num="118" count="12" type="stmt"/>
        <line num="119" count="12" type="stmt"/>
        <line num="120" count="12" type="stmt"/>
        <line num="121" count="12" type="cond" truecount="2" falsecount="0"/>
        <line num="122" count="10" type="cond" truecount="3" falsecount="1"/>
        <line num="123" count="10" type="stmt"/>
        <line num="126" count="0" type="cond" truecount="0" falsecount="2"/>
        <line num="129" count="12" type="stmt"/>
        <line num="130" count="12" type="stmt"/>
        <line num="138" count="50" type="stmt"/>
        <line num="139" count="32" type="cond" truecount="4" falsecount="0"/>
        <line num="141" count="14" type="stmt"/>
        <line num="142" count="7" type="stmt"/>
        <line num="143" count="7" type="stmt"/>
        <line num="144" count="7" type="stmt"/>
        <line num="145" count="7" type="stmt"/>
        <line num="146" count="11" type="cond" truecount="2" falsecount="0"/>
        <line num="147" count="11" type="cond" truecount="1" falsecount="1"/>
        <line num="148" count="11" type="cond" truecount="3" falsecount="1"/>
        <line num="149" count="9" type="cond" truecount="4" falsecount="0"/>
        <line num="150" count="4" type="stmt"/>
        <line num="151" count="4" type="stmt"/>
        <line num="152" count="4" type="stmt"/>
        <line num="154" count="5" type="stmt"/>
        <line num="158" count="7" type="cond" truecount="4" falsecount="0"/>
        <line num="160" count="3" type="stmt"/>
        <line num="161" count="4" type="stmt"/>
        <line num="163" count="3" type="stmt"/>
        <line num="164" count="2" type="stmt"/>
        <line num="167" count="3" type="stmt"/>
        <line num="168" count="3" type="stmt"/>
        <line num="169" count="3" type="stmt"/>
        <line num="170" count="0" type="stmt"/>
        <line num="173" count="3" type="stmt"/>
        <line num="174" count="3" type="stmt"/>
        <line num="175" count="3" type="cond" truecount="1" falsecount="1"/>
        <line num="176" count="3" type="cond" truecount="2" falsecount="0"/>
        <line num="177" count="3" type="stmt"/>
        <line num="181" count="32" type="stmt"/>
        <line num="185" count="50" type="stmt"/>
        <line num="187" count="1" type="cond" truecount="3" falsecount="1"/>
        <line num="188" count="1" type="stmt"/>
        <line num="191" count="50" type="stmt"/>
        <line num="192" count="2" type="stmt"/>
        <line num="193" count="2" type="stmt"/>
        <line num="195" count="2" type="cond" truecount="2" falsecount="0"/>
        <line num="196" count="1" type="stmt"/>
        <line num="198" count="1" type="stmt"/>
        <line num="199" count="1" type="cond" truecount="1" falsecount="1"/>
        <line num="200" count="0" type="stmt"/>
        <line num="201" count="0" type="cond" truecount="0" falsecount="2"/>
        <line num="203" count="1" type="cond" truecount="1" falsecount="1"/>
        <line num="204" count="1" type="cond" truecount="1" falsecount="1"/>
        <line num="205" count="1" type="cond" truecount="1" falsecount="1"/>
        <line num="206" count="0" type="cond" truecount="0" falsecount="2"/>
        <line num="207" count="0" type="cond" truecount="0" falsecount="2"/>
        <line num="209" count="1" type="stmt"/>
        <line num="213" count="2" type="stmt"/>
        <line num="217" count="50" type="stmt"/>
        <line num="218" count="2" type="stmt"/>
        <line num="219" count="2" type="stmt"/>
        <line num="220" count="2" type="stmt"/>
        <line num="237" count="2" type="stmt"/>
        <line num="244" count="2" type="cond" truecount="1" falsecount="1"/>
        <line num="245" count="2" type="stmt"/>
        <line num="248" count="2" type="stmt"/>
        <line num="249" count="2" type="stmt"/>
        <line num="257" count="2" type="stmt"/>
        <line num="259" count="0" type="stmt"/>
        <line num="262" count="0" type="stmt"/>
        <line num="264" count="2" type="stmt"/>
        <line num="265" count="2" type="stmt"/>
        <line num="269" count="50" type="stmt"/>
        <line num="293" count="1" type="stmt"/>
        <line num="314" count="0" type="stmt"/>
        <line num="318" count="0" type="stmt"/>
        <line num="329" count="0" type="stmt"/>
        <line num="340" count="0" type="stmt"/>
        <line num="344" count="0" type="stmt"/>
        <line num="348" count="0" type="stmt"/>
        <line num="352" count="0" type="stmt"/>
        <line num="356" count="0" type="stmt"/>
        <line num="367" count="0" type="stmt"/>
        <line num="371" count="0" type="stmt"/>
        <line num="398" count="1" type="stmt"/>
        <line num="405" count="5" type="stmt"/>
        <line num="459" count="40" type="stmt"/>
        <line num="462" count="22" type="cond" truecount="2" falsecount="0"/>
        <line num="464" count="1" type="stmt"/>
        <line num="465" count="1" type="cond" truecount="1" falsecount="1"/>
        <line num="467" count="0" type="cond" truecount="0" falsecount="2"/>
      </file>
    </package>
    <package name="src.services">
      <metrics statements="154" coveredstatements="145" conditionals="101" coveredconditionals="91" methods="17" coveredmethods="16"/>
      <file name="aiService.js" path="/home/maol/raindrop/client/src/services/aiService.js">
        <metrics statements="22" coveredstatements="22" conditionals="27" coveredconditionals="24" methods="1" coveredmethods="1"/>
        <line num="1" count="1" type="stmt"/>
        <line num="2" count="10" type="stmt"/>
        <line num="3" count="10" type="cond" truecount="4" falsecount="0"/>
        <line num="4" count="2" type="stmt"/>
        <line num="7" count="8" type="stmt"/>
        <line num="8" count="8" type="stmt"/>
        <line num="10" count="8" type="stmt"/>
        <line num="17" count="7" type="cond" truecount="2" falsecount="0"/>
        <line num="18" count="6" type="stmt"/>
        <line num="19" count="6" type="cond" truecount="2" falsecount="1"/>
        <line num="20" count="6" type="stmt"/>
        <line num="25" count="1" type="stmt"/>
        <line num="28" count="7" type="stmt"/>
        <line num="44" count="7" type="cond" truecount="2" falsecount="0"/>
        <line num="45" count="1" type="stmt"/>
        <line num="46" count="1" type="cond" truecount="1" falsecount="1"/>
        <line num="49" count="6" type="stmt"/>
        <line num="50" count="6" type="stmt"/>
        <line num="58" count="4" type="cond" truecount="2" falsecount="0"/>
        <line num="59" count="1" type="stmt"/>
        <line num="61" count="3" type="stmt"/>
        <line num="62" count="3" type="stmt"/>
      </file>
      <file name="authService.js" path="/home/maol/raindrop/client/src/services/authService.js">
        <metrics statements="23" coveredstatements="23" conditionals="12" coveredconditionals="11" methods="3" coveredmethods="3"/>
        <line num="1" count="2" type="stmt"/>
        <line num="2" count="2" type="stmt"/>
        <line num="3" count="2" type="stmt"/>
        <line num="6" count="2" type="stmt"/>
        <line num="7" count="9" type="stmt"/>
        <line num="8" count="9" type="stmt"/>
        <line num="9" count="9" type="cond" truecount="2" falsecount="0"/>
        <line num="10" count="9" type="cond" truecount="2" falsecount="0"/>
        <line num="11" count="9" type="cond" truecount="2" falsecount="0"/>
        <line num="12" count="9" type="cond" truecount="2" falsecount="0"/>
        <line num="14" count="9" type="stmt"/>
        <line num="17" count="8" type="stmt"/>
        <line num="19" count="8" type="cond" truecount="2" falsecount="0"/>
        <line num="20" count="2" type="cond" truecount="1" falsecount="1"/>
        <line num="22" count="6" type="stmt"/>
        <line num="24" count="1" type="stmt"/>
        <line num="25" count="1" type="stmt"/>
        <line num="29" count="2" type="stmt"/>
        <line num="30" count="20" type="stmt"/>
        <line num="31" count="20" type="stmt"/>
        <line num="34" count="19" type="stmt"/>
        <line num="36" count="1" type="stmt"/>
        <line num="37" count="1" type="stmt"/>
      </file>
      <file name="publishService.js" path="/home/maol/raindrop/client/src/services/publishService.js">
        <metrics statements="10" coveredstatements="10" conditionals="13" coveredconditionals="12" methods="1" coveredmethods="1"/>
        <line num="15" count="8" type="stmt"/>
        <line num="16" count="8" type="cond" truecount="2" falsecount="0"/>
        <line num="17" count="8" type="cond" truecount="2" falsecount="0"/>
        <line num="19" count="8" type="stmt"/>
        <line num="26" count="8" type="cond" truecount="2" falsecount="0"/>
        <line num="28" count="8" type="stmt"/>
        <line num="30" count="8" type="stmt"/>
        <line num="32" count="8" type="cond" truecount="2" falsecount="0"/>
        <line num="33" count="1" type="cond" truecount="1" falsecount="1"/>
        <line num="36" count="7" type="stmt"/>
      </file>
      <file name="raindropioService.js" path="/home/maol/raindrop/client/src/services/raindropioService.js">
        <metrics statements="59" coveredstatements="57" conditionals="31" coveredconditionals="28" methods="7" coveredmethods="7"/>
        <line num="1" count="2" type="stmt"/>
        <line num="2" count="7" type="stmt"/>
        <line num="3" count="7" type="stmt"/>
        <line num="4" count="7" type="stmt"/>
        <line num="6" count="6" type="cond" truecount="2" falsecount="0"/>
        <line num="7" count="1" type="stmt"/>
        <line num="10" count="5" type="stmt"/>
        <line num="12" count="5" type="cond" truecount="2" falsecount="0"/>
        <line num="16" count="6" type="cond" truecount="2" falsecount="0"/>
        <line num="18" count="2" type="stmt"/>
        <line num="19" count="2" type="cond" truecount="2" falsecount="0"/>
        <line num="20" count="1" type="stmt"/>
        <line num="22" count="1" type="stmt"/>
        <line num="26" count="2" type="stmt"/>
        <line num="27" count="5" type="stmt"/>
        <line num="28" count="5" type="stmt"/>
        <line num="30" count="5" type="stmt"/>
        <line num="31" count="5" type="stmt"/>
        <line num="33" count="5" type="cond" truecount="2" falsecount="0"/>
        <line num="34" count="1" type="stmt"/>
        <line num="37" count="4" type="stmt"/>
        <line num="39" count="4" type="cond" truecount="5" falsecount="0"/>
        <line num="40" count="1" type="cond" truecount="1" falsecount="1"/>
        <line num="41" count="1" type="stmt"/>
        <line num="44" count="3" type="stmt"/>
        <line num="45" count="9" type="stmt"/>
        <line num="46" count="9" type="cond" truecount="4" falsecount="0"/>
        <line num="47" count="1" type="stmt"/>
        <line num="48" count="8" type="cond" truecount="2" falsecount="0"/>
        <line num="49" count="1" type="stmt"/>
        <line num="53" count="9" type="stmt"/>
        <line num="54" count="9" type="stmt"/>
        <line num="55" count="9" type="stmt"/>
        <line num="57" count="9" type="stmt"/>
        <line num="58" count="9" type="stmt"/>
        <line num="59" count="9" type="stmt"/>
        <line num="60" count="9" type="stmt"/>
        <line num="61" count="28" type="stmt"/>
        <line num="62" count="9" type="stmt"/>
        <line num="64" count="5" type="stmt"/>
        <line num="68" count="9" type="stmt"/>
        <line num="75" count="1" type="stmt"/>
        <line num="76" count="1" type="cond" truecount="1" falsecount="1"/>
        <line num="77" count="1" type="stmt"/>
        <line num="79" count="0" type="stmt"/>
        <line num="83" count="2" type="stmt"/>
        <line num="84" count="3" type="stmt"/>
        <line num="85" count="3" type="stmt"/>
        <line num="93" count="3" type="cond" truecount="2" falsecount="0"/>
        <line num="94" count="1" type="stmt"/>
        <line num="97" count="2" type="cond" truecount="2" falsecount="0"/>
        <line num="98" count="1" type="stmt"/>
        <line num="99" count="1" type="stmt"/>
        <line num="102" count="1" type="stmt"/>
        <line num="103" count="1" type="stmt"/>
        <line num="105" count="1" type="stmt"/>
        <line num="106" count="1" type="cond" truecount="1" falsecount="1"/>
        <line num="107" count="1" type="stmt"/>
        <line num="109" count="0" type="stmt"/>
      </file>
      <file name="settingsService.js" path="/home/maol/raindrop/client/src/services/settingsService.js">
        <metrics statements="21" coveredstatements="17" conditionals="10" coveredconditionals="10" methods="2" coveredmethods="2"/>
        <line num="1" count="4" type="stmt"/>
        <line num="3" count="4" type="stmt"/>
        <line num="4" count="34" type="stmt"/>
        <line num="5" count="34" type="stmt"/>
        <line num="6" count="34" type="stmt"/>
        <line num="7" count="34" type="stmt"/>
        <line num="9" count="0" type="stmt"/>
        <line num="10" count="0" type="stmt"/>
        <line num="14" count="4" type="stmt"/>
        <line num="15" count="186" type="stmt"/>
        <line num="16" count="186" type="stmt"/>
        <line num="17" count="186" type="cond" truecount="2" falsecount="0"/>
        <line num="18" count="93" type="stmt"/>
        <line num="28" count="93" type="stmt"/>
        <line num="31" count="93" type="cond" truecount="4" falsecount="0"/>
        <line num="32" count="24" type="stmt"/>
        <line num="34" count="93" type="cond" truecount="4" falsecount="0"/>
        <line num="35" count="50" type="stmt"/>
        <line num="38" count="93" type="stmt"/>
        <line num="40" count="0" type="stmt"/>
        <line num="41" count="0" type="stmt"/>
      </file>
      <file name="systemService.js" path="/home/maol/raindrop/client/src/services/systemService.js">
        <metrics statements="19" coveredstatements="16" conditionals="8" coveredconditionals="6" methods="3" coveredmethods="2"/>
        <line num="1" count="3" type="cond" truecount="2" falsecount="0"/>
        <line num="3" count="3" type="stmt"/>
        <line num="4" count="107" type="stmt"/>
        <line num="5" count="107" type="stmt"/>
        <line num="6" count="106" type="cond" truecount="2" falsecount="0"/>
        <line num="7" count="105" type="stmt"/>
        <line num="9" count="2" type="stmt"/>
        <line num="10" count="2" type="stmt"/>
        <line num="14" count="3" type="stmt"/>
        <line num="15" count="0" type="stmt"/>
        <line num="16" count="0" type="cond" truecount="0" falsecount="2"/>
        <line num="17" count="0" type="stmt"/>
        <line num="20" count="3" type="stmt"/>
        <line num="21" count="8" type="stmt"/>
        <line num="22" count="8" type="stmt"/>
        <line num="29" count="7" type="cond" truecount="2" falsecount="0"/>
        <line num="30" count="6" type="stmt"/>
        <line num="32" count="2" type="stmt"/>
        <line num="33" count="2" type="stmt"/>
      </file>
    </package>
    <package name="src.utils">
      <metrics statements="17" coveredstatements="17" conditionals="5" coveredconditionals="5" methods="4" coveredmethods="3"/>
      <file name="imageUtils.js" path="/home/maol/raindrop/client/src/utils/imageUtils.js">
        <metrics statements="17" coveredstatements="17" conditionals="5" coveredconditionals="5" methods="4" coveredmethods="3"/>
        <line num="6" count="5" type="stmt"/>
        <line num="7" count="5" type="stmt"/>
        <line num="8" count="5" type="stmt"/>
        <line num="9" count="5" type="stmt"/>
        <line num="11" count="5" type="cond" truecount="4" falsecount="0"/>
        <line num="12" count="2" type="stmt"/>
        <line num="15" count="3" type="stmt"/>
        <line num="16" count="3" type="stmt"/>
        <line num="17" count="3" type="stmt"/>
        <line num="19" count="3" type="stmt"/>
        <line num="20" count="3" type="stmt"/>
        <line num="21" count="3" type="stmt"/>
        <line num="23" count="3" type="stmt"/>
        <line num="24" count="3" type="stmt"/>
        <line num="26" count="3" type="stmt"/>
        <line num="28" count="5" type="stmt"/>
        <line num="29" count="5" type="stmt"/>
      </file>
    </package>
  </project>
</coverage>
