<?xml version="1.0" encoding="UTF-8"?>
<coverage generated="1781266145140" clover="3.2.0">
  <project timestamp="1781266145140" name="All files">
    <metrics statements="756" coveredstatements="676" conditionals="611" coveredconditionals="480" methods="176" coveredmethods="140" elements="1543" coveredelements="1296" complexity="0" loc="756" ncloc="756" packages="5" files="14" classes="14"/>
    <package name="src">
      <metrics statements="31" coveredstatements="26" conditionals="32" coveredconditionals="23" methods="9" coveredmethods="7"/>
      <file name="App.jsx" path="/home/maol/raindrop/client/src/App.jsx">
        <metrics statements="31" coveredstatements="26" conditionals="32" coveredconditionals="23" methods="9" coveredmethods="7"/>
        <line num="9" count="9" type="stmt"/>
        <line num="10" count="9" type="stmt"/>
        <line num="11" count="4" type="stmt"/>
        <line num="12" count="4" type="cond" truecount="1" falsecount="1"/>
        <line num="13" count="4" type="cond" truecount="1" falsecount="1"/>
        <line num="14" count="4" type="cond" truecount="2" falsecount="0"/>
        <line num="16" count="9" type="stmt"/>
        <line num="17" count="9" type="stmt"/>
        <line num="19" count="9" type="stmt"/>
        <line num="20" count="4" type="stmt"/>
        <line num="21" count="4" type="stmt"/>
        <line num="22" count="4" type="stmt"/>
        <line num="23" count="4" type="stmt"/>
        <line num="24" count="4" type="cond" truecount="1" falsecount="1"/>
        <line num="25" count="0" type="stmt"/>
        <line num="28" count="0" type="stmt"/>
        <line num="30" count="4" type="stmt"/>
        <line num="33" count="4" type="stmt"/>
        <line num="36" count="4" type="stmt"/>
        <line num="39" count="9" type="stmt"/>
        <line num="40" count="5" type="cond" truecount="1" falsecount="1"/>
        <line num="42" count="0" type="cond" truecount="0" falsecount="2"/>
        <line num="44" count="5" type="cond" truecount="2" falsecount="0"/>
        <line num="45" count="5" type="cond" truecount="1" falsecount="1"/>
        <line num="46" count="5" type="stmt"/>
        <line num="50" count="9" type="cond" truecount="2" falsecount="0"/>
        <line num="51" count="4" type="stmt"/>
        <line num="58" count="5" type="stmt"/>
        <line num="62" count="1" type="stmt"/>
        <line num="83" count="0" type="stmt"/>
        <line num="92" count="0" type="stmt"/>
      </file>
    </package>
    <package name="src.components">
      <metrics statements="31" coveredstatements="31" conditionals="44" coveredconditionals="44" methods="10" coveredmethods="10"/>
      <file name="BookmarkNav.jsx" path="/home/maol/raindrop/client/src/components/BookmarkNav.jsx">
        <metrics statements="5" coveredstatements="5" conditionals="11" coveredconditionals="11" methods="1" coveredmethods="1"/>
        <line num="3" count="2" type="stmt"/>
        <line num="13" count="1051" type="cond" truecount="4" falsecount="0"/>
        <line num="15" count="1050" type="stmt"/>
        <line num="16" count="1050" type="stmt"/>
        <line num="18" count="1050" type="stmt"/>
      </file>
      <file name="ProviderButton.jsx" path="/home/maol/raindrop/client/src/components/ProviderButton.jsx">
        <metrics statements="4" coveredstatements="4" conditionals="13" coveredconditionals="13" methods="3" coveredmethods="3"/>
        <line num="3" count="2" type="stmt"/>
        <line num="4" count="205" type="stmt"/>
        <line num="17" count="2" type="cond" truecount="2" falsecount="0"/>
        <line num="36" count="3" type="stmt"/>
      </file>
      <file name="PublishOverlay.jsx" path="/home/maol/raindrop/client/src/components/PublishOverlay.jsx">
        <metrics statements="5" coveredstatements="5" conditionals="11" coveredconditionals="11" methods="2" coveredmethods="2"/>
        <line num="3" count="2" type="stmt"/>
        <line num="4" count="19" type="stmt"/>
        <line num="5" count="19" type="cond" truecount="2" falsecount="0"/>
        <line num="9" count="19" type="stmt"/>
        <line num="35" count="4" type="stmt"/>
      </file>
      <file name="ThemeToggle.jsx" path="/home/maol/raindrop/client/src/components/ThemeToggle.jsx">
        <metrics statements="17" coveredstatements="17" conditionals="9" coveredconditionals="9" methods="4" coveredmethods="4"/>
        <line num="3" count="2" type="stmt"/>
        <line num="4" count="12" type="stmt"/>
        <line num="5" count="9" type="stmt"/>
        <line num="6" count="9" type="stmt"/>
        <line num="7" count="9" type="cond" truecount="3" falsecount="0"/>
        <line num="10" count="12" type="stmt"/>
        <line num="11" count="11" type="cond" truecount="2" falsecount="0"/>
        <line num="12" count="3" type="stmt"/>
        <line num="14" count="8" type="stmt"/>
        <line num="18" count="12" type="stmt"/>
        <line num="19" count="2" type="stmt"/>
        <line num="20" count="2" type="cond" truecount="2" falsecount="0"/>
        <line num="21" count="1" type="stmt"/>
        <line num="22" count="1" type="stmt"/>
        <line num="24" count="1" type="stmt"/>
        <line num="25" count="1" type="stmt"/>
        <line num="29" count="12" type="stmt"/>
      </file>
    </package>
    <package name="src.pages">
      <metrics statements="527" coveredstatements="458" conditionals="431" coveredconditionals="317" methods="137" coveredmethods="104"/>
      <file name="PostPage.jsx" path="/home/maol/raindrop/client/src/pages/PostPage.jsx">
        <metrics statements="369" coveredstatements="323" conditionals="296" coveredconditionals="220" methods="92" coveredmethods="77"/>
        <line num="10" count="1" type="stmt"/>
        <line num="11" count="88" type="cond" truecount="1" falsecount="1"/>
        <line num="12" count="88" type="stmt"/>
        <line num="13" count="88" type="cond" truecount="4" falsecount="0"/>
        <line num="17" count="1" type="stmt"/>
        <line num="18" count="1" type="stmt"/>
        <line num="23" count="1" type="stmt"/>
        <line num="24" count="698" type="cond" truecount="2" falsecount="0"/>
        <line num="25" count="698" type="cond" truecount="1" falsecount="1"/>
        <line num="26" count="292" type="cond" truecount="1" falsecount="1"/>
        <line num="28" count="698" type="cond" truecount="2" falsecount="0"/>
        <line num="29" count="698" type="stmt"/>
        <line num="32" count="529" type="stmt"/>
        <line num="37" count="1" type="stmt"/>
        <line num="38" count="24" type="cond" truecount="1" falsecount="1"/>
        <line num="39" count="24" type="cond" truecount="3" falsecount="1"/>
        <line num="40" count="24" type="stmt"/>
        <line num="41" count="24" type="cond" truecount="1" falsecount="1"/>
        <line num="42" count="24" type="stmt"/>
        <line num="43" count="24" type="stmt"/>
        <line num="44" count="24" type="stmt"/>
        <line num="45" count="24" type="stmt"/>
        <line num="48" count="1" type="stmt"/>
        <line num="49" count="12" type="cond" truecount="1" falsecount="1"/>
        <line num="50" count="12" type="cond" truecount="1" falsecount="1"/>
        <line num="51" count="12" type="stmt"/>
        <line num="52" count="12" type="stmt"/>
        <line num="53" count="12" type="stmt"/>
        <line num="55" count="12" type="stmt"/>
        <line num="56" count="12" type="stmt"/>
        <line num="57" count="12" type="stmt"/>
        <line num="58" count="12" type="cond" truecount="1" falsecount="1"/>
        <line num="59" count="12" type="stmt"/>
        <line num="60" count="12" type="stmt"/>
        <line num="61" count="12" type="stmt"/>
        <line num="62" count="12" type="stmt"/>
        <line num="64" count="0" type="stmt"/>
        <line num="66" count="12" type="cond" truecount="1" falsecount="1"/>
        <line num="67" count="0" type="stmt"/>
        <line num="68" count="0" type="stmt"/>
        <line num="70" count="12" type="stmt"/>
        <line num="71" count="12" type="stmt"/>
        <line num="76" count="1" type="stmt"/>
        <line num="77" count="521" type="stmt"/>
        <line num="79" count="521" type="cond" truecount="2" falsecount="0"/>
        <line num="80" count="521" type="cond" truecount="2" falsecount="0"/>
        <line num="84" count="521" type="stmt"/>
        <line num="85" count="278" type="stmt"/>
        <line num="86" count="278" type="cond" truecount="1" falsecount="1"/>
        <line num="87" count="278" type="cond" truecount="2" falsecount="0"/>
        <line num="88" count="21" type="stmt"/>
        <line num="89" count="21" type="cond" truecount="2" falsecount="0"/>
        <line num="90" count="278" type="stmt"/>
        <line num="91" count="278" type="cond" truecount="2" falsecount="0"/>
        <line num="94" count="521" type="stmt"/>
        <line num="95" count="1" type="stmt"/>
        <line num="96" count="2" type="stmt"/>
        <line num="98" count="1" type="stmt"/>
        <line num="99" count="1" type="cond" truecount="1" falsecount="1"/>
        <line num="102" count="1" type="stmt"/>
        <line num="103" count="1" type="cond" truecount="1" falsecount="1"/>
        <line num="107" count="521" type="stmt"/>
        <line num="108" count="178" type="cond" truecount="1" falsecount="1"/>
        <line num="111" count="521" type="stmt"/>
        <line num="112" count="178" type="cond" truecount="1" falsecount="1"/>
        <line num="113" count="0" type="stmt"/>
        <line num="114" count="0" type="stmt"/>
        <line num="115" count="0" type="cond" truecount="0" falsecount="2"/>
        <line num="116" count="0" type="stmt"/>
        <line num="117" count="0" type="stmt"/>
        <line num="118" count="0" type="stmt"/>
        <line num="119" count="0" type="stmt"/>
        <line num="120" count="0" type="cond" truecount="0" falsecount="2"/>
        <line num="125" count="521" type="stmt"/>
        <line num="126" count="11" type="stmt"/>
        <line num="127" count="11" type="cond" truecount="2" falsecount="2"/>
        <line num="128" count="11" type="stmt"/>
        <line num="129" count="11" type="stmt"/>
        <line num="130" count="11" type="stmt"/>
        <line num="131" count="11" type="stmt"/>
        <line num="132" count="11" type="stmt"/>
        <line num="133" count="10" type="cond" truecount="1" falsecount="1"/>
        <line num="137" count="521" type="stmt"/>
        <line num="166" count="1" type="stmt"/>
        <line num="167" count="1116" type="stmt"/>
        <line num="168" count="1116" type="cond" truecount="2" falsecount="0"/>
        <line num="169" count="1116" type="stmt"/>
        <line num="170" count="6" type="cond" truecount="1" falsecount="1"/>
        <line num="171" count="6" type="cond" truecount="2" falsecount="0"/>
        <line num="172" count="2" type="stmt"/>
        <line num="173" count="4" type="cond" truecount="3" falsecount="1"/>
        <line num="174" count="4" type="stmt"/>
        <line num="177" count="1116" type="stmt"/>
        <line num="178" count="11" type="cond" truecount="4" falsecount="0"/>
        <line num="180" count="1116" type="stmt"/>
        <line num="181" count="1" type="cond" truecount="1" falsecount="1"/>
        <line num="183" count="1116" type="stmt"/>
        <line num="197" count="0" type="stmt"/>
        <line num="223" count="1" type="stmt"/>
        <line num="224" count="611" type="stmt"/>
        <line num="225" count="611" type="stmt"/>
        <line num="226" count="611" type="stmt"/>
        <line num="229" count="611" type="stmt"/>
        <line num="230" count="611" type="stmt"/>
        <line num="231" count="611" type="stmt"/>
        <line num="234" count="611" type="stmt"/>
        <line num="235" count="611" type="stmt"/>
        <line num="236" count="611" type="stmt"/>
        <line num="237" count="611" type="stmt"/>
        <line num="240" count="611" type="stmt"/>
        <line num="241" count="611" type="stmt"/>
        <line num="244" count="611" type="stmt"/>
        <line num="247" count="611" type="stmt"/>
        <line num="248" count="611" type="stmt"/>
        <line num="249" count="611" type="stmt"/>
        <line num="252" count="611" type="stmt"/>
        <line num="255" count="611" type="stmt"/>
        <line num="256" count="611" type="stmt"/>
        <line num="257" count="611" type="stmt"/>
        <line num="260" count="611" type="stmt"/>
        <line num="261" count="611" type="stmt"/>
        <line num="262" count="611" type="stmt"/>
        <line num="265" count="611" type="stmt"/>
        <line num="268" count="611" type="stmt"/>
        <line num="271" count="611" type="cond" truecount="1" falsecount="1"/>
        <line num="274" count="611" type="stmt"/>
        <line num="275" count="611" type="stmt"/>
        <line num="277" count="611" type="stmt"/>
        <line num="278" count="611" type="stmt"/>
        <line num="280" count="611" type="stmt"/>
        <line num="281" count="175" type="stmt"/>
        <line num="282" count="0" type="stmt"/>
        <line num="287" count="611" type="stmt"/>
        <line num="288" count="175" type="cond" truecount="1" falsecount="1"/>
        <line num="289" count="175" type="stmt"/>
        <line num="290" count="175" type="cond" truecount="1" falsecount="1"/>
        <line num="293" count="611" type="cond" truecount="5" falsecount="0"/>
        <line num="297" count="611" type="stmt"/>
        <line num="298" count="85" type="stmt"/>
        <line num="299" count="85" type="stmt"/>
        <line num="300" count="85" type="cond" truecount="2" falsecount="0"/>
        <line num="301" count="85" type="stmt"/>
        <line num="302" count="85" type="stmt"/>
        <line num="303" count="84" type="cond" truecount="2" falsecount="0"/>
        <line num="304" count="81" type="cond" truecount="1" falsecount="1"/>
        <line num="307" count="1" type="stmt"/>
        <line num="308" count="1" type="cond" truecount="1" falsecount="1"/>
        <line num="309" count="1" type="stmt"/>
        <line num="312" count="85" type="stmt"/>
        <line num="316" count="611" type="stmt"/>
        <line num="317" count="82" type="cond" truecount="1" falsecount="1"/>
        <line num="320" count="611" type="stmt"/>
        <line num="321" count="82" type="stmt"/>
        <line num="322" count="82" type="cond" truecount="1" falsecount="1"/>
        <line num="324" count="82" type="cond" truecount="2" falsecount="0"/>
        <line num="329" count="611" type="stmt"/>
        <line num="330" count="88" type="stmt"/>
        <line num="331" count="88" type="cond" truecount="2" falsecount="0"/>
        <line num="332" count="84" type="stmt"/>
        <line num="336" count="611" type="stmt"/>
        <line num="337" count="82" type="stmt"/>
        <line num="338" count="82" type="stmt"/>
        <line num="339" count="82" type="stmt"/>
        <line num="346" count="611" type="stmt"/>
        <line num="347" count="611" type="stmt"/>
        <line num="349" count="611" type="cond" truecount="1" falsecount="0"/>
        <line num="350" count="91" type="stmt"/>
        <line num="351" count="91" type="stmt"/>
        <line num="352" count="91" type="stmt"/>
        <line num="353" count="91" type="cond" truecount="2" falsecount="0"/>
        <line num="362" count="91" type="stmt"/>
        <line num="368" count="91" type="cond" truecount="2" falsecount="0"/>
        <line num="369" count="90" type="stmt"/>
        <line num="370" count="90" type="cond" truecount="1" falsecount="1"/>
        <line num="371" count="90" type="stmt"/>
        <line num="372" count="90" type="cond" truecount="2" falsecount="0"/>
        <line num="374" count="1" type="cond" truecount="1" falsecount="1"/>
        <line num="375" count="1" type="stmt"/>
        <line num="376" count="1" type="stmt"/>
        <line num="378" count="91" type="cond" truecount="1" falsecount="1"/>
        <line num="382" count="611" type="stmt"/>
        <line num="383" count="2" type="cond" truecount="1" falsecount="1"/>
        <line num="384" count="2" type="stmt"/>
        <line num="395" count="611" type="stmt"/>
        <line num="396" count="87" type="cond" truecount="1" falsecount="1"/>
        <line num="397" count="87" type="stmt"/>
        <line num="398" count="87" type="stmt"/>
        <line num="399" count="87" type="stmt"/>
        <line num="400" count="87" type="stmt"/>
        <line num="401" count="87" type="stmt"/>
        <line num="402" count="87" type="cond" truecount="1" falsecount="1"/>
        <line num="403" count="87" type="stmt"/>
        <line num="404" count="87" type="stmt"/>
        <line num="405" count="84" type="cond" truecount="1" falsecount="1"/>
        <line num="406" count="84" type="cond" truecount="1" falsecount="1"/>
        <line num="407" count="87" type="cond" truecount="2" falsecount="0"/>
        <line num="408" count="87" type="cond" truecount="2" falsecount="0"/>
        <line num="409" count="2" type="cond" truecount="1" falsecount="1"/>
        <line num="411" count="84" type="cond" truecount="2" falsecount="0"/>
        <line num="412" count="2" type="cond" truecount="1" falsecount="1"/>
        <line num="414" count="2" type="stmt"/>
        <line num="423" count="82" type="cond" truecount="4" falsecount="0"/>
        <line num="425" count="1" type="stmt"/>
        <line num="428" count="1" type="cond" truecount="1" falsecount="1"/>
        <line num="429" count="1" type="cond" truecount="1" falsecount="1"/>
        <line num="431" count="85" type="cond" truecount="1" falsecount="1"/>
        <line num="436" count="611" type="stmt"/>
        <line num="437" count="169" type="cond" truecount="2" falsecount="0"/>
        <line num="438" count="86" type="cond" truecount="1" falsecount="1"/>
        <line num="439" count="86" type="stmt"/>
        <line num="441" count="86" type="stmt"/>
        <line num="442" count="169" type="stmt"/>
        <line num="443" count="169" type="stmt"/>
        <line num="446" count="169" type="stmt"/>
        <line num="447" count="169" type="stmt"/>
        <line num="448" count="169" type="stmt"/>
        <line num="449" count="169" type="stmt"/>
        <line num="450" count="169" type="cond" truecount="2" falsecount="0"/>
        <line num="451" count="169" type="cond" truecount="2" falsecount="0"/>
        <line num="452" count="169" type="stmt"/>
        <line num="453" count="169" type="stmt"/>
        <line num="454" count="169" type="stmt"/>
        <line num="455" count="169" type="stmt"/>
        <line num="456" count="169" type="stmt"/>
        <line num="457" count="169" type="stmt"/>
        <line num="458" count="169" type="stmt"/>
        <line num="459" count="169" type="stmt"/>
        <line num="460" count="169" type="stmt"/>
        <line num="461" count="169" type="stmt"/>
        <line num="462" count="169" type="stmt"/>
        <line num="465" count="169" type="stmt"/>
        <line num="466" count="169" type="stmt"/>
        <line num="470" count="611" type="cond" truecount="1" falsecount="0"/>
        <line num="471" count="40" type="stmt"/>
        <line num="472" count="40" type="cond" truecount="2" falsecount="0"/>
        <line num="476" count="30" type="stmt"/>
        <line num="477" count="30" type="cond" truecount="3" falsecount="1"/>
        <line num="480" count="40" type="stmt"/>
        <line num="483" count="611" type="cond" truecount="1" falsecount="1"/>
        <line num="484" count="611" type="stmt"/>
        <line num="485" count="611" type="stmt"/>
        <line num="487" count="265" type="stmt"/>
        <line num="488" count="265" type="cond" truecount="2" falsecount="0"/>
        <line num="489" count="40" type="stmt"/>
        <line num="491" count="6" type="stmt"/>
        <line num="492" count="6" type="stmt"/>
        <line num="498" count="611" type="cond" truecount="5" falsecount="1"/>
        <line num="505" count="611" type="stmt"/>
        <line num="506" count="611" type="cond" truecount="2" falsecount="0"/>
        <line num="507" count="611" type="cond" truecount="2" falsecount="0"/>
        <line num="509" count="611" type="stmt"/>
        <line num="510" count="2" type="stmt"/>
        <line num="511" count="2" type="stmt"/>
        <line num="512" count="2" type="cond" truecount="5" falsecount="0"/>
        <line num="513" count="1" type="stmt"/>
        <line num="514" count="1" type="stmt"/>
        <line num="515" count="1" type="stmt"/>
        <line num="516" count="1" type="stmt"/>
        <line num="517" count="1" type="stmt"/>
        <line num="518" count="1" type="stmt"/>
        <line num="521" count="1" type="stmt"/>
        <line num="525" count="611" type="stmt"/>
        <line num="526" count="611" type="stmt"/>
        <line num="527" count="611" type="stmt"/>
        <line num="528" count="1" type="cond" truecount="1" falsecount="1"/>
        <line num="529" count="1" type="stmt"/>
        <line num="530" count="1" type="stmt"/>
        <line num="531" count="1" type="stmt"/>
        <line num="532" count="1" type="stmt"/>
        <line num="535" count="611" type="stmt"/>
        <line num="536" count="4" type="stmt"/>
        <line num="537" count="4" type="stmt"/>
        <line num="538" count="4" type="stmt"/>
        <line num="539" count="4" type="stmt"/>
        <line num="547" count="4" type="cond" truecount="1" falsecount="1"/>
        <line num="548" count="4" type="stmt"/>
        <line num="549" count="4" type="stmt"/>
        <line num="550" count="4" type="stmt"/>
        <line num="552" count="0" type="cond" truecount="0" falsecount="2"/>
        <line num="553" count="0" type="stmt"/>
        <line num="555" count="4" type="stmt"/>
        <line num="559" count="611" type="stmt"/>
        <line num="560" count="0" type="cond" truecount="0" falsecount="4"/>
        <line num="561" count="0" type="stmt"/>
        <line num="562" count="0" type="stmt"/>
        <line num="563" count="0" type="stmt"/>
        <line num="564" count="0" type="stmt"/>
        <line num="565" count="0" type="stmt"/>
        <line num="566" count="0" type="stmt"/>
        <line num="567" count="0" type="stmt"/>
        <line num="568" count="0" type="stmt"/>
        <line num="570" count="0" type="stmt"/>
        <line num="571" count="0" type="stmt"/>
        <line num="572" count="0" type="stmt"/>
        <line num="574" count="0" type="stmt"/>
        <line num="576" count="0" type="stmt"/>
        <line num="580" count="611" type="stmt"/>
        <line num="581" count="0" type="stmt"/>
        <line num="582" count="0" type="stmt"/>
        <line num="583" count="0" type="stmt"/>
        <line num="586" count="611" type="stmt"/>
        <line num="587" count="11" type="stmt"/>
        <line num="588" count="11" type="cond" truecount="1" falsecount="1"/>
        <line num="589" count="11" type="stmt"/>
        <line num="590" count="11" type="cond" truecount="1" falsecount="1"/>
        <line num="591" count="0" type="stmt"/>
        <line num="592" count="0" type="stmt"/>
        <line num="593" count="0" type="stmt"/>
        <line num="598" count="611" type="stmt"/>
        <line num="599" count="82" type="stmt"/>
        <line num="600" count="82" type="stmt"/>
        <line num="603" count="611" type="stmt"/>
        <line num="604" count="4" type="stmt"/>
        <line num="605" count="4" type="stmt"/>
        <line num="608" count="611" type="stmt"/>
        <line num="609" count="189" type="stmt"/>
        <line num="610" count="189" type="cond" truecount="2" falsecount="0"/>
        <line num="613" count="611" type="stmt"/>
        <line num="614" count="12" type="cond" truecount="1" falsecount="4"/>
        <line num="615" count="0" type="cond" truecount="0" falsecount="2"/>
        <line num="616" count="12" type="stmt"/>
        <line num="617" count="0" type="stmt"/>
        <line num="618" count="0" type="stmt"/>
        <line num="619" count="0" type="stmt"/>
        <line num="623" count="611" type="stmt"/>
        <line num="624" count="12" type="cond" truecount="1" falsecount="1"/>
        <line num="625" count="12" type="stmt"/>
        <line num="626" count="12" type="stmt"/>
        <line num="627" count="12" type="stmt"/>
        <line num="631" count="12" type="cond" truecount="1" falsecount="1"/>
        <line num="633" count="12" type="stmt"/>
        <line num="635" count="10" type="stmt"/>
        <line num="636" count="10" type="stmt"/>
        <line num="637" count="10" type="stmt"/>
        <line num="638" count="10" type="cond" truecount="5" falsecount="0"/>
        <line num="639" count="2" type="stmt"/>
        <line num="640" count="3" type="stmt"/>
        <line num="642" count="2" type="stmt"/>
        <line num="643" count="2" type="cond" truecount="2" falsecount="0"/>
        <line num="646" count="10" type="stmt"/>
        <line num="654" count="2" type="stmt"/>
        <line num="659" count="12" type="stmt"/>
        <line num="663" count="611" type="cond" truecount="2" falsecount="0"/>
        <line num="664" count="85" type="stmt"/>
        <line num="675" count="526" type="cond" truecount="2" falsecount="0"/>
        <line num="676" count="4" type="stmt"/>
        <line num="695" count="522" type="stmt"/>
        <line num="705" count="522" type="stmt"/>
        <line num="744" count="1566" type="stmt"/>
        <line num="747" count="2" type="stmt"/>
        <line num="748" count="2" type="stmt"/>
        <line num="763" count="6" type="stmt"/>
        <line num="775" count="0" type="stmt"/>
        <line num="782" count="0" type="stmt"/>
        <line num="789" count="0" type="stmt"/>
        <line num="796" count="12" type="stmt"/>
        <line num="814" count="41" type="stmt"/>
        <line num="821" count="16" type="stmt"/>
        <line num="826" count="2" type="stmt"/>
        <line num="831" count="0" type="stmt"/>
        <line num="875" count="34" type="stmt"/>
        <line num="883" count="4" type="stmt"/>
        <line num="903" count="0" type="stmt"/>
        <line num="913" count="0" type="stmt"/>
        <line num="926" count="39" type="stmt"/>
        <line num="950" count="0" type="stmt"/>
        <line num="1009" count="4" type="stmt"/>
        <line num="1010" count="4" type="stmt"/>
        <line num="1011" count="4" type="cond" truecount="2" falsecount="0"/>
      </file>
      <file name="SetupPage.jsx" path="/home/maol/raindrop/client/src/pages/SetupPage.jsx">
        <metrics statements="158" coveredstatements="135" conditionals="135" coveredconditionals="97" methods="45" coveredmethods="27"/>
        <line num="8" count="1" type="stmt"/>
        <line num="9" count="51" type="stmt"/>
        <line num="15" count="51" type="stmt"/>
        <line num="16" count="51" type="stmt"/>
        <line num="17" count="51" type="stmt"/>
        <line num="18" count="51" type="stmt"/>
        <line num="21" count="51" type="stmt"/>
        <line num="22" count="51" type="stmt"/>
        <line num="23" count="51" type="stmt"/>
        <line num="24" count="51" type="stmt"/>
        <line num="25" count="51" type="stmt"/>
        <line num="26" count="51" type="stmt"/>
        <line num="27" count="51" type="stmt"/>
        <line num="28" count="51" type="stmt"/>
        <line num="29" count="51" type="stmt"/>
        <line num="30" count="51" type="stmt"/>
        <line num="32" count="51" type="stmt"/>
        <line num="33" count="51" type="stmt"/>
        <line num="34" count="51" type="stmt"/>
        <line num="35" count="51" type="stmt"/>
        <line num="36" count="51" type="cond" truecount="1" falsecount="1"/>
        <line num="38" count="51" type="stmt"/>
        <line num="41" count="51" type="stmt"/>
        <line num="42" count="16" type="stmt"/>
        <line num="44" count="16" type="stmt"/>
        <line num="45" count="16" type="stmt"/>
        <line num="46" count="16" type="stmt"/>
        <line num="50" count="16" type="cond" truecount="1" falsecount="1"/>
        <line num="52" count="16" type="stmt"/>
        <line num="59" count="16" type="stmt"/>
        <line num="61" count="16" type="cond" truecount="1" falsecount="1"/>
        <line num="62" count="16" type="cond" truecount="1" falsecount="1"/>
        <line num="65" count="16" type="stmt"/>
        <line num="66" count="16" type="cond" truecount="2" falsecount="2"/>
        <line num="67" count="0" type="stmt"/>
        <line num="69" count="16" type="cond" truecount="3" falsecount="1"/>
        <line num="70" count="15" type="stmt"/>
        <line num="72" count="16" type="cond" truecount="3" falsecount="1"/>
        <line num="73" count="3" type="stmt"/>
        <line num="76" count="0" type="cond" truecount="0" falsecount="2"/>
        <line num="77" count="0" type="stmt"/>
        <line num="79" count="16" type="cond" truecount="1" falsecount="1"/>
        <line num="82" count="16" type="stmt"/>
        <line num="83" count="16" type="cond" truecount="1" falsecount="1"/>
        <line num="84" count="0" type="stmt"/>
        <line num="86" count="16" type="cond" truecount="2" falsecount="0"/>
        <line num="87" count="1" type="stmt"/>
        <line num="88" count="1" type="stmt"/>
        <line num="89" count="1" type="cond" truecount="1" falsecount="1"/>
        <line num="90" count="1" type="stmt"/>
        <line num="91" count="1" type="stmt"/>
        <line num="94" count="16" type="stmt"/>
        <line num="95" count="16" type="stmt"/>
        <line num="99" count="51" type="stmt"/>
        <line num="100" count="18" type="cond" truecount="2" falsecount="0"/>
        <line num="101" count="2" type="stmt"/>
        <line num="102" count="2" type="stmt"/>
        <line num="103" count="2" type="stmt"/>
        <line num="104" count="2" type="cond" truecount="1" falsecount="1"/>
        <line num="105" count="2" type="stmt"/>
        <line num="107" count="2" type="cond" truecount="3" falsecount="1"/>
        <line num="109" count="2" type="stmt"/>
        <line num="110" count="2" type="stmt"/>
        <line num="114" count="51" type="stmt"/>
        <line num="115" count="28" type="cond" truecount="2" falsecount="0"/>
        <line num="116" count="12" type="stmt"/>
        <line num="117" count="12" type="stmt"/>
        <line num="118" count="12" type="stmt"/>
        <line num="119" count="12" type="stmt"/>
        <line num="120" count="12" type="stmt"/>
        <line num="121" count="12" type="cond" truecount="2" falsecount="0"/>
        <line num="122" count="10" type="cond" truecount="3" falsecount="1"/>
        <line num="123" count="10" type="stmt"/>
        <line num="126" count="0" type="cond" truecount="0" falsecount="2"/>
        <line num="129" count="12" type="stmt"/>
        <line num="130" count="12" type="stmt"/>
        <line num="138" count="51" type="stmt"/>
        <line num="139" count="33" type="cond" truecount="4" falsecount="0"/>
        <line num="141" count="14" type="stmt"/>
        <line num="142" count="7" type="stmt"/>
        <line num="143" count="7" type="stmt"/>
        <line num="144" count="7" type="stmt"/>
        <line num="145" count="7" type="stmt"/>
        <line num="146" count="11" type="cond" truecount="2" falsecount="0"/>
        <line num="147" count="11" type="cond" truecount="1" falsecount="1"/>
        <line num="148" count="11" type="cond" truecount="3" falsecount="1"/>
        <line num="149" count="9" type="cond" truecount="4" falsecount="0"/>
        <line num="150" count="4" type="stmt"/>
        <line num="151" count="4" type="stmt"/>
        <line num="152" count="4" type="stmt"/>
        <line num="154" count="5" type="stmt"/>
        <line num="158" count="7" type="cond" truecount="4" falsecount="0"/>
        <line num="160" count="3" type="stmt"/>
        <line num="161" count="4" type="stmt"/>
        <line num="163" count="3" type="stmt"/>
        <line num="164" count="2" type="stmt"/>
        <line num="167" count="3" type="stmt"/>
        <line num="168" count="3" type="stmt"/>
        <line num="169" count="3" type="stmt"/>
        <line num="170" count="0" type="stmt"/>
        <line num="173" count="3" type="stmt"/>
        <line num="174" count="3" type="stmt"/>
        <line num="175" count="3" type="cond" truecount="1" falsecount="1"/>
        <line num="176" count="3" type="cond" truecount="2" falsecount="0"/>
        <line num="177" count="3" type="stmt"/>
        <line num="181" count="33" type="stmt"/>
        <line num="185" count="51" type="stmt"/>
        <line num="187" count="1" type="cond" truecount="3" falsecount="1"/>
        <line num="188" count="1" type="stmt"/>
        <line num="191" count="51" type="stmt"/>
        <line num="192" count="2" type="stmt"/>
        <line num="193" count="2" type="stmt"/>
        <line num="195" count="2" type="cond" truecount="2" falsecount="0"/>
        <line num="196" count="1" type="stmt"/>
        <line num="198" count="1" type="stmt"/>
        <line num="199" count="1" type="cond" truecount="1" falsecount="1"/>
        <line num="200" count="0" type="stmt"/>
        <line num="201" count="0" type="cond" truecount="0" falsecount="2"/>
        <line num="203" count="1" type="cond" truecount="1" falsecount="1"/>
        <line num="204" count="1" type="cond" truecount="1" falsecount="1"/>
        <line num="205" count="1" type="cond" truecount="1" falsecount="1"/>
        <line num="206" count="0" type="cond" truecount="0" falsecount="2"/>
        <line num="207" count="0" type="cond" truecount="0" falsecount="2"/>
        <line num="209" count="1" type="stmt"/>
        <line num="213" count="2" type="stmt"/>
        <line num="217" count="51" type="stmt"/>
        <line num="218" count="2" type="stmt"/>
        <line num="219" count="2" type="stmt"/>
        <line num="220" count="2" type="stmt"/>
        <line num="237" count="2" type="stmt"/>
        <line num="244" count="2" type="cond" truecount="1" falsecount="1"/>
        <line num="245" count="2" type="stmt"/>
        <line num="248" count="2" type="stmt"/>
        <line num="249" count="2" type="stmt"/>
        <line num="257" count="2" type="stmt"/>
        <line num="259" count="0" type="stmt"/>
        <line num="262" count="0" type="stmt"/>
        <line num="264" count="2" type="stmt"/>
        <line num="265" count="2" type="stmt"/>
        <line num="269" count="51" type="stmt"/>
        <line num="293" count="1" type="stmt"/>
        <line num="314" count="0" type="stmt"/>
        <line num="318" count="0" type="stmt"/>
        <line num="329" count="0" type="stmt"/>
        <line num="340" count="0" type="stmt"/>
        <line num="344" count="0" type="stmt"/>
        <line num="348" count="0" type="stmt"/>
        <line num="352" count="0" type="stmt"/>
        <line num="356" count="0" type="stmt"/>
        <line num="367" count="0" type="stmt"/>
        <line num="371" count="0" type="stmt"/>
        <line num="398" count="1" type="stmt"/>
        <line num="405" count="5" type="stmt"/>
        <line num="459" count="42" type="stmt"/>
        <line num="462" count="22" type="cond" truecount="2" falsecount="0"/>
        <line num="464" count="1" type="stmt"/>
        <line num="465" count="1" type="cond" truecount="1" falsecount="1"/>
        <line num="467" count="0" type="cond" truecount="0" falsecount="2"/>
      </file>
    </package>
    <package name="src.services">
      <metrics statements="150" coveredstatements="144" conditionals="99" coveredconditionals="91" methods="16" coveredmethods="16"/>
      <file name="aiService.js" path="/home/maol/raindrop/client/src/services/aiService.js">
        <metrics statements="22" coveredstatements="22" conditionals="27" coveredconditionals="24" methods="1" coveredmethods="1"/>
        <line num="1" count="1" type="stmt"/>
        <line num="2" count="10" type="stmt"/>
        <line num="3" count="10" type="cond" truecount="4" falsecount="0"/>
        <line num="4" count="2" type="stmt"/>
        <line num="7" count="8" type="stmt"/>
        <line num="8" count="8" type="stmt"/>
        <line num="10" count="8" type="stmt"/>
        <line num="17" count="7" type="cond" truecount="2" falsecount="0"/>
        <line num="18" count="6" type="stmt"/>
        <line num="19" count="6" type="cond" truecount="2" falsecount="1"/>
        <line num="20" count="6" type="stmt"/>
        <line num="25" count="1" type="stmt"/>
        <line num="28" count="7" type="stmt"/>
        <line num="44" count="7" type="cond" truecount="2" falsecount="0"/>
        <line num="45" count="1" type="stmt"/>
        <line num="46" count="1" type="cond" truecount="1" falsecount="1"/>
        <line num="49" count="6" type="stmt"/>
        <line num="50" count="6" type="stmt"/>
        <line num="58" count="4" type="cond" truecount="2" falsecount="0"/>
        <line num="59" count="1" type="stmt"/>
        <line num="61" count="3" type="stmt"/>
        <line num="62" count="3" type="stmt"/>
      </file>
      <file name="authService.js" path="/home/maol/raindrop/client/src/services/authService.js">
        <metrics statements="23" coveredstatements="23" conditionals="12" coveredconditionals="11" methods="3" coveredmethods="3"/>
        <line num="1" count="2" type="stmt"/>
        <line num="2" count="2" type="stmt"/>
        <line num="3" count="2" type="stmt"/>
        <line num="6" count="2" type="stmt"/>
        <line num="7" count="9" type="stmt"/>
        <line num="8" count="9" type="stmt"/>
        <line num="9" count="9" type="cond" truecount="2" falsecount="0"/>
        <line num="10" count="9" type="cond" truecount="2" falsecount="0"/>
        <line num="11" count="9" type="cond" truecount="2" falsecount="0"/>
        <line num="12" count="9" type="cond" truecount="2" falsecount="0"/>
        <line num="14" count="9" type="stmt"/>
        <line num="17" count="8" type="stmt"/>
        <line num="19" count="8" type="cond" truecount="2" falsecount="0"/>
        <line num="20" count="2" type="cond" truecount="1" falsecount="1"/>
        <line num="22" count="6" type="stmt"/>
        <line num="24" count="1" type="stmt"/>
        <line num="25" count="1" type="stmt"/>
        <line num="29" count="2" type="stmt"/>
        <line num="30" count="20" type="stmt"/>
        <line num="31" count="20" type="stmt"/>
        <line num="34" count="19" type="stmt"/>
        <line num="36" count="1" type="stmt"/>
        <line num="37" count="1" type="stmt"/>
      </file>
      <file name="publishService.js" path="/home/maol/raindrop/client/src/services/publishService.js">
        <metrics statements="10" coveredstatements="10" conditionals="13" coveredconditionals="12" methods="1" coveredmethods="1"/>
        <line num="15" count="8" type="stmt"/>
        <line num="16" count="8" type="cond" truecount="2" falsecount="0"/>
        <line num="17" count="8" type="cond" truecount="2" falsecount="0"/>
        <line num="19" count="8" type="stmt"/>
        <line num="26" count="8" type="cond" truecount="2" falsecount="0"/>
        <line num="28" count="8" type="stmt"/>
        <line num="30" count="8" type="stmt"/>
        <line num="32" count="8" type="cond" truecount="2" falsecount="0"/>
        <line num="33" count="1" type="cond" truecount="1" falsecount="1"/>
        <line num="36" count="7" type="stmt"/>
      </file>
      <file name="raindropioService.js" path="/home/maol/raindrop/client/src/services/raindropioService.js">
        <metrics statements="59" coveredstatements="57" conditionals="31" coveredconditionals="28" methods="7" coveredmethods="7"/>
        <line num="1" count="2" type="stmt"/>
        <line num="2" count="7" type="stmt"/>
        <line num="3" count="7" type="stmt"/>
        <line num="4" count="7" type="stmt"/>
        <line num="6" count="6" type="cond" truecount="2" falsecount="0"/>
        <line num="7" count="1" type="stmt"/>
        <line num="10" count="5" type="stmt"/>
        <line num="12" count="5" type="cond" truecount="2" falsecount="0"/>
        <line num="16" count="6" type="cond" truecount="2" falsecount="0"/>
        <line num="18" count="2" type="stmt"/>
        <line num="19" count="2" type="cond" truecount="2" falsecount="0"/>
        <line num="20" count="1" type="stmt"/>
        <line num="22" count="1" type="stmt"/>
        <line num="26" count="2" type="stmt"/>
        <line num="27" count="5" type="stmt"/>
        <line num="28" count="5" type="stmt"/>
        <line num="30" count="5" type="stmt"/>
        <line num="31" count="5" type="stmt"/>
        <line num="33" count="5" type="cond" truecount="2" falsecount="0"/>
        <line num="34" count="1" type="stmt"/>
        <line num="37" count="4" type="stmt"/>
        <line num="39" count="4" type="cond" truecount="5" falsecount="0"/>
        <line num="40" count="1" type="cond" truecount="1" falsecount="1"/>
        <line num="41" count="1" type="stmt"/>
        <line num="44" count="3" type="stmt"/>
        <line num="45" count="9" type="stmt"/>
        <line num="46" count="9" type="cond" truecount="4" falsecount="0"/>
        <line num="47" count="1" type="stmt"/>
        <line num="48" count="8" type="cond" truecount="2" falsecount="0"/>
        <line num="49" count="1" type="stmt"/>
        <line num="53" count="9" type="stmt"/>
        <line num="54" count="9" type="stmt"/>
        <line num="55" count="9" type="stmt"/>
        <line num="57" count="9" type="stmt"/>
        <line num="58" count="9" type="stmt"/>
        <line num="59" count="9" type="stmt"/>
        <line num="60" count="9" type="stmt"/>
        <line num="61" count="28" type="stmt"/>
        <line num="62" count="9" type="stmt"/>
        <line num="64" count="5" type="stmt"/>
        <line num="68" count="9" type="stmt"/>
        <line num="75" count="1" type="stmt"/>
        <line num="76" count="1" type="cond" truecount="1" falsecount="1"/>
        <line num="77" count="1" type="stmt"/>
        <line num="79" count="0" type="stmt"/>
        <line num="83" count="2" type="stmt"/>
        <line num="84" count="3" type="stmt"/>
        <line num="85" count="3" type="stmt"/>
        <line num="93" count="3" type="cond" truecount="2" falsecount="0"/>
        <line num="94" count="1" type="stmt"/>
        <line num="97" count="2" type="cond" truecount="2" falsecount="0"/>
        <line num="98" count="1" type="stmt"/>
        <line num="99" count="1" type="stmt"/>
        <line num="102" count="1" type="stmt"/>
        <line num="103" count="1" type="stmt"/>
        <line num="105" count="1" type="stmt"/>
        <line num="106" count="1" type="cond" truecount="1" falsecount="1"/>
        <line num="107" count="1" type="stmt"/>
        <line num="109" count="0" type="stmt"/>
      </file>
      <file name="settingsService.js" path="/home/maol/raindrop/client/src/services/settingsService.js">
        <metrics statements="21" coveredstatements="17" conditionals="10" coveredconditionals="10" methods="2" coveredmethods="2"/>
        <line num="1" count="4" type="stmt"/>
        <line num="3" count="4" type="stmt"/>
        <line num="4" count="34" type="stmt"/>
        <line num="5" count="34" type="stmt"/>
        <line num="6" count="34" type="stmt"/>
        <line num="7" count="34" type="stmt"/>
        <line num="9" count="0" type="stmt"/>
        <line num="10" count="0" type="stmt"/>
        <line num="14" count="4" type="stmt"/>
        <line num="15" count="277" type="stmt"/>
        <line num="16" count="277" type="stmt"/>
        <line num="17" count="277" type="cond" truecount="2" falsecount="0"/>
        <line num="18" count="146" type="stmt"/>
        <line num="28" count="131" type="stmt"/>
        <line num="31" count="131" type="cond" truecount="4" falsecount="0"/>
        <line num="32" count="24" type="stmt"/>
        <line num="34" count="131" type="cond" truecount="4" falsecount="0"/>
        <line num="35" count="50" type="stmt"/>
        <line num="38" count="131" type="stmt"/>
        <line num="40" count="0" type="stmt"/>
        <line num="41" count="0" type="stmt"/>
      </file>
      <file name="systemService.js" path="/home/maol/raindrop/client/src/services/systemService.js">
        <metrics statements="15" coveredstatements="15" conditionals="6" coveredconditionals="6" methods="2" coveredmethods="2"/>
        <line num="1" count="2" type="cond" truecount="2" falsecount="0"/>
        <line num="3" count="2" type="stmt"/>
        <line num="4" count="19" type="stmt"/>
        <line num="5" count="19" type="stmt"/>
        <line num="6" count="18" type="cond" truecount="2" falsecount="0"/>
        <line num="7" count="17" type="stmt"/>
        <line num="9" count="2" type="stmt"/>
        <line num="10" count="2" type="stmt"/>
        <line num="14" count="2" type="stmt"/>
        <line num="15" count="8" type="stmt"/>
        <line num="16" count="8" type="stmt"/>
        <line num="23" count="7" type="cond" truecount="2" falsecount="0"/>
        <line num="24" count="6" type="stmt"/>
        <line num="26" count="2" type="stmt"/>
        <line num="27" count="2" type="stmt"/>
      </file>
    </package>
    <package name="src.utils">
      <metrics statements="17" coveredstatements="17" conditionals="5" coveredconditionals="5" methods="4" coveredmethods="3"/>
      <file name="imageUtils.js" path="/home/maol/raindrop/client/src/utils/imageUtils.js">
        <metrics statements="17" coveredstatements="17" conditionals="5" coveredconditionals="5" methods="4" coveredmethods="3"/>
        <line num="6" count="5" type="stmt"/>
        <line num="7" count="5" type="stmt"/>
        <line num="8" count="5" type="stmt"/>
        <line num="9" count="5" type="stmt"/>
        <line num="11" count="5" type="cond" truecount="4" falsecount="0"/>
        <line num="12" count="2" type="stmt"/>
        <line num="15" count="3" type="stmt"/>
        <line num="16" count="3" type="stmt"/>
        <line num="17" count="3" type="stmt"/>
        <line num="19" count="3" type="stmt"/>
        <line num="20" count="3" type="stmt"/>
        <line num="21" count="3" type="stmt"/>
        <line num="23" count="3" type="stmt"/>
        <line num="24" count="3" type="stmt"/>
        <line num="26" count="3" type="stmt"/>
        <line num="28" count="5" type="stmt"/>
        <line num="29" count="5" type="stmt"/>
      </file>
    </package>
  </project>
</coverage>
