{"/home/maol/raindrop/client/src/App.jsx": {"path":"/home/maol/raindrop/client/src/App.jsx","statementMap":{"0":{"start":{"line":10,"column":8},"end":{"line":10,"column":null}},"1":{"start":{"line":15,"column":9},"end":{"line":18,"column":null}},"2":{"start":{"line":16,"column":17},"end":{"line":16,"column":null}},"3":{"start":{"line":17,"column":4},"end":{"line":17,"column":null}},"4":{"start":{"line":19,"column":21},"end":{"line":24,"column":null}},"5":{"start":{"line":20,"column":17},"end":{"line":20,"column":null}},"6":{"start":{"line":21,"column":4},"end":{"line":21,"column":null}},"7":{"start":{"line":21,"column":27},"end":{"line":21,"column":null}},"8":{"start":{"line":22,"column":4},"end":{"line":22,"column":null}},"9":{"start":{"line":22,"column":27},"end":{"line":22,"column":null}},"10":{"start":{"line":23,"column":4},"end":{"line":23,"column":null}},"11":{"start":{"line":25,"column":29},"end":{"line":25,"column":null}},"12":{"start":{"line":26,"column":25},"end":{"line":26,"column":null}},"13":{"start":{"line":30,"column":19},"end":{"line":30,"column":null}},"14":{"start":{"line":32,"column":2},"end":{"line":59,"column":null}},"15":{"start":{"line":33,"column":30},"end":{"line":53,"column":null}},"16":{"start":{"line":34,"column":6},"end":{"line":52,"column":null}},"17":{"start":{"line":35,"column":23},"end":{"line":35,"column":null}},"18":{"start":{"line":36,"column":8},"end":{"line":36,"column":null}},"19":{"start":{"line":37,"column":8},"end":{"line":40,"column":null}},"20":{"start":{"line":41,"column":8},"end":{"line":47,"column":null}},"21":{"start":{"line":42,"column":10},"end":{"line":42,"column":null}},"22":{"start":{"line":43,"column":15},"end":{"line":47,"column":null}},"23":{"start":{"line":46,"column":10},"end":{"line":46,"column":null}},"24":{"start":{"line":49,"column":8},"end":{"line":49,"column":null}},"25":{"start":{"line":51,"column":8},"end":{"line":51,"column":null}},"26":{"start":{"line":54,"column":4},"end":{"line":54,"column":null}},"27":{"start":{"line":57,"column":4},"end":{"line":57,"column":null}},"28":{"start":{"line":61,"column":2},"end":{"line":70,"column":null}},"29":{"start":{"line":62,"column":4},"end":{"line":65,"column":null}},"30":{"start":{"line":64,"column":6},"end":{"line":64,"column":null}},"31":{"start":{"line":64,"column":34},"end":{"line":64,"column":null}},"32":{"start":{"line":66,"column":17},"end":{"line":66,"column":null}},"33":{"start":{"line":67,"column":4},"end":{"line":69,"column":null}},"34":{"start":{"line":68,"column":6},"end":{"line":68,"column":null}},"35":{"start":{"line":72,"column":2},"end":{"line":78,"column":null}},"36":{"start":{"line":73,"column":4},"end":{"line":76,"column":null}},"37":{"start":{"line":80,"column":2},"end":{"line":140,"column":null}},"38":{"start":{"line":86,"column":33},"end":{"line":86,"column":59}},"39":{"start":{"line":110,"column":29},"end":{"line":110,"column":null}},"40":{"start":{"line":119,"column":29},"end":{"line":119,"column":null}}},"fnMap":{"0":{"name":"App","decl":{"start":{"line":9,"column":9},"end":{"line":9,"column":15}},"loc":{"start":{"line":9,"column":15},"end":{"line":142,"column":null}},"line":9},"1":{"name":"(anonymous_1)","decl":{"start":{"line":15,"column":34},"end":{"line":15,"column":49}},"loc":{"start":{"line":15,"column":49},"end":{"line":18,"column":3}},"line":15},"2":{"name":"(anonymous_2)","decl":{"start":{"line":19,"column":38},"end":{"line":19,"column":53}},"loc":{"start":{"line":19,"column":53},"end":{"line":24,"column":3}},"line":19},"3":{"name":"(anonymous_3)","decl":{"start":{"line":32,"column":8},"end":{"line":32,"column":24}},"loc":{"start":{"line":32,"column":24},"end":{"line":59,"column":5}},"line":32},"4":{"name":"(anonymous_4)","decl":{"start":{"line":33,"column":30},"end":{"line":33,"column":42}},"loc":{"start":{"line":33,"column":42},"end":{"line":53,"column":null}},"line":33},"5":{"name":"(anonymous_5)","decl":{"start":{"line":57,"column":34},"end":{"line":57,"column":46}},"loc":{"start":{"line":57,"column":46},"end":{"line":57,"column":48}},"line":57},"6":{"name":"(anonymous_6)","decl":{"start":{"line":61,"column":8},"end":{"line":61,"column":24}},"loc":{"start":{"line":61,"column":24},"end":{"line":70,"column":5}},"line":61},"7":{"name":"(anonymous_7)","decl":{"start":{"line":86,"column":18},"end":{"line":86,"column":33}},"loc":{"start":{"line":86,"column":33},"end":{"line":86,"column":59}},"line":86},"8":{"name":"(anonymous_8)","decl":{"start":{"line":110,"column":14},"end":{"line":110,"column":29}},"loc":{"start":{"line":110,"column":29},"end":{"line":110,"column":null}},"line":110},"9":{"name":"(anonymous_9)","decl":{"start":{"line":119,"column":14},"end":{"line":119,"column":29}},"loc":{"start":{"line":119,"column":29},"end":{"line":119,"column":null}},"line":119}},"branchMap":{"0":{"loc":{"start":{"line":17,"column":11},"end":{"line":17,"column":null}},"type":"binary-expr","locations":[{"start":{"line":17,"column":11},"end":{"line":17,"column":32}},{"start":{"line":17,"column":32},"end":{"line":17,"column":53}},{"start":{"line":17,"column":53},"end":{"line":17,"column":null}}],"line":17},"1":{"loc":{"start":{"line":21,"column":4},"end":{"line":21,"column":null}},"type":"if","locations":[{"start":{"line":21,"column":4},"end":{"line":21,"column":null}},{"start":{},"end":{}}],"line":21},"2":{"loc":{"start":{"line":22,"column":4},"end":{"line":22,"column":null}},"type":"if","locations":[{"start":{"line":22,"column":4},"end":{"line":22,"column":null}},{"start":{},"end":{}}],"line":22},"3":{"loc":{"start":{"line":23,"column":11},"end":{"line":23,"column":null}},"type":"cond-expr","locations":[{"start":{"line":23,"column":34},"end":{"line":23,"column":46}},{"start":{"line":23,"column":46},"end":{"line":23,"column":null}}],"line":23},"4":{"loc":{"start":{"line":38,"column":23},"end":{"line":38,"column":null}},"type":"binary-expr","locations":[{"start":{"line":38,"column":23},"end":{"line":38,"column":45}},{"start":{"line":38,"column":45},"end":{"line":38,"column":null}}],"line":38},"5":{"loc":{"start":{"line":39,"column":29},"end":{"line":39,"column":null}},"type":"binary-expr","locations":[{"start":{"line":39,"column":29},"end":{"line":39,"column":57}},{"start":{"line":39,"column":57},"end":{"line":39,"column":null}}],"line":39},"6":{"loc":{"start":{"line":41,"column":8},"end":{"line":47,"column":null}},"type":"if","locations":[{"start":{"line":41,"column":8},"end":{"line":47,"column":null}},{"start":{"line":43,"column":15},"end":{"line":47,"column":null}}],"line":41},"7":{"loc":{"start":{"line":43,"column":15},"end":{"line":47,"column":null}},"type":"if","locations":[{"start":{"line":43,"column":15},"end":{"line":47,"column":null}},{"start":{},"end":{}}],"line":43},"8":{"loc":{"start":{"line":43,"column":19},"end":{"line":43,"column":64}},"type":"binary-expr","locations":[{"start":{"line":43,"column":19},"end":{"line":43,"column":44}},{"start":{"line":43,"column":44},"end":{"line":43,"column":64}}],"line":43},"9":{"loc":{"start":{"line":62,"column":4},"end":{"line":65,"column":null}},"type":"if","locations":[{"start":{"line":62,"column":4},"end":{"line":65,"column":null}},{"start":{},"end":{}}],"line":62},"10":{"loc":{"start":{"line":64,"column":6},"end":{"line":64,"column":null}},"type":"if","locations":[{"start":{"line":64,"column":6},"end":{"line":64,"column":null}},{"start":{},"end":{}}],"line":64},"11":{"loc":{"start":{"line":66,"column":17},"end":{"line":66,"column":null}},"type":"cond-expr","locations":[{"start":{"line":66,"column":42},"end":{"line":66,"column":53}},{"start":{"line":66,"column":53},"end":{"line":66,"column":null}}],"line":66},"12":{"loc":{"start":{"line":67,"column":4},"end":{"line":69,"column":null}},"type":"if","locations":[{"start":{"line":67,"column":4},"end":{"line":69,"column":null}},{"start":{},"end":{}}],"line":67},"13":{"loc":{"start":{"line":72,"column":2},"end":{"line":78,"column":null}},"type":"if","locations":[{"start":{"line":72,"column":2},"end":{"line":78,"column":null}},{"start":{},"end":{}}],"line":72},"14":{"loc":{"start":{"line":95,"column":13},"end":{"line":95,"column":null}},"type":"cond-expr","locations":[{"start":{"line":95,"column":38},"end":{"line":95,"column":84}},{"start":{"line":95,"column":84},"end":{"line":95,"column":null}}],"line":95},"15":{"loc":{"start":{"line":100,"column":12},"end":{"line":106,"column":null}},"type":"binary-expr","locations":[{"start":{"line":100,"column":12},"end":{"line":100,"column":48}},{"start":{"line":100,"column":48},"end":{"line":100,"column":null}},{"start":{"line":101,"column":12},"end":{"line":106,"column":null}}],"line":100},"16":{"loc":{"start":{"line":103,"column":21},"end":{"line":103,"column":null}},"type":"cond-expr","locations":[{"start":{"line":103,"column":55},"end":{"line":103,"column":101}},{"start":{"line":103,"column":101},"end":{"line":103,"column":null}}],"line":103},"17":{"loc":{"start":{"line":105,"column":16},"end":{"line":105,"column":null}},"type":"binary-expr","locations":[{"start":{"line":105,"column":16},"end":{"line":105,"column":52}},{"start":{"line":105,"column":52},"end":{"line":105,"column":null}}],"line":105},"18":{"loc":{"start":{"line":113,"column":18},"end":{"line":113,"column":null}},"type":"cond-expr","locations":[{"start":{"line":113,"column":45},"end":{"line":113,"column":115}},{"start":{"line":113,"column":115},"end":{"line":113,"column":null}}],"line":113},"19":{"loc":{"start":{"line":114,"column":18},"end":{"line":114,"column":null}},"type":"cond-expr","locations":[{"start":{"line":114,"column":40},"end":{"line":114,"column":90}},{"start":{"line":114,"column":90},"end":{"line":114,"column":null}}],"line":114},"20":{"loc":{"start":{"line":120,"column":87},"end":{"line":120,"column":null}},"type":"cond-expr","locations":[{"start":{"line":120,"column":112},"end":{"line":120,"column":182}},{"start":{"line":120,"column":182},"end":{"line":120,"column":null}}],"line":120},"21":{"loc":{"start":{"line":130,"column":9},"end":{"line":132,"column":24}},"type":"binary-expr","locations":[{"start":{"line":130,"column":9},"end":{"line":130,"column":35}},{"start":{"line":130,"column":35},"end":{"line":132,"column":24}}],"line":130},"22":{"loc":{"start":{"line":132,"column":9},"end":{"line":138,"column":null}},"type":"binary-expr","locations":[{"start":{"line":132,"column":9},"end":{"line":132,"column":null}},{"start":{"line":133,"column":10},"end":{"line":138,"column":null}}],"line":132},"23":{"loc":{"start":{"line":134,"column":25},"end":{"line":134,"column":null}},"type":"binary-expr","locations":[{"start":{"line":134,"column":25},"end":{"line":134,"column":50}},{"start":{"line":134,"column":50},"end":{"line":134,"column":null}}],"line":134},"24":{"loc":{"start":{"line":135,"column":31},"end":{"line":135,"column":null}},"type":"binary-expr","locations":[{"start":{"line":135,"column":31},"end":{"line":135,"column":62}},{"start":{"line":135,"column":62},"end":{"line":135,"column":null}}],"line":135}},"s":{"0":15,"1":15,"2":7,"3":7,"4":15,"5":7,"6":7,"7":0,"8":7,"9":1,"10":6,"11":15,"12":15,"13":15,"14":15,"15":7,"16":7,"17":7,"18":7,"19":7,"20":7,"21":0,"22":7,"23":1,"24":0,"25":7,"26":7,"27":7,"28":15,"29":9,"30":0,"31":0,"32":9,"33":9,"34":8,"35":15,"36":7,"37":8,"38":1,"39":0,"40":0},"f":{"0":15,"1":7,"2":7,"3":7,"4":7,"5":7,"6":9,"7":1,"8":0,"9":0},"b":{"0":[7,7,6],"1":[0,7],"2":[1,6],"3":[2,4],"4":[7,4],"5":[7,6],"6":[0,7],"7":[1,6],"8":[7,4],"9":[0,9],"10":[0,0],"11":[4,5],"12":[8,1],"13":[7,8],"14":[3,5],"15":[15,8,0],"16":[0,0],"17":[0,0],"18":[5,3],"19":[0,8],"20":[3,5],"21":[15,3],"22":[15,5],"23":[5,2],"24":[5,4]},"meta":{"lastBranch":25,"lastFunction":10,"lastStatement":41,"seen":{"f:9:9:9:15":0,"s:10:8:10:Infinity":0,"s:15:9:18:Infinity":1,"f:15:34:15:49":1,"s:16:17:16:Infinity":2,"s:17:4:17:Infinity":3,"b:17:11:17:32:17:32:17:53:17:53:17:Infinity":0,"s:19:21:24:Infinity":4,"f:19:38:19:53":2,"s:20:17:20:Infinity":5,"b:21:4:21:Infinity:undefined:undefined:undefined:undefined":1,"s:21:4:21:Infinity":6,"s:21:27:21:Infinity":7,"b:22:4:22:Infinity:undefined:undefined:undefined:undefined":2,"s:22:4:22:Infinity":8,"s:22:27:22:Infinity":9,"s:23:4:23:Infinity":10,"b:23:34:23:46:23:46:23:Infinity":3,"s:25:29:25:Infinity":11,"s:26:25:26:Infinity":12,"s:30:19:30:Infinity":13,"s:32:2:59:Infinity":14,"f:32:8:32:24":3,"s:33:30:53:Infinity":15,"f:33:30:33:42":4,"s:34:6:52:Infinity":16,"s:35:23:35:Infinity":17,"s:36:8:36:Infinity":18,"s:37:8:40:Infinity":19,"b:38:23:38:45:38:45:38:Infinity":4,"b:39:29:39:57:39:57:39:Infinity":5,"b:41:8:47:Infinity:43:15:47:Infinity":6,"s:41:8:47:Infinity":20,"s:42:10:42:Infinity":21,"b:43:15:47:Infinity:undefined:undefined:undefined:undefined":7,"s:43:15:47:Infinity":22,"b:43:19:43:44:43:44:43:64":8,"s:46:10:46:Infinity":23,"s:49:8:49:Infinity":24,"s:51:8:51:Infinity":25,"s:54:4:54:Infinity":26,"s:57:4:57:Infinity":27,"f:57:34:57:46":5,"s:61:2:70:Infinity":28,"f:61:8:61:24":6,"b:62:4:65:Infinity:undefined:undefined:undefined:undefined":9,"s:62:4:65:Infinity":29,"b:64:6:64:Infinity:undefined:undefined:undefined:undefined":10,"s:64:6:64:Infinity":30,"s:64:34:64:Infinity":31,"s:66:17:66:Infinity":32,"b:66:42:66:53:66:53:66:Infinity":11,"b:67:4:69:Infinity:undefined:undefined:undefined:undefined":12,"s:67:4:69:Infinity":33,"s:68:6:68:Infinity":34,"b:72:2:78:Infinity:undefined:undefined:undefined:undefined":13,"s:72:2:78:Infinity":35,"s:73:4:76:Infinity":36,"s:80:2:140:Infinity":37,"f:86:18:86:33":7,"s:86:33:86:59":38,"b:95:38:95:84:95:84:95:Infinity":14,"b:100:12:100:48:100:48:100:Infinity:101:12:106:Infinity":15,"b:103:55:103:101:103:101:103:Infinity":16,"b:105:16:105:52:105:52:105:Infinity":17,"f:110:14:110:29":8,"s:110:29:110:Infinity":39,"b:113:45:113:115:113:115:113:Infinity":18,"b:114:40:114:90:114:90:114:Infinity":19,"f:119:14:119:29":9,"s:119:29:119:Infinity":40,"b:120:112:120:182:120:182:120:Infinity":20,"b:130:9:130:35:130:35:132:24":21,"b:132:9:132:Infinity:133:10:138:Infinity":22,"b:134:25:134:50:134:50:134:Infinity":23,"b:135:31:135:62:135:62:135:Infinity":24}}}
,"/home/maol/raindrop/client/src/components/BookmarkNav.jsx": {"path":"/home/maol/raindrop/client/src/components/BookmarkNav.jsx","statementMap":{"0":{"start":{"line":3,"column":6},"end":{"line":50,"column":null}},"1":{"start":{"line":13,"column":4},"end":{"line":13,"column":null}},"2":{"start":{"line":13,"column":40},"end":{"line":13,"column":null}},"3":{"start":{"line":15,"column":20},"end":{"line":15,"column":null}},"4":{"start":{"line":16,"column":19},"end":{"line":16,"column":null}},"5":{"start":{"line":18,"column":4},"end":{"line":48,"column":null}}},"fnMap":{"0":{"name":"(anonymous_0)","decl":{"start":{"line":3,"column":6},"end":{"line":3,"column":21}},"loc":{"start":{"line":12,"column":6},"end":{"line":50,"column":null}},"line":12}},"branchMap":{"0":{"loc":{"start":{"line":9,"column":4},"end":{"line":9,"column":null}},"type":"default-arg","locations":[{"start":{"line":9,"column":20},"end":{"line":9,"column":null}}],"line":9},"1":{"loc":{"start":{"line":10,"column":4},"end":{"line":10,"column":null}},"type":"default-arg","locations":[{"start":{"line":10,"column":20},"end":{"line":10,"column":null}}],"line":10},"2":{"loc":{"start":{"line":11,"column":4},"end":{"line":11,"column":null}},"type":"default-arg","locations":[{"start":{"line":11,"column":25},"end":{"line":11,"column":null}}],"line":11},"3":{"loc":{"start":{"line":13,"column":4},"end":{"line":13,"column":null}},"type":"if","locations":[{"start":{"line":13,"column":4},"end":{"line":13,"column":null}},{"start":{},"end":{}}],"line":13},"4":{"loc":{"start":{"line":13,"column":8},"end":{"line":13,"column":40}},"type":"binary-expr","locations":[{"start":{"line":13,"column":8},"end":{"line":13,"column":23}},{"start":{"line":13,"column":23},"end":{"line":13,"column":40}}],"line":13},"5":{"loc":{"start":{"line":22,"column":26},"end":{"line":22,"column":null}},"type":"binary-expr","locations":[{"start":{"line":22,"column":26},"end":{"line":22,"column":43}},{"start":{"line":22,"column":43},"end":{"line":22,"column":null}}],"line":22},"6":{"loc":{"start":{"line":43,"column":26},"end":{"line":43,"column":null}},"type":"binary-expr","locations":[{"start":{"line":43,"column":26},"end":{"line":43,"column":43}},{"start":{"line":43,"column":43},"end":{"line":43,"column":null}}],"line":43}},"s":{"0":2,"1":1147,"2":1,"3":1146,"4":1146,"5":1146},"f":{"0":1147},"b":{"0":[1147],"1":[1147],"2":[1147],"3":[1,1146],"4":[1147,1146],"5":[1146,1146],"6":[1147,1146]},"meta":{"lastBranch":7,"lastFunction":1,"lastStatement":6,"seen":{"s:3:6:50:Infinity":0,"f:3:6:3:21":0,"b:9:20:9:Infinity":0,"b:10:20:10:Infinity":1,"b:11:25:11:Infinity":2,"b:13:4:13:Infinity:undefined:undefined:undefined:undefined":3,"s:13:4:13:Infinity":1,"b:13:8:13:23:13:23:13:40":4,"s:13:40:13:Infinity":2,"s:15:20:15:Infinity":3,"s:16:19:16:Infinity":4,"s:18:4:48:Infinity":5,"b:22:26:22:43:22:43:22:Infinity":5,"b:43:26:43:43:43:43:43:Infinity":6}}}
,"/home/maol/raindrop/client/src/components/BufferQuotaBanner.jsx": {"path":"/home/maol/raindrop/client/src/components/BufferQuotaBanner.jsx","statementMap":{"0":{"start":{"line":4,"column":16},"end":{"line":4,"column":null}},"1":{"start":{"line":5,"column":16},"end":{"line":5,"column":null}},"2":{"start":{"line":6,"column":18},"end":{"line":6,"column":null}},"3":{"start":{"line":8,"column":6},"end":{"line":15,"column":null}},"4":{"start":{"line":9,"column":4},"end":{"line":9,"column":null}},"5":{"start":{"line":9,"column":17},"end":{"line":9,"column":null}},"6":{"start":{"line":10,"column":17},"end":{"line":10,"column":null}},"7":{"start":{"line":11,"column":4},"end":{"line":11,"column":null}},"8":{"start":{"line":11,"column":19},"end":{"line":11,"column":null}},"9":{"start":{"line":12,"column":14},"end":{"line":12,"column":null}},"10":{"start":{"line":13,"column":14},"end":{"line":13,"column":null}},"11":{"start":{"line":14,"column":4},"end":{"line":14,"column":null}},"12":{"start":{"line":19,"column":6},"end":{"line":62,"column":null}},"13":{"start":{"line":20,"column":22},"end":{"line":20,"column":null}},"14":{"start":{"line":21,"column":16},"end":{"line":21,"column":null}},"15":{"start":{"line":21,"column":41},"end":{"line":21,"column":51}},"16":{"start":{"line":23,"column":4},"end":{"line":37,"column":null}},"17":{"start":{"line":24,"column":24},"end":{"line":24,"column":null}},"18":{"start":{"line":25,"column":21},"end":{"line":32,"column":null}},"19":{"start":{"line":26,"column":12},"end":{"line":31,"column":null}},"20":{"start":{"line":27,"column":29},"end":{"line":27,"column":null}},"21":{"start":{"line":28,"column":16},"end":{"line":28,"column":null}},"22":{"start":{"line":28,"column":32},"end":{"line":28,"column":null}},"23":{"start":{"line":33,"column":8},"end":{"line":33,"column":null}},"24":{"start":{"line":34,"column":21},"end":{"line":34,"column":null}},"25":{"start":{"line":35,"column":21},"end":{"line":35,"column":null}},"26":{"start":{"line":35,"column":39},"end":{"line":35,"column":59}},"27":{"start":{"line":36,"column":8},"end":{"line":36,"column":null}},"28":{"start":{"line":36,"column":23},"end":{"line":36,"column":41}},"29":{"start":{"line":36,"column":41},"end":{"line":36,"column":62}},"30":{"start":{"line":36,"column":62},"end":{"line":36,"column":83}},"31":{"start":{"line":39,"column":4},"end":{"line":39,"column":null}},"32":{"start":{"line":39,"column":40},"end":{"line":39,"column":null}},"33":{"start":{"line":42,"column":20},"end":{"line":42,"column":null}},"34":{"start":{"line":43,"column":10},"end":{"line":43,"column":null}},"35":{"start":{"line":44,"column":4},"end":{"line":44,"column":null}},"36":{"start":{"line":44,"column":37},"end":{"line":44,"column":null}},"37":{"start":{"line":46,"column":20},"end":{"line":46,"column":null}},"38":{"start":{"line":47,"column":20},"end":{"line":47,"column":null}},"39":{"start":{"line":49,"column":20},"end":{"line":51,"column":null}},"40":{"start":{"line":53,"column":4},"end":{"line":60,"column":null}}},"fnMap":{"0":{"name":"(anonymous_0)","decl":{"start":{"line":8,"column":6},"end":{"line":8,"column":24}},"loc":{"start":{"line":8,"column":31},"end":{"line":15,"column":null}},"line":8},"1":{"name":"(anonymous_1)","decl":{"start":{"line":19,"column":6},"end":{"line":19,"column":32}},"loc":{"start":{"line":19,"column":32},"end":{"line":62,"column":null}},"line":19},"2":{"name":"(anonymous_2)","decl":{"start":{"line":21,"column":26},"end":{"line":21,"column":41}},"loc":{"start":{"line":21,"column":41},"end":{"line":21,"column":51}},"line":21},"3":{"name":"(anonymous_3)","decl":{"start":{"line":23,"column":4},"end":{"line":23,"column":20}},"loc":{"start":{"line":23,"column":20},"end":{"line":37,"column":7}},"line":23},"4":{"name":"(anonymous_4)","decl":{"start":{"line":25,"column":21},"end":{"line":25,"column":33}},"loc":{"start":{"line":25,"column":33},"end":{"line":32,"column":null}},"line":25},"5":{"name":"(anonymous_5)","decl":{"start":{"line":35,"column":21},"end":{"line":35,"column":39}},"loc":{"start":{"line":35,"column":39},"end":{"line":35,"column":59}},"line":35},"6":{"name":"(anonymous_6)","decl":{"start":{"line":36,"column":8},"end":{"line":36,"column":21}},"loc":{"start":{"line":36,"column":21},"end":{"line":36,"column":null}},"line":36}},"branchMap":{"0":{"loc":{"start":{"line":9,"column":4},"end":{"line":9,"column":null}},"type":"if","locations":[{"start":{"line":9,"column":4},"end":{"line":9,"column":null}},{"start":{},"end":{}}],"line":9},"1":{"loc":{"start":{"line":11,"column":4},"end":{"line":11,"column":null}},"type":"if","locations":[{"start":{"line":11,"column":4},"end":{"line":11,"column":null}},{"start":{},"end":{}}],"line":11},"2":{"loc":{"start":{"line":14,"column":11},"end":{"line":14,"column":null}},"type":"cond-expr","locations":[{"start":{"line":14,"column":15},"end":{"line":14,"column":31}},{"start":{"line":14,"column":31},"end":{"line":14,"column":null}}],"line":14},"3":{"loc":{"start":{"line":28,"column":16},"end":{"line":28,"column":null}},"type":"if","locations":[{"start":{"line":28,"column":16},"end":{"line":28,"column":null}},{"start":{},"end":{}}],"line":28},"4":{"loc":{"start":{"line":39,"column":4},"end":{"line":39,"column":null}},"type":"if","locations":[{"start":{"line":39,"column":4},"end":{"line":39,"column":null}},{"start":{},"end":{}}],"line":39},"5":{"loc":{"start":{"line":39,"column":8},"end":{"line":39,"column":40}},"type":"binary-expr","locations":[{"start":{"line":39,"column":8},"end":{"line":39,"column":22}},{"start":{"line":39,"column":22},"end":{"line":39,"column":40}}],"line":39},"6":{"loc":{"start":{"line":42,"column":20},"end":{"line":42,"column":null}},"type":"binary-expr","locations":[{"start":{"line":42,"column":20},"end":{"line":42,"column":41}},{"start":{"line":42,"column":41},"end":{"line":42,"column":null}}],"line":42},"7":{"loc":{"start":{"line":44,"column":4},"end":{"line":44,"column":null}},"type":"if","locations":[{"start":{"line":44,"column":4},"end":{"line":44,"column":null}},{"start":{},"end":{}}],"line":44},"8":{"loc":{"start":{"line":44,"column":8},"end":{"line":44,"column":37}},"type":"binary-expr","locations":[{"start":{"line":44,"column":8},"end":{"line":44,"column":19}},{"start":{"line":44,"column":19},"end":{"line":44,"column":37}}],"line":44},"9":{"loc":{"start":{"line":46,"column":20},"end":{"line":46,"column":null}},"type":"cond-expr","locations":[{"start":{"line":46,"column":40},"end":{"line":46,"column":82}},{"start":{"line":46,"column":82},"end":{"line":46,"column":null}}],"line":46},"10":{"loc":{"start":{"line":49,"column":20},"end":{"line":51,"column":null}},"type":"cond-expr","locations":[{"start":{"line":50,"column":10},"end":{"line":50,"column":null}},{"start":{"line":51,"column":10},"end":{"line":51,"column":null}}],"line":49},"11":{"loc":{"start":{"line":50,"column":68},"end":{"line":50,"column":null}},"type":"cond-expr","locations":[{"start":{"line":50,"column":78},"end":{"line":50,"column":104}},{"start":{"line":50,"column":104},"end":{"line":50,"column":null}}],"line":50},"12":{"loc":{"start":{"line":51,"column":90},"end":{"line":51,"column":131}},"type":"cond-expr","locations":[{"start":{"line":51,"column":100},"end":{"line":51,"column":128}},{"start":{"line":51,"column":128},"end":{"line":51,"column":131}}],"line":51}},"s":{"0":2,"1":2,"2":2,"3":2,"4":2,"5":0,"6":2,"7":2,"8":0,"9":2,"10":2,"11":2,"12":2,"13":17,"14":17,"15":12,"16":17,"17":12,"18":12,"19":12,"20":12,"21":5,"22":5,"23":12,"24":12,"25":12,"26":0,"27":12,"28":12,"29":12,"30":12,"31":17,"32":13,"33":4,"34":17,"35":17,"36":2,"37":2,"38":17,"39":17,"40":17},"f":{"0":2,"1":17,"2":12,"3":12,"4":12,"5":0,"6":12},"b":{"0":[0,2],"1":[0,2],"2":[0,2],"3":[5,0],"4":[13,4],"5":[17,4],"6":[4,4],"7":[2,15],"8":[17,3],"9":[2,0],"10":[1,1],"11":[1,0],"12":[1,0]},"meta":{"lastBranch":13,"lastFunction":7,"lastStatement":41,"seen":{"s:4:16:4:Infinity":0,"s:5:16:5:Infinity":1,"s:6:18:6:Infinity":2,"s:8:6:15:Infinity":3,"f:8:6:8:24":0,"b:9:4:9:Infinity:undefined:undefined:undefined:undefined":0,"s:9:4:9:Infinity":4,"s:9:17:9:Infinity":5,"s:10:17:10:Infinity":6,"b:11:4:11:Infinity:undefined:undefined:undefined:undefined":1,"s:11:4:11:Infinity":7,"s:11:19:11:Infinity":8,"s:12:14:12:Infinity":9,"s:13:14:13:Infinity":10,"s:14:4:14:Infinity":11,"b:14:15:14:31:14:31:14:Infinity":2,"s:19:6:62:Infinity":12,"f:19:6:19:32":1,"s:20:22:20:Infinity":13,"s:21:16:21:Infinity":14,"f:21:26:21:41":2,"s:21:41:21:51":15,"s:23:4:37:Infinity":16,"f:23:4:23:20":3,"s:24:24:24:Infinity":17,"s:25:21:32:Infinity":18,"f:25:21:25:33":4,"s:26:12:31:Infinity":19,"s:27:29:27:Infinity":20,"b:28:16:28:Infinity:undefined:undefined:undefined:undefined":3,"s:28:16:28:Infinity":21,"s:28:32:28:Infinity":22,"s:33:8:33:Infinity":23,"s:34:21:34:Infinity":24,"s:35:21:35:Infinity":25,"f:35:21:35:39":5,"s:35:39:35:59":26,"s:36:8:36:Infinity":27,"f:36:8:36:21":6,"s:36:23:36:41":28,"s:36:41:36:62":29,"s:36:62:36:83":30,"b:39:4:39:Infinity:undefined:undefined:undefined:undefined":4,"s:39:4:39:Infinity":31,"b:39:8:39:22:39:22:39:40":5,"s:39:40:39:Infinity":32,"s:42:20:42:Infinity":33,"b:42:20:42:41:42:41:42:Infinity":6,"s:43:10:43:Infinity":34,"b:44:4:44:Infinity:undefined:undefined:undefined:undefined":7,"s:44:4:44:Infinity":35,"b:44:8:44:19:44:19:44:37":8,"s:44:37:44:Infinity":36,"s:46:20:46:Infinity":37,"b:46:40:46:82:46:82:46:Infinity":9,"s:47:20:47:Infinity":38,"s:49:20:51:Infinity":39,"b:50:10:50:Infinity:51:10:51:Infinity":10,"b:50:78:50:104:50:104:50:Infinity":11,"b:51:100:51:128:51:128:51:131":12,"s:53:4:60:Infinity":40}}}
,"/home/maol/raindrop/client/src/components/ProviderButton.jsx": {"path":"/home/maol/raindrop/client/src/components/ProviderButton.jsx","statementMap":{"0":{"start":{"line":3,"column":6},"end":{"line":45,"column":null}},"1":{"start":{"line":4,"column":4},"end":{"line":43,"column":null}},"2":{"start":{"line":17,"column":31},"end":{"line":17,"column":null}},"3":{"start":{"line":36,"column":39},"end":{"line":36,"column":null}}},"fnMap":{"0":{"name":"(anonymous_0)","decl":{"start":{"line":3,"column":6},"end":{"line":3,"column":24}},"loc":{"start":{"line":3,"column":89},"end":{"line":45,"column":null}},"line":3},"1":{"name":"(anonymous_1)","decl":{"start":{"line":17,"column":16},"end":{"line":17,"column":31}},"loc":{"start":{"line":17,"column":31},"end":{"line":17,"column":null}},"line":17},"2":{"name":"(anonymous_2)","decl":{"start":{"line":36,"column":24},"end":{"line":36,"column":39}},"loc":{"start":{"line":36,"column":39},"end":{"line":36,"column":null}},"line":36}},"branchMap":{"0":{"loc":{"start":{"line":6,"column":14},"end":{"line":8,"column":null}},"type":"cond-expr","locations":[{"start":{"line":7,"column":18},"end":{"line":7,"column":null}},{"start":{"line":8,"column":18},"end":{"line":8,"column":null}}],"line":6},"1":{"loc":{"start":{"line":13,"column":22},"end":{"line":15,"column":null}},"type":"cond-expr","locations":[{"start":{"line":14,"column":26},"end":{"line":14,"column":null}},{"start":{"line":15,"column":26},"end":{"line":15,"column":null}}],"line":13},"2":{"loc":{"start":{"line":17,"column":31},"end":{"line":17,"column":null}},"type":"binary-expr","locations":[{"start":{"line":17,"column":31},"end":{"line":17,"column":47}},{"start":{"line":17,"column":47},"end":{"line":17,"column":null}}],"line":17},"3":{"loc":{"start":{"line":22,"column":25},"end":{"line":22,"column":null}},"type":"cond-expr","locations":[{"start":{"line":22,"column":39},"end":{"line":22,"column":72}},{"start":{"line":22,"column":72},"end":{"line":22,"column":null}}],"line":22},"4":{"loc":{"start":{"line":25,"column":17},"end":{"line":30,"column":null}},"type":"binary-expr","locations":[{"start":{"line":25,"column":17},"end":{"line":25,"column":null}},{"start":{"line":26,"column":20},"end":{"line":30,"column":null}}],"line":25},"5":{"loc":{"start":{"line":32,"column":13},"end":{"line":43,"column":null}},"type":"binary-expr","locations":[{"start":{"line":32,"column":13},"end":{"line":32,"column":28}},{"start":{"line":32,"column":28},"end":{"line":32,"column":null}},{"start":{"line":33,"column":16},"end":{"line":43,"column":null}}],"line":32}},"s":{"0":2,"1":201,"2":2,"3":3},"f":{"0":201,"1":2,"2":3},"b":{"0":[105,96],"1":[105,96],"2":[2,2],"3":[105,96],"4":[201,105],"5":[201,105,103]},"meta":{"lastBranch":6,"lastFunction":3,"lastStatement":4,"seen":{"s:3:6:45:Infinity":0,"f:3:6:3:24":0,"s:4:4:43:Infinity":1,"b:7:18:7:Infinity:8:18:8:Infinity":0,"b:14:26:14:Infinity:15:26:15:Infinity":1,"f:17:16:17:31":1,"s:17:31:17:Infinity":2,"b:17:31:17:47:17:47:17:Infinity":2,"b:22:39:22:72:22:72:22:Infinity":3,"b:25:17:25:Infinity:26:20:30:Infinity":4,"b:32:13:32:28:32:28:32:Infinity:33:16:43:Infinity":5,"f:36:24:36:39":2,"s:36:39:36:Infinity":3}}}
,"/home/maol/raindrop/client/src/components/PublishOverlay.jsx": {"path":"/home/maol/raindrop/client/src/components/PublishOverlay.jsx","statementMap":{"0":{"start":{"line":3,"column":6},"end":{"line":56,"column":null}},"1":{"start":{"line":4,"column":20},"end":{"line":4,"column":null}},"2":{"start":{"line":5,"column":23},"end":{"line":7,"column":null}},"3":{"start":{"line":9,"column":4},"end":{"line":54,"column":null}},"4":{"start":{"line":35,"column":63},"end":{"line":35,"column":85}}},"fnMap":{"0":{"name":"(anonymous_0)","decl":{"start":{"line":3,"column":6},"end":{"line":3,"column":24}},"loc":{"start":{"line":3,"column":89},"end":{"line":56,"column":null}},"line":3},"1":{"name":"(anonymous_1)","decl":{"start":{"line":35,"column":47},"end":{"line":35,"column":52}},"loc":{"start":{"line":35,"column":63},"end":{"line":35,"column":85}},"line":35}},"branchMap":{"0":{"loc":{"start":{"line":5,"column":23},"end":{"line":7,"column":null}},"type":"cond-expr","locations":[{"start":{"line":6,"column":10},"end":{"line":6,"column":null}},{"start":{"line":7,"column":10},"end":{"line":7,"column":null}}],"line":5},"1":{"loc":{"start":{"line":17,"column":25},"end":{"line":17,"column":48}},"type":"cond-expr","locations":[{"start":{"line":17,"column":35},"end":{"line":17,"column":42}},{"start":{"line":17,"column":42},"end":{"line":17,"column":48}}],"line":17},"2":{"loc":{"start":{"line":20,"column":21},"end":{"line":28,"column":null}},"type":"binary-expr","locations":[{"start":{"line":20,"column":21},"end":{"line":20,"column":null}},{"start":{"line":21,"column":24},"end":{"line":28,"column":null}}],"line":20},"3":{"loc":{"start":{"line":31,"column":21},"end":{"line":37,"column":null}},"type":"binary-expr","locations":[{"start":{"line":31,"column":21},"end":{"line":31,"column":38}},{"start":{"line":31,"column":38},"end":{"line":31,"column":null}},{"start":{"line":32,"column":24},"end":{"line":37,"column":null}}],"line":31},"4":{"loc":{"start":{"line":40,"column":21},"end":{"line":41,"column":null}},"type":"binary-expr","locations":[{"start":{"line":40,"column":21},"end":{"line":40,"column":null}},{"start":{"line":41,"column":24},"end":{"line":41,"column":null}}],"line":40}},"s":{"0":2,"1":20,"2":20,"3":20,"4":4},"f":{"0":20,"1":4},"b":{"0":[3,17],"1":[3,17],"2":[20,11],"3":[20,2,2],"4":[20,2]},"meta":{"lastBranch":5,"lastFunction":2,"lastStatement":5,"seen":{"s:3:6:56:Infinity":0,"f:3:6:3:24":0,"s:4:20:4:Infinity":1,"s:5:23:7:Infinity":2,"b:6:10:6:Infinity:7:10:7:Infinity":0,"s:9:4:54:Infinity":3,"b:17:35:17:42:17:42:17:48":1,"b:20:21:20:Infinity:21:24:28:Infinity":2,"b:31:21:31:38:31:38:31:Infinity:32:24:37:Infinity":3,"f:35:47:35:52":1,"s:35:63:35:85":4,"b:40:21:40:Infinity:41:24:41:Infinity":4}}}
,"/home/maol/raindrop/client/src/components/ThemeToggle.jsx": {"path":"/home/maol/raindrop/client/src/components/ThemeToggle.jsx","statementMap":{"0":{"start":{"line":3,"column":6},"end":{"line":42,"column":null}},"1":{"start":{"line":4,"column":19},"end":{"line":8,"column":null}},"2":{"start":{"line":5,"column":27},"end":{"line":5,"column":null}},"3":{"start":{"line":6,"column":28},"end":{"line":6,"column":null}},"4":{"start":{"line":7,"column":8},"end":{"line":7,"column":null}},"5":{"start":{"line":10,"column":4},"end":{"line":16,"column":null}},"6":{"start":{"line":11,"column":8},"end":{"line":15,"column":null}},"7":{"start":{"line":12,"column":12},"end":{"line":12,"column":null}},"8":{"start":{"line":14,"column":12},"end":{"line":14,"column":null}},"9":{"start":{"line":18,"column":10},"end":{"line":23,"column":null}},"10":{"start":{"line":19,"column":21},"end":{"line":19,"column":null}},"11":{"start":{"line":20,"column":8},"end":{"line":20,"column":null}},"12":{"start":{"line":22,"column":8},"end":{"line":22,"column":null}},"13":{"start":{"line":25,"column":4},"end":{"line":40,"column":null}}},"fnMap":{"0":{"name":"(anonymous_0)","decl":{"start":{"line":3,"column":6},"end":{"line":3,"column":26}},"loc":{"start":{"line":3,"column":26},"end":{"line":42,"column":null}},"line":3},"1":{"name":"(anonymous_1)","decl":{"start":{"line":4,"column":32},"end":{"line":4,"column":47}},"loc":{"start":{"line":4,"column":47},"end":{"line":8,"column":5}},"line":4},"2":{"name":"(anonymous_2)","decl":{"start":{"line":10,"column":4},"end":{"line":10,"column":20}},"loc":{"start":{"line":10,"column":20},"end":{"line":16,"column":7}},"line":10},"3":{"name":"(anonymous_3)","decl":{"start":{"line":18,"column":10},"end":{"line":18,"column":30}},"loc":{"start":{"line":18,"column":30},"end":{"line":23,"column":null}},"line":18}},"branchMap":{"0":{"loc":{"start":{"line":7,"column":15},"end":{"line":7,"column":null}},"type":"binary-expr","locations":[{"start":{"line":7,"column":15},"end":{"line":7,"column":41}},{"start":{"line":7,"column":41},"end":{"line":7,"column":56}},{"start":{"line":7,"column":56},"end":{"line":7,"column":null}}],"line":7},"1":{"loc":{"start":{"line":11,"column":8},"end":{"line":15,"column":null}},"type":"if","locations":[{"start":{"line":11,"column":8},"end":{"line":15,"column":null}},{"start":{"line":13,"column":15},"end":{"line":15,"column":null}}],"line":11},"2":{"loc":{"start":{"line":22,"column":38},"end":{"line":22,"column":61}},"type":"cond-expr","locations":[{"start":{"line":22,"column":45},"end":{"line":22,"column":54}},{"start":{"line":22,"column":54},"end":{"line":22,"column":61}}],"line":22},"3":{"loc":{"start":{"line":31,"column":13},"end":{"line":38,"column":null}},"type":"cond-expr","locations":[{"start":{"line":32,"column":16},"end":{"line":36,"column":17}},{"start":{"line":36,"column":16},"end":{"line":38,"column":null}}],"line":31}},"s":{"0":2,"1":15,"2":12,"3":12,"4":12,"5":15,"6":14,"7":3,"8":11,"9":15,"10":2,"11":2,"12":2,"13":15},"f":{"0":15,"1":12,"2":14,"3":2},"b":{"0":[12,11,10],"1":[3,11],"2":[1,1],"3":[3,12]},"meta":{"lastBranch":4,"lastFunction":4,"lastStatement":14,"seen":{"s:3:6:42:Infinity":0,"f:3:6:3:26":0,"s:4:19:8:Infinity":1,"f:4:32:4:47":1,"s:5:27:5:Infinity":2,"s:6:28:6:Infinity":3,"s:7:8:7:Infinity":4,"b:7:15:7:41:7:41:7:56:7:56:7:Infinity":0,"s:10:4:16:Infinity":5,"f:10:4:10:20":2,"b:11:8:15:Infinity:13:15:15:Infinity":1,"s:11:8:15:Infinity":6,"s:12:12:12:Infinity":7,"s:14:12:14:Infinity":8,"s:18:10:23:Infinity":9,"f:18:10:18:30":3,"s:19:21:19:Infinity":10,"s:20:8:20:Infinity":11,"s:22:8:22:Infinity":12,"b:22:45:22:54:22:54:22:61":2,"s:25:4:40:Infinity":13,"b:32:16:36:17:36:16:38:Infinity":3}}}
,"/home/maol/raindrop/client/src/pages/PostPage.jsx": {"path":"/home/maol/raindrop/client/src/pages/PostPage.jsx","statementMap":{"0":{"start":{"line":12,"column":6},"end":{"line":16,"column":null}},"1":{"start":{"line":13,"column":16},"end":{"line":13,"column":null}},"2":{"start":{"line":14,"column":14},"end":{"line":14,"column":null}},"3":{"start":{"line":15,"column":4},"end":{"line":15,"column":null}},"4":{"start":{"line":24,"column":6},"end":{"line":31,"column":null}},"5":{"start":{"line":25,"column":19},"end":{"line":25,"column":null}},"6":{"start":{"line":26,"column":10},"end":{"line":28,"column":null}},"7":{"start":{"line":27,"column":19},"end":{"line":27,"column":80}},"8":{"start":{"line":29,"column":22},"end":{"line":29,"column":null}},"9":{"start":{"line":30,"column":4},"end":{"line":30,"column":null}},"10":{"start":{"line":33,"column":6},"end":{"line":36,"column":null}},"11":{"start":{"line":33,"column":26},"end":{"line":36,"column":null}},"12":{"start":{"line":38,"column":6},"end":{"line":47,"column":null}},"13":{"start":{"line":39,"column":16},"end":{"line":39,"column":null}},"14":{"start":{"line":40,"column":4},"end":{"line":40,"column":null}},"15":{"start":{"line":40,"column":38},"end":{"line":40,"column":null}},"16":{"start":{"line":41,"column":18},"end":{"line":41,"column":null}},"17":{"start":{"line":42,"column":4},"end":{"line":42,"column":null}},"18":{"start":{"line":42,"column":42},"end":{"line":42,"column":null}},"19":{"start":{"line":43,"column":16},"end":{"line":43,"column":null}},"20":{"start":{"line":44,"column":4},"end":{"line":44,"column":null}},"21":{"start":{"line":45,"column":4},"end":{"line":45,"column":null}},"22":{"start":{"line":46,"column":4},"end":{"line":46,"column":null}},"23":{"start":{"line":49,"column":6},"end":{"line":73,"column":null}},"24":{"start":{"line":50,"column":16},"end":{"line":50,"column":null}},"25":{"start":{"line":51,"column":4},"end":{"line":51,"column":null}},"26":{"start":{"line":51,"column":14},"end":{"line":51,"column":null}},"27":{"start":{"line":52,"column":18},"end":{"line":52,"column":null}},"28":{"start":{"line":53,"column":20},"end":{"line":53,"column":null}},"29":{"start":{"line":54,"column":19},"end":{"line":54,"column":null}},"30":{"start":{"line":56,"column":17},"end":{"line":56,"column":null}},"31":{"start":{"line":57,"column":4},"end":{"line":66,"column":null}},"32":{"start":{"line":58,"column":20},"end":{"line":58,"column":null}},"33":{"start":{"line":59,"column":8},"end":{"line":64,"column":null}},"34":{"start":{"line":60,"column":12},"end":{"line":60,"column":null}},"35":{"start":{"line":61,"column":12},"end":{"line":61,"column":null}},"36":{"start":{"line":62,"column":12},"end":{"line":62,"column":null}},"37":{"start":{"line":63,"column":12},"end":{"line":63,"column":null}},"38":{"start":{"line":65,"column":8},"end":{"line":65,"column":null}},"39":{"start":{"line":67,"column":4},"end":{"line":70,"column":null}},"40":{"start":{"line":68,"column":8},"end":{"line":68,"column":null}},"41":{"start":{"line":69,"column":8},"end":{"line":69,"column":null}},"42":{"start":{"line":71,"column":4},"end":{"line":71,"column":null}},"43":{"start":{"line":72,"column":4},"end":{"line":72,"column":null}},"44":{"start":{"line":77,"column":6},"end":{"line":164,"column":null}},"45":{"start":{"line":78,"column":10},"end":{"line":78,"column":null}},"46":{"start":{"line":80,"column":23},"end":{"line":80,"column":null}},"47":{"start":{"line":81,"column":24},"end":{"line":83,"column":null}},"48":{"start":{"line":85,"column":4},"end":{"line":93,"column":null}},"49":{"start":{"line":86,"column":19},"end":{"line":86,"column":null}},"50":{"start":{"line":87,"column":8},"end":{"line":87,"column":null}},"51":{"start":{"line":87,"column":17},"end":{"line":87,"column":null}},"52":{"start":{"line":88,"column":8},"end":{"line":88,"column":null}},"53":{"start":{"line":88,"column":42},"end":{"line":88,"column":null}},"54":{"start":{"line":89,"column":26},"end":{"line":89,"column":null}},"55":{"start":{"line":90,"column":28},"end":{"line":90,"column":null}},"56":{"start":{"line":91,"column":8},"end":{"line":91,"column":null}},"57":{"start":{"line":92,"column":8},"end":{"line":92,"column":null}},"58":{"start":{"line":92,"column":34},"end":{"line":92,"column":null}},"59":{"start":{"line":95,"column":4},"end":{"line":106,"column":null}},"60":{"start":{"line":95,"column":36},"end":{"line":106,"column":8}},"61":{"start":{"line":96,"column":21},"end":{"line":96,"column":null}},"62":{"start":{"line":97,"column":23},"end":{"line":97,"column":null}},"63":{"start":{"line":99,"column":23},"end":{"line":99,"column":null}},"64":{"start":{"line":100,"column":12},"end":{"line":100,"column":null}},"65":{"start":{"line":103,"column":23},"end":{"line":103,"column":null}},"66":{"start":{"line":104,"column":12},"end":{"line":104,"column":null}},"67":{"start":{"line":104,"column":20},"end":{"line":104,"column":null}},"68":{"start":{"line":108,"column":10},"end":{"line":110,"column":null}},"69":{"start":{"line":109,"column":8},"end":{"line":109,"column":null}},"70":{"start":{"line":112,"column":10},"end":{"line":124,"column":null}},"71":{"start":{"line":113,"column":8},"end":{"line":123,"column":null}},"72":{"start":{"line":114,"column":12},"end":{"line":114,"column":null}},"73":{"start":{"line":115,"column":23},"end":{"line":115,"column":null}},"74":{"start":{"line":116,"column":12},"end":{"line":116,"column":null}},"75":{"start":{"line":116,"column":21},"end":{"line":116,"column":null}},"76":{"start":{"line":117,"column":27},"end":{"line":117,"column":null}},"77":{"start":{"line":118,"column":25},"end":{"line":118,"column":null}},"78":{"start":{"line":119,"column":12},"end":{"line":119,"column":null}},"79":{"start":{"line":120,"column":12},"end":{"line":122,"column":null}},"80":{"start":{"line":121,"column":16},"end":{"line":121,"column":null}},"81":{"start":{"line":121,"column":35},"end":{"line":121,"column":null}},"82":{"start":{"line":126,"column":10},"end":{"line":136,"column":null}},"83":{"start":{"line":127,"column":8},"end":{"line":127,"column":null}},"84":{"start":{"line":128,"column":14},"end":{"line":128,"column":null}},"85":{"start":{"line":129,"column":19},"end":{"line":129,"column":null}},"86":{"start":{"line":130,"column":23},"end":{"line":130,"column":null}},"87":{"start":{"line":131,"column":21},"end":{"line":131,"column":null}},"88":{"start":{"line":132,"column":8},"end":{"line":132,"column":null}},"89":{"start":{"line":133,"column":8},"end":{"line":135,"column":null}},"90":{"start":{"line":134,"column":12},"end":{"line":134,"column":null}},"91":{"start":{"line":134,"column":31},"end":{"line":134,"column":null}},"92":{"start":{"line":138,"column":4},"end":{"line":162,"column":null}},"93":{"start":{"line":167,"column":6},"end":{"line":229,"column":null}},"94":{"start":{"line":168,"column":23},"end":{"line":168,"column":null}},"95":{"start":{"line":169,"column":22},"end":{"line":169,"column":null}},"96":{"start":{"line":170,"column":10},"end":{"line":177,"column":null}},"97":{"start":{"line":171,"column":8},"end":{"line":171,"column":null}},"98":{"start":{"line":171,"column":22},"end":{"line":171,"column":null}},"99":{"start":{"line":172,"column":8},"end":{"line":176,"column":null}},"100":{"start":{"line":173,"column":12},"end":{"line":173,"column":null}},"101":{"start":{"line":174,"column":15},"end":{"line":176,"column":null}},"102":{"start":{"line":175,"column":12},"end":{"line":175,"column":null}},"103":{"start":{"line":178,"column":10},"end":{"line":180,"column":null}},"104":{"start":{"line":179,"column":8},"end":{"line":179,"column":null}},"105":{"start":{"line":179,"column":33},"end":{"line":179,"column":null}},"106":{"start":{"line":181,"column":10},"end":{"line":183,"column":null}},"107":{"start":{"line":182,"column":8},"end":{"line":182,"column":null}},"108":{"start":{"line":182,"column":21},"end":{"line":182,"column":null}},"109":{"start":{"line":184,"column":4},"end":{"line":227,"column":null}},"110":{"start":{"line":196,"column":46},"end":{"line":196,"column":67}},"111":{"start":{"line":196,"column":67},"end":{"line":196,"column":78}},"112":{"start":{"line":201,"column":46},"end":{"line":201,"column":67}},"113":{"start":{"line":201,"column":67},"end":{"line":201,"column":83}},"114":{"start":{"line":234,"column":6},"end":{"line":1073,"column":null}},"115":{"start":{"line":235,"column":21},"end":{"line":235,"column":null}},"116":{"start":{"line":236,"column":22},"end":{"line":236,"column":null}},"117":{"start":{"line":237,"column":25},"end":{"line":237,"column":null}},"118":{"start":{"line":240,"column":22},"end":{"line":240,"column":null}},"119":{"start":{"line":241,"column":25},"end":{"line":241,"column":null}},"120":{"start":{"line":242,"column":28},"end":{"line":242,"column":null}},"121":{"start":{"line":245,"column":18},"end":{"line":245,"column":null}},"122":{"start":{"line":246,"column":19},"end":{"line":246,"column":null}},"123":{"start":{"line":247,"column":17},"end":{"line":247,"column":null}},"124":{"start":{"line":248,"column":19},"end":{"line":248,"column":null}},"125":{"start":{"line":251,"column":24},"end":{"line":251,"column":null}},"126":{"start":{"line":252,"column":10},"end":{"line":252,"column":null}},"127":{"start":{"line":255,"column":24},"end":{"line":255,"column":null}},"128":{"start":{"line":258,"column":27},"end":{"line":258,"column":null}},"129":{"start":{"line":259,"column":24},"end":{"line":259,"column":null}},"130":{"start":{"line":260,"column":25},"end":{"line":260,"column":null}},"131":{"start":{"line":263,"column":24},"end":{"line":263,"column":null}},"132":{"start":{"line":266,"column":25},"end":{"line":266,"column":null}},"133":{"start":{"line":267,"column":27},"end":{"line":267,"column":null}},"134":{"start":{"line":268,"column":20},"end":{"line":268,"column":null}},"135":{"start":{"line":271,"column":26},"end":{"line":271,"column":null}},"136":{"start":{"line":274,"column":28},"end":{"line":274,"column":null}},"137":{"start":{"line":275,"column":30},"end":{"line":275,"column":null}},"138":{"start":{"line":276,"column":24},"end":{"line":276,"column":null}},"139":{"start":{"line":279,"column":32},"end":{"line":279,"column":null}},"140":{"start":{"line":282,"column":25},"end":{"line":282,"column":null}},"141":{"start":{"line":285,"column":27},"end":{"line":285,"column":null}},"142":{"start":{"line":285,"column":48},"end":{"line":285,"column":98}},"143":{"start":{"line":288,"column":25},"end":{"line":288,"column":null}},"144":{"start":{"line":289,"column":26},"end":{"line":289,"column":null}},"145":{"start":{"line":291,"column":10},"end":{"line":291,"column":null}},"146":{"start":{"line":292,"column":10},"end":{"line":292,"column":null}},"147":{"start":{"line":294,"column":10},"end":{"line":297,"column":null}},"148":{"start":{"line":295,"column":8},"end":{"line":296,"column":null}},"149":{"start":{"line":295,"column":14},"end":{"line":295,"column":67}},"150":{"start":{"line":296,"column":16},"end":{"line":296,"column":27}},"151":{"start":{"line":301,"column":10},"end":{"line":305,"column":null}},"152":{"start":{"line":302,"column":8},"end":{"line":302,"column":null}},"153":{"start":{"line":302,"column":24},"end":{"line":302,"column":null}},"154":{"start":{"line":303,"column":18},"end":{"line":303,"column":null}},"155":{"start":{"line":304,"column":8},"end":{"line":304,"column":null}},"156":{"start":{"line":307,"column":27},"end":{"line":309,"column":null}},"157":{"start":{"line":311,"column":10},"end":{"line":328,"column":null}},"158":{"start":{"line":312,"column":8},"end":{"line":312,"column":null}},"159":{"start":{"line":313,"column":8},"end":{"line":327,"column":null}},"160":{"start":{"line":314,"column":27},"end":{"line":314,"column":null}},"161":{"start":{"line":315,"column":12},"end":{"line":315,"column":null}},"162":{"start":{"line":316,"column":12},"end":{"line":319,"column":null}},"163":{"start":{"line":317,"column":16},"end":{"line":317,"column":null}},"164":{"start":{"line":317,"column":40},"end":{"line":317,"column":null}},"165":{"start":{"line":318,"column":16},"end":{"line":318,"column":null}},"166":{"start":{"line":321,"column":12},"end":{"line":321,"column":null}},"167":{"start":{"line":322,"column":12},"end":{"line":324,"column":null}},"168":{"start":{"line":323,"column":16},"end":{"line":323,"column":null}},"169":{"start":{"line":326,"column":12},"end":{"line":326,"column":null}},"170":{"start":{"line":330,"column":4},"end":{"line":332,"column":null}},"171":{"start":{"line":331,"column":8},"end":{"line":331,"column":null}},"172":{"start":{"line":331,"column":25},"end":{"line":331,"column":null}},"173":{"start":{"line":334,"column":4},"end":{"line":340,"column":null}},"174":{"start":{"line":335,"column":8},"end":{"line":339,"column":null}},"175":{"start":{"line":337,"column":16},"end":{"line":337,"column":null}},"176":{"start":{"line":337,"column":52},"end":{"line":337,"column":null}},"177":{"start":{"line":342,"column":4},"end":{"line":347,"column":null}},"178":{"start":{"line":343,"column":21},"end":{"line":343,"column":null}},"179":{"start":{"line":344,"column":8},"end":{"line":346,"column":null}},"180":{"start":{"line":345,"column":12},"end":{"line":345,"column":null}},"181":{"start":{"line":349,"column":4},"end":{"line":353,"column":null}},"182":{"start":{"line":350,"column":14},"end":{"line":350,"column":null}},"183":{"start":{"line":350,"column":35},"end":{"line":350,"column":null}},"184":{"start":{"line":351,"column":8},"end":{"line":351,"column":null}},"185":{"start":{"line":352,"column":8},"end":{"line":352,"column":null}},"186":{"start":{"line":352,"column":21},"end":{"line":352,"column":null}},"187":{"start":{"line":359,"column":10},"end":{"line":359,"column":null}},"188":{"start":{"line":360,"column":10},"end":{"line":360,"column":null}},"189":{"start":{"line":362,"column":10},"end":{"line":393,"column":null}},"190":{"start":{"line":363,"column":8},"end":{"line":363,"column":null}},"191":{"start":{"line":364,"column":8},"end":{"line":364,"column":null}},"192":{"start":{"line":365,"column":8},"end":{"line":392,"column":null}},"193":{"start":{"line":366,"column":25},"end":{"line":374,"column":null}},"194":{"start":{"line":375,"column":29},"end":{"line":380,"column":null}},"195":{"start":{"line":381,"column":12},"end":{"line":381,"column":null}},"196":{"start":{"line":381,"column":30},"end":{"line":381,"column":null}},"197":{"start":{"line":382,"column":25},"end":{"line":382,"column":null}},"198":{"start":{"line":383,"column":12},"end":{"line":383,"column":null}},"199":{"start":{"line":383,"column":33},"end":{"line":383,"column":null}},"200":{"start":{"line":384,"column":12},"end":{"line":384,"column":null}},"201":{"start":{"line":385,"column":12},"end":{"line":385,"column":null}},"202":{"start":{"line":385,"column":32},"end":{"line":385,"column":null}},"203":{"start":{"line":387,"column":12},"end":{"line":387,"column":null}},"204":{"start":{"line":387,"column":44},"end":{"line":387,"column":null}},"205":{"start":{"line":388,"column":12},"end":{"line":388,"column":null}},"206":{"start":{"line":389,"column":12},"end":{"line":389,"column":null}},"207":{"start":{"line":391,"column":12},"end":{"line":391,"column":null}},"208":{"start":{"line":391,"column":34},"end":{"line":391,"column":null}},"209":{"start":{"line":395,"column":10},"end":{"line":406,"column":null}},"210":{"start":{"line":396,"column":8},"end":{"line":396,"column":null}},"211":{"start":{"line":396,"column":29},"end":{"line":396,"column":null}},"212":{"start":{"line":397,"column":8},"end":{"line":405,"column":null}},"213":{"start":{"line":408,"column":10},"end":{"line":445,"column":null}},"214":{"start":{"line":409,"column":8},"end":{"line":409,"column":null}},"215":{"start":{"line":409,"column":22},"end":{"line":409,"column":null}},"216":{"start":{"line":410,"column":8},"end":{"line":410,"column":null}},"217":{"start":{"line":411,"column":8},"end":{"line":411,"column":null}},"218":{"start":{"line":412,"column":8},"end":{"line":412,"column":null}},"219":{"start":{"line":413,"column":8},"end":{"line":444,"column":null}},"220":{"start":{"line":414,"column":33},"end":{"line":414,"column":null}},"221":{"start":{"line":415,"column":31},"end":{"line":415,"column":null}},"222":{"start":{"line":416,"column":28},"end":{"line":416,"column":null}},"223":{"start":{"line":417,"column":12},"end":{"line":417,"column":null}},"224":{"start":{"line":417,"column":33},"end":{"line":417,"column":null}},"225":{"start":{"line":418,"column":12},"end":{"line":418,"column":null}},"226":{"start":{"line":419,"column":12},"end":{"line":419,"column":null}},"227":{"start":{"line":420,"column":12},"end":{"line":422,"column":null}},"228":{"start":{"line":421,"column":16},"end":{"line":421,"column":null}},"229":{"start":{"line":421,"column":40},"end":{"line":421,"column":74}},"230":{"start":{"line":423,"column":12},"end":{"line":438,"column":null}},"231":{"start":{"line":424,"column":16},"end":{"line":424,"column":null}},"232":{"start":{"line":424,"column":34},"end":{"line":424,"column":62}},"233":{"start":{"line":426,"column":16},"end":{"line":434,"column":null}},"234":{"start":{"line":435,"column":19},"end":{"line":438,"column":null}},"235":{"start":{"line":437,"column":16},"end":{"line":437,"column":null}},"236":{"start":{"line":440,"column":12},"end":{"line":440,"column":null}},"237":{"start":{"line":440,"column":46},"end":{"line":440,"column":null}},"238":{"start":{"line":441,"column":12},"end":{"line":441,"column":null}},"239":{"start":{"line":443,"column":12},"end":{"line":443,"column":null}},"240":{"start":{"line":443,"column":34},"end":{"line":443,"column":null}},"241":{"start":{"line":448,"column":4},"end":{"line":479,"column":null}},"242":{"start":{"line":449,"column":8},"end":{"line":449,"column":null}},"243":{"start":{"line":449,"column":29},"end":{"line":449,"column":null}},"244":{"start":{"line":450,"column":8},"end":{"line":450,"column":null}},"245":{"start":{"line":450,"column":60},"end":{"line":450,"column":null}},"246":{"start":{"line":451,"column":8},"end":{"line":451,"column":null}},"247":{"start":{"line":453,"column":8},"end":{"line":453,"column":null}},"248":{"start":{"line":454,"column":8},"end":{"line":454,"column":null}},"249":{"start":{"line":455,"column":27},"end":{"line":455,"column":null}},"250":{"start":{"line":458,"column":8},"end":{"line":458,"column":null}},"251":{"start":{"line":459,"column":8},"end":{"line":459,"column":null}},"252":{"start":{"line":460,"column":8},"end":{"line":460,"column":null}},"253":{"start":{"line":461,"column":8},"end":{"line":461,"column":null}},"254":{"start":{"line":462,"column":8},"end":{"line":462,"column":null}},"255":{"start":{"line":463,"column":8},"end":{"line":463,"column":null}},"256":{"start":{"line":464,"column":8},"end":{"line":464,"column":null}},"257":{"start":{"line":465,"column":8},"end":{"line":465,"column":null}},"258":{"start":{"line":466,"column":8},"end":{"line":466,"column":null}},"259":{"start":{"line":467,"column":8},"end":{"line":467,"column":null}},"260":{"start":{"line":468,"column":8},"end":{"line":468,"column":null}},"261":{"start":{"line":469,"column":8},"end":{"line":469,"column":null}},"262":{"start":{"line":470,"column":8},"end":{"line":470,"column":null}},"263":{"start":{"line":471,"column":8},"end":{"line":471,"column":null}},"264":{"start":{"line":472,"column":8},"end":{"line":472,"column":null}},"265":{"start":{"line":473,"column":8},"end":{"line":473,"column":null}},"266":{"start":{"line":474,"column":8},"end":{"line":474,"column":null}},"267":{"start":{"line":477,"column":8},"end":{"line":477,"column":null}},"268":{"start":{"line":478,"column":8},"end":{"line":478,"column":null}},"269":{"start":{"line":482,"column":10},"end":{"line":493,"column":null}},"270":{"start":{"line":483,"column":24},"end":{"line":483,"column":null}},"271":{"start":{"line":484,"column":8},"end":{"line":484,"column":null}},"272":{"start":{"line":484,"column":22},"end":{"line":484,"column":null}},"273":{"start":{"line":488,"column":38},"end":{"line":488,"column":null}},"274":{"start":{"line":489,"column":26},"end":{"line":491,"column":null}},"275":{"start":{"line":492,"column":8},"end":{"line":492,"column":null}},"276":{"start":{"line":495,"column":33},"end":{"line":495,"column":null}},"277":{"start":{"line":495,"column":58},"end":{"line":495,"column":98}},"278":{"start":{"line":496,"column":29},"end":{"line":496,"column":null}},"279":{"start":{"line":496,"column":60},"end":{"line":496,"column":65}},"280":{"start":{"line":497,"column":25},"end":{"line":504,"column":null}},"281":{"start":{"line":499,"column":26},"end":{"line":499,"column":null}},"282":{"start":{"line":500,"column":12},"end":{"line":500,"column":null}},"283":{"start":{"line":500,"column":24},"end":{"line":500,"column":null}},"284":{"start":{"line":501,"column":12},"end":{"line":501,"column":null}},"285":{"start":{"line":503,"column":20},"end":{"line":503,"column":76}},"286":{"start":{"line":504,"column":31},"end":{"line":504,"column":80}},"287":{"start":{"line":504,"column":50},"end":{"line":504,"column":73}},"288":{"start":{"line":510,"column":9},"end":{"line":512,"column":null}},"289":{"start":{"line":517,"column":30},"end":{"line":517,"column":null}},"290":{"start":{"line":518,"column":23},"end":{"line":518,"column":null}},"291":{"start":{"line":519,"column":34},"end":{"line":519,"column":null}},"292":{"start":{"line":520,"column":28},"end":{"line":520,"column":null}},"293":{"start":{"line":522,"column":10},"end":{"line":536,"column":null}},"294":{"start":{"line":523,"column":23},"end":{"line":523,"column":null}},"295":{"start":{"line":524,"column":19},"end":{"line":524,"column":null}},"296":{"start":{"line":525,"column":8},"end":{"line":535,"column":null}},"297":{"start":{"line":526,"column":27},"end":{"line":526,"column":null}},"298":{"start":{"line":527,"column":25},"end":{"line":527,"column":null}},"299":{"start":{"line":528,"column":12},"end":{"line":528,"column":null}},"300":{"start":{"line":529,"column":12},"end":{"line":532,"column":null}},"301":{"start":{"line":530,"column":16},"end":{"line":530,"column":null}},"302":{"start":{"line":531,"column":16},"end":{"line":531,"column":null}},"303":{"start":{"line":534,"column":12},"end":{"line":534,"column":null}},"304":{"start":{"line":534,"column":35},"end":{"line":534,"column":47}},"305":{"start":{"line":538,"column":10},"end":{"line":538,"column":null}},"306":{"start":{"line":538,"column":30},"end":{"line":538,"column":null}},"307":{"start":{"line":538,"column":51},"end":{"line":538,"column":69}},"308":{"start":{"line":539,"column":10},"end":{"line":539,"column":null}},"309":{"start":{"line":539,"column":30},"end":{"line":539,"column":null}},"310":{"start":{"line":539,"column":51},"end":{"line":539,"column":87}},"311":{"start":{"line":540,"column":10},"end":{"line":546,"column":null}},"312":{"start":{"line":541,"column":8},"end":{"line":541,"column":null}},"313":{"start":{"line":541,"column":29},"end":{"line":541,"column":null}},"314":{"start":{"line":542,"column":8},"end":{"line":542,"column":null}},"315":{"start":{"line":543,"column":8},"end":{"line":543,"column":null}},"316":{"start":{"line":544,"column":8},"end":{"line":544,"column":null}},"317":{"start":{"line":545,"column":8},"end":{"line":545,"column":null}},"318":{"start":{"line":548,"column":28},"end":{"line":574,"column":null}},"319":{"start":{"line":549,"column":8},"end":{"line":549,"column":null}},"320":{"start":{"line":550,"column":8},"end":{"line":550,"column":null}},"321":{"start":{"line":551,"column":8},"end":{"line":551,"column":null}},"322":{"start":{"line":552,"column":8},"end":{"line":573,"column":null}},"323":{"start":{"line":553,"column":29},"end":{"line":560,"column":null}},"324":{"start":{"line":561,"column":12},"end":{"line":561,"column":null}},"325":{"start":{"line":561,"column":30},"end":{"line":561,"column":null}},"326":{"start":{"line":562,"column":25},"end":{"line":562,"column":null}},"327":{"start":{"line":563,"column":12},"end":{"line":563,"column":null}},"328":{"start":{"line":564,"column":12},"end":{"line":564,"column":null}},"329":{"start":{"line":565,"column":12},"end":{"line":567,"column":null}},"330":{"start":{"line":566,"column":16},"end":{"line":566,"column":null}},"331":{"start":{"line":569,"column":12},"end":{"line":569,"column":null}},"332":{"start":{"line":569,"column":44},"end":{"line":569,"column":null}},"333":{"start":{"line":570,"column":12},"end":{"line":570,"column":null}},"334":{"start":{"line":572,"column":12},"end":{"line":572,"column":null}},"335":{"start":{"line":576,"column":30},"end":{"line":595,"column":null}},"336":{"start":{"line":577,"column":8},"end":{"line":577,"column":null}},"337":{"start":{"line":577,"column":54},"end":{"line":577,"column":null}},"338":{"start":{"line":578,"column":8},"end":{"line":578,"column":null}},"339":{"start":{"line":579,"column":8},"end":{"line":579,"column":null}},"340":{"start":{"line":580,"column":8},"end":{"line":594,"column":null}},"341":{"start":{"line":581,"column":27},"end":{"line":586,"column":null}},"342":{"start":{"line":582,"column":31},"end":{"line":582,"column":null}},"343":{"start":{"line":583,"column":16},"end":{"line":583,"column":null}},"344":{"start":{"line":583,"column":38},"end":{"line":583,"column":null}},"345":{"start":{"line":584,"column":16},"end":{"line":584,"column":null}},"346":{"start":{"line":584,"column":39},"end":{"line":584,"column":null}},"347":{"start":{"line":585,"column":16},"end":{"line":585,"column":null}},"348":{"start":{"line":587,"column":28},"end":{"line":587,"column":null}},"349":{"start":{"line":588,"column":12},"end":{"line":588,"column":null}},"350":{"start":{"line":589,"column":12},"end":{"line":589,"column":null}},"351":{"start":{"line":591,"column":12},"end":{"line":591,"column":null}},"352":{"start":{"line":593,"column":12},"end":{"line":593,"column":null}},"353":{"start":{"line":597,"column":10},"end":{"line":601,"column":null}},"354":{"start":{"line":598,"column":8},"end":{"line":598,"column":null}},"355":{"start":{"line":599,"column":21},"end":{"line":599,"column":null}},"356":{"start":{"line":600,"column":8},"end":{"line":600,"column":null}},"357":{"start":{"line":603,"column":10},"end":{"line":613,"column":null}},"358":{"start":{"line":604,"column":22},"end":{"line":604,"column":null}},"359":{"start":{"line":605,"column":8},"end":{"line":605,"column":null}},"360":{"start":{"line":605,"column":20},"end":{"line":605,"column":null}},"361":{"start":{"line":606,"column":8},"end":{"line":612,"column":null}},"362":{"start":{"line":606,"column":21},"end":{"line":606,"column":24}},"363":{"start":{"line":607,"column":12},"end":{"line":611,"column":null}},"364":{"start":{"line":608,"column":29},"end":{"line":608,"column":null}},"365":{"start":{"line":609,"column":16},"end":{"line":609,"column":null}},"366":{"start":{"line":610,"column":16},"end":{"line":610,"column":null}},"367":{"start":{"line":615,"column":4},"end":{"line":618,"column":null}},"368":{"start":{"line":616,"column":8},"end":{"line":616,"column":null}},"369":{"start":{"line":617,"column":8},"end":{"line":617,"column":null}},"370":{"start":{"line":617,"column":21},"end":{"line":617,"column":null}},"371":{"start":{"line":620,"column":10},"end":{"line":623,"column":null}},"372":{"start":{"line":621,"column":8},"end":{"line":621,"column":null}},"373":{"start":{"line":622,"column":8},"end":{"line":622,"column":null}},"374":{"start":{"line":625,"column":10},"end":{"line":628,"column":null}},"375":{"start":{"line":626,"column":8},"end":{"line":626,"column":null}},"376":{"start":{"line":627,"column":8},"end":{"line":627,"column":null}},"377":{"start":{"line":627,"column":41},"end":{"line":627,"column":null}},"378":{"start":{"line":630,"column":10},"end":{"line":638,"column":null}},"379":{"start":{"line":631,"column":8},"end":{"line":637,"column":null}},"380":{"start":{"line":632,"column":26},"end":{"line":632,"column":null}},"381":{"start":{"line":633,"column":31},"end":{"line":633,"column":null}},"382":{"start":{"line":634,"column":23},"end":{"line":634,"column":null}},"383":{"start":{"line":635,"column":27},"end":{"line":635,"column":null}},"384":{"start":{"line":636,"column":21},"end":{"line":636,"column":null}},"385":{"start":{"line":640,"column":26},"end":{"line":677,"column":null}},"386":{"start":{"line":641,"column":8},"end":{"line":641,"column":null}},"387":{"start":{"line":641,"column":29},"end":{"line":641,"column":null}},"388":{"start":{"line":642,"column":8},"end":{"line":642,"column":null}},"389":{"start":{"line":643,"column":8},"end":{"line":676,"column":null}},"390":{"start":{"line":644,"column":44},"end":{"line":644,"column":null}},"391":{"start":{"line":648,"column":29},"end":{"line":648,"column":null}},"392":{"start":{"line":650,"column":27},"end":{"line":650,"column":null}},"393":{"start":{"line":652,"column":29},"end":{"line":652,"column":null}},"394":{"start":{"line":653,"column":24},"end":{"line":653,"column":null}},"395":{"start":{"line":654,"column":12},"end":{"line":660,"column":null}},"396":{"start":{"line":655,"column":32},"end":{"line":657,"column":null}},"397":{"start":{"line":656,"column":33},"end":{"line":656,"column":42}},"398":{"start":{"line":658,"column":27},"end":{"line":658,"column":null}},"399":{"start":{"line":659,"column":16},"end":{"line":659,"column":null}},"400":{"start":{"line":659,"column":25},"end":{"line":659,"column":null}},"401":{"start":{"line":662,"column":12},"end":{"line":668,"column":null}},"402":{"start":{"line":670,"column":12},"end":{"line":673,"column":null}},"403":{"start":{"line":675,"column":12},"end":{"line":675,"column":null}},"404":{"start":{"line":681,"column":4},"end":{"line":698,"column":null}},"405":{"start":{"line":682,"column":8},"end":{"line":696,"column":null}},"406":{"start":{"line":700,"column":4},"end":{"line":710,"column":null}},"407":{"start":{"line":701,"column":8},"end":{"line":708,"column":null}},"408":{"start":{"line":712,"column":4},"end":{"line":729,"column":null}},"409":{"start":{"line":713,"column":8},"end":{"line":727,"column":null}},"410":{"start":{"line":732,"column":8},"end":{"line":739,"column":null}},"411":{"start":{"line":742,"column":4},"end":{"line":1071,"column":null}},"412":{"start":{"line":781,"column":32},"end":{"line":790,"column":null}},"413":{"start":{"line":784,"column":56},"end":{"line":784,"column":null}},"414":{"start":{"line":785,"column":51},"end":{"line":785,"column":null}},"415":{"start":{"line":800,"column":32},"end":{"line":802,"column":null}},"416":{"start":{"line":812,"column":47},"end":{"line":812,"column":null}},"417":{"start":{"line":819,"column":47},"end":{"line":819,"column":null}},"418":{"start":{"line":826,"column":47},"end":{"line":826,"column":null}},"419":{"start":{"line":833,"column":47},"end":{"line":833,"column":null}},"420":{"start":{"line":851,"column":41},"end":{"line":851,"column":null}},"421":{"start":{"line":858,"column":95},"end":{"line":858,"column":122}},"422":{"start":{"line":863,"column":91},"end":{"line":863,"column":116}},"423":{"start":{"line":868,"column":99},"end":{"line":868,"column":126}},"424":{"start":{"line":912,"column":40},"end":{"line":927,"column":null}},"425":{"start":{"line":920,"column":67},"end":{"line":920,"column":null}},"426":{"start":{"line":940,"column":47},"end":{"line":940,"column":null}},"427":{"start":{"line":950,"column":57},"end":{"line":950,"column":null}},"428":{"start":{"line":963,"column":51},"end":{"line":963,"column":null}},"429":{"start":{"line":987,"column":51},"end":{"line":987,"column":null}},"430":{"start":{"line":1047,"column":43},"end":{"line":1047,"column":null}},"431":{"start":{"line":1048,"column":24},"end":{"line":1048,"column":null}},"432":{"start":{"line":1049,"column":24},"end":{"line":1049,"column":null}},"433":{"start":{"line":1049,"column":40},"end":{"line":1049,"column":null}},"434":{"start":{"line":1063,"column":39},"end":{"line":1063,"column":null}}},"fnMap":{"0":{"name":"(anonymous_0)","decl":{"start":{"line":12,"column":6},"end":{"line":12,"column":29}},"loc":{"start":{"line":12,"column":29},"end":{"line":16,"column":null}},"line":12},"1":{"name":"(anonymous_1)","decl":{"start":{"line":24,"column":6},"end":{"line":24,"column":27}},"loc":{"start":{"line":24,"column":49},"end":{"line":31,"column":null}},"line":24},"2":{"name":"(anonymous_2)","decl":{"start":{"line":27,"column":9},"end":{"line":27,"column":13}},"loc":{"start":{"line":27,"column":19},"end":{"line":27,"column":80}},"line":27},"3":{"name":"(anonymous_3)","decl":{"start":{"line":33,"column":6},"end":{"line":33,"column":20}},"loc":{"start":{"line":33,"column":26},"end":{"line":36,"column":null}},"line":33},"4":{"name":"(anonymous_4)","decl":{"start":{"line":38,"column":6},"end":{"line":38,"column":27}},"loc":{"start":{"line":38,"column":34},"end":{"line":47,"column":null}},"line":38},"5":{"name":"(anonymous_5)","decl":{"start":{"line":49,"column":6},"end":{"line":49,"column":27}},"loc":{"start":{"line":49,"column":42},"end":{"line":73,"column":null}},"line":49},"6":{"name":"(anonymous_6)","decl":{"start":{"line":77,"column":30},"end":{"line":77,"column":42}},"loc":{"start":{"line":77,"column":114},"end":{"line":164,"column":1}},"line":77},"7":{"name":"(anonymous_7)","decl":{"start":{"line":85,"column":4},"end":{"line":85,"column":26}},"loc":{"start":{"line":85,"column":26},"end":{"line":93,"column":7}},"line":85},"8":{"name":"(anonymous_8)","decl":{"start":{"line":95,"column":24},"end":{"line":95,"column":36}},"loc":{"start":{"line":95,"column":36},"end":{"line":106,"column":8}},"line":95},"9":{"name":"(anonymous_9)","decl":{"start":{"line":96,"column":8},"end":{"line":96,"column":21}},"loc":{"start":{"line":96,"column":21},"end":{"line":96,"column":null}},"line":96},"10":{"name":"(anonymous_10)","decl":{"start":{"line":97,"column":8},"end":{"line":97,"column":23}},"loc":{"start":{"line":97,"column":23},"end":{"line":97,"column":null}},"line":97},"11":{"name":"(anonymous_11)","decl":{"start":{"line":98,"column":8},"end":{"line":98,"column":31}},"loc":{"start":{"line":98,"column":31},"end":{"line":101,"column":null}},"line":98},"12":{"name":"(anonymous_12)","decl":{"start":{"line":102,"column":8},"end":{"line":102,"column":26}},"loc":{"start":{"line":102,"column":37},"end":{"line":105,"column":null}},"line":102},"13":{"name":"(anonymous_13)","decl":{"start":{"line":108,"column":10},"end":{"line":108,"column":25}},"loc":{"start":{"line":108,"column":31},"end":{"line":110,"column":null}},"line":108},"14":{"name":"(anonymous_14)","decl":{"start":{"line":112,"column":10},"end":{"line":112,"column":27}},"loc":{"start":{"line":112,"column":33},"end":{"line":124,"column":null}},"line":112},"15":{"name":"(anonymous_15)","decl":{"start":{"line":120,"column":12},"end":{"line":120,"column":40}},"loc":{"start":{"line":120,"column":40},"end":{"line":122,"column":13}},"line":120},"16":{"name":"(anonymous_16)","decl":{"start":{"line":126,"column":10},"end":{"line":126,"column":25}},"loc":{"start":{"line":126,"column":31},"end":{"line":136,"column":null}},"line":126},"17":{"name":"(anonymous_17)","decl":{"start":{"line":133,"column":8},"end":{"line":133,"column":36}},"loc":{"start":{"line":133,"column":36},"end":{"line":135,"column":9}},"line":133},"18":{"name":"(anonymous_18)","decl":{"start":{"line":167,"column":6},"end":{"line":167,"column":19}},"loc":{"start":{"line":167,"column":158},"end":{"line":229,"column":null}},"line":167},"19":{"name":"(anonymous_19)","decl":{"start":{"line":170,"column":10},"end":{"line":170,"column":30}},"loc":{"start":{"line":170,"column":30},"end":{"line":177,"column":null}},"line":170},"20":{"name":"(anonymous_20)","decl":{"start":{"line":178,"column":10},"end":{"line":178,"column":35}},"loc":{"start":{"line":178,"column":35},"end":{"line":180,"column":null}},"line":178},"21":{"name":"(anonymous_21)","decl":{"start":{"line":181,"column":10},"end":{"line":181,"column":35}},"loc":{"start":{"line":181,"column":35},"end":{"line":183,"column":null}},"line":181},"22":{"name":"(anonymous_22)","decl":{"start":{"line":196,"column":28},"end":{"line":196,"column":38}},"loc":{"start":{"line":196,"column":44},"end":{"line":196,"column":81}},"line":196},"23":{"name":"(anonymous_23)","decl":{"start":{"line":201,"column":28},"end":{"line":201,"column":38}},"loc":{"start":{"line":201,"column":44},"end":{"line":201,"column":86}},"line":201},"24":{"name":"(anonymous_24)","decl":{"start":{"line":234,"column":6},"end":{"line":234,"column":18}},"loc":{"start":{"line":234,"column":57},"end":{"line":1073,"column":null}},"line":234},"25":{"name":"(anonymous_25)","decl":{"start":{"line":285,"column":48},"end":{"line":285,"column":63}},"loc":{"start":{"line":285,"column":48},"end":{"line":285,"column":98}},"line":285},"26":{"name":"(anonymous_26)","decl":{"start":{"line":294,"column":10},"end":{"line":294,"column":27}},"loc":{"start":{"line":294,"column":36},"end":{"line":297,"column":null}},"line":294},"27":{"name":"(anonymous_27)","decl":{"start":{"line":301,"column":10},"end":{"line":301,"column":23}},"loc":{"start":{"line":301,"column":37},"end":{"line":305,"column":null}},"line":301},"28":{"name":"(anonymous_28)","decl":{"start":{"line":311,"column":37},"end":{"line":311,"column":49}},"loc":{"start":{"line":311,"column":49},"end":{"line":328,"column":7}},"line":311},"29":{"name":"(anonymous_29)","decl":{"start":{"line":316,"column":12},"end":{"line":316,"column":28}},"loc":{"start":{"line":316,"column":36},"end":{"line":319,"column":13}},"line":316},"30":{"name":"(anonymous_30)","decl":{"start":{"line":330,"column":4},"end":{"line":330,"column":20}},"loc":{"start":{"line":330,"column":20},"end":{"line":332,"column":7}},"line":330},"31":{"name":"(anonymous_31)","decl":{"start":{"line":334,"column":4},"end":{"line":334,"column":20}},"loc":{"start":{"line":334,"column":20},"end":{"line":340,"column":7}},"line":334},"32":{"name":"(anonymous_32)","decl":{"start":{"line":336,"column":13},"end":{"line":336,"column":18}},"loc":{"start":{"line":336,"column":28},"end":{"line":338,"column":13}},"line":336},"33":{"name":"(anonymous_33)","decl":{"start":{"line":339,"column":13},"end":{"line":339,"column":25}},"loc":{"start":{"line":339,"column":25},"end":{"line":339,"column":28}},"line":339},"34":{"name":"(anonymous_34)","decl":{"start":{"line":342,"column":4},"end":{"line":342,"column":20}},"loc":{"start":{"line":342,"column":20},"end":{"line":347,"column":7}},"line":342},"35":{"name":"(anonymous_35)","decl":{"start":{"line":349,"column":4},"end":{"line":349,"column":20}},"loc":{"start":{"line":349,"column":20},"end":{"line":353,"column":7}},"line":349},"36":{"name":"(anonymous_36)","decl":{"start":{"line":350,"column":14},"end":{"line":350,"column":35}},"loc":{"start":{"line":350,"column":35},"end":{"line":350,"column":null}},"line":350},"37":{"name":"(anonymous_37)","decl":{"start":{"line":352,"column":8},"end":{"line":352,"column":21}},"loc":{"start":{"line":352,"column":21},"end":{"line":352,"column":null}},"line":352},"38":{"name":"(anonymous_38)","decl":{"start":{"line":362,"column":42},"end":{"line":362,"column":49}},"loc":{"start":{"line":362,"column":87},"end":{"line":393,"column":7}},"line":362},"39":{"name":"(anonymous_39)","decl":{"start":{"line":395,"column":30},"end":{"line":395,"column":48}},"loc":{"start":{"line":395,"column":48},"end":{"line":406,"column":7}},"line":395},"40":{"name":"(anonymous_40)","decl":{"start":{"line":408,"column":42},"end":{"line":408,"column":49}},"loc":{"start":{"line":408,"column":69},"end":{"line":445,"column":7}},"line":408},"41":{"name":"(anonymous_41)","decl":{"start":{"line":421,"column":16},"end":{"line":421,"column":32}},"loc":{"start":{"line":421,"column":40},"end":{"line":421,"column":74}},"line":421},"42":{"name":"(anonymous_42)","decl":{"start":{"line":424,"column":16},"end":{"line":424,"column":26}},"loc":{"start":{"line":424,"column":34},"end":{"line":424,"column":62}},"line":424},"43":{"name":"(anonymous_43)","decl":{"start":{"line":448,"column":4},"end":{"line":448,"column":20}},"loc":{"start":{"line":448,"column":20},"end":{"line":479,"column":7}},"line":448},"44":{"name":"(anonymous_44)","decl":{"start":{"line":482,"column":10},"end":{"line":482,"column":29}},"loc":{"start":{"line":482,"column":48},"end":{"line":493,"column":null}},"line":482},"45":{"name":"(anonymous_45)","decl":{"start":{"line":495,"column":48},"end":{"line":495,"column":52}},"loc":{"start":{"line":495,"column":58},"end":{"line":495,"column":98}},"line":495},"46":{"name":"(anonymous_46)","decl":{"start":{"line":496,"column":50},"end":{"line":496,"column":54}},"loc":{"start":{"line":496,"column":60},"end":{"line":496,"column":65}},"line":496},"47":{"name":"(anonymous_47)","decl":{"start":{"line":498,"column":9},"end":{"line":498,"column":16}},"loc":{"start":{"line":498,"column":22},"end":{"line":502,"column":9}},"line":498},"48":{"name":"(anonymous_48)","decl":{"start":{"line":503,"column":9},"end":{"line":503,"column":13}},"loc":{"start":{"line":503,"column":20},"end":{"line":503,"column":76}},"line":503},"49":{"name":"(anonymous_49)","decl":{"start":{"line":504,"column":9},"end":{"line":504,"column":17}},"loc":{"start":{"line":504,"column":31},"end":{"line":504,"column":80}},"line":504},"50":{"name":"(anonymous_50)","decl":{"start":{"line":504,"column":35},"end":{"line":504,"column":45}},"loc":{"start":{"line":504,"column":50},"end":{"line":504,"column":73}},"line":504},"51":{"name":"(anonymous_51)","decl":{"start":{"line":522,"column":10},"end":{"line":522,"column":25}},"loc":{"start":{"line":522,"column":35},"end":{"line":536,"column":null}},"line":522},"52":{"name":"(anonymous_52)","decl":{"start":{"line":529,"column":12},"end":{"line":529,"column":40}},"loc":{"start":{"line":529,"column":40},"end":{"line":532,"column":13}},"line":529},"53":{"name":"(anonymous_53)","decl":{"start":{"line":534,"column":12},"end":{"line":534,"column":27}},"loc":{"start":{"line":534,"column":35},"end":{"line":534,"column":47}},"line":534},"54":{"name":"(anonymous_54)","decl":{"start":{"line":538,"column":10},"end":{"line":538,"column":30}},"loc":{"start":{"line":538,"column":30},"end":{"line":538,"column":null}},"line":538},"55":{"name":"(anonymous_55)","decl":{"start":{"line":538,"column":30},"end":{"line":538,"column":46}},"loc":{"start":{"line":538,"column":51},"end":{"line":538,"column":69}},"line":538},"56":{"name":"(anonymous_56)","decl":{"start":{"line":539,"column":10},"end":{"line":539,"column":30}},"loc":{"start":{"line":539,"column":30},"end":{"line":539,"column":null}},"line":539},"57":{"name":"(anonymous_57)","decl":{"start":{"line":539,"column":30},"end":{"line":539,"column":46}},"loc":{"start":{"line":539,"column":51},"end":{"line":539,"column":87}},"line":539},"58":{"name":"(anonymous_58)","decl":{"start":{"line":540,"column":10},"end":{"line":540,"column":35}},"loc":{"start":{"line":540,"column":35},"end":{"line":546,"column":null}},"line":540},"59":{"name":"(anonymous_59)","decl":{"start":{"line":548,"column":28},"end":{"line":548,"column":40}},"loc":{"start":{"line":548,"column":40},"end":{"line":574,"column":null}},"line":548},"60":{"name":"(anonymous_60)","decl":{"start":{"line":576,"column":30},"end":{"line":576,"column":37}},"loc":{"start":{"line":576,"column":46},"end":{"line":595,"column":null}},"line":576},"61":{"name":"(anonymous_61)","decl":{"start":{"line":581,"column":37},"end":{"line":581,"column":46}},"loc":{"start":{"line":581,"column":66},"end":{"line":586,"column":13}},"line":581},"62":{"name":"(anonymous_62)","decl":{"start":{"line":583,"column":23},"end":{"line":583,"column":38}},"loc":{"start":{"line":583,"column":38},"end":{"line":583,"column":null}},"line":583},"63":{"name":"(anonymous_63)","decl":{"start":{"line":584,"column":23},"end":{"line":584,"column":39}},"loc":{"start":{"line":584,"column":39},"end":{"line":584,"column":null}},"line":584},"64":{"name":"(anonymous_64)","decl":{"start":{"line"
[...]
ine":105,"column":8},"end":{"line":105,"column":null}},"59":{"start":{"line":106,"column":8},"end":{"line":108,"column":null}},"60":{"start":{"line":107,"column":12},"end":{"line":107,"column":null}},"61":{"start":{"line":109,"column":8},"end":{"line":109,"column":null}}},"fnMap":{"0":{"name":"(anonymous_0)","decl":{"start":{"line":1,"column":25},"end":{"line":1,"column":37}},"loc":{"start":{"line":1,"column":37},"end":{"line":24,"column":null}},"line":1},"1":{"name":"(anonymous_1)","decl":{"start":{"line":16,"column":25},"end":{"line":16,"column":29}},"loc":{"start":{"line":16,"column":36},"end":{"line":16,"column":75}},"line":16},"2":{"name":"(anonymous_2)","decl":{"start":{"line":26,"column":32},"end":{"line":26,"column":39}},"loc":{"start":{"line":26,"column":47},"end":{"line":81,"column":null}},"line":26},"3":{"name":"(anonymous_3)","decl":{"start":{"line":44,"column":26},"end":{"line":44,"column":30}},"loc":{"start":{"line":44,"column":38},"end":{"line":73,"column":9}},"line":44},"4":{"name":"(anonymous_4)","decl":{"start":{"line":57,"column":18},"end":{"line":57,"column":30}},"loc":{"start":{"line":57,"column":44},"end":{"line":66,"column":null}},"line":57},"5":{"name":"(anonymous_5)","decl":{"start":{"line":61,"column":34},"end":{"line":61,"column":42}},"loc":{"start":{"line":61,"column":51},"end":{"line":61,"column":81}},"line":61},"6":{"name":"(anonymous_6)","decl":{"start":{"line":83,"column":34},"end":{"line":83,"column":41}},"loc":{"start":{"line":83,"column":62},"end":{"line":111,"column":null}},"line":83}},"branchMap":{"0":{"loc":{"start":{"line":6,"column":8},"end":{"line":8,"column":null}},"type":"if","locations":[{"start":{"line":6,"column":8},"end":{"line":8,"column":null}},{"start":{},"end":{}}],"line":6},"1":{"loc":{"start":{"line":12,"column":8},"end":{"line":12,"column":null}},"type":"if","locations":[{"start":{"line":12,"column":8},"end":{"line":12,"column":null}},{"start":{},"end":{}}],"line":12},"2":{"loc":{"start":{"line":16,"column":36},"end":{"line":16,"column":75}},"type":"cond-expr","locations":[{"start":{"line":16,"column":62},"end":{"line":16,"column":72}},{"start":{"line":16,"column":72},"end":{"line":16,"column":75}}],"line":16},"3":{"loc":{"start":{"line":19,"column":8},"end":{"line":21,"column":null}},"type":"if","locations":[{"start":{"line":19,"column":8},"end":{"line":21,"column":null}},{"start":{},"end":{}}],"line":19},"4":{"loc":{"start":{"line":33,"column":8},"end":{"line":35,"column":null}},"type":"if","locations":[{"start":{"line":33,"column":8},"end":{"line":35,"column":null}},{"start":{},"end":{}}],"line":33},"5":{"loc":{"start":{"line":39,"column":8},"end":{"line":42,"column":null}},"type":"if","locations":[{"start":{"line":39,"column":8},"end":{"line":42,"column":null}},{"start":{},"end":{}}],"line":39},"6":{"loc":{"start":{"line":39,"column":12},"end":{"line":39,"column":58}},"type":"binary-expr","locations":[{"start":{"line":39,"column":12},"end":{"line":39,"column":28}},{"start":{"line":39,"column":28},"end":{"line":39,"column":45}},{"start":{"line":39,"column":45},"end":{"line":39,"column":58}}],"line":39},"7":{"loc":{"start":{"line":40,"column":54},"end":{"line":40,"column":83}},"type":"binary-expr","locations":[{"start":{"line":40,"column":54},"end":{"line":40,"column":68}},{"start":{"line":40,"column":68},"end":{"line":40,"column":83}}],"line":40},"8":{"loc":{"start":{"line":46,"column":12},"end":{"line":50,"column":null}},"type":"if","locations":[{"start":{"line":46,"column":12},"end":{"line":50,"column":null}},{"start":{"line":48,"column":19},"end":{"line":50,"column":null}}],"line":46},"9":{"loc":{"start":{"line":46,"column":16},"end":{"line":46,"column":63}},"type":"binary-expr","locations":[{"start":{"line":46,"column":16},"end":{"line":46,"column":35}},{"start":{"line":46,"column":35},"end":{"line":46,"column":63}}],"line":46},"10":{"loc":{"start":{"line":48,"column":19},"end":{"line":50,"column":null}},"type":"if","locations":[{"start":{"line":48,"column":19},"end":{"line":50,"column":null}},{"start":{},"end":{}}],"line":48},"11":{"loc":{"start":{"line":76,"column":8},"end":{"line":78,"column":null}},"type":"if","locations":[{"start":{"line":76,"column":8},"end":{"line":78,"column":null}},{"start":{},"end":{}}],"line":76},"12":{"loc":{"start":{"line":93,"column":8},"end":{"line":95,"column":null}},"type":"if","locations":[{"start":{"line":93,"column":8},"end":{"line":95,"column":null}},{"start":{},"end":{}}],"line":93},"13":{"loc":{"start":{"line":97,"column":8},"end":{"line":100,"column":null}},"type":"if","locations":[{"start":{"line":97,"column":8},"end":{"line":100,"column":null}},{"start":{},"end":{}}],"line":97},"14":{"loc":{"start":{"line":106,"column":8},"end":{"line":108,"column":null}},"type":"if","locations":[{"start":{"line":106,"column":8},"end":{"line":108,"column":null}},{"start":{},"end":{}}],"line":106}},"s":{"0":2,"1":7,"2":7,"3":7,"4":6,"5":1,"6":5,"7":5,"8":1,"9":4,"10":6,"11":2,"12":2,"13":1,"14":1,"15":2,"16":5,"17":5,"18":5,"19":5,"20":5,"21":1,"22":4,"23":4,"24":1,"25":1,"26":3,"27":9,"28":9,"29":1,"30":8,"31":1,"32":9,"33":9,"34":9,"35":9,"36":9,"37":9,"38":9,"39":9,"40":28,"41":9,"42":5,"43":9,"44":1,"45":1,"46":1,"47":0,"48":2,"49":3,"50":3,"51":3,"52":1,"53":2,"54":1,"55":1,"56":1,"57":1,"58":1,"59":1,"60":1,"61":0},"f":{"0":7,"1":6,"2":5,"3":9,"4":9,"5":28,"6":3},"b":{"0":[1,5],"1":[1,4],"2":[2,4],"3":[1,1],"4":[1,4],"5":[1,3],"6":[4,3,3],"7":[1,0],"8":[1,8],"9":[9,1],"10":[1,7],"11":[1,0],"12":[1,2],"13":[1,1],"14":[1,0]},"meta":{"lastBranch":15,"lastFunction":7,"lastStatement":62,"seen":{"s:1:25:24:Infinity":0,"f:1:25:1:37":0,"s:2:4:23:Infinity":1,"s:3:8:3:Infinity":2,"s:4:25:4:Infinity":3,"b:6:8:8:Infinity:undefined:undefined:undefined:undefined":0,"s:6:8:8:Infinity":4,"s:7:12:7:Infinity":5,"s:10:21:10:Infinity":6,"b:12:8:12:Infinity:undefined:undefined:undefined:undefined":1,"s:12:8:12:Infinity":7,"s:12:24:12:Infinity":8,"s:16:8:16:Infinity":9,"f:16:25:16:29":1,"s:16:36:16:75":10,"b:16:62:16:72:16:72:16:75":2,"s:18:8:18:Infinity":11,"b:19:8:21:Infinity:undefined:undefined:undefined:undefined":3,"s:19:8:21:Infinity":12,"s:20:12:20:Infinity":13,"s:22:8:22:Infinity":14,"s:26:32:81:Infinity":15,"f:26:32:26:39":2,"s:27:4:80:Infinity":16,"s:28:8:28:Infinity":17,"s:30:29:30:Infinity":18,"s:31:25:31:Infinity":19,"b:33:8:35:Infinity:undefined:undefined:undefined:undefined":4,"s:33:8:35:Infinity":20,"s:34:12:34:Infinity":21,"s:37:21:37:Infinity":22,"b:39:8:42:Infinity:undefined:undefined:undefined:undefined":5,"s:39:8:42:Infinity":23,"b:39:12:39:28:39:28:39:45:39:45:39:58":6,"s:40:12:40:Infinity":24,"b:40:54:40:68:40:68:40:83":7,"s:41:12:41:Infinity":25,"s:44:8:73:Infinity":26,"f:44:26:44:30":3,"s:45:32:45:Infinity":27,"b:46:12:50:Infinity:48:19:50:Infinity":8,"s:46:12:50:Infinity":28,"b:46:16:46:35:46:35:46:63":9,"s:47:16:47:Infinity":29,"b:48:19:50:Infinity:undefined:undefined:undefined:undefined":10,"s:48:19:50:Infinity":30,"s:49:16:49:Infinity":31,"s:53:25:53:Infinity":32,"s:54:12:54:Infinity":33,"s:55:12:55:Infinity":34,"s:57:18:66:Infinity":35,"f:57:18:57:30":4,"s:58:16:65:Infinity":36,"s:59:32:59:Infinity":37,"s:60:42:60:Infinity":38,"s:61:20:61:Infinity":39,"f:61:34:61:42":5,"s:61:51:61:81":40,"s:62:20:62:Infinity":41,"s:64:20:64:Infinity":42,"s:68:12:72:Infinity":43,"s:75:8:75:Infinity":44,"b:76:8:78:Infinity:undefined:undefined:undefined:undefined":11,"s:76:8:78:Infinity":45,"s:77:12:77:Infinity":46,"s:79:8:79:Infinity":47,"s:83:34:111:Infinity":48,"f:83:34:83:41":6,"s:84:4:110:Infinity":49,"s:85:25:91:Infinity":50,"b:93:8:95:Infinity:undefined:undefined:undefined:undefined":12,"s:93:8:95:Infinity":51,"s:94:12:94:Infinity":52,"b:97:8:100:Infinity:undefined:undefined:undefined:undefined":13,"s:97:8:100:Infinity":53,"s:98:12:98:Infinity":54,"s:99:12:99:Infinity":55,"s:102:21:102:Infinity":56,"s:103:8:103:Infinity":57,"s:105:8:105:Infinity":58,"b:106:8:108:Infinity:undefined:undefined:undefined:undefined":14,"s:106:8:108:Infinity":59,"s:107:12:107:Infinity":60,"s:109:8:109:Infinity":61}}}
,"/home/maol/raindrop/client/src/services/settingsService.js": {"path":"/home/maol/raindrop/client/src/services/settingsService.js","statementMap":{"0":{"start":{"line":1,"column":21},"end":{"line":1,"column":null}},"1":{"start":{"line":3,"column":13},"end":{"line":12,"column":null}},"2":{"start":{"line":4,"column":4},"end":{"line":11,"column":null}},"3":{"start":{"line":5,"column":27},"end":{"line":5,"column":null}},"4":{"start":{"line":6,"column":8},"end":{"line":6,"column":null}},"5":{"start":{"line":7,"column":8},"end":{"line":7,"column":null}},"6":{"start":{"line":9,"column":8},"end":{"line":9,"column":null}},"7":{"start":{"line":10,"column":8},"end":{"line":10,"column":null}},"8":{"start":{"line":14,"column":13},"end":{"line":51,"column":null}},"9":{"start":{"line":15,"column":4},"end":{"line":50,"column":null}},"10":{"start":{"line":16,"column":27},"end":{"line":16,"column":null}},"11":{"start":{"line":17,"column":8},"end":{"line":27,"column":null}},"12":{"start":{"line":18,"column":12},"end":{"line":26,"column":null}},"13":{"start":{"line":28,"column":23},"end":{"line":28,"column":null}},"14":{"start":{"line":31,"column":8},"end":{"line":33,"column":null}},"15":{"start":{"line":32,"column":12},"end":{"line":32,"column":null}},"16":{"start":{"line":34,"column":8},"end":{"line":36,"column":null}},"17":{"start":{"line":35,"column":12},"end":{"line":35,"column":null}},"18":{"start":{"line":38,"column":8},"end":{"line":38,"column":null}},"19":{"start":{"line":40,"column":8},"end":{"line":40,"column":null}},"20":{"start":{"line":41,"column":8},"end":{"line":49,"column":null}}},"fnMap":{"0":{"name":"(anonymous_0)","decl":{"start":{"line":3,"column":13},"end":{"line":3,"column":29}},"loc":{"start":{"line":3,"column":42},"end":{"line":12,"column":null}},"line":3},"1":{"name":"(anonymous_1)","decl":{"start":{"line":14,"column":13},"end":{"line":14,"column":34}},"loc":{"start":{"line":14,"column":34},"end":{"line":51,"column":null}},"line":14}},"branchMap":{"0":{"loc":{"start":{"line":17,"column":8},"end":{"line":27,"column":null}},"type":"if","locations":[{"start":{"line":17,"column":8},"end":{"line":27,"column":null}},{"start":{},"end":{}}],"line":17},"1":{"loc":{"start":{"line":31,"column":8},"end":{"line":33,"column":null}},"type":"if","locations":[{"start":{"line":31,"column":8},"end":{"line":33,"column":null}},{"start":{},"end":{}}],"line":31},"2":{"loc":{"start":{"line":31,"column":12},"end":{"line":31,"column":50}},"type":"binary-expr","locations":[{"start":{"line":31,"column":12},"end":{"line":31,"column":22}},{"start":{"line":31,"column":22},"end":{"line":31,"column":50}}],"line":31},"3":{"loc":{"start":{"line":34,"column":8},"end":{"line":36,"column":null}},"type":"if","locations":[{"start":{"line":34,"column":8},"end":{"line":36,"column":null}},{"start":{},"end":{}}],"line":34},"4":{"loc":{"start":{"line":34,"column":12},"end":{"line":34,"column":46}},"type":"binary-expr","locations":[{"start":{"line":34,"column":12},"end":{"line":34,"column":22}},{"start":{"line":34,"column":22},"end":{"line":34,"column":46}}],"line":34}},"s":{"0":4,"1":4,"2":34,"3":34,"4":34,"5":34,"6":0,"7":0,"8":4,"9":186,"10":186,"11":186,"12":93,"13":93,"14":93,"15":24,"16":93,"17":50,"18":93,"19":0,"20":0},"f":{"0":34,"1":186},"b":{"0":[93,93],"1":[24,69],"2":[93,93],"3":[50,43],"4":[93,93]},"meta":{"lastBranch":5,"lastFunction":2,"lastStatement":21,"seen":{"s:1:21:1:Infinity":0,"s:3:13:12:Infinity":1,"f:3:13:3:29":0,"s:4:4:11:Infinity":2,"s:5:27:5:Infinity":3,"s:6:8:6:Infinity":4,"s:7:8:7:Infinity":5,"s:9:8:9:Infinity":6,"s:10:8:10:Infinity":7,"s:14:13:51:Infinity":8,"f:14:13:14:34":1,"s:15:4:50:Infinity":9,"s:16:27:16:Infinity":10,"b:17:8:27:Infinity:undefined:undefined:undefined:undefined":0,"s:17:8:27:Infinity":11,"s:18:12:26:Infinity":12,"s:28:23:28:Infinity":13,"b:31:8:33:Infinity:undefined:undefined:undefined:undefined":1,"s:31:8:33:Infinity":14,"b:31:12:31:22:31:22:31:50":2,"s:32:12:32:Infinity":15,"b:34:8:36:Infinity:undefined:undefined:undefined:undefined":3,"s:34:8:36:Infinity":16,"b:34:12:34:22:34:22:34:46":4,"s:35:12:35:Infinity":17,"s:38:8:38:Infinity":18,"s:40:8:40:Infinity":19,"s:41:8:49:Infinity":20}}}
,"/home/maol/raindrop/client/src/services/systemService.js": {"path":"/home/maol/raindrop/client/src/services/systemService.js","statementMap":{"0":{"start":{"line":1,"column":21},"end":{"line":1,"column":null}},"1":{"start":{"line":3,"column":31},"end":{"line":12,"column":null}},"2":{"start":{"line":4,"column":4},"end":{"line":11,"column":null}},"3":{"start":{"line":5,"column":25},"end":{"line":5,"column":null}},"4":{"start":{"line":6,"column":8},"end":{"line":6,"column":null}},"5":{"start":{"line":6,"column":26},"end":{"line":6,"column":null}},"6":{"start":{"line":7,"column":8},"end":{"line":7,"column":null}},"7":{"start":{"line":9,"column":8},"end":{"line":9,"column":null}},"8":{"start":{"line":10,"column":8},"end":{"line":10,"column":null}},"9":{"start":{"line":14,"column":30},"end":{"line":18,"column":null}},"10":{"start":{"line":15,"column":21},"end":{"line":15,"column":null}},"11":{"start":{"line":16,"column":4},"end":{"line":16,"column":null}},"12":{"start":{"line":16,"column":22},"end":{"line":16,"column":null}},"13":{"start":{"line":17,"column":4},"end":{"line":17,"column":null}},"14":{"start":{"line":20,"column":31},"end":{"line":35,"column":null}},"15":{"start":{"line":21,"column":4},"end":{"line":34,"column":null}},"16":{"start":{"line":22,"column":25},"end":{"line":28,"column":null}},"17":{"start":{"line":29,"column":8},"end":{"line":29,"column":null}},"18":{"start":{"line":29,"column":26},"end":{"line":29,"column":null}},"19":{"start":{"line":30,"column":8},"end":{"line":30,"column":null}},"20":{"start":{"line":32,"column":8},"end":{"line":32,"column":null}},"21":{"start":{"line":33,"column":8},"end":{"line":33,"column":null}}},"fnMap":{"0":{"name":"(anonymous_0)","decl":{"start":{"line":3,"column":31},"end":{"line":3,"column":43}},"loc":{"start":{"line":3,"column":43},"end":{"line":12,"column":null}},"line":3},"1":{"name":"(anonymous_1)","decl":{"start":{"line":14,"column":30},"end":{"line":14,"column":42}},"loc":{"start":{"line":14,"column":42},"end":{"line":18,"column":null}},"line":14},"2":{"name":"(anonymous_2)","decl":{"start":{"line":20,"column":31},"end":{"line":20,"column":38}},"loc":{"start":{"line":20,"column":49},"end":{"line":35,"column":null}},"line":20}},"branchMap":{"0":{"loc":{"start":{"line":1,"column":21},"end":{"line":1,"column":null}},"type":"binary-expr","locations":[{"start":{"line":1,"column":21},"end":{"line":1,"column":53}},{"start":{"line":1,"column":53},"end":{"line":1,"column":null}}],"line":1},"1":{"loc":{"start":{"line":6,"column":8},"end":{"line":6,"column":null}},"type":"if","locations":[{"start":{"line":6,"column":8},"end":{"line":6,"column":null}},{"start":{},"end":{}}],"line":6},"2":{"loc":{"start":{"line":16,"column":4},"end":{"line":16,"column":null}},"type":"if","locations":[{"start":{"line":16,"column":4},"end":{"line":16,"column":null}},{"start":{},"end":{}}],"line":16},"3":{"loc":{"start":{"line":29,"column":8},"end":{"line":29,"column":null}},"type":"if","locations":[{"start":{"line":29,"column":8},"end":{"line":29,"column":null}},{"start":{},"end":{}}],"line":29}},"s":{"0":3,"1":3,"2":107,"3":107,"4":106,"5":106,"6":105,"7":2,"8":2,"9":3,"10":0,"11":0,"12":0,"13":0,"14":3,"15":8,"16":8,"17":7,"18":7,"19":6,"20":2,"21":2},"f":{"0":107,"1":0,"2":8},"b":{"0":[3,3],"1":[1,105],"2":[0,0],"3":[1,6]},"meta":{"lastBranch":4,"lastFunction":3,"lastStatement":22,"seen":{"s:1:21:1:Infinity":0,"b:1:21:1:53:1:53:1:Infinity":0,"s:3:31:12:Infinity":1,"f:3:31:3:43":0,"s:4:4:11:Infinity":2,"s:5:25:5:Infinity":3,"b:6:8:6:Infinity:undefined:undefined:undefined:undefined":1,"s:6:8:6:Infinity":4,"s:6:26:6:Infinity":5,"s:7:8:7:Infinity":6,"s:9:8:9:Infinity":7,"s:10:8:10:Infinity":8,"s:14:30:18:Infinity":9,"f:14:30:14:42":1,"s:15:21:15:Infinity":10,"b:16:4:16:Infinity:undefined:undefined:undefined:undefined":2,"s:16:4:16:Infinity":11,"s:16:22:16:Infinity":12,"s:17:4:17:Infinity":13,"s:20:31:35:Infinity":14,"f:20:31:20:38":2,"s:21:4:34:Infinity":15,"s:22:25:28:Infinity":16,"b:29:8:29:Infinity:undefined:undefined:undefined:undefined":3,"s:29:8:29:Infinity":17,"s:29:26:29:Infinity":18,"s:30:8:30:Infinity":19,"s:32:8:32:Infinity":20,"s:33:8:33:Infinity":21}}}
,"/home/maol/raindrop/client/src/utils/imageUtils.js": {"path":"/home/maol/raindrop/client/src/utils/imageUtils.js","statementMap":{"0":{"start":{"line":6,"column":4},"end":{"line":30,"column":null}},"1":{"start":{"line":7,"column":20},"end":{"line":7,"column":null}},"2":{"start":{"line":8,"column":8},"end":{"line":27,"column":null}},"3":{"start":{"line":9,"column":58},"end":{"line":9,"column":null}},"4":{"start":{"line":11,"column":12},"end":{"line":13,"column":null}},"5":{"start":{"line":12,"column":16},"end":{"line":12,"column":null}},"6":{"start":{"line":15,"column":26},"end":{"line":15,"column":null}},"7":{"start":{"line":16,"column":25},"end":{"line":16,"column":null}},"8":{"start":{"line":17,"column":25},"end":{"line":17,"column":null}},"9":{"start":{"line":19,"column":27},"end":{"line":19,"column":null}},"10":{"start":{"line":20,"column":12},"end":{"line":20,"column":null}},"11":{"start":{"line":21,"column":12},"end":{"line":21,"column":null}},"12":{"start":{"line":23,"column":24},"end":{"line":23,"column":null}},"13":{"start":{"line":24,"column":12},"end":{"line":24,"column":null}},"14":{"start":{"line":26,"column":12},"end":{"line":26,"column":null}},"15":{"start":{"line":28,"column":8},"end":{"line":28,"column":null}},"16":{"start":{"line":28,"column":28},"end":{"line":28,"column":null}},"17":{"start":{"line":29,"column":8},"end":{"line":29,"column":null}}},"fnMap":{"0":{"name":"resizeImage","decl":{"start":{"line":5,"column":22},"end":{"line":5,"column":34}},"loc":{"start":{"line":5,"column":65},"end":{"line":31,"column":null}},"line":5},"1":{"name":"(anonymous_1)","decl":{"start":{"line":6,"column":15},"end":{"line":6,"column":24}},"loc":{"start":{"line":6,"column":44},"end":{"line":30,"column":5}},"line":6},"2":{"name":"(anonymous_2)","decl":{"start":{"line":8,"column":12},"end":{"line":8,"column":27}},"loc":{"start":{"line":8,"column":27},"end":{"line":27,"column":null}},"line":8},"3":{"name":"(anonymous_3)","decl":{"start":{"line":28,"column":12},"end":{"line":28,"column":28}},"loc":{"start":{"line":28,"column":28},"end":{"line":28,"column":null}},"line":28}},"branchMap":{"0":{"loc":{"start":{"line":5,"column":49},"end":{"line":5,"column":65}},"type":"default-arg","locations":[{"start":{"line":5,"column":59},"end":{"line":5,"column":65}}],"line":5},"1":{"loc":{"start":{"line":11,"column":12},"end":{"line":13,"column":null}},"type":"if","locations":[{"start":{"line":11,"column":12},"end":{"line":13,"column":null}},{"start":{},"end":{}}],"line":11},"2":{"loc":{"start":{"line":11,"column":16},"end":{"line":11,"column":46}},"type":"binary-expr","locations":[{"start":{"line":11,"column":16},"end":{"line":11,"column":32}},{"start":{"line":11,"column":32},"end":{"line":11,"column":46}}],"line":11}},"s":{"0":5,"1":5,"2":5,"3":5,"4":5,"5":2,"6":3,"7":3,"8":3,"9":3,"10":3,"11":3,"12":3,"13":3,"14":3,"15":5,"16":0,"17":5},"f":{"0":5,"1":5,"2":5,"3":0},"b":{"0":[5],"1":[2,3],"2":[5,3]},"meta":{"lastBranch":3,"lastFunction":4,"lastStatement":18,"seen":{"f:5:22:5:34":0,"b:5:59:5:65":0,"s:6:4:30:Infinity":0,"f:6:15:6:24":1,"s:7:20:7:Infinity":1,"s:8:8:27:Infinity":2,"f:8:12:8:27":2,"s:9:58:9:Infinity":3,"b:11:12:13:Infinity:undefined:undefined:undefined:undefined":1,"s:11:12:13:Infinity":4,"b:11:16:11:32:11:32:11:46":2,"s:12:16:12:Infinity":5,"s:15:26:15:Infinity":6,"s:16:25:16:Infinity":7,"s:17:25:17:Infinity":8,"s:19:27:19:Infinity":9,"s:20:12:20:Infinity":10,"s:21:12:21:Infinity":11,"s:23:24:23:Infinity":12,"s:24:12:24:Infinity":13,"s:26:12:26:Infinity":14,"s:28:8:28:Infinity":15,"f:28:12:28:28":3,"s:28:28:28:Infinity":16,"s:29:8:29:Infinity":17}}}
}
