{"/home/maol/raindrop/client/src/App.jsx": {"path":"/home/maol/raindrop/client/src/App.jsx","statementMap":{"0":{"start":{"line":9,"column":8},"end":{"line":9,"column":null}},"1":{"start":{"line":10,"column":34},"end":{"line":15,"column":null}},"2":{"start":{"line":11,"column":17},"end":{"line":11,"column":null}},"3":{"start":{"line":12,"column":4},"end":{"line":12,"column":null}},"4":{"start":{"line":12,"column":27},"end":{"line":12,"column":null}},"5":{"start":{"line":13,"column":4},"end":{"line":13,"column":null}},"6":{"start":{"line":13,"column":27},"end":{"line":13,"column":null}},"7":{"start":{"line":14,"column":4},"end":{"line":14,"column":null}},"8":{"start":{"line":16,"column":50},"end":{"line":16,"column":null}},"9":{"start":{"line":17,"column":42},"end":{"line":17,"column":null}},"10":{"start":{"line":19,"column":2},"end":{"line":37,"column":null}},"11":{"start":{"line":20,"column":30},"end":{"line":32,"column":null}},"12":{"start":{"line":21,"column":6},"end":{"line":31,"column":null}},"13":{"start":{"line":22,"column":23},"end":{"line":22,"column":null}},"14":{"start":{"line":23,"column":8},"end":{"line":23,"column":null}},"15":{"start":{"line":24,"column":8},"end":{"line":26,"column":null}},"16":{"start":{"line":25,"column":10},"end":{"line":25,"column":null}},"17":{"start":{"line":28,"column":8},"end":{"line":28,"column":null}},"18":{"start":{"line":30,"column":8},"end":{"line":30,"column":null}},"19":{"start":{"line":33,"column":4},"end":{"line":33,"column":null}},"20":{"start":{"line":36,"column":4},"end":{"line":36,"column":null}},"21":{"start":{"line":39,"column":2},"end":{"line":48,"column":null}},"22":{"start":{"line":40,"column":4},"end":{"line":43,"column":null}},"23":{"start":{"line":42,"column":6},"end":{"line":42,"column":null}},"24":{"start":{"line":42,"column":34},"end":{"line":42,"column":null}},"25":{"start":{"line":44,"column":17},"end":{"line":44,"column":null}},"26":{"start":{"line":45,"column":4},"end":{"line":47,"column":null}},"27":{"start":{"line":46,"column":6},"end":{"line":46,"column":null}},"28":{"start":{"line":50,"column":2},"end":{"line":56,"column":null}},"29":{"start":{"line":51,"column":4},"end":{"line":54,"column":null}},"30":{"start":{"line":58,"column":2},"end":{"line":109,"column":null}},"31":{"start":{"line":62,"column":33},"end":{"line":62,"column":59}},"32":{"start":{"line":83,"column":29},"end":{"line":83,"column":null}},"33":{"start":{"line":92,"column":29},"end":{"line":92,"column":null}}},"fnMap":{"0":{"name":"App","decl":{"start":{"line":8,"column":9},"end":{"line":8,"column":15}},"loc":{"start":{"line":8,"column":15},"end":{"line":111,"column":null}},"line":8},"1":{"name":"(anonymous_1)","decl":{"start":{"line":10,"column":47},"end":{"line":10,"column":53}},"loc":{"start":{"line":10,"column":53},"end":{"line":15,"column":3}},"line":10},"2":{"name":"(anonymous_2)","decl":{"start":{"line":19,"column":18},"end":{"line":19,"column":24}},"loc":{"start":{"line":19,"column":24},"end":{"line":37,"column":5}},"line":19},"3":{"name":"(anonymous_3)","decl":{"start":{"line":20,"column":30},"end":{"line":20,"column":42}},"loc":{"start":{"line":20,"column":42},"end":{"line":32,"column":null}},"line":20},"4":{"name":"(anonymous_4)","decl":{"start":{"line":36,"column":40},"end":{"line":36,"column":46}},"loc":{"start":{"line":36,"column":46},"end":{"line":36,"column":48}},"line":36},"5":{"name":"(anonymous_5)","decl":{"start":{"line":39,"column":18},"end":{"line":39,"column":24}},"loc":{"start":{"line":39,"column":24},"end":{"line":48,"column":5}},"line":39},"6":{"name":"(anonymous_6)","decl":{"start":{"line":62,"column":27},"end":{"line":62,"column":33}},"loc":{"start":{"line":62,"column":33},"end":{"line":62,"column":59}},"line":62},"7":{"name":"(anonymous_7)","decl":{"start":{"line":83,"column":23},"end":{"line":83,"column":29}},"loc":{"start":{"line":83,"column":29},"end":{"line":83,"column":null}},"line":83},"8":{"name":"(anonymous_8)","decl":{"start":{"line":92,"column":23},"end":{"line":92,"column":29}},"loc":{"start":{"line":92,"column":29},"end":{"line":92,"column":null}},"line":92}},"branchMap":{"0":{"loc":{"start":{"line":12,"column":4},"end":{"line":12,"column":null}},"type":"if","locations":[{"start":{"line":12,"column":4},"end":{"line":12,"column":null}},{"start":{},"end":{}}],"line":12},"1":{"loc":{"start":{"line":13,"column":4},"end":{"line":13,"column":null}},"type":"if","locations":[{"start":{"line":13,"column":4},"end":{"line":13,"column":null}},{"start":{},"end":{}}],"line":13},"2":{"loc":{"start":{"line":14,"column":11},"end":{"line":14,"column":null}},"type":"cond-expr","locations":[{"start":{"line":14,"column":34},"end":{"line":14,"column":46}},{"start":{"line":14,"column":46},"end":{"line":14,"column":null}}],"line":14},"3":{"loc":{"start":{"line":24,"column":8},"end":{"line":26,"column":null}},"type":"if","locations":[{"start":{"line":24,"column":8},"end":{"line":26,"column":null}},{"start":{},"end":{}}],"line":24},"4":{"loc":{"start":{"line":40,"column":4},"end":{"line":43,"column":null}},"type":"if","locations":[{"start":{"line":40,"column":4},"end":{"line":43,"column":null}},{"start":{},"end":{}}],"line":40},"5":{"loc":{"start":{"line":42,"column":6},"end":{"line":42,"column":null}},"type":"if","locations":[{"start":{"line":42,"column":6},"end":{"line":42,"column":null}},{"start":{},"end":{}}],"line":42},"6":{"loc":{"start":{"line":44,"column":17},"end":{"line":44,"column":null}},"type":"cond-expr","locations":[{"start":{"line":44,"column":42},"end":{"line":44,"column":53}},{"start":{"line":44,"column":53},"end":{"line":44,"column":null}}],"line":44},"7":{"loc":{"start":{"line":45,"column":4},"end":{"line":47,"column":null}},"type":"if","locations":[{"start":{"line":45,"column":4},"end":{"line":47,"column":null}},{"start":{},"end":{}}],"line":45},"8":{"loc":{"start":{"line":50,"column":2},"end":{"line":56,"column":null}},"type":"if","locations":[{"start":{"line":50,"column":2},"end":{"line":56,"column":null}},{"start":{},"end":{}}],"line":50},"9":{"loc":{"start":{"line":71,"column":13},"end":{"line":71,"column":null}},"type":"cond-expr","locations":[{"start":{"line":71,"column":38},"end":{"line":71,"column":84}},{"start":{"line":71,"column":84},"end":{"line":71,"column":null}}],"line":71},"10":{"loc":{"start":{"line":76,"column":11},"end":{"line":79,"column":null}},"type":"binary-expr","locations":[{"start":{"line":76,"column":11},"end":{"line":76,"column":null}},{"start":{"line":77,"column":12},"end":{"line":79,"column":null}}],"line":76},"11":{"loc":{"start":{"line":86,"column":18},"end":{"line":86,"column":191}},"type":"cond-expr","locations":[{"start":{"line":86,"column":45},"end":{"line":86,"column":115}},{"start":{"line":86,"column":115},"end":{"line":86,"column":191}}],"line":86},"12":{"loc":{"start":{"line":87,"column":18},"end":{"line":87,"column":92}},"type":"cond-expr","locations":[{"start":{"line":87,"column":40},"end":{"line":87,"column":90}},{"start":{"line":87,"column":90},"end":{"line":87,"column":92}}],"line":87},"13":{"loc":{"start":{"line":93,"column":87},"end":{"line":93,"column":258}},"type":"cond-expr","locations":[{"start":{"line":93,"column":112},"end":{"line":93,"column":182}},{"start":{"line":93,"column":182},"end":{"line":93,"column":258}}],"line":93},"14":{"loc":{"start":{"line":103,"column":9},"end":{"line":103,"column":null}},"type":"binary-expr","locations":[{"start":{"line":103,"column":9},"end":{"line":103,"column":35}},{"start":{"line":103,"column":35},"end":{"line":103,"column":null}}],"line":103},"15":{"loc":{"start":{"line":105,"column":9},"end":{"line":106,"column":null}},"type":"binary-expr","locations":[{"start":{"line":105,"column":9},"end":{"line":105,"column":null}},{"start":{"line":106,"column":10},"end":{"line":106,"column":null}}],"line":105}},"s":{"0":9,"1":9,"2":4,"3":4,"4":0,"5":4,"6":0,"7":4,"8":9,"9":9,"10":9,"11":4,"12":4,"13":4,"14":4,"15":4,"16":0,"17":0,"18":4,"19":4,"20":4,"21":9,"22":5,"23":0,"24":0,"25":5,"26":5,"27":5,"28":9,"29":4,"30":5,"31":1,"32":0,"33":0},"f":{"0":9,"1":4,"2":4,"3":4,"4":4,"5":5,"6":1,"7":0,"8":0},"b":{"0":[0,4],"1":[0,4],"2":[1,3],"3":[0,4],"4":[0,5],"5":[0,0],"6":[3,2],"7":[5,0],"8":[4,5],"9":[3,2],"10":[9,0],"11":[2,3],"12":[0,5],"13":[3,2],"14":[9,3],"15":[9,2]},"meta":{"lastBranch":16,"lastFunction":9,"lastStatement":34,"seen":{"f:8:9:8:15":0,"s:9:8:9:Infinity":0,"s:10:34:15:Infinity":1,"f:10:47:10:53":1,"s:11:17:11:Infinity":2,"b:12:4:12:Infinity:undefined:undefined:undefined:undefined":0,"s:12:4:12:Infinity":3,"s:12:27:12:Infinity":4,"b:13:4:13:Infinity:undefined:undefined:undefined:undefined":1,"s:13:4:13:Infinity":5,"s:13:27:13:Infinity":6,"s:14:4:14:Infinity":7,"b:14:34:14:46:14:46:14:Infinity":2,"s:16:50:16:Infinity":8,"s:17:42:17:Infinity":9,"s:19:2:37:Infinity":10,"f:19:18:19:24":2,"s:20:30:32:Infinity":11,"f:20:30:20:42":3,"s:21:6:31:Infinity":12,"s:22:23:22:Infinity":13,"s:23:8:23:Infinity":14,"b:24:8:26:Infinity:undefined:undefined:undefined:undefined":3,"s:24:8:26:Infinity":15,"s:25:10:25:Infinity":16,"s:28:8:28:Infinity":17,"s:30:8:30:Infinity":18,"s:33:4:33:Infinity":19,"s:36:4:36:Infinity":20,"f:36:40:36:46":4,"s:39:2:48:Infinity":21,"f:39:18:39:24":5,"b:40:4:43:Infinity:undefined:undefined:undefined:undefined":4,"s:40:4:43:Infinity":22,"b:42:6:42:Infinity:undefined:undefined:undefined:undefined":5,"s:42:6:42:Infinity":23,"s:42:34:42:Infinity":24,"s:44:17:44:Infinity":25,"b:44:42:44:53:44:53:44:Infinity":6,"b:45:4:47:Infinity:undefined:undefined:undefined:undefined":7,"s:45:4:47:Infinity":26,"s:46:6:46:Infinity":27,"b:50:2:56:Infinity:undefined:undefined:undefined:undefined":8,"s:50:2:56:Infinity":28,"s:51:4:54:Infinity":29,"s:58:2:109:Infinity":30,"f:62:27:62:33":6,"s:62:33:62:59":31,"b:71:38:71:84:71:84:71:Infinity":9,"b:76:11:76:Infinity:77:12:79:Infinity":10,"f:83:23:83:29":7,"s:83:29:83:Infinity":32,"b:86:45:86:115:86:115:86:191":11,"b:87:40:87:90:87:90:87:92":12,"f:92:23:92:29":8,"s:92:29:92:Infinity":33,"b:93:112:93:182:93:182:93:258":13,"b:103:9:103:35:103:35:103:Infinity":14,"b:105:9:105:Infinity:106:10:106:Infinity":15}}}
,"/home/maol/raindrop/client/src/components/BookmarkNav.jsx": {"path":"/home/maol/raindrop/client/src/components/BookmarkNav.jsx","statementMap":{"0":{"start":{"line":3,"column":20},"end":{"line":50,"column":null}},"1":{"start":{"line":13,"column":4},"end":{"line":13,"column":null}},"2":{"start":{"line":13,"column":40},"end":{"line":13,"column":null}},"3":{"start":{"line":15,"column":20},"end":{"line":15,"column":null}},"4":{"start":{"line":16,"column":19},"end":{"line":16,"column":null}},"5":{"start":{"line":18,"column":4},"end":{"line":48,"column":null}}},"fnMap":{"0":{"name":"(anonymous_0)","decl":{"start":{"line":3,"column":20},"end":{"line":3,"column":21}},"loc":{"start":{"line":12,"column":6},"end":{"line":50,"column":null}},"line":12}},"branchMap":{"0":{"loc":{"start":{"line":9,"column":4},"end":{"line":9,"column":null}},"type":"default-arg","locations":[{"start":{"line":9,"column":20},"end":{"line":9,"column":null}}],"line":9},"1":{"loc":{"start":{"line":10,"column":4},"end":{"line":10,"column":null}},"type":"default-arg","locations":[{"start":{"line":10,"column":20},"end":{"line":10,"column":null}}],"line":10},"2":{"loc":{"start":{"line":11,"column":4},"end":{"line":11,"column":null}},"type":"default-arg","locations":[{"start":{"line":11,"column":25},"end":{"line":11,"column":null}}],"line":11},"3":{"loc":{"start":{"line":13,"column":4},"end":{"line":13,"column":null}},"type":"if","locations":[{"start":{"line":13,"column":4},"end":{"line":13,"column":null}},{"start":{},"end":{}}],"line":13},"4":{"loc":{"start":{"line":13,"column":8},"end":{"line":13,"column":40}},"type":"binary-expr","locations":[{"start":{"line":13,"column":8},"end":{"line":13,"column":23}},{"start":{"line":13,"column":23},"end":{"line":13,"column":40}}],"line":13},"5":{"loc":{"start":{"line":22,"column":26},"end":{"line":22,"column":null}},"type":"binary-expr","locations":[{"start":{"line":22,"column":26},"end":{"line":22,"column":43}},{"start":{"line":22,"column":43},"end":{"line":22,"column":null}}],"line":22},"6":{"loc":{"start":{"line":43,"column":26},"end":{"line":43,"column":null}},"type":"binary-expr","locations":[{"start":{"line":43,"column":26},"end":{"line":43,"column":43}},{"start":{"line":43,"column":43},"end":{"line":43,"column":null}}],"line":43}},"s":{"0":2,"1":1051,"2":1,"3":1050,"4":1050,"5":1050},"f":{"0":1051},"b":{"0":[1051],"1":[1051],"2":[1051],"3":[1,1050],"4":[1051,1050],"5":[1050,1050],"6":[1051,1050]},"meta":{"lastBranch":7,"lastFunction":1,"lastStatement":6,"seen":{"s:3:20:50:Infinity":0,"f:3:20:3:21":0,"b:9:20:9:Infinity":0,"b:10:20:10:Infinity":1,"b:11:25:11:Infinity":2,"b:13:4:13:Infinity:undefined:undefined:undefined:undefined":3,"s:13:4:13:Infinity":1,"b:13:8:13:23:13:23:13:40":4,"s:13:40:13:Infinity":2,"s:15:20:15:Infinity":3,"s:16:19:16:Infinity":4,"s:18:4:48:Infinity":5,"b:22:26:22:43:22:43:22:Infinity":5,"b:43:26:43:43:43:43:43:Infinity":6}}}
,"/home/maol/raindrop/client/src/components/ProviderButton.jsx": {"path":"/home/maol/raindrop/client/src/components/ProviderButton.jsx","statementMap":{"0":{"start":{"line":3,"column":23},"end":{"line":45,"column":null}},"1":{"start":{"line":4,"column":4},"end":{"line":43,"column":null}},"2":{"start":{"line":17,"column":31},"end":{"line":17,"column":null}},"3":{"start":{"line":36,"column":39},"end":{"line":36,"column":null}}},"fnMap":{"0":{"name":"(anonymous_0)","decl":{"start":{"line":3,"column":23},"end":{"line":3,"column":24}},"loc":{"start":{"line":3,"column":89},"end":{"line":45,"column":null}},"line":3},"1":{"name":"(anonymous_1)","decl":{"start":{"line":17,"column":25},"end":{"line":17,"column":31}},"loc":{"start":{"line":17,"column":31},"end":{"line":17,"column":null}},"line":17},"2":{"name":"(anonymous_2)","decl":{"start":{"line":36,"column":33},"end":{"line":36,"column":39}},"loc":{"start":{"line":36,"column":39},"end":{"line":36,"column":null}},"line":36}},"branchMap":{"0":{"loc":{"start":{"line":6,"column":14},"end":{"line":8,"column":null}},"type":"cond-expr","locations":[{"start":{"line":7,"column":18},"end":{"line":7,"column":null}},{"start":{"line":8,"column":18},"end":{"line":8,"column":null}}],"line":6},"1":{"loc":{"start":{"line":13,"column":22},"end":{"line":15,"column":null}},"type":"cond-expr","locations":[{"start":{"line":14,"column":26},"end":{"line":14,"column":null}},{"start":{"line":15,"column":26},"end":{"line":15,"column":null}}],"line":13},"2":{"loc":{"start":{"line":17,"column":31},"end":{"line":17,"column":null}},"type":"binary-expr","locations":[{"start":{"line":17,"column":31},"end":{"line":17,"column":47}},{"start":{"line":17,"column":47},"end":{"line":17,"column":null}}],"line":17},"3":{"loc":{"start":{"line":22,"column":25},"end":{"line":22,"column":null}},"type":"cond-expr","locations":[{"start":{"line":22,"column":39},"end":{"line":22,"column":72}},{"start":{"line":22,"column":72},"end":{"line":22,"column":null}}],"line":22},"4":{"loc":{"start":{"line":25,"column":17},"end":{"line":28,"column":null}},"type":"binary-expr","locations":[{"start":{"line":25,"column":17},"end":{"line":25,"column":null}},{"start":{"line":26,"column":20},"end":{"line":28,"column":null}}],"line":25},"5":{"loc":{"start":{"line":32,"column":13},"end":{"line":41,"column":null}},"type":"binary-expr","locations":[{"start":{"line":32,"column":13},"end":{"line":32,"column":28}},{"start":{"line":32,"column":28},"end":{"line":32,"column":null}},{"start":{"line":33,"column":16},"end":{"line":41,"column":null}}],"line":32}},"s":{"0":2,"1":205,"2":2,"3":3},"f":{"0":205,"1":2,"2":3},"b":{"0":[108,97],"1":[108,97],"2":[2,2],"3":[108,97],"4":[205,108],"5":[205,108,106]},"meta":{"lastBranch":6,"lastFunction":3,"lastStatement":4,"seen":{"s:3:23:45:Infinity":0,"f:3:23:3:24":0,"s:4:4:43:Infinity":1,"b:7:18:7:Infinity:8:18:8:Infinity":0,"b:14:26:14:Infinity:15:26:15:Infinity":1,"f:17:25:17:31":1,"s:17:31:17:Infinity":2,"b:17:31:17:47:17:47:17:Infinity":2,"b:22:39:22:72:22:72:22:Infinity":3,"b:25:17:25:Infinity:26:20:28:Infinity":4,"b:32:13:32:28:32:28:32:Infinity:33:16:41:Infinity":5,"f:36:33:36:39":2,"s:36:39:36:Infinity":3}}}
,"/home/maol/raindrop/client/src/components/PublishOverlay.jsx": {"path":"/home/maol/raindrop/client/src/components/PublishOverlay.jsx","statementMap":{"0":{"start":{"line":3,"column":23},"end":{"line":56,"column":null}},"1":{"start":{"line":4,"column":20},"end":{"line":4,"column":null}},"2":{"start":{"line":5,"column":23},"end":{"line":7,"column":null}},"3":{"start":{"line":9,"column":4},"end":{"line":54,"column":null}},"4":{"start":{"line":35,"column":63},"end":{"line":35,"column":85}}},"fnMap":{"0":{"name":"(anonymous_0)","decl":{"start":{"line":3,"column":23},"end":{"line":3,"column":24}},"loc":{"start":{"line":3,"column":89},"end":{"line":56,"column":null}},"line":3},"1":{"name":"(anonymous_1)","decl":{"start":{"line":35,"column":51},"end":{"line":35,"column":52}},"loc":{"start":{"line":35,"column":63},"end":{"line":35,"column":85}},"line":35}},"branchMap":{"0":{"loc":{"start":{"line":5,"column":23},"end":{"line":7,"column":null}},"type":"cond-expr","locations":[{"start":{"line":6,"column":10},"end":{"line":6,"column":null}},{"start":{"line":7,"column":10},"end":{"line":7,"column":null}}],"line":5},"1":{"loc":{"start":{"line":17,"column":25},"end":{"line":17,"column":48}},"type":"cond-expr","locations":[{"start":{"line":17,"column":35},"end":{"line":17,"column":42}},{"start":{"line":17,"column":42},"end":{"line":17,"column":48}}],"line":17},"2":{"loc":{"start":{"line":20,"column":21},"end":{"line":28,"column":null}},"type":"binary-expr","locations":[{"start":{"line":20,"column":21},"end":{"line":20,"column":null}},{"start":{"line":21,"column":24},"end":{"line":28,"column":null}}],"line":20},"3":{"loc":{"start":{"line":31,"column":21},"end":{"line":37,"column":null}},"type":"binary-expr","locations":[{"start":{"line":31,"column":21},"end":{"line":31,"column":38}},{"start":{"line":31,"column":38},"end":{"line":31,"column":null}},{"start":{"line":32,"column":24},"end":{"line":37,"column":null}}],"line":31},"4":{"loc":{"start":{"line":40,"column":21},"end":{"line":41,"column":null}},"type":"binary-expr","locations":[{"start":{"line":40,"column":21},"end":{"line":40,"column":null}},{"start":{"line":41,"column":24},"end":{"line":41,"column":null}}],"line":40}},"s":{"0":2,"1":19,"2":19,"3":19,"4":4},"f":{"0":19,"1":4},"b":{"0":[3,16],"1":[3,16],"2":[19,10],"3":[19,2,2],"4":[19,2]},"meta":{"lastBranch":5,"lastFunction":2,"lastStatement":5,"seen":{"s:3:23:56:Infinity":0,"f:3:23:3:24":0,"s:4:20:4:Infinity":1,"s:5:23:7:Infinity":2,"b:6:10:6:Infinity:7:10:7:Infinity":0,"s:9:4:54:Infinity":3,"b:17:35:17:42:17:42:17:48":1,"b:20:21:20:Infinity:21:24:28:Infinity":2,"b:31:21:31:38:31:38:31:Infinity:32:24:37:Infinity":3,"f:35:51:35:52":1,"s:35:63:35:85":4,"b:40:21:40:Infinity:41:24:41:Infinity":4}}}
,"/home/maol/raindrop/client/src/components/ThemeToggle.jsx": {"path":"/home/maol/raindrop/client/src/components/ThemeToggle.jsx","statementMap":{"0":{"start":{"line":3,"column":20},"end":{"line":46,"column":null}},"1":{"start":{"line":4,"column":28},"end":{"line":8,"column":null}},"2":{"start":{"line":5,"column":27},"end":{"line":5,"column":null}},"3":{"start":{"line":6,"column":28},"end":{"line":6,"column":null}},"4":{"start":{"line":7,"column":8},"end":{"line":7,"column":null}},"5":{"start":{"line":10,"column":4},"end":{"line":16,"column":null}},"6":{"start":{"line":11,"column":8},"end":{"line":15,"column":null}},"7":{"start":{"line":12,"column":12},"end":{"line":12,"column":null}},"8":{"start":{"line":14,"column":12},"end":{"line":14,"column":null}},"9":{"start":{"line":18,"column":24},"end":{"line":27,"column":null}},"10":{"start":{"line":19,"column":8},"end":{"line":19,"column":null}},"11":{"start":{"line":20,"column":8},"end":{"line":26,"column":null}},"12":{"start":{"line":21,"column":12},"end":{"line":21,"column":null}},"13":{"start":{"line":22,"column":12},"end":{"line":22,"column":null}},"14":{"start":{"line":24,"column":12},"end":{"line":24,"column":null}},"15":{"start":{"line":25,"column":12},"end":{"line":25,"column":null}},"16":{"start":{"line":29,"column":4},"end":{"line":44,"column":null}}},"fnMap":{"0":{"name":"(anonymous_0)","decl":{"start":{"line":3,"column":20},"end":{"line":3,"column":26}},"loc":{"start":{"line":3,"column":26},"end":{"line":46,"column":null}},"line":3},"1":{"name":"(anonymous_1)","decl":{"start":{"line":4,"column":41},"end":{"line":4,"column":47}},"loc":{"start":{"line":4,"column":47},"end":{"line":8,"column":5}},"line":4},"2":{"name":"(anonymous_2)","decl":{"start":{"line":10,"column":14},"end":{"line":10,"column":20}},"loc":{"start":{"line":10,"column":20},"end":{"line":16,"column":7}},"line":10},"3":{"name":"(anonymous_3)","decl":{"start":{"line":18,"column":24},"end":{"line":18,"column":30}},"loc":{"start":{"line":18,"column":30},"end":{"line":27,"column":null}},"line":18}},"branchMap":{"0":{"loc":{"start":{"line":7,"column":15},"end":{"line":7,"column":null}},"type":"binary-expr","locations":[{"start":{"line":7,"column":15},"end":{"line":7,"column":41}},{"start":{"line":7,"column":41},"end":{"line":7,"column":56}},{"start":{"line":7,"column":56},"end":{"line":7,"column":null}}],"line":7},"1":{"loc":{"start":{"line":11,"column":8},"end":{"line":15,"column":null}},"type":"if","locations":[{"start":{"line":11,"column":8},"end":{"line":15,"column":null}},{"start":{"line":13,"column":15},"end":{"line":15,"column":null}}],"line":11},"2":{"loc":{"start":{"line":20,"column":8},"end":{"line":26,"column":null}},"type":"if","locations":[{"start":{"line":20,"column":8},"end":{"line":26,"column":null}},{"start":{"line":23,"column":15},"end":{"line":26,"column":null}}],"line":20},"3":{"loc":{"start":{"line":35,"column":13},"end":{"line":42,"column":null}},"type":"cond-expr","locations":[{"start":{"line":36,"column":16},"end":{"line":38,"column":null}},{"start":{"line":40,"column":16},"end":{"line":42,"column":null}}],"line":35}},"s":{"0":2,"1":12,"2":9,"3":9,"4":9,"5":12,"6":11,"7":3,"8":8,"9":12,"10":2,"11":2,"12":1,"13":1,"14":1,"15":1,"16":12},"f":{"0":12,"1":9,"2":11,"3":2},"b":{"0":[9,8,7],"1":[3,8],"2":[1,1],"3":[3,9]},"meta":{"lastBranch":4,"lastFunction":4,"lastStatement":17,"seen":{"s:3:20:46:Infinity":0,"f:3:20:3:26":0,"s:4:28:8:Infinity":1,"f:4:41:4:47":1,"s:5:27:5:Infinity":2,"s:6:28:6:Infinity":3,"s:7:8:7:Infinity":4,"b:7:15:7:41:7:41:7:56:7:56:7:Infinity":0,"s:10:4:16:Infinity":5,"f:10:14:10:20":2,"b:11:8:15:Infinity:13:15:15:Infinity":1,"s:11:8:15:Infinity":6,"s:12:12:12:Infinity":7,"s:14:12:14:Infinity":8,"s:18:24:27:Infinity":9,"f:18:24:18:30":3,"s:19:8:19:Infinity":10,"b:20:8:26:Infinity:23:15:26:Infinity":2,"s:20:8:26:Infinity":11,"s:21:12:21:Infinity":12,"s:22:12:22:Infinity":13,"s:24:12:24:Infinity":14,"s:25:12:25:Infinity":15,"s:29:4:44:Infinity":16,"b:36:16:38:Infinity:40:16:42:Infinity":3}}}
,"/home/maol/raindrop/client/src/pages/PostPage.jsx": {"path":"/home/maol/raindrop/client/src/pages/PostPage.jsx","statementMap":{"0":{"start":{"line":10,"column":23},"end":{"line":14,"column":null}},"1":{"start":{"line":11,"column":16},"end":{"line":11,"column":null}},"2":{"start":{"line":12,"column":14},"end":{"line":12,"column":null}},"3":{"start":{"line":13,"column":4},"end":{"line":13,"column":null}},"4":{"start":{"line":17,"column":20},"end":{"line":17,"column":null}},"5":{"start":{"line":18,"column":26},"end":{"line":18,"column":null}},"6":{"start":{"line":23,"column":26},"end":{"line":30,"column":null}},"7":{"start":{"line":24,"column":19},"end":{"line":24,"column":null}},"8":{"start":{"line":25,"column":10},"end":{"line":27,"column":null}},"9":{"start":{"line":26,"column":19},"end":{"line":26,"column":80}},"10":{"start":{"line":28,"column":22},"end":{"line":28,"column":null}},"11":{"start":{"line":29,"column":4},"end":{"line":29,"column":null}},"12":{"start":{"line":32,"column":19},"end":{"line":35,"column":null}},"13":{"start":{"line":32,"column":26},"end":{"line":35,"column":null}},"14":{"start":{"line":37,"column":26},"end":{"line":46,"column":null}},"15":{"start":{"line":38,"column":16},"end":{"line":38,"column":null}},"16":{"start":{"line":39,"column":4},"end":{"line":39,"column":null}},"17":{"start":{"line":39,"column":38},"end":{"line":39,"column":null}},"18":{"start":{"line":40,"column":18},"end":{"line":40,"column":null}},"19":{"start":{"line":41,"column":4},"end":{"line":41,"column":null}},"20":{"start":{"line":41,"column":42},"end":{"line":41,"column":null}},"21":{"start":{"line":42,"column":16},"end":{"line":42,"column":null}},"22":{"start":{"line":43,"column":4},"end":{"line":43,"column":null}},"23":{"start":{"line":44,"column":4},"end":{"line":44,"column":null}},"24":{"start":{"line":45,"column":4},"end":{"line":45,"column":null}},"25":{"start":{"line":48,"column":26},"end":{"line":72,"column":null}},"26":{"start":{"line":49,"column":16},"end":{"line":49,"column":null}},"27":{"start":{"line":50,"column":4},"end":{"line":50,"column":null}},"28":{"start":{"line":50,"column":14},"end":{"line":50,"column":null}},"29":{"start":{"line":51,"column":18},"end":{"line":51,"column":null}},"30":{"start":{"line":52,"column":20},"end":{"line":52,"column":null}},"31":{"start":{"line":53,"column":19},"end":{"line":53,"column":null}},"32":{"start":{"line":55,"column":17},"end":{"line":55,"column":null}},"33":{"start":{"line":56,"column":4},"end":{"line":65,"column":null}},"34":{"start":{"line":57,"column":20},"end":{"line":57,"column":null}},"35":{"start":{"line":58,"column":8},"end":{"line":63,"column":null}},"36":{"start":{"line":59,"column":12},"end":{"line":59,"column":null}},"37":{"start":{"line":60,"column":12},"end":{"line":60,"column":null}},"38":{"start":{"line":61,"column":12},"end":{"line":61,"column":null}},"39":{"start":{"line":62,"column":12},"end":{"line":62,"column":null}},"40":{"start":{"line":64,"column":8},"end":{"line":64,"column":null}},"41":{"start":{"line":66,"column":4},"end":{"line":69,"column":null}},"42":{"start":{"line":67,"column":8},"end":{"line":67,"column":null}},"43":{"start":{"line":68,"column":8},"end":{"line":68,"column":null}},"44":{"start":{"line":70,"column":4},"end":{"line":70,"column":null}},"45":{"start":{"line":71,"column":4},"end":{"line":71,"column":null}},"46":{"start":{"line":76,"column":6},"end":{"line":163,"column":null}},"47":{"start":{"line":77,"column":10},"end":{"line":77,"column":null}},"48":{"start":{"line":79,"column":23},"end":{"line":79,"column":null}},"49":{"start":{"line":80,"column":24},"end":{"line":82,"column":null}},"50":{"start":{"line":84,"column":4},"end":{"line":92,"column":null}},"51":{"start":{"line":85,"column":19},"end":{"line":85,"column":null}},"52":{"start":{"line":86,"column":8},"end":{"line":86,"column":null}},"53":{"start":{"line":86,"column":17},"end":{"line":86,"column":null}},"54":{"start":{"line":87,"column":8},"end":{"line":87,"column":null}},"55":{"start":{"line":87,"column":42},"end":{"line":87,"column":null}},"56":{"start":{"line":88,"column":26},"end":{"line":88,"column":null}},"57":{"start":{"line":89,"column":28},"end":{"line":89,"column":null}},"58":{"start":{"line":90,"column":8},"end":{"line":90,"column":null}},"59":{"start":{"line":91,"column":8},"end":{"line":91,"column":null}},"60":{"start":{"line":91,"column":34},"end":{"line":91,"column":null}},"61":{"start":{"line":94,"column":4},"end":{"line":105,"column":null}},"62":{"start":{"line":94,"column":36},"end":{"line":105,"column":8}},"63":{"start":{"line":95,"column":21},"end":{"line":95,"column":null}},"64":{"start":{"line":96,"column":23},"end":{"line":96,"column":null}},"65":{"start":{"line":98,"column":23},"end":{"line":98,"column":null}},"66":{"start":{"line":99,"column":12},"end":{"line":99,"column":null}},"67":{"start":{"line":102,"column":23},"end":{"line":102,"column":null}},"68":{"start":{"line":103,"column":12},"end":{"line":103,"column":null}},"69":{"start":{"line":103,"column":20},"end":{"line":103,"column":null}},"70":{"start":{"line":107,"column":24},"end":{"line":109,"column":null}},"71":{"start":{"line":108,"column":8},"end":{"line":108,"column":null}},"72":{"start":{"line":111,"column":26},"end":{"line":123,"column":null}},"73":{"start":{"line":112,"column":8},"end":{"line":122,"column":null}},"74":{"start":{"line":113,"column":12},"end":{"line":113,"column":null}},"75":{"start":{"line":114,"column":23},"end":{"line":114,"column":null}},"76":{"start":{"line":115,"column":12},"end":{"line":115,"column":null}},"77":{"start":{"line":115,"column":21},"end":{"line":115,"column":null}},"78":{"start":{"line":116,"column":27},"end":{"line":116,"column":null}},"79":{"start":{"line":117,"column":25},"end":{"line":117,"column":null}},"80":{"start":{"line":118,"column":12},"end":{"line":118,"column":null}},"81":{"start":{"line":119,"column":12},"end":{"line":121,"column":null}},"82":{"start":{"line":120,"column":16},"end":{"line":120,"column":null}},"83":{"start":{"line":120,"column":35},"end":{"line":120,"column":null}},"84":{"start":{"line":125,"column":24},"end":{"line":135,"column":null}},"85":{"start":{"line":126,"column":8},"end":{"line":126,"column":null}},"86":{"start":{"line":127,"column":14},"end":{"line":127,"column":null}},"87":{"start":{"line":128,"column":19},"end":{"line":128,"column":null}},"88":{"start":{"line":129,"column":23},"end":{"line":129,"column":null}},"89":{"start":{"line":130,"column":21},"end":{"line":130,"column":null}},"90":{"start":{"line":131,"column":8},"end":{"line":131,"column":null}},"91":{"start":{"line":132,"column":8},"end":{"line":134,"column":null}},"92":{"start":{"line":133,"column":12},"end":{"line":133,"column":null}},"93":{"start":{"line":133,"column":31},"end":{"line":133,"column":null}},"94":{"start":{"line":137,"column":4},"end":{"line":161,"column":null}},"95":{"start":{"line":166,"column":18},"end":{"line":221,"column":null}},"96":{"start":{"line":167,"column":23},"end":{"line":167,"column":null}},"97":{"start":{"line":168,"column":22},"end":{"line":168,"column":null}},"98":{"start":{"line":169,"column":24},"end":{"line":176,"column":null}},"99":{"start":{"line":170,"column":8},"end":{"line":170,"column":null}},"100":{"start":{"line":170,"column":22},"end":{"line":170,"column":null}},"101":{"start":{"line":171,"column":8},"end":{"line":175,"column":null}},"102":{"start":{"line":172,"column":12},"end":{"line":172,"column":null}},"103":{"start":{"line":173,"column":8},"end":{"line":175,"column":null}},"104":{"start":{"line":174,"column":12},"end":{"line":174,"column":null}},"105":{"start":{"line":177,"column":29},"end":{"line":179,"column":null}},"106":{"start":{"line":178,"column":8},"end":{"line":178,"column":null}},"107":{"start":{"line":178,"column":33},"end":{"line":178,"column":null}},"108":{"start":{"line":180,"column":29},"end":{"line":182,"column":null}},"109":{"start":{"line":181,"column":8},"end":{"line":181,"column":null}},"110":{"start":{"line":181,"column":21},"end":{"line":181,"column":null}},"111":{"start":{"line":183,"column":4},"end":{"line":219,"column":null}},"112":{"start":{"line":197,"column":46},"end":{"line":197,"column":67}},"113":{"start":{"line":197,"column":67},"end":{"line":197,"column":78}},"114":{"start":{"line":223,"column":17},"end":{"line":1017,"column":null}},"115":{"start":{"line":224,"column":32},"end":{"line":224,"column":null}},"116":{"start":{"line":225,"column":34},"end":{"line":225,"column":null}},"117":{"start":{"line":226,"column":40},"end":{"line":226,"column":null}},"118":{"start":{"line":229,"column":34},"end":{"line":229,"column":null}},"119":{"start":{"line":230,"column":40},"end":{"line":230,"column":null}},"120":{"start":{"line":231,"column":46},"end":{"line":231,"column":null}},"121":{"start":{"line":234,"column":26},"end":{"line":234,"column":null}},"122":{"start":{"line":235,"column":28},"end":{"line":235,"column":null}},"123":{"start":{"line":236,"column":24},"end":{"line":236,"column":null}},"124":{"start":{"line":237,"column":28},"end":{"line":237,"column":null}},"125":{"start":{"line":240,"column":38},"end":{"line":240,"column":null}},"126":{"start":{"line":241,"column":10},"end":{"line":241,"column":null}},"127":{"start":{"line":244,"column":38},"end":{"line":244,"column":null}},"128":{"start":{"line":247,"column":44},"end":{"line":247,"column":null}},"129":{"start":{"line":248,"column":38},"end":{"line":248,"column":null}},"130":{"start":{"line":249,"column":40},"end":{"line":249,"column":null}},"131":{"start":{"line":252,"column":38},"end":{"line":252,"column":null}},"132":{"start":{"line":255,"column":40},"end":{"line":255,"column":null}},"133":{"start":{"line":256,"column":44},"end":{"line":256,"column":null}},"134":{"start":{"line":257,"column":30},"end":{"line":257,"column":null}},"135":{"start":{"line":260,"column":46},"end":{"line":260,"column":null}},"136":{"start":{"line":261,"column":50},"end":{"line":261,"column":null}},"137":{"start":{"line":262,"column":38},"end":{"line":262,"column":null}},"138":{"start":{"line":265,"column":54},"end":{"line":265,"column":null}},"139":{"start":{"line":268,"column":40},"end":{"line":268,"column":null}},"140":{"start":{"line":271,"column":44},"end":{"line":271,"column":null}},"141":{"start":{"line":271,"column":57},"end":{"line":271,"column":98}},"142":{"start":{"line":274,"column":40},"end":{"line":274,"column":null}},"143":{"start":{"line":275,"column":42},"end":{"line":275,"column":null}},"144":{"start":{"line":277,"column":10},"end":{"line":277,"column":null}},"145":{"start":{"line":278,"column":10},"end":{"line":278,"column":null}},"146":{"start":{"line":280,"column":26},"end":{"line":283,"column":null}},"147":{"start":{"line":281,"column":8},"end":{"line":282,"column":null}},"148":{"start":{"line":281,"column":14},"end":{"line":281,"column":67}},"149":{"start":{"line":282,"column":16},"end":{"line":282,"column":27}},"150":{"start":{"line":287,"column":22},"end":{"line":291,"column":null}},"151":{"start":{"line":288,"column":8},"end":{"line":288,"column":null}},"152":{"start":{"line":288,"column":24},"end":{"line":288,"column":null}},"153":{"start":{"line":289,"column":18},"end":{"line":289,"column":null}},"154":{"start":{"line":290,"column":8},"end":{"line":290,"column":null}},"155":{"start":{"line":293,"column":27},"end":{"line":295,"column":null}},"156":{"start":{"line":297,"column":10},"end":{"line":314,"column":null}},"157":{"start":{"line":298,"column":8},"end":{"line":298,"column":null}},"158":{"start":{"line":299,"column":8},"end":{"line":313,"column":null}},"159":{"start":{"line":300,"column":27},"end":{"line":300,"column":null}},"160":{"start":{"line":301,"column":12},"end":{"line":301,"column":null}},"161":{"start":{"line":302,"column":12},"end":{"line":305,"column":null}},"162":{"start":{"line":303,"column":16},"end":{"line":303,"column":null}},"163":{"start":{"line":303,"column":40},"end":{"line":303,"column":null}},"164":{"start":{"line":304,"column":16},"end":{"line":304,"column":null}},"165":{"start":{"line":307,"column":12},"end":{"line":307,"column":null}},"166":{"start":{"line":308,"column":12},"end":{"line":310,"column":null}},"167":{"start":{"line":309,"column":16},"end":{"line":309,"column":null}},"168":{"start":{"line":312,"column":12},"end":{"line":312,"column":null}},"169":{"start":{"line":316,"column":4},"end":{"line":318,"column":null}},"170":{"start":{"line":317,"column":8},"end":{"line":317,"column":null}},"171":{"start":{"line":317,"column":25},"end":{"line":317,"column":null}},"172":{"start":{"line":320,"column":4},"end":{"line":327,"column":null}},"173":{"start":{"line":321,"column":8},"end":{"line":326,"column":null}},"174":{"start":{"line":322,"column":23},"end":{"line":322,"column":45}},"175":{"start":{"line":324,"column":16},"end":{"line":324,"column":null}},"176":{"start":{"line":324,"column":52},"end":{"line":324,"column":null}},"177":{"start":{"line":329,"column":4},"end":{"line":334,"column":null}},"178":{"start":{"line":330,"column":21},"end":{"line":330,"column":null}},"179":{"start":{"line":331,"column":8},"end":{"line":333,"column":null}},"180":{"start":{"line":332,"column":12},"end":{"line":332,"column":null}},"181":{"start":{"line":336,"column":4},"end":{"line":340,"column":null}},"182":{"start":{"line":337,"column":29},"end":{"line":337,"column":null}},"183":{"start":{"line":337,"column":35},"end":{"line":337,"column":null}},"184":{"start":{"line":338,"column":8},"end":{"line":338,"column":null}},"185":{"start":{"line":339,"column":8},"end":{"line":339,"column":null}},"186":{"start":{"line":339,"column":21},"end":{"line":339,"column":null}},"187":{"start":{"line":346,"column":10},"end":{"line":346,"column":null}},"188":{"start":{"line":347,"column":10},"end":{"line":347,"column":null}},"189":{"start":{"line":349,"column":10},"end":{"line":380,"column":null}},"190":{"start":{"line":350,"column":8},"end":{"line":350,"column":null}},"191":{"start":{"line":351,"column":8},"end":{"line":351,"column":null}},"192":{"start":{"line":352,"column":8},"end":{"line":379,"column":null}},"193":{"start":{"line":353,"column":25},"end":{"line":361,"column":null}},"194":{"start":{"line":362,"column":29},"end":{"line":367,"column":null}},"195":{"start":{"line":368,"column":12},"end":{"line":368,"column":null}},"196":{"start":{"line":368,"column":30},"end":{"line":368,"column":null}},"197":{"start":{"line":369,"column":25},"end":{"line":369,"column":null}},"198":{"start":{"line":370,"column":12},"end":{"line":370,"column":null}},"199":{"start":{"line":370,"column":33},"end":{"line":370,"column":null}},"200":{"start":{"line":371,"column":12},"end":{"line":371,"column":null}},"201":{"start":{"line":372,"column":12},"end":{"line":372,"column":null}},"202":{"start":{"line":372,"column":32},"end":{"line":372,"column":null}},"203":{"start":{"line":374,"column":12},"end":{"line":374,"column":null}},"204":{"start":{"line":374,"column":44},"end":{"line":374,"column":null}},"205":{"start":{"line":375,"column":12},"end":{"line":375,"column":null}},"206":{"start":{"line":376,"column":12},"end":{"line":376,"column":null}},"207":{"start":{"line":378,"column":12},"end":{"line":378,"column":null}},"208":{"start":{"line":378,"column":34},"end":{"line":378,"column":null}},"209":{"start":{"line":382,"column":10},"end":{"line":393,"column":null}},"210":{"start":{"line":383,"column":8},"end":{"line":383,"column":null}},"211":{"start":{"line":383,"column":29},"end":{"line":383,"column":null}},"212":{"start":{"line":384,"column":8},"end":{"line":392,"column":null}},"213":{"start":{"line":395,"column":10},"end":{"line":433,"column":null}},"214":{"start":{"line":396,"column":8},"end":{"line":396,"column":null}},"215":{"start":{"line":396,"column":22},"end":{"line":396,"column":null}},"216":{"start":{"line":397,"column":8},"end":{"line":397,"column":null}},"217":{"start":{"line":398,"column":8},"end":{"line":398,"column":null}},"218":{"start":{"line":399,"column":8},"end":{"line":399,"column":null}},"219":{"start":{"line":400,"column":8},"end":{"line":432,"column":null}},"220":{"start":{"line":401,"column":18},"end":{"line":401,"column":null}},"221":{"start":{"line":402,"column":33},"end":{"line":402,"column":null}},"222":{"start":{"line":403,"column":31},"end":{"line":403,"column":null}},"223":{"start":{"line":404,"column":28},"end":{"line":404,"column":null}},"224":{"start":{"line":405,"column":12},"end":{"line":405,"column":null}},"225":{"start":{"line":405,"column":33},"end":{"line":405,"column":null}},"226":{"start":{"line":406,"column":12},"end":{"line":406,"column":null}},"227":{"start":{"line":407,"column":12},"end":{"line":407,"column":null}},"228":{"start":{"line":408,"column":12},"end":{"line":410,"column":null}},"229":{"start":{"line":409,"column":16},"end":{"line":409,"column":null}},"230":{"start":{"line":409,"column":40},"end":{"line":409,"column":74}},"231":{"start":{"line":411,"column":12},"end":{"line":426,"column":null}},"232":{"start":{"line":412,"column":16},"end":{"line":412,"column":null}},"233":{"start":{"line":412,"column":34},"end":{"line":412,"column":62}},"234":{"start":{"line":414,"column":16},"end":{"line":422,"column":null}},"235":{"start":{"line":423,"column":12},"end":{"line":426,"column":null}},"236":{"start":{"line":425,"column":16},"end":{"line":425,"column":null}},"237":{"start":{"line":428,"column":12},"end":{"line":428,"column":null}},"238":{"start":{"line":428,"column":46},"end":{"line":428,"column":null}},"239":{"start":{"line":429,"column":12},"end":{"line":429,"column":null}},"240":{"start":{"line":431,"column":12},"end":{"line":431,"column":null}},"241":{"start":{"line":431,"column":34},"end":{"line":431,"column":null}},"242":{"start":{"line":436,"column":4},"end":{"line":467,"column":null}},"243":{"start":{"line":437,"column":8},"end":{"line":437,"column":null}},"244":{"start":{"line":437,"column":29},"end":{"line":437,"column":null}},"245":{"start":{"line":438,"column":8},"end":{"line":438,"column":null}},"246":{"start":{"line":438,"column":60},"end":{"line":438,"column":null}},"247":{"start":{"line":439,"column":8},"end":{"line":439,"column":null}},"248":{"start":{"line":441,"column":8},"end":{"line":441,"column":null}},"249":{"start":{"line":442,"column":8},"end":{"line":442,"column":null}},"250":{"start":{"line":443,"column":27},"end":{"line":443,"column":null}},"251":{"start":{"line":446,"column":8},"end":{"line":446,"column":null}},"252":{"start":{"line":447,"column":8},"end":{"line":447,"column":null}},"253":{"start":{"line":448,"column":8},"end":{"line":448,"column":null}},"254":{"start":{"line":449,"column":8},"end":{"line":449,"column":null}},"255":{"start":{"line":450,"column":8},"end":{"line":450,"column":null}},"256":{"start":{"line":451,"column":8},"end":{"line":451,"column":null}},"257":{"start":{"line":452,"column":8},"end":{"line":452,"column":null}},"258":{"start":{"line":453,"column":8},"end":{"line":453,"column":null}},"259":{"start":{"line":454,"column":8},"end":{"line":454,"column":null}},"260":{"start":{"line":455,"column":8},"end":{"line":455,"column":null}},"261":{"start":{"line":456,"column":8},"end":{"line":456,"column":null}},"262":{"start":{"line":457,"column":8},"end":{"line":457,"column":null}},"263":{"start":{"line":458,"column":8},"end":{"line":458,"column":null}},"264":{"start":{"line":459,"column":8},"end":{"line":459,"column":null}},"265":{"start":{"line":460,"column":8},"end":{"line":460,"column":null}},"266":{"start":{"line":461,"column":8},"end":{"line":461,"column":null}},"267":{"start":{"line":462,"column":8},"end":{"line":462,"column":null}},"268":{"start":{"line":465,"column":8},"end":{"line":465,"column":null}},"269":{"start":{"line":466,"column":8},"end":{"line":466,"column":null}},"270":{"start":{"line":470,"column":28},"end":{"line":481,"column":null}},"271":{"start":{"line":471,"column":24},"end":{"line":471,"column":null}},"272":{"start":{"line":472,"column":8},"end":{"line":472,"column":null}},"273":{"start":{"line":472,"column":22},"end":{"line":472,"column":null}},"274":{"start":{"line":476,"column":38},"end":{"line":476,"column":null}},"275":{"start":{"line":477,"column":26},"end":{"line":479,"column":null}},"276":{"start":{"line":480,"column":8},"end":{"line":480,"column":null}},"277":{"start":{"line":483,"column":33},"end":{"line":483,"column":null}},"278":{"start":{"line":483,"column":58},"end":{"line":483,"column":98}},"279":{"start":{"line":484,"column":29},"end":{"line":484,"column":null}},"280":{"start":{"line":484,"column":60},"end":{"line":484,"column":65}},"281":{"start":{"line":485,"column":25},"end":{"line":492,"column":null}},"282":{"start":{"line":487,"column":26},"end":{"line":487,"column":null}},"283":{"start":{"line":488,"column":12},"end":{"line":488,"column":null}},"284":{"start":{"line":488,"column":24},"end":{"line":488,"column":null}},"285":{"start":{"line":489,"column":12},"end":{"line":489,"column":null}},"286":{"start":{"line":491,"column":20},"end":{"line":491,"column":76}},"287":{"start":{"line":492,"column":31},"end":{"line":492,"column":80}},"288":{"start":{"line":492,"column":50},"end":{"line":492,"column":73}},"289":{"start":{"line":498,"column":9},"end":{"line":500,"column":null}},"290":{"start":{"line":505,"column":30},"end":{"line":505,"column":null}},"291":{"start":{"line":506,"column":23},"end":{"line":506,"column":null}},"292":{"start":{"line":507,"column":34},"end":{"line":507,"column":null}},"293":{"start":{"line":509,"column":24},"end":{"line":523,"column":null}},"294":{"start":{"line":510,"column":23},"end":{"line":510,"column":null}},"295":{"start":{"line":511,"column":19},"end":{"line":511,"column":null}},"296":{"start":{"line":512,"column":8},"end":{"line":522,"column":null}},"297":{"start":{"line":513,"column":27},"end":{"line":513,"column":null}},"298":{"start":{"line":514,"column":25},"end":{"line":514,"column":null}},"299":{"start":{"line":515,"column":12},"end":{"line":515,"column":null}},"300":{"start":{"line":516,"column":12},"end":{"line":519,"column":null}},"301":{"start":{"line":517,"column":16},"end":{"line":517,"column":null}},"302":{"start":{"line":518,"column":16},"end":{"line":518,"column":null}},"303":{"start":{"line":521,"column":12},"end":{"line":521,"column":null}},"304":{"start":{"line":521,"column":35},"end":{"line":521,"column":47}},"305":{"start":{"line":525,"column":24},"end":{"line":525,"column":null}},"306":{"start":{"line":525,"column":30},"end":{"line":525,"column":null}},"307":{"start":{"line":525,"column":51},"end":{"line":525,"column":69}},"308":{"start":{"line":526,"column":24},"end":{"line":526,"column":null}},"309":{"start":{"line":526,"column":30},"end":{"line":526,"column":null}},"310":{"start":{"line":526,"column":51},"end":{"line":526,"column":87}},"311":{"start":{"line":527,"column":29},"end":{"line":533,"column":null}},"312":{"start":{"line":528,"column":8},"end":{"line":528,"column":null}},"313":{"start":{"line":528,"column":29},"end":{"line":528,"column":null}},"314":{"start":{"line":529,"column":8},"end":{"line":529,"column":null}},"315":{"start":{"line":530,"column":8},"end":{"line":530,"column":null}},"316":{"start":{"line":531,"column":8},"end":{"line":531,"column":null}},"317":{"start":{"line":532,"column":8},"end":{"line":532,"column":null}},"318":{"start":{"line":535,"column":28},"end":{"line":557,"column":null}},"319":{"start":{"line":536,"column":8},"end":{"line":536,"column":null}},"320":{"start":{"line":537,"column":8},"end":{"line":537,"column":null}},"321":{"start":{"line":538,"column":8},"end":{"line":556,"column":null}},"322":{"start":{"line":539,"column":29},"end":{"line":546,"column":null}},"323":{"start":{"line":547,"column":12},"end":{"line":547,"column":null}},"324":{"start":{"line":547,"column":30},"end":{"line":547,"column":null}},"325":{"start":{"line":548,"column":25},"end":{"line":548,"column":null}},"326":{"start":{"line":549,"column":12},"end":{"line":549,"column":null}},"327":{"start":{"line":550,"column":12},"end":{"line":550,"column":null}},"328":{"start":{"line":552,"column":12},"end":{"line":552,"column":null}},"329":{"start":{"line":552,"column":44},"end":{"line":552,"column":null}},"330":{"start":{"line":553,"column":12},"end":{"line":553,"column":null}},"331":{"start":{"line":555,"column":12},"end":{"line":555,"column":null}},"332":{"start":{"line":559,"column":30},"end":{"line":578,"column":null}},"333":{"start":{"line":560,"column":8},"end":{"line":560,"column":null}},"334":{"start":{"line":560,"column":54},"end":{"line":560,"column":null}},"335":{"start":{"line":561,"column":8},"end":{"line":561,"column":null}},"336":{"start":{"line":562,"column":8},"end":{"line":562,"column":null}},"337":{"start":{"line":563,"column":8},"end":{"line":577,"column":null}},"338":{"start":{"line":564,"column":27},"end":{"line":569,"column":null}},"339":{"start":{"line":565,"column":31},"end":{"line":565,"column":null}},"340":{"start":{"line":566,"column":16},"end":{"line":566,"column":null}},"341":{"start":{"line":566,"column":38},"end":{"line":566,"column":null}},"342":{"start":{"line":567,"column":16},"end":{"line":567,"column":null}},"343":{"start":{"line":567,"column":39},"end":{"line":567,"column":null}},"344":{"start":{"line":568,"column":16},"end":{"line":568,"column":null}},"345":{"start":{"line":570,"column":28},"end":{"line":570,"column":null}},"346":{"start":{"line":571,"column":12},"end":{"line":571,"column":null}},"347":{"start":{"line":572,"column":12},"end":{"line":572,"column":null}},"348":{"start":{"line":574,"column":12},"end":{"line":574,"column":null}},"349":{"start":{"line":576,"column":12},"end":{"line":576,"column":null}},"350":{"start":{"line":580,"column":23},"end":{"line":584,"column":null}},"351":{"start":{"line":581,"column":8},"end":{"line":581,"column":null}},"352":{"start":{"line":582,"column":21},"end":{"line":582,"column":null}},"353":{"start":{"line":583,"column":8},"end":{"line":583,"column":null}},"354":{"start":{"line":586,"column":10},"end":{"line":596,"column":null}},"355":{"start":{"line":587,"column":22},"end":{"line":587,"column":null}},"356":{"start":{"line":588,"column":8},"end":{"line":588,"column":null}},"357":{"start":{"line":588,"column":20},"end":{"line":588,"column":null}},"358":{"start":{"line":589,"column":8},"end":{"line":595,"column":null}},"359":{"start":{"line":589,"column":21},"end":{"line":589,"column":24}},"360":{"start":{"line":590,"column":12},"end":{"line":594,"column":null}},"361":{"start":{"line":591,"column":29},"end":{"line":591,"column":null}},"362":{"start":{"line":592,"column":16},"end":{"line":592,"column":null}},"363":{"start":{"line":593,"column":16},"end":{"line":593,"column":null}},"364":{"start":{"line":598,"column":4},"end":{"line":601,"column":null}},"365":{"start":{"line":599,"column":8},"end":{"line":599,"column":null}},"366":{"start":{"line":600,"column":8},"end":{"line":600,"column":null}},"367":{"start":{"line":600,"column":21},"end":{"line":600,"column":null}},"368":{"start":{"line":603,"column":33},"end":{"line":606,"column":null}},"369":{"start":{"line":604,"column":8},"end":{"line":604,"column":null}},"370":{"start":{"line":605,"column":8},"end":{"line":605,"column":null}},"371":{"start":{"line":608,"column":29},"end":{"line":611,"column":null}},"372":{"start":{"line":609,"column":8},"end":{"line":609,"column":null}},"373":{"start":{"line":610,"column":8},"end":{"line":610,"column":null}},"374":{"start":{"line":610,"column":41},"end":{"line":610,"column":null}},"375":{"start":{"line":613,"column":29},"end":{"line":621,"column":null}},"376":{"start":{"line":614,"column":8},"end":{"line":620,"column":null}},"377":{"start":{"line":615,"column":26},"end":{"line":615,"column":null}},"378":{"start":{"line":616,"column":31},"end":{"line":616,"column":null}},"379":{"start":{"line":617,"column":23},"end":{"line":617,"column":null}},"380":{"start":{"line":618,"column":27},"end":{"line":618,"column":null}},"381":{"start":{"line":619,"column":21},"end":{"line":619,"column":null}},"382":{"start":{"line":623,"column":26},"end":{"line":661,"column":null}},"383":{"start":{"line":624,"column":8},"end":{"line":624,"column":null}},"384":{"start":{"line":624,"column":29},"end":{"line":624,"column":null}},"385":{"start":{"line":625,"column":8},"end":{"line":625,"column":null}},"386":{"start":{"line":626,"column":8},"end":{"line":660,"column":null}},"387":{"start":{"line":627,"column":44},"end":{"line":627,"column":null}},"388":{"start":{"line":631,"column":29},"end":{"line":631,"column":null}},"389":{"start":{"line":633,"column":27},"end":{"line":633,"column":null}},"390":{"start":{"line":635,"column":29},"end":{"line":635,"column":null}},"391":{"start":{"line":636,"column":18},"end":{"line":636,"column":null}},"392":{"start":{"line":637,"column":24},"end":{"line":637,"column":null}},"393":{"start":{"line":638,"column":12},"end":{"line":644,"column":null}},"394":{"start":{"line":639,"column":32},"end":{"line":641,"column":null}},"395":{"start":{"line":640,"column":33},"end":{"line":640,"column":42}},"396":{"start":{"line":642,"column":27},"end":{"line":642,"column":null}},"397":{"start":{"line":643,"column":16},"end":{"line":643,"column":null}},"398":{"start":{"line":643,"column":25},"end":{"line":643,"column":null}},"399":{"start":{"line":646,"column":12},"end":{"line":652,"column":null}},"400":{"start":{"line":654,"column":12},"end":{"line":657,"column":null}},"401":{"start":{"line":659,"column":12},"end":{"line":659,"column":null}},"402":{"start":{"line":663,"column":4},"end":{"line":673,"column":null}},"403":{"start":{"line":664,"column":8},"end":{"line":671,"column":null}},"404":{"start":{"line":675,"column":4},"end":{"line":692,"column":null}},"405":{"start":{"line":676,"column":8},"end":{"line":690,"column":null}},"406":{"start":{"line":695,"column":8},"end":{"line":702,"column":null}},"407":{"start":{"line":705,"column":4},"end":{"line":1015,"column":null}},"408":{"start":{"line":744,"column":32},"end":{"line":753,"column":null}},"409":{"start":{"line":747,"column":56},"end":{"line":747,"column":null}},"410":{"start":{"line":748,"column":51},"end":{"line":748,"column":null}},"411":{"start":{"line":763,"column":32},"end":{"line":765,"column":null}},"412":{"start":{"line":775,"column":47},"end":{"line":775,"column":null}},"413":{"start":{"line":782,"column":47},"end":{"line":782,"column":null}},"414":{"start":{"line":789,"column":47},"end":{"line":789,"column":null}},"415":{"start":{"line":796,"column":47},"end":{"line":796,"column":null}},"416":{"start":{"line":814,"column":41},"end":{"line":814,"column":null}},"417":{"start":{"line":821,"column":95},"end":{"line":821,"column":122}},"418":{"start":{"line":826,"column":91},"end":{"line":826,"column":116}},"419":{"start":{"line":831,"column":99},"end":{"line":831,"column":126}},"420":{"start":{"line":875,"column":40},"end":{"line":890,"column":null}},"421":{"start":{"line":883,"column":67},"end":{"line":883,"column":null}},"422":{"start":{"line":903,"column":47},"end":{"line":903,"column":null}},"423":{"start":{"line":913,"column":57},"end":{"line":913,"column":null}},"424":{"start":{"line":926,"column":51},"end":{"line":926,"column":null}},"425":{"start":{"line":950,"column":51},"end":{"line":950,"column":null}},"426":{"start":{"line":1009,"column":43},"end":{"line":1009,"column":null}},"427":{"start":{"line":1010,"column":24},"end":{"line":1010,"column":null}},"428":{"start":{"line":1011,"column":24},"end":{"line":1011,"column":null}},"429":{"start":{"line":1011,"column":40},"end":{"line":1011,"column":null}}},"fnMap":{"0":{"name":"(anonymous_0)","decl":{"start":{"line":10,"column":23},"end":{"line":10,"column":29}},"loc":{"start":{"line":10,"column":29},"end":{"line":14,"column":null}},"line":10},"1":{"name":"(anonymous_1)","decl":{"start":{"line":23,"column":26},"end":{"line":23,"column":27}},"loc":{"start":{"line":23,"column":49},"end":{"line":30,"column":null}},"line":23},"2":{"name":"(anonymous_2)","decl":{"start":{"line":26,"column":13},"end":{"line":26,"column":19}},"loc":{"start":{"line":26,"column":19},"end":{"line":26,"column":80}},"line":26},"3":{"name":"(anonymous_3)","decl":{"start":{"line":32,"column":19},"end":{"line":32,"column":20}},"loc":{"start":{"line":32,"column":26},"end":{"line":35,"column":null}},"line":32},"4":{"name":"(anonymous_4)","decl":{"start":{"line":37,"column":26},"end":{"line":37,"column":27}},"loc":{"start":{"line":37,"column":34},"end":{"line":46,"column":null}},"line":37},"5":{"name":"(anonymous_5)","decl":{"start":{"line":48,"column":26},"end":{"line":48,"column":27}},"loc":{"start":{"line":48,"column":42},"end":{"line":72,"column":null}},"line":48},"6":{"name":"(anonymous_6)","decl":{"start":{"line":76,"column":41},"end":{"line":76,"column":42}},"loc":{"start":{"line":76,"column":114},"end":{"line":163,"column":1}},"line":76},"7":{"name":"(anonymous_7)","decl":{"start":{"line":84,"column":20},"end":{"line":84,"column":26}},"loc":{"start":{"line":84,"column":26},"end":{"line":92,"column":7}},"line":84},"8":{"name":"(anonymous_8)","decl":{"start":{"line":94,"column":29},"end":{"line":94,"column":36}},"loc":{"start":{"line":94,"column":36},"end":{"line":105,"column":8}},"line":94},"9":{"name":"(anonymous_9)","decl":{"start":{"line":95,"column":15},"end":{"line":95,"column":21}},"loc":{"start":{"line":95,"column":21},"end":{"line":95,"column":null}},"line":95},"10":{"name":"(anonymous_10)","decl":{"start":{"line":96,"column":17},"end":{"line":96,"column":23}},"loc":{"start":{"line":96,"column":23},"end":{"line":96,"column":null}},"line":96},"11":{"name":"(anonymous_11)","decl":{"start":{"line":97,"column":25},"end":{"line":97,"column":31}},"loc":{"start":{"line":97,"column":31},"end":{"line":100,"column":null}},"line":97},"12":{"name":"(anonymous_12)","decl":{"start":{"line":101,"column":25},"end":{"line":101,"column":26}},"loc":{"start":{"line":101,"column":37},"end":{"line":104,"column":null}},"line":101},"13":{"name":"(anonymous_13)","decl":{"start":{"line":107,"column":24},"end":{"line":107,"column":25}},"loc":{"start":{"line":107,"column":31},"end":{"line":109,"column":null}},"line":107},"14":{"name":"(anonymous_14)","decl":{"start":{"line":111,"column":26},"end":{"line":111,"column":27}},"loc":{"start":{"line":111,"column":33},"end":{"line":123,"column":null}},"line":111},"15":{"name":"(anonymous_15)","decl":{"start":{"line":119,"column":34},"end":{"line":119,"column":40}},"loc":{"start":{"line":119,"column":40},"end":{"line":121,"column":13}},"line":119},"16":{"name":"(anonymous_16)","decl":{"start":{"line":125,"column":24},"end":{"line":125,"column":25}},"loc":{"start":{"line":125,"column":31},"end":{"line":135,"column":null}},"line":125},"17":{"name":"(anonymous_17)","decl":{"start":{"line":132,"column":30},"end":{"line":132,"column":36}},"loc":{"start":{"line":132,"column":36},"end":{"line":134,"column":9}},"line":132},"18":{"name":"(anonymous_18)","decl":{"start":{"line":166,"column":18},"end":{"line":166,"column":19}},"loc":{"start":{"line":166,"column":144},"end":{"line":221,"column":null}},"line":166},"19":{"name":"(anonymous_19)","decl":{"start":{"line":169,"column":24},"end":{"line":169,"column":30}},"loc":{"start":{"line":169,"column":30},"end":{"line":176,"column":null}},"line":169},"20":{"name":"(anonymous_20)","decl":{"start":{"line":177,"column":29},"end":{"line":177,"column":35}},"loc":{"start":{"line":177,"column":35},"end":{"line":179,"column":null}},"line":177},"21":{"name":"(anonymous_21)","decl":{"start":{"line":180,"column":29},"end":{"line":180,"column":35}},"loc":{"start":{"line":180,"column":35},"end":{"line":182,"column":null}},"line":180},"22":{"name":"(anonymous_22)","decl":{"start":{"line":197,"column":37},"end":{"line":197,"column":38}},"loc":{"start":{"line":197,"column":44},"end":{"line":197,"column":81}},"line":197},"23":{"name":"(anonymous_23)","decl":{"start":{"line":223,"column":17},"end":{"line":223,"column":18}},"loc":{"start":{"line":223,"column":38},"end":{"line":1017,"column":null}},"line":223},"24":{"name":"(anonymous_24)","decl":{"start":{"line":271,"column":57},"end":{"line":271,"column":63}},"loc":{"start":{"line":271,"column":57},"end":{"line":271,"column":98}},"line":271},"25":{"name":"(anonymous_25)","decl":{"start":{"line":280,"column":26},"end":{"line":280,"column":27}},"loc":{"start":{"line":280,"column":36},"end":{"line":283,"column":null}},"line":280},"26":{"name":"(anonymous_26)","decl":{"start":{"line":287,"column":22},"end":{"line":287,"column":23}},"loc":{"start":{"line":287,"column":37},"end":{"line":291,"column":null}},"line":287},"27":{"name":"(anonymous_27)","decl":{"start":{"line":297,"column":37},"end":{"line":297,"column":49}},"loc":{"start":{"line":297,"column":49},"end":{"line":314,"column":7}},"line":297},"28":{"name":"(anonymous_28)","decl":{"start":{"line":302,"column":28},"end":{"line":302,"column":36}},"loc":{"start":{"line":302,"column":36},"end":{"line":305,"column":13}},"line":302},"29":{"name":"(anonymous_29)","decl":{"start":{"line":316,"column":14},"end":{"line":316,"column":20}},"loc":{"start":{"line":316,"column":20},"end":{"line":318,"column":7}},"line":316},"30":{"name":"(anonymous_30)","decl":{"start":{"line":320,"column":14},"end":{"line":320,"column":20}},"loc":{"start":{"line":320,"column":20},"end":{"line":327,"column":7}},"line":320},"31":{"name":"(anonymous_31)","decl":{"start":{"line":322,"column":18},"end":{"line":322,"column":23}},"loc":{"start":{"line":322,"column":23},"end":{"line":322,"column":45}},"line":322},"32":{"name":"(anonymous_32)","decl":{"start":{"line":323,"column":18},"end":{"line":323,"column":28}},"loc":{"start":{"line":323,"column":28},"end":{"line":325,"column":13}},"line":323},"33":{"name":"(anonymous_33)","decl":{"start":{"line":326,"column":19},"end":{"line":326,"column":25}},"loc":{"start":{"line":326,"column":25},"end":{"line":326,"column":28}},"line":326},"34":{"name":"(anonymous_34)","decl":{"start":{"line":329,"column":14},"end":{"line":329,"column":20}},"loc":{"start":{"line":329,"column":20},"end":{"line":334,"column":7}},"line":329},"35":{"name":"(anonymous_35)","decl":{"start":{"line":336,"column":14},"end":{"line":336,"column":20}},"loc":{"start":{"line":336,"column":20},"end":{"line":340,"column":7}},"line":336},"36":{"name":"(anonymous_36)","decl":{"start":{"line":337,"column":29},"end":{"line":337,"column":35}},"loc":{"start":{"line":337,"column":35},"end":{"line":337,"column":null}},"line":337},"37":{"name":"(anonymous_37)","decl":{"start":{"line":339,"column":15},"end":{"line":339,"column":21}},"loc":{"start":{"line":339,"column":21},"end":{"line":339,"column":null}},"line":339},"38":{"name":"(anonymous_38)","decl":{"start":{"line":349,"column":42},"end":{"line":349,"column":49}},"loc":{"start":{"line":349,"column":87},"end":{"line":380,"column":7}},"line":349},"39":{"name":"(anonymous_39)","decl":{"start":{"line":382,"column":42},"end":{"line":382,"column":48}},"loc":{"start":{"line":382,"column":48},"end":{"line":393,"column":7}},"line":382},"40":{"name":"(anonymous_40)","decl":{"start":{"line":395,"column":42},"end":{"line":395,"column":49}},"loc":{"start":{"line":395,"column":69},"end":{"line":433,"column":7}},"line":395},"41":{"name":"(anonymous_41)","decl":{"start":{"line":409,"column":32},"end":{"line":409,"column":40}},"loc":{"start":{"line":409,"column":40},"end":{"line":409,"column":74}},"line":409},"42":{"name":"(anonymous_42)","decl":{"start":{"line":412,"column":26},"end":{"line":412,"column":34}},"loc":{"start":{"line":412,"column":34},"end":{"line":412,"column":62}},"line":412},"43":{"name":"(anonymous_43)","decl":{"start":{"line":436,"column":14},"end":{"line":436,"column":20}},"loc":{"start":{"line":436,"column":20},"end":{"line":467,"column":7}},"line":436},"44":{"name":"(anonymous_44)","decl":{"start":{"line":470,"column":28},"end":{"line":470,"column":29}},"loc":{"start":{"line":470,"column":48},"end":{"line":481,"column":null}},"line":470},"45":{"name":"(anonymous_45)","decl":{"start":{"line":483,"column":52},"end":{"line":483,"column":58}},"loc":{"start":{"line":483,"column":58},"end":{"line":483,"column":98}},"line":483},"46":{"name":"(anonymous_46)","decl":{"start":{"line":484,"column":54},"end":{"line":484,"column":60}},"loc":{"start":{"line":484,"column":60},"end":{"line":484,"column":65}},"line":484},"47":{"name":"(anonymous_47)","decl":{"start":{"line":486,"column":16},"end":{"line":486,"column":22}},"loc":{"start":{"line":486,"column":22},"end":{"line":490,"column":9}},"line":486},"48":{"name":"(anonymous_48)","decl":{"start":{"line":491,"column":13},"end":{"line":491,"column":20}},"loc":{"start":{"line":491,"column":20},"end":{"line":491,"column":76}},"line":491},"49":{"name":"(anonymous_49)","decl":{"start":{"line":492,"column":16},"end":{"line":492,"column":17}},"loc":{"start":{"line":492,"column":31},"end":{"line":492,"column":80}},"line":492},"50":{"name":"(anonymous_50)","decl":{"start":{"line":492,"column":45},"end":{"line":492,"column":50}},"loc":{"start":{"line":492,"column":50},"end":{"line":492,"column":73}},"line":492},"51":{"name":"(anonymous_51)","decl":{"start":{"line":509,"column":24},"end":{"line":509,"column":25}},"loc":{"start":{"line":509,"column":35},"end":{"line":523,"column":null}},"line":509},"52":{"name":"(anonymous_52)","decl":{"start":{"line":516,"column":34},"end":{"line":516,"column":40}},"loc":{"start":{"line":516,"column":40},"end":{"line":519,"column":13}},"line":516},"53":{"name":"(anonymous_53)","decl":{"start":{"line":521,"column":27},"end":{"line":521,"column":35}},"loc":{"start":{"line":521,"column":35},"end":{"line":521,"column":47}},"line":521},"54":{"name":"(anonymous_54)","decl":{"start":{"line":525,"column":24},"end":{"line":525,"column":30}},"loc":{"start":{"line":525,"column":30},"end":{"line":525,"column":null}},"line":525},"55":{"name":"(anonymous_55)","decl":{"start":{"line":525,"column":46},"end":{"line":525,"column":51}},"loc":{"start":{"line":525,"column":51},"end":{"line":525,"column":69}},"line":525},"56":{"name":"(anonymous_56)","decl":{"start":{"line":526,"column":24},"end":{"line":526,"column":30}},"loc":{"start":{"line":526,"column":30},"end":{"line":526,"column":null}},"line":526},"57":{"name":"(anonymous_57)","decl":{"start":{"line":526,"column":46},"end":{"line":526,"column":51}},"loc":{"start":{"line":526,"column":51},"end":{"line":526,"column":87}},"line":526},"58":{"name":"(anonymous_58)","decl":{"start":{"line":527,"column":29},"end":{"line":527,"column":35}},"loc":{"start":{"line":527,"column":35},"end":{"line":533,"column":null}},"line":527},"59":{"name":"(anonymous_59)","decl":{"start":{"line":535,"column":28},"end":{"line":535,"column":40}},"loc":{"start":{"line":535,"column":40},"end":{"line":557,"column":null}},"line":535},"60":{"name":"(anonymous_60)","decl":{"start":{"line":559,"column":30},"end":{"line":559,"column":37}},"loc":{"start":{"line":559,"column":46},"end":{"line":578,"column":null}},"line":559},"61":{"name":"(anonymous_61)","decl":{"start":{"line":564,"column":45},"end":{"line":564,"column":46}},"loc":{"start":{"line":564,"column":66},"end":{"line":569,"column":13}},"line":564},"62":{"name":"(anonymous_62)","decl":{"start":{"line":566,"column":32},"end":{"line":566,"column":38}},"loc":{"start":{"line":566,"column":38},"end":{"line":566,"column":null}},"line":566},"63":{"name":"(anonymous_63)","decl":{"start":{"line":567,"column":33},"end":{"line":567,"column":39}},"loc":{"start":{"line":567,"column":39},"end":{"line":567,"column":null}},"line":567},"64":{"name":"(anonymous_64)","decl":{"start":{"line":580,"column":23},"end":{"line":580,"column":24}},"loc":{"start":{"line":580,"column":30},"end":{"line":584,"column":null}},"line":580},"65":{"name":"(anonymous_65)","decl":{"start":{"line":586,"column":36},"end":{"line":586,"column":37}},"loc":{"start":{"line":586,"column":43},"end":{"line":596,"column":7}},"line":586},"66":{"name":"(anonymous_66)","decl":{"start":{"line":598,"column":14},"end":{"line":598,"column":20}},"loc":{"start":{"line":598,"column":20},"end":{"line":601,"column":7}},"line":598},"67":{"name":"(anonymous_67)","decl":{"start":{"line":600,"column":15},"end":{"line":600,"column":21}},"loc":{"start":{"line":600,"column":21},"end":{"line":600,"column":null}},"line":600},"68":{"name":"(anonymous_68)","decl":{"start":{"line":603,"column":33},"end":{"line":603,"column":34}},"loc":{"start":{"line":603,"column":43},"end":{"line":606,"column":null}},"line":603},"69":{"name":"(anonymous_69)","decl":{"start":{"line":608,"column":29},"end":{"line":608,"column":30}},"loc":{"start":{"line":608,"column":40},"end":{"line":611,"column":null}},"line":608},"70":{"name":"(anonymous_70)","decl":{"start":{"line":613,"column":29},"end":{"line":613,"column":35}},"loc":{"start":{"line":613,"column":35},"end":{"line":621,"column":null}},"line":613},"71":{"name":"(anonymous_71)","decl":{"start":{"line":623,"column":26},"end":{"line":623,"column":33}},"loc":{"start":{"line":623,"column":48},"end":{"line":661,"column":null}},"line":623},"72":{"name":"(anonymous_72)","decl":{"start":{"line":640,"column":28},"end":{"line":640,"column":33}},"loc":{"start":{"line":640,"column":33},"end":{"line":640,"column":42}},"line":640},"73":{"name":"(anonymous_73)","decl":{"start":{"line":743,"column":52},"end":{"line":743,"column":null}},"loc":{"start":{"line":744,"column":32},"end":{"line":753,"column":null}},"line":744},"74":{"name":"(anonymous_74)","decl":{"start":{"line":747,"column":49},"end":{"line":747,"column":50}},"loc":{"start":{"line":747,"column":56},"end":{"line":747,"column":null}},"line":747},"75":{"name":"(anonymous_75)","decl":{"start":{"line":748,"column":45},"end":{"line":748,"column":51}},"loc":{"start":{"line":748,"column":51},"end":{"line":748,"column":null}},"line":748},"76":{"name":"(anonymous_76)","decl":{"start":{"line":762,"column":46},"end":{"line":762,"column":null}},"loc":{"start":{"line":763,"column":32},"end":{"line":765,"column":null}},"line":763},"77":{"name":"(anonymous_77)","decl":{"start":{"line":775,"column":41},"end":{"line":775,"column":47}},"loc":{"start":{"line":775,"column":47},"end":{"line":775,"column":null}},"line":775},"78":{"name":"(anonymous_78)","decl":{"start":{"line":782,"column":41},"end":{"line":782,"column":47}},"loc":{"start":{"line":782,"column":47},"end":{"line":782,"column":null}},"line":782},"79":{"name":"(anonymous_79)","decl":{"start":{"line":789,"column":41},"end":{"line":789,"column":47}},"loc":{"start":{"line":789,"column":47},"end":{"line":789,"column":null}},"line":789},"80":{"name":"(anonymous_80)","decl":{"start":{"line":796,"column":41},"end":{"line":796,"column":47}},"loc":{"start":{"line":796,"column":47},"end":{"line":796,"column":null}},"line":796},"81":{"name":"(anonymous_81)","decl":{"start":{"line":814,"column":34},"end":{"line":814,"column":35}},"loc":{"start":{"line":814,"column":41},"end":{"line":814,"column":null}},"line":814},"82":{"name":"(anonymous_82)","decl":{"start":{"line":821,"column":90},"end":{"line":821,"column":95}},"loc":{"start":{"line":821,"column":95},"end":{"line":821,"column":122}},"line":821},"83":{"name":"(anonymous_83)","decl":{"start":{"line":826,"column":86},"end":{"line":826,"column":91}},"loc":{"start":{"line":826,"column":91},"end":{"line":826,"column":116}},"line":826},"84":{"name":"(anonymous_84)","decl":{"start":{"line":831,"column":94},"end":{"line":831,"column":99}},"loc":{"start":{"line":831,"column":99},"end":{"line":831,"column":126}},"line":831},"85":{"name":"(anonymous_85)","decl":{"start":{"line":874,"column":51},"end":{"line":874,"column":52}},"loc":{"start":{"line":875,"column":40},"end":{"line":890,"column":null}},"line":875},"86":{"name":"(anonymous_86)","decl":{"start":{"line":883,"column":61},"end":{"line":883,"column":67}},"loc":{"start":{"line":883,"column":67},"end":{"line":883,"column":null}},"line":883},"87":{"name":"(anonymous_87)","decl":{"start":{"line":903,"column":40},"end":{"line":903,"column":41}},"loc":{"start":{"line":903,"column":47},"end":{"line":903,"column":null}},"line":903},"88":{"name":"(anonymous_88)","decl":{"start":{"line":913,"column":50},"end":{"line":913,"column":51}},"loc":{"start":{"line":913,"column":57},"end":{"line":913,"column":null}},"line":913},"89":{"name":"(anonymous_89)","decl":{"start":{"line":926,"column":46},"end":{"line":926,"column":51}},"loc":{"start":{"line":926,"column":51},"end":{"line":926,"column":null}},"line":926},"90":{"name":"(anonymous_90)","decl":{"start":{"line":950,"column":45},"end":{"line":950,"column":51}},"loc":{"start":{"line":950,"column":51},"end":{"line":950,"column":null}},"line":950},"91":{"name":"(anonymous_91)","decl":{"start":{"line":1008,"column":31},"end":{"line":1008,"column":37}},"loc":{"start":{"line":1008,"column":37},"end":{"line":1012,"column":null}},"line":1008}},"branchMap":{"0":{"loc":{"start":{"line":11,"column":16},"end":{"line":11,"column":null}},"type":"cond-expr","locations":[{"start":{"line":11,"column":48},"end":{"line":11,"column":89}},{"start":{"line":11,"column":89},"end":{"line":11,"column":null}}],"line":11},"1":{"loc":{"start":{"line":13,"column":11},"end":{"line":13,"column":null}},"type":"cond-expr","locations":[{"start":{"line":13,"column":43},"end":{"line":13,"column":51}},{"start":{"line":13,"column":51},"end":{"line":13,"column":null}}],"line":13},"2":{"loc":{"start":{"line":13,"column":11},"end":{"line":13,"column":43}},"type":"binary-expr","locations":[{"start":{"line":13,"column":11},"end":{"line":13,"column":34}},{"start":{"line":13,"column":34},"end":{"line":13,"column":43}}],"line":13},"3":{"loc":{"start":{"line":24,"column":19},"end":{"line":24,"column":null}},"type":"cond-expr","locations":[{"start":{"line":24,"column":29},"end":{"line":24,"column":53}},{"start":{"line":24,"column":53},"end":{"line":24,"column":null}}],"line":24},"4":{"loc":{"start":{"line":25,"column":20},"end":{"line":25,"column":null}},"type":"binary-expr","locations":[{"start":{"line":25,"column":20},"end":{"line":25,"column":32}},{"start":{"line":25,"column":32},"end":{"line":25,"column":null}}],"line":25},"5":{"loc":{"start":{"line":26,"column":31},"end":{"line":26,"column":79}},"type":"cond-expr","locations":[{"start":{"line":26,"column":56},"end":{"line":26,"column":68}},{"start":{"line":26,"column":68},"end":{"line":26,"column":79}}],"line":26},"6":{"loc":{"start":{"line":28,"column":22},"end":{"line":28,"column":null}},"type":"cond-expr","locations":[{"start":{"line":28,"column":38},"end":{"line":28,"column":60}},{"start":{"line":28,"column":60},"end":{"line":28,"column":null}}],"line":28},"7":{"loc":{"start":{"line":38,"column":16},"end":{"line":38,"column":null}},"type":"cond-expr","locations":[{"start":{"line":38,"column":48},"end":{"line":38,"column":72}},{"start":{"line":38,"column":72},"end":{"line":38,"column":null}}],"line":38},"8":{"loc":{"start":{"line":39,"column":4},"end":{"line":39,"column":null}},"type":"if","locations":[{"start":{"line":39,"column":4},"end":{"line":39,"column":null}},{"start":{},"end":{}}],"line":39},"9":{"loc":{"start":{"line":39,"column":8},"end":{"line":39,"column":38}},"type":"binary-expr","locations":[{"start":{"line":39,"column":8},"end":{"line":39,"column":16}},{"start":{"line":39,"column":16},"end":{"line":39,"column":38}}],"line":39},"10":{"loc":{"start":{"line":41,"column":4},"end":{"line":41,"column":null}},"type":"if","locations":[{"start":{"line":41,"column":4},"end":{"line":41,"column":null}},{"start":{},"end":{}}],"line":41},"11":{"loc":{"start":{"line":49,"column":16},"end":{"line":49,"column":null}},"type":"cond-expr","locations":[{"start":{"line":49,"column":48},"end":{"line":49,"column":72}},{"start":{"line":49,"column":72},"end":{"line":49,"column":null}}],"line":49},"12":{"loc":{"start":{"line":50,"column":4},"end":{"line":50,"column":null}},"type":"if","locations":[{"start":{"line":50,"column":4},"end":{"line":50,"column":null}},{"start":{},"end":{}}],"line":50},"13":{"loc":{"start":{"line":58,"column":8},"end":{"line":63,"column":null}},"type":"if","locations":[{"start":{"line":58,"column":8},"end":{"line":63,"column":null}},{"start":{},"end":{}}],"line":58},"14":{"loc":{"start":{"line":66,"column":4},"end":{"line":69,"column":null}},"type":"if","locations":[{"start":{"line":66,"column":4},"end":{"line":69,"column":null}},{"start":{},"end":{}}],"line":66},"15":{"loc":{"start":{"line":79,"column":23},"end":{"line":79,"column":null}},"type":"binary-expr","locations":[{"start":{"line":79,"column":23},"end":{"line":79,"column":48}},{"start":{"line":79,"column":48},"end":{"line":79,"column":null}}],"line":79},"16":{"loc":{"start":{"line":80,"column":24},"end":{"line":82,"column":null}},"type":"cond-expr","locations":[{"start":{"line":81,"column":10},"end":{"line":81,"column":null}},{"start":{"line":82,"column":10},"end":{"line":82,"column":null}}],"line":80},"17":{"loc":{"start":{"line":86,"column":8},"end":{"line":86,"column":null}},"type":"if","locations":[{"start":{"line":86,"column":8},"end":{"line":86,"column":null}},{"start":{},"end":{}}],"line":86},"18":{"loc":{"start":{"line":87,"column":8},"end":{"line":87,"column":null}},"type":"if","locations":[{"start":{"line":87,"column":8},"end":{"line":87,"column":null}},{"start":{},"end":{}}],"line":87},"19":{"loc":{"start":{"line":89,"column":28},"end":{"line":89,"column":null}},"type":"cond-expr","locations":[{"start":{"line":89,"column":40},"end":{"line":89,"column":64}},{"start":{"line":89,"column":64},"end":{"line":89,"column":null}}],"line":89},"20":{"loc":{"start":{"line":91,"column":8},"end":{"line":91,"column":null}},"type":"if","locations":[{"start":{"line":91,"column":8},"end":{"line":91,"column":null}},{"start":{},"end":{}}],"line":91},"21":{"loc":{"start":{"line":99,"column":19},"end":{"line":99,"column":null}},"type":"cond-expr","locations":[{"start":{"line":99,"column":24},"end":{"line":99,"column":48}},{"start":{"line":99,"column":48},"end":{"line":99,"column":null}}],"line":99},"22":{"loc":{"start":{"line":103,"column":12},"end":{"line":103,"column":null}},"type":"if","locations":[{"start":{"line":103,"column":12},"end":{"line":103,"column":null}},{"start":{},"end":{}}],"line":103},"23":{"loc":{"start":{"line":108,"column":17},"end":{"line":108,"column":50}},"type":"binary-expr","locations":[{"start":{"line":108,"column":17},"end":{"line":108,"column":48}},{"start":{"line":108,"column":48},"end":{"line":108,"column":50}}],"line":108},"24":{"loc":{"start":{"line":112,"column":8},"end":{"line":122,"column":null}},"type":"if","locations":[{"start":{"line":112,"column":8},"end":{"line":122,"column":null}},{"start":{},"end":{}}],"line":112},"25":{"loc":{"start":{"line":115,"column":12},"end":{"line":115,"column":null}},"type":"if","locations":[{"start":{"line":115,"column":12},"end":{"line":115,"column":null}},{"start":{},"end":{}}],"line":115},"26":{"loc":{"start":{"line":120,"column":16},"end":{"line":120,"column":null}},"type":"if","locations":[{"start":{"line":120,"column":16},"end":{"line":120,"column":null}},{"start":{},"end":{}}],"line":120},"27":{"loc":{"start":{"line":127,"column":14},"end":{"line":127,"column":null}},"type":"binary-expr","locations":[{"start":{"line":127,"column":14},"end":{"line":127,"column":89}},{"start":{"line":127,"column":89},"end":{"line":127,"column":null}}],"line":127},"28":{"loc":{"start":{"line":127,"column":22},"end":{"line":127,"column":64}},"type":"binary-expr","locations":[{"start":{"line":127,"column":22},"end":{"line":127,"column":41}},{"start":{"line":127,"column":41},"end":{"line":127,"column":64}}],"line":127},"29":{"loc":{"start":{"line":133,"column":12},"end":{"line":133,"column":null}},"type":"if","locations":[{"start":{"line":133,"column":12},"end":{"line":133,"column":null}},{"start":{},"end":{}}],"line":133},"30":{"loc":{"start":{"line":139,"column":13},"end":{"line":145,"column":null}},"type":"binary-expr","locations":[{"start":{"line":139,"column":13},"end":{"line":139,"column":23}},{"start":{"line":139,"column":23},"end":{"line":139,"column":null}},{"start":{"line":140,"column":16},"end":{"line":145,"column":null}}],"line":139},"31":{"loc":{"start":{"line":152,"column":33},"end":{"line":152,"column":null}},"type":"cond-expr","locations":[{"start":{"line":152,"column":38},"end":{"line":152,"column":54}},{"start":{"line":152,"column":54},"end":{"line":152,"column":null}}],"line":152},"32":{"loc":{"start":{"line":168,"column":22},"end":{"line":168,"column":null}},"type":"binary-expr","locations":[{"start":{"line":168,"column":22},"end":{"line":168,"column":36}},{"start":{"line":168,"column":36},"end":{"line":168,"column":null}}],"line":168},"33":{"loc":{"start":{"line":170,"column":8},"end":{"line":170,"column":null}},"type":"if","locations":[{"start":{"line":170,"column":8},"end":{"line":170,"column":null}},{"start":{},"end":{}}],"line":170},"34":{"loc":{"start":{"line":171,"column":8},"end":{"line":175,"column":null}},"type":"if","locations":[{"start":{"line":171,"column":8},"end":{"line":175,"column":null}},{"start":{"line":173,"column":8},"end":{"line":175,"column":null}}],"line":171},"35":{"loc":{"
[...]
,"end":{"line":61,"column":81}},"41":{"start":{"line":62,"column":20},"end":{"line":62,"column":null}},"42":{"start":{"line":64,"column":20},"end":{"line":64,"column":null}},"43":{"start":{"line":68,"column":12},"end":{"line":72,"column":null}},"44":{"start":{"line":75,"column":8},"end":{"line":75,"column":null}},"45":{"start":{"line":76,"column":8},"end":{"line":78,"column":null}},"46":{"start":{"line":77,"column":12},"end":{"line":77,"column":null}},"47":{"start":{"line":79,"column":8},"end":{"line":79,"column":null}},"48":{"start":{"line":83,"column":34},"end":{"line":111,"column":1}},"49":{"start":{"line":84,"column":4},"end":{"line":110,"column":null}},"50":{"start":{"line":85,"column":25},"end":{"line":91,"column":10}},"51":{"start":{"line":93,"column":8},"end":{"line":95,"column":null}},"52":{"start":{"line":94,"column":12},"end":{"line":94,"column":null}},"53":{"start":{"line":97,"column":8},"end":{"line":100,"column":null}},"54":{"start":{"line":98,"column":12},"end":{"line":98,"column":null}},"55":{"start":{"line":99,"column":12},"end":{"line":99,"column":null}},"56":{"start":{"line":102,"column":21},"end":{"line":102,"column":42}},"57":{"start":{"line":103,"column":8},"end":{"line":103,"column":null}},"58":{"start":{"line":105,"column":8},"end":{"line":105,"column":null}},"59":{"start":{"line":106,"column":8},"end":{"line":108,"column":null}},"60":{"start":{"line":107,"column":12},"end":{"line":107,"column":null}},"61":{"start":{"line":109,"column":8},"end":{"line":109,"column":null}}},"fnMap":{"0":{"name":"(anonymous_0)","decl":{"start":{"line":1,"column":25},"end":{"line":1,"column":30}},"loc":{"start":{"line":1,"column":37},"end":{"line":24,"column":1}},"line":1},"1":{"name":"(anonymous_1)","decl":{"start":{"line":16,"column":29},"end":{"line":16,"column":32}},"loc":{"start":{"line":16,"column":36},"end":{"line":16,"column":75}},"line":16},"2":{"name":"(anonymous_2)","decl":{"start":{"line":26,"column":32},"end":{"line":26,"column":37}},"loc":{"start":{"line":26,"column":47},"end":{"line":81,"column":1}},"line":26},"3":{"name":"(anonymous_3)","decl":{"start":{"line":44,"column":30},"end":{"line":44,"column":34}},"loc":{"start":{"line":44,"column":38},"end":{"line":73,"column":9}},"line":44},"4":{"name":"(anonymous_4)","decl":{"start":{"line":57,"column":29},"end":{"line":57,"column":30}},"loc":{"start":{"line":57,"column":44},"end":{"line":66,"column":13}},"line":57},"5":{"name":"(anonymous_5)","decl":{"start":{"line":61,"column":42},"end":{"line":61,"column":47}},"loc":{"start":{"line":61,"column":51},"end":{"line":61,"column":81}},"line":61},"6":{"name":"(anonymous_6)","decl":{"start":{"line":83,"column":34},"end":{"line":83,"column":39}},"loc":{"start":{"line":83,"column":62},"end":{"line":111,"column":1}},"line":83}},"branchMap":{"0":{"loc":{"start":{"line":6,"column":8},"end":{"line":8,"column":null}},"type":"if","locations":[{"start":{"line":6,"column":8},"end":{"line":8,"column":null}},{"start":{},"end":{}}],"line":6},"1":{"loc":{"start":{"line":12,"column":8},"end":{"line":12,"column":null}},"type":"if","locations":[{"start":{"line":12,"column":8},"end":{"line":12,"column":null}},{"start":{},"end":{}}],"line":12},"2":{"loc":{"start":{"line":16,"column":36},"end":{"line":16,"column":75}},"type":"cond-expr","locations":[{"start":{"line":16,"column":62},"end":{"line":16,"column":69}},{"start":{"line":16,"column":72},"end":{"line":16,"column":75}}],"line":16},"3":{"loc":{"start":{"line":19,"column":8},"end":{"line":21,"column":null}},"type":"if","locations":[{"start":{"line":19,"column":8},"end":{"line":21,"column":null}},{"start":{},"end":{}}],"line":19},"4":{"loc":{"start":{"line":33,"column":8},"end":{"line":35,"column":null}},"type":"if","locations":[{"start":{"line":33,"column":8},"end":{"line":35,"column":null}},{"start":{},"end":{}}],"line":33},"5":{"loc":{"start":{"line":39,"column":8},"end":{"line":42,"column":null}},"type":"if","locations":[{"start":{"line":39,"column":8},"end":{"line":42,"column":null}},{"start":{},"end":{}}],"line":39},"6":{"loc":{"start":{"line":39,"column":12},"end":{"line":39,"column":56}},"type":"binary-expr","locations":[{"start":{"line":39,"column":12},"end":{"line":39,"column":24}},{"start":{"line":39,"column":28},"end":{"line":39,"column":41}},{"start":{"line":39,"column":45},"end":{"line":39,"column":56}}],"line":39},"7":{"loc":{"start":{"line":40,"column":54},"end":{"line":40,"column":83}},"type":"binary-expr","locations":[{"start":{"line":40,"column":54},"end":{"line":40,"column":64}},{"start":{"line":40,"column":68},"end":{"line":40,"column":83}}],"line":40},"8":{"loc":{"start":{"line":46,"column":12},"end":{"line":50,"column":null}},"type":"if","locations":[{"start":{"line":46,"column":12},"end":{"line":50,"column":null}},{"start":{"line":48,"column":19},"end":{"line":50,"column":null}}],"line":46},"9":{"loc":{"start":{"line":46,"column":16},"end":{"line":46,"column":61}},"type":"binary-expr","locations":[{"start":{"line":46,"column":16},"end":{"line":46,"column":31}},{"start":{"line":46,"column":35},"end":{"line":46,"column":61}}],"line":46},"10":{"loc":{"start":{"line":48,"column":19},"end":{"line":50,"column":null}},"type":"if","locations":[{"start":{"line":48,"column":19},"end":{"line":50,"column":null}},{"start":{},"end":{}}],"line":48},"11":{"loc":{"start":{"line":76,"column":8},"end":{"line":78,"column":null}},"type":"if","locations":[{"start":{"line":76,"column":8},"end":{"line":78,"column":null}},{"start":{},"end":{}}],"line":76},"12":{"loc":{"start":{"line":93,"column":8},"end":{"line":95,"column":null}},"type":"if","locations":[{"start":{"line":93,"column":8},"end":{"line":95,"column":null}},{"start":{},"end":{}}],"line":93},"13":{"loc":{"start":{"line":97,"column":8},"end":{"line":100,"column":null}},"type":"if","locations":[{"start":{"line":97,"column":8},"end":{"line":100,"column":null}},{"start":{},"end":{}}],"line":97},"14":{"loc":{"start":{"line":106,"column":8},"end":{"line":108,"column":null}},"type":"if","locations":[{"start":{"line":106,"column":8},"end":{"line":108,"column":null}},{"start":{},"end":{}}],"line":106}},"s":{"0":2,"1":7,"2":7,"3":7,"4":6,"5":1,"6":5,"7":5,"8":1,"9":4,"10":6,"11":2,"12":2,"13":1,"14":1,"15":2,"16":5,"17":5,"18":5,"19":5,"20":5,"21":1,"22":4,"23":4,"24":1,"25":1,"26":3,"27":9,"28":9,"29":1,"30":8,"31":1,"32":9,"33":9,"34":9,"35":9,"36":9,"37":9,"38":9,"39":9,"40":28,"41":9,"42":5,"43":9,"44":1,"45":1,"46":1,"47":0,"48":2,"49":3,"50":3,"51":3,"52":1,"53":2,"54":1,"55":1,"56":1,"57":1,"58":1,"59":1,"60":1,"61":0},"f":{"0":7,"1":6,"2":5,"3":9,"4":9,"5":28,"6":3},"b":{"0":[1,5],"1":[1,4],"2":[2,4],"3":[1,1],"4":[1,4],"5":[1,3],"6":[4,3,3],"7":[1,0],"8":[1,8],"9":[9,1],"10":[1,7],"11":[1,0],"12":[1,2],"13":[1,1],"14":[1,0]},"meta":{"lastBranch":15,"lastFunction":7,"lastStatement":62,"seen":{"s:1:25:24:1":0,"f:1:25:1:30":0,"s:2:4:23:Infinity":1,"s:3:8:3:Infinity":2,"s:4:25:4:60":3,"b:6:8:8:Infinity:undefined:undefined:undefined:undefined":0,"s:6:8:8:Infinity":4,"s:7:12:7:Infinity":5,"s:10:21:10:42":6,"b:12:8:12:Infinity:undefined:undefined:undefined:undefined":1,"s:12:8:12:Infinity":7,"s:12:24:12:Infinity":8,"s:16:8:16:Infinity":9,"f:16:29:16:32":1,"s:16:36:16:75":10,"b:16:62:16:69:16:72:16:75":2,"s:18:8:18:Infinity":11,"b:19:8:21:Infinity:undefined:undefined:undefined:undefined":3,"s:19:8:21:Infinity":12,"s:20:12:20:Infinity":13,"s:22:8:22:Infinity":14,"s:26:32:81:1":15,"f:26:32:26:37":2,"s:27:4:80:Infinity":16,"s:28:8:28:Infinity":17,"s:30:29:30:81":18,"s:31:25:31:90":19,"b:33:8:35:Infinity:undefined:undefined:undefined:undefined":4,"s:33:8:35:Infinity":20,"s:34:12:34:Infinity":21,"s:37:21:37:42":22,"b:39:8:42:Infinity:undefined:undefined:undefined:undefined":5,"s:39:8:42:Infinity":23,"b:39:12:39:24:39:28:39:41:39:45:39:56":6,"s:40:12:40:Infinity":24,"b:40:54:40:64:40:68:40:83":7,"s:41:12:41:Infinity":25,"s:44:8:73:Infinity":26,"f:44:30:44:34":3,"s:45:32:45:34":27,"b:46:12:50:Infinity:48:19:50:Infinity":8,"s:46:12:50:Infinity":28,"b:46:16:46:31:46:35:46:61":9,"s:47:16:47:Infinity":29,"b:48:19:50:Infinity:undefined:undefined:undefined:undefined":10,"s:48:19:50:Infinity":30,"s:49:16:49:Infinity":31,"s:53:25:53:36":32,"s:54:12:54:Infinity":33,"s:55:12:55:Infinity":34,"s:57:29:66:13":35,"f:57:29:57:30":4,"s:58:16:65:Infinity":36,"s:59:32:59:50":37,"s:60:42:60:136":38,"s:61:20:61:Infinity":39,"f:61:42:61:47":5,"s:61:51:61:81":40,"s:62:20:62:Infinity":41,"s:64:20:64:Infinity":42,"s:68:12:72:Infinity":43,"s:75:8:75:Infinity":44,"b:76:8:78:Infinity:undefined:undefined:undefined:undefined":11,"s:76:8:78:Infinity":45,"s:77:12:77:Infinity":46,"s:79:8:79:Infinity":47,"s:83:34:111:1":48,"f:83:34:83:39":6,"s:84:4:110:Infinity":49,"s:85:25:91:10":50,"b:93:8:95:Infinity:undefined:undefined:undefined:undefined":12,"s:93:8:95:Infinity":51,"s:94:12:94:Infinity":52,"b:97:8:100:Infinity:undefined:undefined:undefined:undefined":13,"s:97:8:100:Infinity":53,"s:98:12:98:Infinity":54,"s:99:12:99:Infinity":55,"s:102:21:102:42":56,"s:103:8:103:Infinity":57,"s:105:8:105:Infinity":58,"b:106:8:108:Infinity:undefined:undefined:undefined:undefined":14,"s:106:8:108:Infinity":59,"s:107:12:107:Infinity":60,"s:109:8:109:Infinity":61}}}
,"/home/maol/raindrop/client/src/services/settingsService.js": {"path":"/home/maol/raindrop/client/src/services/settingsService.js","statementMap":{"0":{"start":{"line":1,"column":21},"end":{"line":1,"column":50}},"1":{"start":{"line":3,"column":28},"end":{"line":12,"column":1}},"2":{"start":{"line":4,"column":4},"end":{"line":11,"column":null}},"3":{"start":{"line":5,"column":27},"end":{"line":5,"column":51}},"4":{"start":{"line":6,"column":8},"end":{"line":6,"column":null}},"5":{"start":{"line":7,"column":8},"end":{"line":7,"column":null}},"6":{"start":{"line":9,"column":8},"end":{"line":9,"column":null}},"7":{"start":{"line":10,"column":8},"end":{"line":10,"column":null}},"8":{"start":{"line":14,"column":28},"end":{"line":51,"column":1}},"9":{"start":{"line":15,"column":4},"end":{"line":50,"column":null}},"10":{"start":{"line":16,"column":27},"end":{"line":16,"column":61}},"11":{"start":{"line":17,"column":8},"end":{"line":27,"column":null}},"12":{"start":{"line":18,"column":12},"end":{"line":26,"column":null}},"13":{"start":{"line":28,"column":23},"end":{"line":28,"column":45}},"14":{"start":{"line":31,"column":8},"end":{"line":33,"column":null}},"15":{"start":{"line":32,"column":12},"end":{"line":32,"column":null}},"16":{"start":{"line":34,"column":8},"end":{"line":36,"column":null}},"17":{"start":{"line":35,"column":12},"end":{"line":35,"column":null}},"18":{"start":{"line":38,"column":8},"end":{"line":38,"column":null}},"19":{"start":{"line":40,"column":8},"end":{"line":40,"column":null}},"20":{"start":{"line":41,"column":8},"end":{"line":49,"column":null}}},"fnMap":{"0":{"name":"(anonymous_0)","decl":{"start":{"line":3,"column":28},"end":{"line":3,"column":29}},"loc":{"start":{"line":3,"column":42},"end":{"line":12,"column":1}},"line":3},"1":{"name":"(anonymous_1)","decl":{"start":{"line":14,"column":28},"end":{"line":14,"column":29}},"loc":{"start":{"line":14,"column":34},"end":{"line":51,"column":1}},"line":14}},"branchMap":{"0":{"loc":{"start":{"line":17,"column":8},"end":{"line":27,"column":null}},"type":"if","locations":[{"start":{"line":17,"column":8},"end":{"line":27,"column":null}},{"start":{},"end":{}}],"line":17},"1":{"loc":{"start":{"line":31,"column":8},"end":{"line":33,"column":null}},"type":"if","locations":[{"start":{"line":31,"column":8},"end":{"line":33,"column":null}},{"start":{},"end":{}}],"line":31},"2":{"loc":{"start":{"line":31,"column":12},"end":{"line":31,"column":48}},"type":"binary-expr","locations":[{"start":{"line":31,"column":12},"end":{"line":31,"column":18}},{"start":{"line":31,"column":22},"end":{"line":31,"column":48}}],"line":31},"3":{"loc":{"start":{"line":34,"column":8},"end":{"line":36,"column":null}},"type":"if","locations":[{"start":{"line":34,"column":8},"end":{"line":36,"column":null}},{"start":{},"end":{}}],"line":34},"4":{"loc":{"start":{"line":34,"column":12},"end":{"line":34,"column":44}},"type":"binary-expr","locations":[{"start":{"line":34,"column":12},"end":{"line":34,"column":18}},{"start":{"line":34,"column":22},"end":{"line":34,"column":44}}],"line":34}},"s":{"0":4,"1":4,"2":34,"3":34,"4":34,"5":34,"6":0,"7":0,"8":4,"9":277,"10":277,"11":277,"12":146,"13":131,"14":131,"15":24,"16":131,"17":50,"18":131,"19":0,"20":0},"f":{"0":34,"1":277},"b":{"0":[146,131],"1":[24,107],"2":[131,131],"3":[50,81],"4":[131,131]},"meta":{"lastBranch":5,"lastFunction":2,"lastStatement":21,"seen":{"s:1:21:1:50":0,"s:3:28:12:1":1,"f:3:28:3:29":0,"s:4:4:11:Infinity":2,"s:5:27:5:51":3,"s:6:8:6:Infinity":4,"s:7:8:7:Infinity":5,"s:9:8:9:Infinity":6,"s:10:8:10:Infinity":7,"s:14:28:51:1":8,"f:14:28:14:29":1,"s:15:4:50:Infinity":9,"s:16:27:16:61":10,"b:17:8:27:Infinity:undefined:undefined:undefined:undefined":0,"s:17:8:27:Infinity":11,"s:18:12:26:Infinity":12,"s:28:23:28:45":13,"b:31:8:33:Infinity:undefined:undefined:undefined:undefined":1,"s:31:8:33:Infinity":14,"b:31:12:31:18:31:22:31:48":2,"s:32:12:32:Infinity":15,"b:34:8:36:Infinity:undefined:undefined:undefined:undefined":3,"s:34:8:36:Infinity":16,"b:34:12:34:18:34:22:34:44":4,"s:35:12:35:Infinity":17,"s:38:8:38:Infinity":18,"s:40:8:40:Infinity":19,"s:41:8:49:Infinity":20}}}
,"/home/maol/raindrop/client/src/services/systemService.js": {"path":"/home/maol/raindrop/client/src/services/systemService.js","statementMap":{"0":{"start":{"line":1,"column":21},"end":{"line":1,"column":null}},"1":{"start":{"line":3,"column":31},"end":{"line":12,"column":1}},"2":{"start":{"line":4,"column":4},"end":{"line":11,"column":null}},"3":{"start":{"line":5,"column":25},"end":{"line":5,"column":73}},"4":{"start":{"line":6,"column":8},"end":{"line":6,"column":null}},"5":{"start":{"line":6,"column":26},"end":{"line":6,"column":null}},"6":{"start":{"line":7,"column":8},"end":{"line":7,"column":null}},"7":{"start":{"line":9,"column":8},"end":{"line":9,"column":null}},"8":{"start":{"line":10,"column":8},"end":{"line":10,"column":null}},"9":{"start":{"line":14,"column":31},"end":{"line":29,"column":1}},"10":{"start":{"line":15,"column":4},"end":{"line":28,"column":null}},"11":{"start":{"line":16,"column":25},"end":{"line":22,"column":10}},"12":{"start":{"line":23,"column":8},"end":{"line":23,"column":null}},"13":{"start":{"line":23,"column":26},"end":{"line":23,"column":null}},"14":{"start":{"line":24,"column":8},"end":{"line":24,"column":null}},"15":{"start":{"line":26,"column":8},"end":{"line":26,"column":null}},"16":{"start":{"line":27,"column":8},"end":{"line":27,"column":null}}},"fnMap":{"0":{"name":"(anonymous_0)","decl":{"start":{"line":3,"column":31},"end":{"line":3,"column":36}},"loc":{"start":{"line":3,"column":43},"end":{"line":12,"column":1}},"line":3},"1":{"name":"(anonymous_1)","decl":{"start":{"line":14,"column":31},"end":{"line":14,"column":36}},"loc":{"start":{"line":14,"column":49},"end":{"line":29,"column":1}},"line":14}},"branchMap":{"0":{"loc":{"start":{"line":1,"column":21},"end":{"line":1,"column":null}},"type":"binary-expr","locations":[{"start":{"line":1,"column":21},"end":{"line":1,"column":null}},{"start":{"line":1,"column":55},"end":{"line":1,"column":null}}],"line":1},"1":{"loc":{"start":{"line":6,"column":8},"end":{"line":6,"column":null}},"type":"if","locations":[{"start":{"line":6,"column":8},"end":{"line":6,"column":null}},{"start":{},"end":{}}],"line":6},"2":{"loc":{"start":{"line":23,"column":8},"end":{"line":23,"column":null}},"type":"if","locations":[{"start":{"line":23,"column":8},"end":{"line":23,"column":null}},{"start":{},"end":{}}],"line":23}},"s":{"0":2,"1":2,"2":19,"3":19,"4":18,"5":18,"6":17,"7":2,"8":2,"9":2,"10":8,"11":8,"12":7,"13":7,"14":6,"15":2,"16":2},"f":{"0":19,"1":8},"b":{"0":[2,2],"1":[1,17],"2":[1,6]},"meta":{"lastBranch":3,"lastFunction":2,"lastStatement":17,"seen":{"s:1:21:1:Infinity":0,"b:1:21:1:Infinity:1:55:1:Infinity":0,"s:3:31:12:1":1,"f:3:31:3:36":0,"s:4:4:11:Infinity":2,"s:5:25:5:73":3,"b:6:8:6:Infinity:undefined:undefined:undefined:undefined":1,"s:6:8:6:Infinity":4,"s:6:26:6:Infinity":5,"s:7:8:7:Infinity":6,"s:9:8:9:Infinity":7,"s:10:8:10:Infinity":8,"s:14:31:29:1":9,"f:14:31:14:36":1,"s:15:4:28:Infinity":10,"s:16:25:22:10":11,"b:23:8:23:Infinity:undefined:undefined:undefined:undefined":2,"s:23:8:23:Infinity":12,"s:23:26:23:Infinity":13,"s:24:8:24:Infinity":14,"s:26:8:26:Infinity":15,"s:27:8:27:Infinity":16}}}
,"/home/maol/raindrop/client/src/utils/imageUtils.js": {"path":"/home/maol/raindrop/client/src/utils/imageUtils.js","statementMap":{"0":{"start":{"line":6,"column":4},"end":{"line":30,"column":null}},"1":{"start":{"line":7,"column":20},"end":{"line":7,"column":31}},"2":{"start":{"line":8,"column":8},"end":{"line":27,"column":null}},"3":{"start":{"line":9,"column":58},"end":{"line":9,"column":61}},"4":{"start":{"line":11,"column":12},"end":{"line":13,"column":null}},"5":{"start":{"line":12,"column":16},"end":{"line":12,"column":null}},"6":{"start":{"line":15,"column":26},"end":{"line":15,"column":50}},"7":{"start":{"line":16,"column":25},"end":{"line":16,"column":46}},"8":{"start":{"line":17,"column":25},"end":{"line":17,"column":46}},"9":{"start":{"line":19,"column":27},"end":{"line":19,"column":59}},"10":{"start":{"line":20,"column":12},"end":{"line":20,"column":null}},"11":{"start":{"line":21,"column":12},"end":{"line":21,"column":null}},"12":{"start":{"line":23,"column":24},"end":{"line":23,"column":47}},"13":{"start":{"line":24,"column":12},"end":{"line":24,"column":null}},"14":{"start":{"line":26,"column":12},"end":{"line":26,"column":null}},"15":{"start":{"line":28,"column":8},"end":{"line":28,"column":null}},"16":{"start":{"line":28,"column":28},"end":{"line":28,"column":82}},"17":{"start":{"line":29,"column":8},"end":{"line":29,"column":null}}},"fnMap":{"0":{"name":"resizeImage","decl":{"start":{"line":5,"column":22},"end":{"line":5,"column":33}},"loc":{"start":{"line":5,"column":65},"end":{"line":31,"column":null}},"line":5},"1":{"name":"(anonymous_1)","decl":{"start":{"line":6,"column":23},"end":{"line":6,"column":24}},"loc":{"start":{"line":6,"column":44},"end":{"line":30,"column":5}},"line":6},"2":{"name":"(anonymous_2)","decl":{"start":{"line":8,"column":21},"end":{"line":8,"column":22}},"loc":{"start":{"line":8,"column":27},"end":{"line":27,"column":9}},"line":8},"3":{"name":"(anonymous_3)","decl":{"start":{"line":28,"column":22},"end":{"line":28,"column":23}},"loc":{"start":{"line":28,"column":28},"end":{"line":28,"column":82}},"line":28}},"branchMap":{"0":{"loc":{"start":{"line":5,"column":49},"end":{"line":5,"column":63}},"type":"default-arg","locations":[{"start":{"line":5,"column":59},"end":{"line":5,"column":63}}],"line":5},"1":{"loc":{"start":{"line":11,"column":12},"end":{"line":13,"column":null}},"type":"if","locations":[{"start":{"line":11,"column":12},"end":{"line":13,"column":null}},{"start":{},"end":{}}],"line":11},"2":{"loc":{"start":{"line":11,"column":16},"end":{"line":11,"column":44}},"type":"binary-expr","locations":[{"start":{"line":11,"column":16},"end":{"line":11,"column":28}},{"start":{"line":11,"column":32},"end":{"line":11,"column":44}}],"line":11}},"s":{"0":5,"1":5,"2":5,"3":5,"4":5,"5":2,"6":3,"7":3,"8":3,"9":3,"10":3,"11":3,"12":3,"13":3,"14":3,"15":5,"16":0,"17":5},"f":{"0":5,"1":5,"2":5,"3":0},"b":{"0":[5],"1":[2,3],"2":[5,3]},"meta":{"lastBranch":3,"lastFunction":4,"lastStatement":18,"seen":{"f:5:22:5:33":0,"b:5:59:5:63":0,"s:6:4:30:Infinity":0,"f:6:23:6:24":1,"s:7:20:7:31":1,"s:8:8:27:Infinity":2,"f:8:21:8:22":2,"s:9:58:9:61":3,"b:11:12:13:Infinity:undefined:undefined:undefined:undefined":1,"s:11:12:13:Infinity":4,"b:11:16:11:28:11:32:11:44":2,"s:12:16:12:Infinity":5,"s:15:26:15:50":6,"s:16:25:16:46":7,"s:17:25:17:46":8,"s:19:27:19:59":9,"s:20:12:20:Infinity":10,"s:21:12:21:Infinity":11,"s:23:24:23:47":12,"s:24:12:24:Infinity":13,"s:26:12:26:Infinity":14,"s:28:8:28:Infinity":15,"f:28:22:28:23":3,"s:28:28:28:82":16,"s:29:8:29:Infinity":17}}}
}
